[2023-09-19T12:31:19.880+0000] {taskinstance.py:1159} INFO - Dependencies all met for dep_context=non-requeueable deps ti=<TaskInstance: udac_example_dag.stage_songs_to_redshift_task manual__2023-09-19T12:31:17.047437+00:00 [queued]>
[2023-09-19T12:31:19.884+0000] {taskinstance.py:1159} INFO - Dependencies all met for dep_context=requeueable deps ti=<TaskInstance: udac_example_dag.stage_songs_to_redshift_task manual__2023-09-19T12:31:17.047437+00:00 [queued]>
[2023-09-19T12:31:19.885+0000] {taskinstance.py:1361} INFO - Starting attempt 1 of 4
[2023-09-19T12:31:19.902+0000] {taskinstance.py:1382} INFO - Executing <Task(StageToRedshiftOperator): stage_songs_to_redshift_task> on 2023-09-19 12:31:17.047437+00:00
[2023-09-19T12:31:19.910+0000] {standard_task_runner.py:57} INFO - Started process 153 to run task
[2023-09-19T12:31:19.912+0000] {standard_task_runner.py:84} INFO - Running: ['***', 'tasks', 'run', 'udac_example_dag', 'stage_songs_to_redshift_task', 'manual__2023-09-19T12:31:17.047437+00:00', '--job-id', '64', '--raw', '--subdir', 'DAGS_FOLDER/udac_example_dag.py', '--cfg-path', '/tmp/tmpxanx6krb']
[2023-09-19T12:31:19.914+0000] {standard_task_runner.py:85} INFO - Job 64: Subtask stage_songs_to_redshift_task
[2023-09-19T12:31:19.953+0000] {task_command.py:415} INFO - Running <TaskInstance: udac_example_dag.stage_songs_to_redshift_task manual__2023-09-19T12:31:17.047437+00:00 [running]> on host 8cbc6d342cd4
[2023-09-19T12:31:20.007+0000] {taskinstance.py:1660} INFO - Exporting env vars: AIRFLOW_CTX_DAG_OWNER='kstine' AIRFLOW_CTX_DAG_ID='udac_example_dag' AIRFLOW_CTX_TASK_ID='stage_songs_to_redshift_task' AIRFLOW_CTX_EXECUTION_DATE='2023-09-19T12:31:17.047437+00:00' AIRFLOW_CTX_TRY_NUMBER='1' AIRFLOW_CTX_DAG_RUN_ID='manual__2023-09-19T12:31:17.047437+00:00'
[2023-09-19T12:31:20.015+0000] {base.py:73} INFO - Using connection ID 'redshift_connection' for task execution.
[2023-09-19T12:31:21.512+0000] {sql.py:418} INFO - Running statement: 
        COPY staging_songs
        FROM 's3://kstine-***-pipeline/project/song-data/A/A'
        ACCESS_KEY_ID 'AKIAX5RTZI43UEOGKP4P'
        SECRET_ACCESS_KEY '***'
        JSON 'auto'
    , parameters: None
[2023-09-19T12:31:25.917+0000] {stage_redshift.py:47} INFO - Data successfully copied from 's3://kstine-***-pipeline/project/song-data/A/A' to 'staging_songs'
[2023-09-19T12:31:25.930+0000] {taskinstance.py:1400} INFO - Marking task as SUCCESS. dag_id=udac_example_dag, task_id=stage_songs_to_redshift_task, execution_date=20230919T123117, start_date=20230919T123119, end_date=20230919T123125
[2023-09-19T12:31:25.965+0000] {local_task_job_runner.py:228} INFO - Task exited with return code 0
[2023-09-19T12:31:25.981+0000] {taskinstance.py:2784} INFO - 1 downstream tasks scheduled from follow-on schedule check
