[2022-10-05T18:04:41.597+0000] {processor.py:156} INFO - Started process (PID=56) to work on /home/airflow/.local/lib/python3.7/site-packages/airflow/example_dags/example_latest_only_with_trigger.py
[2022-10-05T18:04:41.597+0000] {processor.py:758} INFO - Processing file /home/airflow/.local/lib/python3.7/site-packages/airflow/example_dags/example_latest_only_with_trigger.py for tasks to queue
[2022-10-05T18:04:41.597+0000] {logging_mixin.py:117} INFO - [2022-10-05T18:04:41.597+0000] {dagbag.py:525} INFO - Filling up the DagBag from /home/airflow/.local/lib/python3.7/site-packages/airflow/example_dags/example_latest_only_with_trigger.py
[2022-10-05T18:04:41.606+0000] {processor.py:768} INFO - DAG(s) dict_keys(['latest_only_with_trigger']) retrieved from /home/airflow/.local/lib/python3.7/site-packages/airflow/example_dags/example_latest_only_with_trigger.py
[2022-10-05T18:04:41.623+0000] {logging_mixin.py:117} INFO - [2022-10-05T18:04:41.622+0000] {dag.py:2573} INFO - Sync 1 DAGs
[2022-10-05T18:04:41.641+0000] {logging_mixin.py:117} INFO - [2022-10-05T18:04:41.641+0000] {dag.py:3328} INFO - Setting next_dagrun for latest_only_with_trigger to 2022-10-05T14:04:41.641155+00:00, run_after=2022-10-05T18:04:41.641155+00:00
[2022-10-05T18:04:41.664+0000] {processor.py:178} INFO - Processing /home/airflow/.local/lib/python3.7/site-packages/airflow/example_dags/example_latest_only_with_trigger.py took 0.069 seconds
[2022-10-05T18:05:12.640+0000] {processor.py:156} INFO - Started process (PID=119) to work on /home/airflow/.local/lib/python3.7/site-packages/airflow/example_dags/example_latest_only_with_trigger.py
[2022-10-05T18:05:12.647+0000] {processor.py:758} INFO - Processing file /home/airflow/.local/lib/python3.7/site-packages/airflow/example_dags/example_latest_only_with_trigger.py for tasks to queue
[2022-10-05T18:05:12.648+0000] {logging_mixin.py:117} INFO - [2022-10-05T18:05:12.648+0000] {dagbag.py:525} INFO - Filling up the DagBag from /home/airflow/.local/lib/python3.7/site-packages/airflow/example_dags/example_latest_only_with_trigger.py
[2022-10-05T18:05:12.656+0000] {processor.py:768} INFO - DAG(s) dict_keys(['latest_only_with_trigger']) retrieved from /home/airflow/.local/lib/python3.7/site-packages/airflow/example_dags/example_latest_only_with_trigger.py
[2022-10-05T18:05:12.725+0000] {logging_mixin.py:117} INFO - [2022-10-05T18:05:12.725+0000] {dag.py:2573} INFO - Sync 1 DAGs
[2022-10-05T18:05:12.778+0000] {logging_mixin.py:117} INFO - [2022-10-05T18:05:12.777+0000] {dag.py:3328} INFO - Setting next_dagrun for latest_only_with_trigger to 2022-10-05T14:05:12.777325+00:00, run_after=2022-10-05T18:05:12.777325+00:00
[2022-10-05T18:05:12.828+0000] {processor.py:178} INFO - Processing /home/airflow/.local/lib/python3.7/site-packages/airflow/example_dags/example_latest_only_with_trigger.py took 0.193 seconds
[2022-10-05T18:05:43.529+0000] {processor.py:156} INFO - Started process (PID=182) to work on /home/airflow/.local/lib/python3.7/site-packages/airflow/example_dags/example_latest_only_with_trigger.py
[2022-10-05T18:05:43.531+0000] {processor.py:758} INFO - Processing file /home/airflow/.local/lib/python3.7/site-packages/airflow/example_dags/example_latest_only_with_trigger.py for tasks to queue
[2022-10-05T18:05:43.532+0000] {logging_mixin.py:117} INFO - [2022-10-05T18:05:43.532+0000] {dagbag.py:525} INFO - Filling up the DagBag from /home/airflow/.local/lib/python3.7/site-packages/airflow/example_dags/example_latest_only_with_trigger.py
[2022-10-05T18:05:43.560+0000] {processor.py:768} INFO - DAG(s) dict_keys(['latest_only_with_trigger']) retrieved from /home/airflow/.local/lib/python3.7/site-packages/airflow/example_dags/example_latest_only_with_trigger.py
[2022-10-05T18:05:43.635+0000] {logging_mixin.py:117} INFO - [2022-10-05T18:05:43.634+0000] {dag.py:2573} INFO - Sync 1 DAGs
[2022-10-05T18:05:43.676+0000] {logging_mixin.py:117} INFO - [2022-10-05T18:05:43.676+0000] {dag.py:3328} INFO - Setting next_dagrun for latest_only_with_trigger to 2022-10-05T14:05:43.676098+00:00, run_after=2022-10-05T18:05:43.676098+00:00
[2022-10-05T18:05:43.718+0000] {processor.py:178} INFO - Processing /home/airflow/.local/lib/python3.7/site-packages/airflow/example_dags/example_latest_only_with_trigger.py took 0.193 seconds
[2022-10-05T18:06:14.278+0000] {processor.py:156} INFO - Started process (PID=244) to work on /home/airflow/.local/lib/python3.7/site-packages/airflow/example_dags/example_latest_only_with_trigger.py
[2022-10-05T18:06:14.280+0000] {processor.py:758} INFO - Processing file /home/airflow/.local/lib/python3.7/site-packages/airflow/example_dags/example_latest_only_with_trigger.py for tasks to queue
[2022-10-05T18:06:14.281+0000] {logging_mixin.py:117} INFO - [2022-10-05T18:06:14.281+0000] {dagbag.py:525} INFO - Filling up the DagBag from /home/airflow/.local/lib/python3.7/site-packages/airflow/example_dags/example_latest_only_with_trigger.py
[2022-10-05T18:06:14.308+0000] {processor.py:768} INFO - DAG(s) dict_keys(['latest_only_with_trigger']) retrieved from /home/airflow/.local/lib/python3.7/site-packages/airflow/example_dags/example_latest_only_with_trigger.py
[2022-10-05T18:06:14.387+0000] {logging_mixin.py:117} INFO - [2022-10-05T18:06:14.387+0000] {dag.py:2573} INFO - Sync 1 DAGs
[2022-10-05T18:06:14.441+0000] {logging_mixin.py:117} INFO - [2022-10-05T18:06:14.441+0000] {dag.py:3328} INFO - Setting next_dagrun for latest_only_with_trigger to 2022-10-05T14:06:14.440740+00:00, run_after=2022-10-05T18:06:14.440740+00:00
[2022-10-05T18:06:14.488+0000] {processor.py:178} INFO - Processing /home/airflow/.local/lib/python3.7/site-packages/airflow/example_dags/example_latest_only_with_trigger.py took 0.215 seconds
[2022-10-05T18:06:45.318+0000] {processor.py:156} INFO - Started process (PID=304) to work on /home/airflow/.local/lib/python3.7/site-packages/airflow/example_dags/example_latest_only_with_trigger.py
[2022-10-05T18:06:45.318+0000] {processor.py:758} INFO - Processing file /home/airflow/.local/lib/python3.7/site-packages/airflow/example_dags/example_latest_only_with_trigger.py for tasks to queue
[2022-10-05T18:06:45.318+0000] {logging_mixin.py:117} INFO - [2022-10-05T18:06:45.318+0000] {dagbag.py:525} INFO - Filling up the DagBag from /home/airflow/.local/lib/python3.7/site-packages/airflow/example_dags/example_latest_only_with_trigger.py
[2022-10-05T18:06:45.327+0000] {processor.py:768} INFO - DAG(s) dict_keys(['latest_only_with_trigger']) retrieved from /home/airflow/.local/lib/python3.7/site-packages/airflow/example_dags/example_latest_only_with_trigger.py
[2022-10-05T18:06:45.370+0000] {logging_mixin.py:117} INFO - [2022-10-05T18:06:45.370+0000] {dag.py:2573} INFO - Sync 1 DAGs
[2022-10-05T18:06:45.394+0000] {logging_mixin.py:117} INFO - [2022-10-05T18:06:45.394+0000] {dag.py:3328} INFO - Setting next_dagrun for latest_only_with_trigger to 2022-10-05T14:06:45.394683+00:00, run_after=2022-10-05T18:06:45.394683+00:00
[2022-10-05T18:06:45.409+0000] {processor.py:178} INFO - Processing /home/airflow/.local/lib/python3.7/site-packages/airflow/example_dags/example_latest_only_with_trigger.py took 0.093 seconds
[2022-10-05T18:07:15.672+0000] {processor.py:156} INFO - Started process (PID=359) to work on /home/airflow/.local/lib/python3.7/site-packages/airflow/example_dags/example_latest_only_with_trigger.py
[2022-10-05T18:07:15.677+0000] {processor.py:758} INFO - Processing file /home/airflow/.local/lib/python3.7/site-packages/airflow/example_dags/example_latest_only_with_trigger.py for tasks to queue
[2022-10-05T18:07:15.677+0000] {logging_mixin.py:117} INFO - [2022-10-05T18:07:15.677+0000] {dagbag.py:525} INFO - Filling up the DagBag from /home/airflow/.local/lib/python3.7/site-packages/airflow/example_dags/example_latest_only_with_trigger.py
[2022-10-05T18:07:15.686+0000] {processor.py:768} INFO - DAG(s) dict_keys(['latest_only_with_trigger']) retrieved from /home/airflow/.local/lib/python3.7/site-packages/airflow/example_dags/example_latest_only_with_trigger.py
[2022-10-05T18:07:15.712+0000] {logging_mixin.py:117} INFO - [2022-10-05T18:07:15.712+0000] {dag.py:2573} INFO - Sync 1 DAGs
[2022-10-05T18:07:15.730+0000] {logging_mixin.py:117} INFO - [2022-10-05T18:07:15.730+0000] {dag.py:3328} INFO - Setting next_dagrun for latest_only_with_trigger to 2022-10-05T14:07:15.730278+00:00, run_after=2022-10-05T18:07:15.730278+00:00
[2022-10-05T18:07:15.753+0000] {processor.py:178} INFO - Processing /home/airflow/.local/lib/python3.7/site-packages/airflow/example_dags/example_latest_only_with_trigger.py took 0.083 seconds
[2022-10-05T18:07:46.124+0000] {processor.py:156} INFO - Started process (PID=421) to work on /home/airflow/.local/lib/python3.7/site-packages/airflow/example_dags/example_latest_only_with_trigger.py
[2022-10-05T18:07:46.131+0000] {processor.py:758} INFO - Processing file /home/airflow/.local/lib/python3.7/site-packages/airflow/example_dags/example_latest_only_with_trigger.py for tasks to queue
[2022-10-05T18:07:46.132+0000] {logging_mixin.py:117} INFO - [2022-10-05T18:07:46.132+0000] {dagbag.py:525} INFO - Filling up the DagBag from /home/airflow/.local/lib/python3.7/site-packages/airflow/example_dags/example_latest_only_with_trigger.py
[2022-10-05T18:07:46.144+0000] {processor.py:768} INFO - DAG(s) dict_keys(['latest_only_with_trigger']) retrieved from /home/airflow/.local/lib/python3.7/site-packages/airflow/example_dags/example_latest_only_with_trigger.py
[2022-10-05T18:07:46.178+0000] {logging_mixin.py:117} INFO - [2022-10-05T18:07:46.178+0000] {dag.py:2573} INFO - Sync 1 DAGs
[2022-10-05T18:07:46.193+0000] {logging_mixin.py:117} INFO - [2022-10-05T18:07:46.193+0000] {dag.py:3328} INFO - Setting next_dagrun for latest_only_with_trigger to 2022-10-05T14:07:46.193340+00:00, run_after=2022-10-05T18:07:46.193340+00:00
[2022-10-05T18:07:46.208+0000] {processor.py:178} INFO - Processing /home/airflow/.local/lib/python3.7/site-packages/airflow/example_dags/example_latest_only_with_trigger.py took 0.088 seconds
[2022-10-05T18:08:17.018+0000] {processor.py:156} INFO - Started process (PID=484) to work on /home/airflow/.local/lib/python3.7/site-packages/airflow/example_dags/example_latest_only_with_trigger.py
[2022-10-05T18:08:17.021+0000] {processor.py:758} INFO - Processing file /home/airflow/.local/lib/python3.7/site-packages/airflow/example_dags/example_latest_only_with_trigger.py for tasks to queue
[2022-10-05T18:08:17.022+0000] {logging_mixin.py:117} INFO - [2022-10-05T18:08:17.022+0000] {dagbag.py:525} INFO - Filling up the DagBag from /home/airflow/.local/lib/python3.7/site-packages/airflow/example_dags/example_latest_only_with_trigger.py
[2022-10-05T18:08:17.030+0000] {processor.py:768} INFO - DAG(s) dict_keys(['latest_only_with_trigger']) retrieved from /home/airflow/.local/lib/python3.7/site-packages/airflow/example_dags/example_latest_only_with_trigger.py
[2022-10-05T18:08:17.054+0000] {logging_mixin.py:117} INFO - [2022-10-05T18:08:17.053+0000] {dag.py:2573} INFO - Sync 1 DAGs
[2022-10-05T18:08:17.070+0000] {logging_mixin.py:117} INFO - [2022-10-05T18:08:17.070+0000] {dag.py:3328} INFO - Setting next_dagrun for latest_only_with_trigger to 2022-10-05T14:08:17.070678+00:00, run_after=2022-10-05T18:08:17.070678+00:00
[2022-10-05T18:08:17.107+0000] {processor.py:178} INFO - Processing /home/airflow/.local/lib/python3.7/site-packages/airflow/example_dags/example_latest_only_with_trigger.py took 0.091 seconds
[2022-10-05T18:08:47.561+0000] {processor.py:156} INFO - Started process (PID=547) to work on /home/airflow/.local/lib/python3.7/site-packages/airflow/example_dags/example_latest_only_with_trigger.py
[2022-10-05T18:08:47.562+0000] {processor.py:758} INFO - Processing file /home/airflow/.local/lib/python3.7/site-packages/airflow/example_dags/example_latest_only_with_trigger.py for tasks to queue
[2022-10-05T18:08:47.562+0000] {logging_mixin.py:117} INFO - [2022-10-05T18:08:47.562+0000] {dagbag.py:525} INFO - Filling up the DagBag from /home/airflow/.local/lib/python3.7/site-packages/airflow/example_dags/example_latest_only_with_trigger.py
[2022-10-05T18:08:47.571+0000] {processor.py:768} INFO - DAG(s) dict_keys(['latest_only_with_trigger']) retrieved from /home/airflow/.local/lib/python3.7/site-packages/airflow/example_dags/example_latest_only_with_trigger.py
[2022-10-05T18:08:47.594+0000] {logging_mixin.py:117} INFO - [2022-10-05T18:08:47.594+0000] {dag.py:2573} INFO - Sync 1 DAGs
[2022-10-05T18:08:47.610+0000] {logging_mixin.py:117} INFO - [2022-10-05T18:08:47.610+0000] {dag.py:3328} INFO - Setting next_dagrun for latest_only_with_trigger to 2022-10-05T14:08:47.610479+00:00, run_after=2022-10-05T18:08:47.610479+00:00
[2022-10-05T18:08:47.632+0000] {processor.py:178} INFO - Processing /home/airflow/.local/lib/python3.7/site-packages/airflow/example_dags/example_latest_only_with_trigger.py took 0.072 seconds
[2022-10-05T18:09:18.640+0000] {processor.py:156} INFO - Started process (PID=601) to work on /home/airflow/.local/lib/python3.7/site-packages/airflow/example_dags/example_latest_only_with_trigger.py
[2022-10-05T18:09:18.648+0000] {processor.py:758} INFO - Processing file /home/airflow/.local/lib/python3.7/site-packages/airflow/example_dags/example_latest_only_with_trigger.py for tasks to queue
[2022-10-05T18:09:18.648+0000] {logging_mixin.py:117} INFO - [2022-10-05T18:09:18.648+0000] {dagbag.py:525} INFO - Filling up the DagBag from /home/airflow/.local/lib/python3.7/site-packages/airflow/example_dags/example_latest_only_with_trigger.py
[2022-10-05T18:09:18.657+0000] {processor.py:768} INFO - DAG(s) dict_keys(['latest_only_with_trigger']) retrieved from /home/airflow/.local/lib/python3.7/site-packages/airflow/example_dags/example_latest_only_with_trigger.py
[2022-10-05T18:09:18.685+0000] {logging_mixin.py:117} INFO - [2022-10-05T18:09:18.685+0000] {dag.py:2573} INFO - Sync 1 DAGs
[2022-10-05T18:09:18.726+0000] {logging_mixin.py:117} INFO - [2022-10-05T18:09:18.726+0000] {dag.py:3328} INFO - Setting next_dagrun for latest_only_with_trigger to 2022-10-05T14:09:18.726166+00:00, run_after=2022-10-05T18:09:18.726166+00:00
[2022-10-05T18:09:18.749+0000] {processor.py:178} INFO - Processing /home/airflow/.local/lib/python3.7/site-packages/airflow/example_dags/example_latest_only_with_trigger.py took 0.111 seconds
[2022-10-05T18:09:49.758+0000] {processor.py:156} INFO - Started process (PID=664) to work on /home/airflow/.local/lib/python3.7/site-packages/airflow/example_dags/example_latest_only_with_trigger.py
[2022-10-05T18:09:49.763+0000] {processor.py:758} INFO - Processing file /home/airflow/.local/lib/python3.7/site-packages/airflow/example_dags/example_latest_only_with_trigger.py for tasks to queue
[2022-10-05T18:09:49.763+0000] {logging_mixin.py:117} INFO - [2022-10-05T18:09:49.763+0000] {dagbag.py:525} INFO - Filling up the DagBag from /home/airflow/.local/lib/python3.7/site-packages/airflow/example_dags/example_latest_only_with_trigger.py
[2022-10-05T18:09:49.772+0000] {processor.py:768} INFO - DAG(s) dict_keys(['latest_only_with_trigger']) retrieved from /home/airflow/.local/lib/python3.7/site-packages/airflow/example_dags/example_latest_only_with_trigger.py
[2022-10-05T18:09:49.802+0000] {logging_mixin.py:117} INFO - [2022-10-05T18:09:49.802+0000] {dag.py:2573} INFO - Sync 1 DAGs
[2022-10-05T18:09:49.820+0000] {logging_mixin.py:117} INFO - [2022-10-05T18:09:49.820+0000] {dag.py:3328} INFO - Setting next_dagrun for latest_only_with_trigger to 2022-10-05T14:09:49.820585+00:00, run_after=2022-10-05T18:09:49.820585+00:00
[2022-10-05T18:09:49.839+0000] {processor.py:178} INFO - Processing /home/airflow/.local/lib/python3.7/site-packages/airflow/example_dags/example_latest_only_with_trigger.py took 0.082 seconds
[2022-10-05T18:10:20.384+0000] {processor.py:156} INFO - Started process (PID=727) to work on /home/airflow/.local/lib/python3.7/site-packages/airflow/example_dags/example_latest_only_with_trigger.py
[2022-10-05T18:10:20.391+0000] {processor.py:758} INFO - Processing file /home/airflow/.local/lib/python3.7/site-packages/airflow/example_dags/example_latest_only_with_trigger.py for tasks to queue
[2022-10-05T18:10:20.391+0000] {logging_mixin.py:117} INFO - [2022-10-05T18:10:20.391+0000] {dagbag.py:525} INFO - Filling up the DagBag from /home/airflow/.local/lib/python3.7/site-packages/airflow/example_dags/example_latest_only_with_trigger.py
[2022-10-05T18:10:20.401+0000] {processor.py:768} INFO - DAG(s) dict_keys(['latest_only_with_trigger']) retrieved from /home/airflow/.local/lib/python3.7/site-packages/airflow/example_dags/example_latest_only_with_trigger.py
[2022-10-05T18:10:20.428+0000] {logging_mixin.py:117} INFO - [2022-10-05T18:10:20.428+0000] {dag.py:2573} INFO - Sync 1 DAGs
[2022-10-05T18:10:20.446+0000] {logging_mixin.py:117} INFO - [2022-10-05T18:10:20.445+0000] {dag.py:3328} INFO - Setting next_dagrun for latest_only_with_trigger to 2022-10-05T14:10:20.445719+00:00, run_after=2022-10-05T18:10:20.445719+00:00
[2022-10-05T18:10:20.466+0000] {processor.py:178} INFO - Processing /home/airflow/.local/lib/python3.7/site-packages/airflow/example_dags/example_latest_only_with_trigger.py took 0.084 seconds
