[2022-10-05T18:04:42.781+0000] {processor.py:156} INFO - Started process (PID=78) to work on /home/airflow/.local/lib/python3.7/site-packages/airflow/example_dags/example_latest_only.py
[2022-10-05T18:04:42.781+0000] {processor.py:758} INFO - Processing file /home/airflow/.local/lib/python3.7/site-packages/airflow/example_dags/example_latest_only.py for tasks to queue
[2022-10-05T18:04:42.782+0000] {logging_mixin.py:117} INFO - [2022-10-05T18:04:42.782+0000] {dagbag.py:525} INFO - Filling up the DagBag from /home/airflow/.local/lib/python3.7/site-packages/airflow/example_dags/example_latest_only.py
[2022-10-05T18:04:42.790+0000] {processor.py:768} INFO - DAG(s) dict_keys(['latest_only']) retrieved from /home/airflow/.local/lib/python3.7/site-packages/airflow/example_dags/example_latest_only.py
[2022-10-05T18:04:42.809+0000] {logging_mixin.py:117} INFO - [2022-10-05T18:04:42.809+0000] {dag.py:2573} INFO - Sync 1 DAGs
[2022-10-05T18:04:42.833+0000] {logging_mixin.py:117} INFO - [2022-10-05T18:04:42.833+0000] {dag.py:3328} INFO - Setting next_dagrun for latest_only to 2022-10-05T14:04:42.833033+00:00, run_after=2022-10-05T18:04:42.833033+00:00
[2022-10-05T18:04:42.853+0000] {processor.py:178} INFO - Processing /home/airflow/.local/lib/python3.7/site-packages/airflow/example_dags/example_latest_only.py took 0.073 seconds
[2022-10-05T18:05:14.533+0000] {processor.py:156} INFO - Started process (PID=141) to work on /home/airflow/.local/lib/python3.7/site-packages/airflow/example_dags/example_latest_only.py
[2022-10-05T18:05:14.533+0000] {processor.py:758} INFO - Processing file /home/airflow/.local/lib/python3.7/site-packages/airflow/example_dags/example_latest_only.py for tasks to queue
[2022-10-05T18:05:14.534+0000] {logging_mixin.py:117} INFO - [2022-10-05T18:05:14.534+0000] {dagbag.py:525} INFO - Filling up the DagBag from /home/airflow/.local/lib/python3.7/site-packages/airflow/example_dags/example_latest_only.py
[2022-10-05T18:05:14.541+0000] {processor.py:768} INFO - DAG(s) dict_keys(['latest_only']) retrieved from /home/airflow/.local/lib/python3.7/site-packages/airflow/example_dags/example_latest_only.py
[2022-10-05T18:05:14.565+0000] {logging_mixin.py:117} INFO - [2022-10-05T18:05:14.565+0000] {dag.py:2573} INFO - Sync 1 DAGs
[2022-10-05T18:05:14.580+0000] {logging_mixin.py:117} INFO - [2022-10-05T18:05:14.580+0000] {dag.py:3328} INFO - Setting next_dagrun for latest_only to 2022-10-05T14:05:14.579856+00:00, run_after=2022-10-05T18:05:14.579856+00:00
[2022-10-05T18:05:14.601+0000] {processor.py:178} INFO - Processing /home/airflow/.local/lib/python3.7/site-packages/airflow/example_dags/example_latest_only.py took 0.070 seconds
[2022-10-05T18:05:46.041+0000] {processor.py:156} INFO - Started process (PID=204) to work on /home/airflow/.local/lib/python3.7/site-packages/airflow/example_dags/example_latest_only.py
[2022-10-05T18:05:46.042+0000] {processor.py:758} INFO - Processing file /home/airflow/.local/lib/python3.7/site-packages/airflow/example_dags/example_latest_only.py for tasks to queue
[2022-10-05T18:05:46.042+0000] {logging_mixin.py:117} INFO - [2022-10-05T18:05:46.042+0000] {dagbag.py:525} INFO - Filling up the DagBag from /home/airflow/.local/lib/python3.7/site-packages/airflow/example_dags/example_latest_only.py
[2022-10-05T18:05:46.050+0000] {processor.py:768} INFO - DAG(s) dict_keys(['latest_only']) retrieved from /home/airflow/.local/lib/python3.7/site-packages/airflow/example_dags/example_latest_only.py
[2022-10-05T18:05:46.125+0000] {logging_mixin.py:117} INFO - [2022-10-05T18:05:46.125+0000] {dag.py:2573} INFO - Sync 1 DAGs
[2022-10-05T18:05:46.150+0000] {logging_mixin.py:117} INFO - [2022-10-05T18:05:46.150+0000] {dag.py:3328} INFO - Setting next_dagrun for latest_only to 2022-10-05T14:05:46.150561+00:00, run_after=2022-10-05T18:05:46.150561+00:00
[2022-10-05T18:05:46.166+0000] {processor.py:178} INFO - Processing /home/airflow/.local/lib/python3.7/site-packages/airflow/example_dags/example_latest_only.py took 0.126 seconds
[2022-10-05T18:06:17.049+0000] {processor.py:156} INFO - Started process (PID=266) to work on /home/airflow/.local/lib/python3.7/site-packages/airflow/example_dags/example_latest_only.py
[2022-10-05T18:06:17.060+0000] {processor.py:758} INFO - Processing file /home/airflow/.local/lib/python3.7/site-packages/airflow/example_dags/example_latest_only.py for tasks to queue
[2022-10-05T18:06:17.061+0000] {logging_mixin.py:117} INFO - [2022-10-05T18:06:17.061+0000] {dagbag.py:525} INFO - Filling up the DagBag from /home/airflow/.local/lib/python3.7/site-packages/airflow/example_dags/example_latest_only.py
[2022-10-05T18:06:17.089+0000] {processor.py:768} INFO - DAG(s) dict_keys(['latest_only']) retrieved from /home/airflow/.local/lib/python3.7/site-packages/airflow/example_dags/example_latest_only.py
[2022-10-05T18:06:17.170+0000] {logging_mixin.py:117} INFO - [2022-10-05T18:06:17.169+0000] {dag.py:2573} INFO - Sync 1 DAGs
[2022-10-05T18:06:17.225+0000] {logging_mixin.py:117} INFO - [2022-10-05T18:06:17.224+0000] {dag.py:3328} INFO - Setting next_dagrun for latest_only to 2022-10-05T14:06:17.224254+00:00, run_after=2022-10-05T18:06:17.224254+00:00
[2022-10-05T18:06:17.268+0000] {processor.py:178} INFO - Processing /home/airflow/.local/lib/python3.7/site-packages/airflow/example_dags/example_latest_only.py took 0.226 seconds
[2022-10-05T18:06:48.311+0000] {processor.py:156} INFO - Started process (PID=328) to work on /home/airflow/.local/lib/python3.7/site-packages/airflow/example_dags/example_latest_only.py
[2022-10-05T18:06:48.318+0000] {processor.py:758} INFO - Processing file /home/airflow/.local/lib/python3.7/site-packages/airflow/example_dags/example_latest_only.py for tasks to queue
[2022-10-05T18:06:48.318+0000] {logging_mixin.py:117} INFO - [2022-10-05T18:06:48.318+0000] {dagbag.py:525} INFO - Filling up the DagBag from /home/airflow/.local/lib/python3.7/site-packages/airflow/example_dags/example_latest_only.py
[2022-10-05T18:06:48.345+0000] {processor.py:768} INFO - DAG(s) dict_keys(['latest_only']) retrieved from /home/airflow/.local/lib/python3.7/site-packages/airflow/example_dags/example_latest_only.py
[2022-10-05T18:06:48.421+0000] {logging_mixin.py:117} INFO - [2022-10-05T18:06:48.421+0000] {dag.py:2573} INFO - Sync 1 DAGs
[2022-10-05T18:06:48.461+0000] {logging_mixin.py:117} INFO - [2022-10-05T18:06:48.461+0000] {dag.py:3328} INFO - Setting next_dagrun for latest_only to 2022-10-05T14:06:48.461017+00:00, run_after=2022-10-05T18:06:48.461017+00:00
[2022-10-05T18:06:48.505+0000] {processor.py:178} INFO - Processing /home/airflow/.local/lib/python3.7/site-packages/airflow/example_dags/example_latest_only.py took 0.196 seconds
[2022-10-05T18:07:18.615+0000] {processor.py:156} INFO - Started process (PID=390) to work on /home/airflow/.local/lib/python3.7/site-packages/airflow/example_dags/example_latest_only.py
[2022-10-05T18:07:18.622+0000] {processor.py:758} INFO - Processing file /home/airflow/.local/lib/python3.7/site-packages/airflow/example_dags/example_latest_only.py for tasks to queue
[2022-10-05T18:07:18.622+0000] {logging_mixin.py:117} INFO - [2022-10-05T18:07:18.622+0000] {dagbag.py:525} INFO - Filling up the DagBag from /home/airflow/.local/lib/python3.7/site-packages/airflow/example_dags/example_latest_only.py
[2022-10-05T18:07:18.631+0000] {processor.py:768} INFO - DAG(s) dict_keys(['latest_only']) retrieved from /home/airflow/.local/lib/python3.7/site-packages/airflow/example_dags/example_latest_only.py
[2022-10-05T18:07:18.656+0000] {logging_mixin.py:117} INFO - [2022-10-05T18:07:18.655+0000] {dag.py:2573} INFO - Sync 1 DAGs
[2022-10-05T18:07:18.671+0000] {logging_mixin.py:117} INFO - [2022-10-05T18:07:18.671+0000] {dag.py:3328} INFO - Setting next_dagrun for latest_only to 2022-10-05T14:07:18.671573+00:00, run_after=2022-10-05T18:07:18.671573+00:00
[2022-10-05T18:07:18.692+0000] {processor.py:178} INFO - Processing /home/airflow/.local/lib/python3.7/site-packages/airflow/example_dags/example_latest_only.py took 0.079 seconds
[2022-10-05T18:07:49.458+0000] {processor.py:156} INFO - Started process (PID=443) to work on /home/airflow/.local/lib/python3.7/site-packages/airflow/example_dags/example_latest_only.py
[2022-10-05T18:07:49.459+0000] {processor.py:758} INFO - Processing file /home/airflow/.local/lib/python3.7/site-packages/airflow/example_dags/example_latest_only.py for tasks to queue
[2022-10-05T18:07:49.460+0000] {logging_mixin.py:117} INFO - [2022-10-05T18:07:49.460+0000] {dagbag.py:525} INFO - Filling up the DagBag from /home/airflow/.local/lib/python3.7/site-packages/airflow/example_dags/example_latest_only.py
[2022-10-05T18:07:49.482+0000] {processor.py:768} INFO - DAG(s) dict_keys(['latest_only']) retrieved from /home/airflow/.local/lib/python3.7/site-packages/airflow/example_dags/example_latest_only.py
[2022-10-05T18:07:49.523+0000] {logging_mixin.py:117} INFO - [2022-10-05T18:07:49.522+0000] {dag.py:2573} INFO - Sync 1 DAGs
[2022-10-05T18:07:49.579+0000] {logging_mixin.py:117} INFO - [2022-10-05T18:07:49.578+0000] {dag.py:3328} INFO - Setting next_dagrun for latest_only to 2022-10-05T14:07:49.578461+00:00, run_after=2022-10-05T18:07:49.578461+00:00
[2022-10-05T18:07:49.634+0000] {processor.py:178} INFO - Processing /home/airflow/.local/lib/python3.7/site-packages/airflow/example_dags/example_latest_only.py took 0.180 seconds
[2022-10-05T18:08:20.410+0000] {processor.py:156} INFO - Started process (PID=506) to work on /home/airflow/.local/lib/python3.7/site-packages/airflow/example_dags/example_latest_only.py
[2022-10-05T18:08:20.418+0000] {processor.py:758} INFO - Processing file /home/airflow/.local/lib/python3.7/site-packages/airflow/example_dags/example_latest_only.py for tasks to queue
[2022-10-05T18:08:20.419+0000] {logging_mixin.py:117} INFO - [2022-10-05T18:08:20.419+0000] {dagbag.py:525} INFO - Filling up the DagBag from /home/airflow/.local/lib/python3.7/site-packages/airflow/example_dags/example_latest_only.py
[2022-10-05T18:08:20.441+0000] {processor.py:768} INFO - DAG(s) dict_keys(['latest_only']) retrieved from /home/airflow/.local/lib/python3.7/site-packages/airflow/example_dags/example_latest_only.py
[2022-10-05T18:08:20.518+0000] {logging_mixin.py:117} INFO - [2022-10-05T18:08:20.517+0000] {dag.py:2573} INFO - Sync 1 DAGs
[2022-10-05T18:08:20.573+0000] {logging_mixin.py:117} INFO - [2022-10-05T18:08:20.572+0000] {dag.py:3328} INFO - Setting next_dagrun for latest_only to 2022-10-05T14:08:20.572401+00:00, run_after=2022-10-05T18:08:20.572401+00:00
[2022-10-05T18:08:20.621+0000] {processor.py:178} INFO - Processing /home/airflow/.local/lib/python3.7/site-packages/airflow/example_dags/example_latest_only.py took 0.216 seconds
[2022-10-05T18:08:51.159+0000] {processor.py:156} INFO - Started process (PID=569) to work on /home/airflow/.local/lib/python3.7/site-packages/airflow/example_dags/example_latest_only.py
[2022-10-05T18:08:51.167+0000] {processor.py:758} INFO - Processing file /home/airflow/.local/lib/python3.7/site-packages/airflow/example_dags/example_latest_only.py for tasks to queue
[2022-10-05T18:08:51.168+0000] {logging_mixin.py:117} INFO - [2022-10-05T18:08:51.168+0000] {dagbag.py:525} INFO - Filling up the DagBag from /home/airflow/.local/lib/python3.7/site-packages/airflow/example_dags/example_latest_only.py
[2022-10-05T18:08:51.194+0000] {processor.py:768} INFO - DAG(s) dict_keys(['latest_only']) retrieved from /home/airflow/.local/lib/python3.7/site-packages/airflow/example_dags/example_latest_only.py
[2022-10-05T18:08:51.276+0000] {logging_mixin.py:117} INFO - [2022-10-05T18:08:51.275+0000] {dag.py:2573} INFO - Sync 1 DAGs
[2022-10-05T18:08:51.314+0000] {logging_mixin.py:117} INFO - [2022-10-05T18:08:51.314+0000] {dag.py:3328} INFO - Setting next_dagrun for latest_only to 2022-10-05T14:08:51.313935+00:00, run_after=2022-10-05T18:08:51.313935+00:00
[2022-10-05T18:08:51.359+0000] {processor.py:178} INFO - Processing /home/airflow/.local/lib/python3.7/site-packages/airflow/example_dags/example_latest_only.py took 0.205 seconds
[2022-10-05T18:09:22.317+0000] {processor.py:156} INFO - Started process (PID=632) to work on /home/airflow/.local/lib/python3.7/site-packages/airflow/example_dags/example_latest_only.py
[2022-10-05T18:09:22.317+0000] {processor.py:758} INFO - Processing file /home/airflow/.local/lib/python3.7/site-packages/airflow/example_dags/example_latest_only.py for tasks to queue
[2022-10-05T18:09:22.317+0000] {logging_mixin.py:117} INFO - [2022-10-05T18:09:22.317+0000] {dagbag.py:525} INFO - Filling up the DagBag from /home/airflow/.local/lib/python3.7/site-packages/airflow/example_dags/example_latest_only.py
[2022-10-05T18:09:22.325+0000] {processor.py:768} INFO - DAG(s) dict_keys(['latest_only']) retrieved from /home/airflow/.local/lib/python3.7/site-packages/airflow/example_dags/example_latest_only.py
[2022-10-05T18:09:22.347+0000] {logging_mixin.py:117} INFO - [2022-10-05T18:09:22.347+0000] {dag.py:2573} INFO - Sync 1 DAGs
[2022-10-05T18:09:22.363+0000] {logging_mixin.py:117} INFO - [2022-10-05T18:09:22.363+0000] {dag.py:3328} INFO - Setting next_dagrun for latest_only to 2022-10-05T14:09:22.363417+00:00, run_after=2022-10-05T18:09:22.363417+00:00
[2022-10-05T18:09:22.384+0000] {processor.py:178} INFO - Processing /home/airflow/.local/lib/python3.7/site-packages/airflow/example_dags/example_latest_only.py took 0.068 seconds
[2022-10-05T18:09:53.359+0000] {processor.py:156} INFO - Started process (PID=695) to work on /home/airflow/.local/lib/python3.7/site-packages/airflow/example_dags/example_latest_only.py
[2022-10-05T18:09:53.366+0000] {processor.py:758} INFO - Processing file /home/airflow/.local/lib/python3.7/site-packages/airflow/example_dags/example_latest_only.py for tasks to queue
[2022-10-05T18:09:53.366+0000] {logging_mixin.py:117} INFO - [2022-10-05T18:09:53.366+0000] {dagbag.py:525} INFO - Filling up the DagBag from /home/airflow/.local/lib/python3.7/site-packages/airflow/example_dags/example_latest_only.py
[2022-10-05T18:09:53.374+0000] {processor.py:768} INFO - DAG(s) dict_keys(['latest_only']) retrieved from /home/airflow/.local/lib/python3.7/site-packages/airflow/example_dags/example_latest_only.py
[2022-10-05T18:09:53.397+0000] {logging_mixin.py:117} INFO - [2022-10-05T18:09:53.397+0000] {dag.py:2573} INFO - Sync 1 DAGs
[2022-10-05T18:09:53.412+0000] {logging_mixin.py:117} INFO - [2022-10-05T18:09:53.412+0000] {dag.py:3328} INFO - Setting next_dagrun for latest_only to 2022-10-05T14:09:53.412121+00:00, run_after=2022-10-05T18:09:53.412121+00:00
[2022-10-05T18:09:53.434+0000] {processor.py:178} INFO - Processing /home/airflow/.local/lib/python3.7/site-packages/airflow/example_dags/example_latest_only.py took 0.076 seconds
[2022-10-05T18:10:24.028+0000] {processor.py:156} INFO - Started process (PID=749) to work on /home/airflow/.local/lib/python3.7/site-packages/airflow/example_dags/example_latest_only.py
[2022-10-05T18:10:24.035+0000] {processor.py:758} INFO - Processing file /home/airflow/.local/lib/python3.7/site-packages/airflow/example_dags/example_latest_only.py for tasks to queue
[2022-10-05T18:10:24.035+0000] {logging_mixin.py:117} INFO - [2022-10-05T18:10:24.035+0000] {dagbag.py:525} INFO - Filling up the DagBag from /home/airflow/.local/lib/python3.7/site-packages/airflow/example_dags/example_latest_only.py
[2022-10-05T18:10:24.043+0000] {processor.py:768} INFO - DAG(s) dict_keys(['latest_only']) retrieved from /home/airflow/.local/lib/python3.7/site-packages/airflow/example_dags/example_latest_only.py
[2022-10-05T18:10:24.082+0000] {logging_mixin.py:117} INFO - [2022-10-05T18:10:24.082+0000] {dag.py:2573} INFO - Sync 1 DAGs
[2022-10-05T18:10:24.099+0000] {logging_mixin.py:117} INFO - [2022-10-05T18:10:24.099+0000] {dag.py:3328} INFO - Setting next_dagrun for latest_only to 2022-10-05T14:10:24.099645+00:00, run_after=2022-10-05T18:10:24.099645+00:00
[2022-10-05T18:10:24.113+0000] {processor.py:178} INFO - Processing /home/airflow/.local/lib/python3.7/site-packages/airflow/example_dags/example_latest_only.py took 0.086 seconds
