[2022-10-05T18:04:41.069+0000] {processor.py:156} INFO - Started process (PID=47) to work on /home/airflow/.local/lib/python3.7/site-packages/airflow/example_dags/example_datasets.py
[2022-10-05T18:04:41.069+0000] {processor.py:758} INFO - Processing file /home/airflow/.local/lib/python3.7/site-packages/airflow/example_dags/example_datasets.py for tasks to queue
[2022-10-05T18:04:41.070+0000] {logging_mixin.py:117} INFO - [2022-10-05T18:04:41.069+0000] {dagbag.py:525} INFO - Filling up the DagBag from /home/airflow/.local/lib/python3.7/site-packages/airflow/example_dags/example_datasets.py
[2022-10-05T18:04:41.089+0000] {processor.py:768} INFO - DAG(s) dict_keys(['dataset_consumes_1_never_scheduled', 'dataset_produces_1', 'dataset_consumes_1', 'dataset_consumes_1_and_2', 'dataset_consumes_unknown_never_scheduled', 'dataset_produces_2']) retrieved from /home/airflow/.local/lib/python3.7/site-packages/airflow/example_dags/example_datasets.py
[2022-10-05T18:04:41.106+0000] {logging_mixin.py:117} INFO - [2022-10-05T18:04:41.106+0000] {dag.py:2573} INFO - Sync 6 DAGs
[2022-10-05T18:04:41.124+0000] {logging_mixin.py:117} INFO - [2022-10-05T18:04:41.124+0000] {dag.py:3328} INFO - Setting next_dagrun for dataset_consumes_1 to None, run_after=None
[2022-10-05T18:04:41.126+0000] {logging_mixin.py:117} INFO - [2022-10-05T18:04:41.126+0000] {dag.py:3328} INFO - Setting next_dagrun for dataset_consumes_1_and_2 to None, run_after=None
[2022-10-05T18:04:41.127+0000] {logging_mixin.py:117} INFO - [2022-10-05T18:04:41.127+0000] {dag.py:3328} INFO - Setting next_dagrun for dataset_consumes_1_never_scheduled to None, run_after=None
[2022-10-05T18:04:41.128+0000] {logging_mixin.py:117} INFO - [2022-10-05T18:04:41.127+0000] {dag.py:3328} INFO - Setting next_dagrun for dataset_consumes_unknown_never_scheduled to None, run_after=None
[2022-10-05T18:04:41.129+0000] {logging_mixin.py:117} INFO - [2022-10-05T18:04:41.129+0000] {dag.py:3328} INFO - Setting next_dagrun for dataset_produces_1 to 2022-10-04T00:00:00+00:00, run_after=2022-10-05T00:00:00+00:00
[2022-10-05T18:04:41.130+0000] {logging_mixin.py:117} INFO - [2022-10-05T18:04:41.130+0000] {dag.py:3328} INFO - Setting next_dagrun for dataset_produces_2 to None, run_after=None
[2022-10-05T18:04:41.149+0000] {processor.py:178} INFO - Processing /home/airflow/.local/lib/python3.7/site-packages/airflow/example_dags/example_datasets.py took 0.081 seconds
[2022-10-05T18:05:11.531+0000] {processor.py:156} INFO - Started process (PID=110) to work on /home/airflow/.local/lib/python3.7/site-packages/airflow/example_dags/example_datasets.py
[2022-10-05T18:05:11.539+0000] {processor.py:758} INFO - Processing file /home/airflow/.local/lib/python3.7/site-packages/airflow/example_dags/example_datasets.py for tasks to queue
[2022-10-05T18:05:11.540+0000] {logging_mixin.py:117} INFO - [2022-10-05T18:05:11.539+0000] {dagbag.py:525} INFO - Filling up the DagBag from /home/airflow/.local/lib/python3.7/site-packages/airflow/example_dags/example_datasets.py
[2022-10-05T18:05:11.575+0000] {processor.py:768} INFO - DAG(s) dict_keys(['dataset_produces_1', 'dataset_produces_2', 'dataset_consumes_1_and_2', 'dataset_consumes_unknown_never_scheduled', 'dataset_consumes_1_never_scheduled', 'dataset_consumes_1']) retrieved from /home/airflow/.local/lib/python3.7/site-packages/airflow/example_dags/example_datasets.py
[2022-10-05T18:05:11.717+0000] {logging_mixin.py:117} INFO - [2022-10-05T18:05:11.717+0000] {dag.py:2573} INFO - Sync 6 DAGs
[2022-10-05T18:05:11.752+0000] {logging_mixin.py:117} INFO - [2022-10-05T18:05:11.752+0000] {dag.py:3328} INFO - Setting next_dagrun for dataset_consumes_1 to None, run_after=None
[2022-10-05T18:05:11.756+0000] {logging_mixin.py:117} INFO - [2022-10-05T18:05:11.756+0000] {dag.py:3328} INFO - Setting next_dagrun for dataset_consumes_1_and_2 to None, run_after=None
[2022-10-05T18:05:11.758+0000] {logging_mixin.py:117} INFO - [2022-10-05T18:05:11.758+0000] {dag.py:3328} INFO - Setting next_dagrun for dataset_consumes_1_never_scheduled to None, run_after=None
[2022-10-05T18:05:11.760+0000] {logging_mixin.py:117} INFO - [2022-10-05T18:05:11.760+0000] {dag.py:3328} INFO - Setting next_dagrun for dataset_consumes_unknown_never_scheduled to None, run_after=None
[2022-10-05T18:05:11.764+0000] {logging_mixin.py:117} INFO - [2022-10-05T18:05:11.764+0000] {dag.py:3328} INFO - Setting next_dagrun for dataset_produces_1 to 2022-10-04T00:00:00+00:00, run_after=2022-10-05T00:00:00+00:00
[2022-10-05T18:05:11.766+0000] {logging_mixin.py:117} INFO - [2022-10-05T18:05:11.766+0000] {dag.py:3328} INFO - Setting next_dagrun for dataset_produces_2 to None, run_after=None
[2022-10-05T18:05:11.825+0000] {processor.py:178} INFO - Processing /home/airflow/.local/lib/python3.7/site-packages/airflow/example_dags/example_datasets.py took 0.300 seconds
[2022-10-05T18:05:41.880+0000] {processor.py:156} INFO - Started process (PID=173) to work on /home/airflow/.local/lib/python3.7/site-packages/airflow/example_dags/example_datasets.py
[2022-10-05T18:05:41.883+0000] {processor.py:758} INFO - Processing file /home/airflow/.local/lib/python3.7/site-packages/airflow/example_dags/example_datasets.py for tasks to queue
[2022-10-05T18:05:41.884+0000] {logging_mixin.py:117} INFO - [2022-10-05T18:05:41.884+0000] {dagbag.py:525} INFO - Filling up the DagBag from /home/airflow/.local/lib/python3.7/site-packages/airflow/example_dags/example_datasets.py
[2022-10-05T18:05:41.895+0000] {processor.py:768} INFO - DAG(s) dict_keys(['dataset_consumes_unknown_never_scheduled', 'dataset_consumes_1', 'dataset_consumes_1_and_2', 'dataset_produces_2', 'dataset_consumes_1_never_scheduled', 'dataset_produces_1']) retrieved from /home/airflow/.local/lib/python3.7/site-packages/airflow/example_dags/example_datasets.py
[2022-10-05T18:05:41.926+0000] {logging_mixin.py:117} INFO - [2022-10-05T18:05:41.926+0000] {dag.py:2573} INFO - Sync 6 DAGs
[2022-10-05T18:05:41.943+0000] {logging_mixin.py:117} INFO - [2022-10-05T18:05:41.943+0000] {dag.py:3328} INFO - Setting next_dagrun for dataset_consumes_1 to None, run_after=None
[2022-10-05T18:05:41.945+0000] {logging_mixin.py:117} INFO - [2022-10-05T18:05:41.945+0000] {dag.py:3328} INFO - Setting next_dagrun for dataset_consumes_1_and_2 to None, run_after=None
[2022-10-05T18:05:41.946+0000] {logging_mixin.py:117} INFO - [2022-10-05T18:05:41.946+0000] {dag.py:3328} INFO - Setting next_dagrun for dataset_consumes_1_never_scheduled to None, run_after=None
[2022-10-05T18:05:41.947+0000] {logging_mixin.py:117} INFO - [2022-10-05T18:05:41.947+0000] {dag.py:3328} INFO - Setting next_dagrun for dataset_consumes_unknown_never_scheduled to None, run_after=None
[2022-10-05T18:05:41.948+0000] {logging_mixin.py:117} INFO - [2022-10-05T18:05:41.948+0000] {dag.py:3328} INFO - Setting next_dagrun for dataset_produces_1 to 2022-10-04T00:00:00+00:00, run_after=2022-10-05T00:00:00+00:00
[2022-10-05T18:05:41.949+0000] {logging_mixin.py:117} INFO - [2022-10-05T18:05:41.949+0000] {dag.py:3328} INFO - Setting next_dagrun for dataset_produces_2 to None, run_after=None
[2022-10-05T18:05:41.976+0000] {processor.py:178} INFO - Processing /home/airflow/.local/lib/python3.7/site-packages/airflow/example_dags/example_datasets.py took 0.098 seconds
[2022-10-05T18:06:12.384+0000] {processor.py:156} INFO - Started process (PID=233) to work on /home/airflow/.local/lib/python3.7/site-packages/airflow/example_dags/example_datasets.py
[2022-10-05T18:06:12.388+0000] {processor.py:758} INFO - Processing file /home/airflow/.local/lib/python3.7/site-packages/airflow/example_dags/example_datasets.py for tasks to queue
[2022-10-05T18:06:12.389+0000] {logging_mixin.py:117} INFO - [2022-10-05T18:06:12.389+0000] {dagbag.py:525} INFO - Filling up the DagBag from /home/airflow/.local/lib/python3.7/site-packages/airflow/example_dags/example_datasets.py
[2022-10-05T18:06:12.399+0000] {processor.py:768} INFO - DAG(s) dict_keys(['dataset_consumes_1_and_2', 'dataset_consumes_1_never_scheduled', 'dataset_consumes_unknown_never_scheduled', 'dataset_consumes_1', 'dataset_produces_2', 'dataset_produces_1']) retrieved from /home/airflow/.local/lib/python3.7/site-packages/airflow/example_dags/example_datasets.py
[2022-10-05T18:06:12.493+0000] {logging_mixin.py:117} INFO - [2022-10-05T18:06:12.493+0000] {dag.py:2573} INFO - Sync 6 DAGs
[2022-10-05T18:06:12.520+0000] {logging_mixin.py:117} INFO - [2022-10-05T18:06:12.520+0000] {dag.py:3328} INFO - Setting next_dagrun for dataset_consumes_1 to None, run_after=None
[2022-10-05T18:06:12.523+0000] {logging_mixin.py:117} INFO - [2022-10-05T18:06:12.523+0000] {dag.py:3328} INFO - Setting next_dagrun for dataset_consumes_1_and_2 to None, run_after=None
[2022-10-05T18:06:12.524+0000] {logging_mixin.py:117} INFO - [2022-10-05T18:06:12.524+0000] {dag.py:3328} INFO - Setting next_dagrun for dataset_consumes_1_never_scheduled to None, run_after=None
[2022-10-05T18:06:12.525+0000] {logging_mixin.py:117} INFO - [2022-10-05T18:06:12.525+0000] {dag.py:3328} INFO - Setting next_dagrun for dataset_consumes_unknown_never_scheduled to None, run_after=None
[2022-10-05T18:06:12.526+0000] {logging_mixin.py:117} INFO - [2022-10-05T18:06:12.526+0000] {dag.py:3328} INFO - Setting next_dagrun for dataset_produces_1 to 2022-10-04T00:00:00+00:00, run_after=2022-10-05T00:00:00+00:00
[2022-10-05T18:06:12.527+0000] {logging_mixin.py:117} INFO - [2022-10-05T18:06:12.527+0000] {dag.py:3328} INFO - Setting next_dagrun for dataset_produces_2 to None, run_after=None
[2022-10-05T18:06:12.554+0000] {processor.py:178} INFO - Processing /home/airflow/.local/lib/python3.7/site-packages/airflow/example_dags/example_datasets.py took 0.173 seconds
[2022-10-05T18:06:43.554+0000] {processor.py:156} INFO - Started process (PID=288) to work on /home/airflow/.local/lib/python3.7/site-packages/airflow/example_dags/example_datasets.py
[2022-10-05T18:06:43.558+0000] {processor.py:758} INFO - Processing file /home/airflow/.local/lib/python3.7/site-packages/airflow/example_dags/example_datasets.py for tasks to queue
[2022-10-05T18:06:43.558+0000] {logging_mixin.py:117} INFO - [2022-10-05T18:06:43.558+0000] {dagbag.py:525} INFO - Filling up the DagBag from /home/airflow/.local/lib/python3.7/site-packages/airflow/example_dags/example_datasets.py
[2022-10-05T18:06:43.572+0000] {processor.py:768} INFO - DAG(s) dict_keys(['dataset_consumes_unknown_never_scheduled', 'dataset_consumes_1', 'dataset_produces_2', 'dataset_consumes_1_and_2', 'dataset_consumes_1_never_scheduled', 'dataset_produces_1']) retrieved from /home/airflow/.local/lib/python3.7/site-packages/airflow/example_dags/example_datasets.py
[2022-10-05T18:06:43.607+0000] {logging_mixin.py:117} INFO - [2022-10-05T18:06:43.606+0000] {dag.py:2573} INFO - Sync 6 DAGs
[2022-10-05T18:06:43.645+0000] {logging_mixin.py:117} INFO - [2022-10-05T18:06:43.645+0000] {dag.py:3328} INFO - Setting next_dagrun for dataset_consumes_1 to None, run_after=None
[2022-10-05T18:06:43.652+0000] {logging_mixin.py:117} INFO - [2022-10-05T18:06:43.652+0000] {dag.py:3328} INFO - Setting next_dagrun for dataset_consumes_1_and_2 to None, run_after=None
[2022-10-05T18:06:43.655+0000] {logging_mixin.py:117} INFO - [2022-10-05T18:06:43.654+0000] {dag.py:3328} INFO - Setting next_dagrun for dataset_consumes_1_never_scheduled to None, run_after=None
[2022-10-05T18:06:43.657+0000] {logging_mixin.py:117} INFO - [2022-10-05T18:06:43.657+0000] {dag.py:3328} INFO - Setting next_dagrun for dataset_consumes_unknown_never_scheduled to None, run_after=None
[2022-10-05T18:06:43.662+0000] {logging_mixin.py:117} INFO - [2022-10-05T18:06:43.662+0000] {dag.py:3328} INFO - Setting next_dagrun for dataset_produces_1 to 2022-10-04T00:00:00+00:00, run_after=2022-10-05T00:00:00+00:00
[2022-10-05T18:06:43.664+0000] {logging_mixin.py:117} INFO - [2022-10-05T18:06:43.664+0000] {dag.py:3328} INFO - Setting next_dagrun for dataset_produces_2 to None, run_after=None
[2022-10-05T18:06:43.705+0000] {processor.py:178} INFO - Processing /home/airflow/.local/lib/python3.7/site-packages/airflow/example_dags/example_datasets.py took 0.152 seconds
[2022-10-05T18:07:13.790+0000] {processor.py:156} INFO - Started process (PID=349) to work on /home/airflow/.local/lib/python3.7/site-packages/airflow/example_dags/example_datasets.py
[2022-10-05T18:07:13.798+0000] {processor.py:758} INFO - Processing file /home/airflow/.local/lib/python3.7/site-packages/airflow/example_dags/example_datasets.py for tasks to queue
[2022-10-05T18:07:13.799+0000] {logging_mixin.py:117} INFO - [2022-10-05T18:07:13.799+0000] {dagbag.py:525} INFO - Filling up the DagBag from /home/airflow/.local/lib/python3.7/site-packages/airflow/example_dags/example_datasets.py
[2022-10-05T18:07:13.836+0000] {processor.py:768} INFO - DAG(s) dict_keys(['dataset_consumes_1', 'dataset_produces_2', 'dataset_consumes_1_and_2', 'dataset_consumes_unknown_never_scheduled', 'dataset_consumes_1_never_scheduled', 'dataset_produces_1']) retrieved from /home/airflow/.local/lib/python3.7/site-packages/airflow/example_dags/example_datasets.py
[2022-10-05T18:07:13.948+0000] {logging_mixin.py:117} INFO - [2022-10-05T18:07:13.948+0000] {dag.py:2573} INFO - Sync 6 DAGs
[2022-10-05T18:07:14.003+0000] {logging_mixin.py:117} INFO - [2022-10-05T18:07:14.002+0000] {dag.py:3328} INFO - Setting next_dagrun for dataset_consumes_1 to None, run_after=None
[2022-10-05T18:07:14.010+0000] {logging_mixin.py:117} INFO - [2022-10-05T18:07:14.010+0000] {dag.py:3328} INFO - Setting next_dagrun for dataset_consumes_1_and_2 to None, run_after=None
[2022-10-05T18:07:14.013+0000] {logging_mixin.py:117} INFO - [2022-10-05T18:07:14.012+0000] {dag.py:3328} INFO - Setting next_dagrun for dataset_consumes_1_never_scheduled to None, run_after=None
[2022-10-05T18:07:14.015+0000] {logging_mixin.py:117} INFO - [2022-10-05T18:07:14.015+0000] {dag.py:3328} INFO - Setting next_dagrun for dataset_consumes_unknown_never_scheduled to None, run_after=None
[2022-10-05T18:07:14.021+0000] {logging_mixin.py:117} INFO - [2022-10-05T18:07:14.021+0000] {dag.py:3328} INFO - Setting next_dagrun for dataset_produces_1 to 2022-10-04T00:00:00+00:00, run_after=2022-10-05T00:00:00+00:00
[2022-10-05T18:07:14.024+0000] {logging_mixin.py:117} INFO - [2022-10-05T18:07:14.024+0000] {dag.py:3328} INFO - Setting next_dagrun for dataset_produces_2 to None, run_after=None
[2022-10-05T18:07:14.093+0000] {processor.py:178} INFO - Processing /home/airflow/.local/lib/python3.7/site-packages/airflow/example_dags/example_datasets.py took 0.308 seconds
[2022-10-05T18:07:44.982+0000] {processor.py:156} INFO - Started process (PID=412) to work on /home/airflow/.local/lib/python3.7/site-packages/airflow/example_dags/example_datasets.py
[2022-10-05T18:07:44.983+0000] {processor.py:758} INFO - Processing file /home/airflow/.local/lib/python3.7/site-packages/airflow/example_dags/example_datasets.py for tasks to queue
[2022-10-05T18:07:44.984+0000] {logging_mixin.py:117} INFO - [2022-10-05T18:07:44.984+0000] {dagbag.py:525} INFO - Filling up the DagBag from /home/airflow/.local/lib/python3.7/site-packages/airflow/example_dags/example_datasets.py
[2022-10-05T18:07:45.021+0000] {processor.py:768} INFO - DAG(s) dict_keys(['dataset_produces_2', 'dataset_consumes_1', 'dataset_consumes_1_never_scheduled', 'dataset_consumes_1_and_2', 'dataset_produces_1', 'dataset_consumes_unknown_never_scheduled']) retrieved from /home/airflow/.local/lib/python3.7/site-packages/airflow/example_dags/example_datasets.py
[2022-10-05T18:07:45.137+0000] {logging_mixin.py:117} INFO - [2022-10-05T18:07:45.136+0000] {dag.py:2573} INFO - Sync 6 DAGs
[2022-10-05T18:07:45.173+0000] {logging_mixin.py:117} INFO - [2022-10-05T18:07:45.173+0000] {dag.py:3328} INFO - Setting next_dagrun for dataset_consumes_1 to None, run_after=None
[2022-10-05T18:07:45.176+0000] {logging_mixin.py:117} INFO - [2022-10-05T18:07:45.176+0000] {dag.py:3328} INFO - Setting next_dagrun for dataset_consumes_1_and_2 to None, run_after=None
[2022-10-05T18:07:45.177+0000] {logging_mixin.py:117} INFO - [2022-10-05T18:07:45.177+0000] {dag.py:3328} INFO - Setting next_dagrun for dataset_consumes_1_never_scheduled to None, run_after=None
[2022-10-05T18:07:45.178+0000] {logging_mixin.py:117} INFO - [2022-10-05T18:07:45.178+0000] {dag.py:3328} INFO - Setting next_dagrun for dataset_consumes_unknown_never_scheduled to None, run_after=None
[2022-10-05T18:07:45.180+0000] {logging_mixin.py:117} INFO - [2022-10-05T18:07:45.180+0000] {dag.py:3328} INFO - Setting next_dagrun for dataset_produces_1 to 2022-10-04T00:00:00+00:00, run_after=2022-10-05T00:00:00+00:00
[2022-10-05T18:07:45.180+0000] {logging_mixin.py:117} INFO - [2022-10-05T18:07:45.180+0000] {dag.py:3328} INFO - Setting next_dagrun for dataset_produces_2 to None, run_after=None
[2022-10-05T18:07:45.208+0000] {processor.py:178} INFO - Processing /home/airflow/.local/lib/python3.7/site-packages/airflow/example_dags/example_datasets.py took 0.231 seconds
[2022-10-05T18:08:15.985+0000] {processor.py:156} INFO - Started process (PID=475) to work on /home/airflow/.local/lib/python3.7/site-packages/airflow/example_dags/example_datasets.py
[2022-10-05T18:08:15.986+0000] {processor.py:758} INFO - Processing file /home/airflow/.local/lib/python3.7/site-packages/airflow/example_dags/example_datasets.py for tasks to queue
[2022-10-05T18:08:15.988+0000] {logging_mixin.py:117} INFO - [2022-10-05T18:08:15.987+0000] {dagbag.py:525} INFO - Filling up the DagBag from /home/airflow/.local/lib/python3.7/site-packages/airflow/example_dags/example_datasets.py
[2022-10-05T18:08:16.026+0000] {processor.py:768} INFO - DAG(s) dict_keys(['dataset_consumes_1_and_2', 'dataset_consumes_1_never_scheduled', 'dataset_produces_1', 'dataset_consumes_1', 'dataset_consumes_unknown_never_scheduled', 'dataset_produces_2']) retrieved from /home/airflow/.local/lib/python3.7/site-packages/airflow/example_dags/example_datasets.py
[2022-10-05T18:08:16.135+0000] {logging_mixin.py:117} INFO - [2022-10-05T18:08:16.135+0000] {dag.py:2573} INFO - Sync 6 DAGs
[2022-10-05T18:08:16.174+0000] {logging_mixin.py:117} INFO - [2022-10-05T18:08:16.174+0000] {dag.py:3328} INFO - Setting next_dagrun for dataset_consumes_1 to None, run_after=None
[2022-10-05T18:08:16.177+0000] {logging_mixin.py:117} INFO - [2022-10-05T18:08:16.177+0000] {dag.py:3328} INFO - Setting next_dagrun for dataset_consumes_1_and_2 to None, run_after=None
[2022-10-05T18:08:16.178+0000] {logging_mixin.py:117} INFO - [2022-10-05T18:08:16.178+0000] {dag.py:3328} INFO - Setting next_dagrun for dataset_consumes_1_never_scheduled to None, run_after=None
[2022-10-05T18:08:16.178+0000] {logging_mixin.py:117} INFO - [2022-10-05T18:08:16.178+0000] {dag.py:3328} INFO - Setting next_dagrun for dataset_consumes_unknown_never_scheduled to None, run_after=None
[2022-10-05T18:08:16.180+0000] {logging_mixin.py:117} INFO - [2022-10-05T18:08:16.180+0000] {dag.py:3328} INFO - Setting next_dagrun for dataset_produces_1 to 2022-10-04T00:00:00+00:00, run_after=2022-10-05T00:00:00+00:00
[2022-10-05T18:08:16.181+0000] {logging_mixin.py:117} INFO - [2022-10-05T18:08:16.181+0000] {dag.py:3328} INFO - Setting next_dagrun for dataset_produces_2 to None, run_after=None
[2022-10-05T18:08:16.207+0000] {processor.py:178} INFO - Processing /home/airflow/.local/lib/python3.7/site-packages/airflow/example_dags/example_datasets.py took 0.229 seconds
[2022-10-05T18:08:46.885+0000] {processor.py:156} INFO - Started process (PID=538) to work on /home/airflow/.local/lib/python3.7/site-packages/airflow/example_dags/example_datasets.py
[2022-10-05T18:08:46.890+0000] {processor.py:758} INFO - Processing file /home/airflow/.local/lib/python3.7/site-packages/airflow/example_dags/example_datasets.py for tasks to queue
[2022-10-05T18:08:46.890+0000] {logging_mixin.py:117} INFO - [2022-10-05T18:08:46.890+0000] {dagbag.py:525} INFO - Filling up the DagBag from /home/airflow/.local/lib/python3.7/site-packages/airflow/example_dags/example_datasets.py
[2022-10-05T18:08:46.901+0000] {processor.py:768} INFO - DAG(s) dict_keys(['dataset_consumes_1', 'dataset_produces_1', 'dataset_consumes_unknown_never_scheduled', 'dataset_produces_2', 'dataset_consumes_1_never_scheduled', 'dataset_consumes_1_and_2']) retrieved from /home/airflow/.local/lib/python3.7/site-packages/airflow/example_dags/example_datasets.py
[2022-10-05T18:08:46.937+0000] {logging_mixin.py:117} INFO - [2022-10-05T18:08:46.936+0000] {dag.py:2573} INFO - Sync 6 DAGs
[2022-10-05T18:08:46.954+0000] {logging_mixin.py:117} INFO - [2022-10-05T18:08:46.954+0000] {dag.py:3328} INFO - Setting next_dagrun for dataset_consumes_1 to None, run_after=None
[2022-10-05T18:08:46.957+0000] {logging_mixin.py:117} INFO - [2022-10-05T18:08:46.957+0000] {dag.py:3328} INFO - Setting next_dagrun for dataset_consumes_1_and_2 to None, run_after=None
[2022-10-05T18:08:46.958+0000] {logging_mixin.py:117} INFO - [2022-10-05T18:08:46.957+0000] {dag.py:3328} INFO - Setting next_dagrun for dataset_consumes_1_never_scheduled to None, run_after=None
[2022-10-05T18:08:46.958+0000] {logging_mixin.py:117} INFO - [2022-10-05T18:08:46.958+0000] {dag.py:3328} INFO - Setting next_dagrun for dataset_consumes_unknown_never_scheduled to None, run_after=None
[2022-10-05T18:08:46.960+0000] {logging_mixin.py:117} INFO - [2022-10-05T18:08:46.960+0000] {dag.py:3328} INFO - Setting next_dagrun for dataset_produces_1 to 2022-10-04T00:00:00+00:00, run_after=2022-10-05T00:00:00+00:00
[2022-10-05T18:08:46.961+0000] {logging_mixin.py:117} INFO - [2022-10-05T18:08:46.961+0000] {dag.py:3328} INFO - Setting next_dagrun for dataset_produces_2 to None, run_after=None
[2022-10-05T18:08:46.980+0000] {processor.py:178} INFO - Processing /home/airflow/.local/lib/python3.7/site-packages/airflow/example_dags/example_datasets.py took 0.097 seconds
[2022-10-05T18:09:17.746+0000] {processor.py:156} INFO - Started process (PID=592) to work on /home/airflow/.local/lib/python3.7/site-packages/airflow/example_dags/example_datasets.py
[2022-10-05T18:09:17.748+0000] {processor.py:758} INFO - Processing file /home/airflow/.local/lib/python3.7/site-packages/airflow/example_dags/example_datasets.py for tasks to queue
[2022-10-05T18:09:17.749+0000] {logging_mixin.py:117} INFO - [2022-10-05T18:09:17.749+0000] {dagbag.py:525} INFO - Filling up the DagBag from /home/airflow/.local/lib/python3.7/site-packages/airflow/example_dags/example_datasets.py
[2022-10-05T18:09:17.785+0000] {processor.py:768} INFO - DAG(s) dict_keys(['dataset_consumes_1_never_scheduled', 'dataset_produces_2', 'dataset_consumes_1_and_2', 'dataset_consumes_1', 'dataset_produces_1', 'dataset_consumes_unknown_never_scheduled']) retrieved from /home/airflow/.local/lib/python3.7/site-packages/airflow/example_dags/example_datasets.py
[2022-10-05T18:09:17.897+0000] {logging_mixin.py:117} INFO - [2022-10-05T18:09:17.897+0000] {dag.py:2573} INFO - Sync 6 DAGs
[2022-10-05T18:09:17.931+0000] {logging_mixin.py:117} INFO - [2022-10-05T18:09:17.930+0000] {dag.py:3328} INFO - Setting next_dagrun for dataset_consumes_1 to None, run_after=None
[2022-10-05T18:09:17.934+0000] {logging_mixin.py:117} INFO - [2022-10-05T18:09:17.933+0000] {dag.py:3328} INFO - Setting next_dagrun for dataset_consumes_1_and_2 to None, run_after=None
[2022-10-05T18:09:17.934+0000] {logging_mixin.py:117} INFO - [2022-10-05T18:09:17.934+0000] {dag.py:3328} INFO - Setting next_dagrun for dataset_consumes_1_never_scheduled to None, run_after=None
[2022-10-05T18:09:17.935+0000] {logging_mixin.py:117} INFO - [2022-10-05T18:09:17.935+0000] {dag.py:3328} INFO - Setting next_dagrun for dataset_consumes_unknown_never_scheduled to None, run_after=None
[2022-10-05T18:09:17.937+0000] {logging_mixin.py:117} INFO - [2022-10-05T18:09:17.937+0000] {dag.py:3328} INFO - Setting next_dagrun for dataset_produces_1 to 2022-10-04T00:00:00+00:00, run_after=2022-10-05T00:00:00+00:00
[2022-10-05T18:09:17.938+0000] {logging_mixin.py:117} INFO - [2022-10-05T18:09:17.938+0000] {dag.py:3328} INFO - Setting next_dagrun for dataset_produces_2 to None, run_after=None
[2022-10-05T18:09:17.964+0000] {processor.py:178} INFO - Processing /home/airflow/.local/lib/python3.7/site-packages/airflow/example_dags/example_datasets.py took 0.223 seconds
[2022-10-05T18:09:48.850+0000] {processor.py:156} INFO - Started process (PID=655) to work on /home/airflow/.local/lib/python3.7/site-packages/airflow/example_dags/example_datasets.py
[2022-10-05T18:09:48.854+0000] {processor.py:758} INFO - Processing file /home/airflow/.local/lib/python3.7/site-packages/airflow/example_dags/example_datasets.py for tasks to queue
[2022-10-05T18:09:48.855+0000] {logging_mixin.py:117} INFO - [2022-10-05T18:09:48.855+0000] {dagbag.py:525} INFO - Filling up the DagBag from /home/airflow/.local/lib/python3.7/site-packages/airflow/example_dags/example_datasets.py
[2022-10-05T18:09:48.866+0000] {processor.py:768} INFO - DAG(s) dict_keys(['dataset_consumes_unknown_never_scheduled', 'dataset_consumes_1_never_scheduled', 'dataset_produces_2', 'dataset_consumes_1', 'dataset_consumes_1_and_2', 'dataset_produces_1']) retrieved from /home/airflow/.local/lib/python3.7/site-packages/airflow/example_dags/example_datasets.py
[2022-10-05T18:09:48.920+0000] {logging_mixin.py:117} INFO - [2022-10-05T18:09:48.920+0000] {dag.py:2573} INFO - Sync 6 DAGs
[2022-10-05T18:09:48.971+0000] {logging_mixin.py:117} INFO - [2022-10-05T18:09:48.970+0000] {dag.py:3328} INFO - Setting next_dagrun for dataset_consumes_1 to None, run_after=None
[2022-10-05T18:09:48.978+0000] {logging_mixin.py:117} INFO - [2022-10-05T18:09:48.977+0000] {dag.py:3328} INFO - Setting next_dagrun for dataset_consumes_1_and_2 to None, run_after=None
[2022-10-05T18:09:48.980+0000] {logging_mixin.py:117} INFO - [2022-10-05T18:09:48.980+0000] {dag.py:3328} INFO - Setting next_dagrun for dataset_consumes_1_never_scheduled to None, run_after=None
[2022-10-05T18:09:48.982+0000] {logging_mixin.py:117} INFO - [2022-10-05T18:09:48.982+0000] {dag.py:3328} INFO - Setting next_dagrun for dataset_consumes_unknown_never_scheduled to None, run_after=None
[2022-10-05T18:09:48.988+0000] {logging_mixin.py:117} INFO - [2022-10-05T18:09:48.988+0000] {dag.py:3328} INFO - Setting next_dagrun for dataset_produces_1 to 2022-10-04T00:00:00+00:00, run_after=2022-10-05T00:00:00+00:00
[2022-10-05T18:09:48.990+0000] {logging_mixin.py:117} INFO - [2022-10-05T18:09:48.990+0000] {dag.py:3328} INFO - Setting next_dagrun for dataset_produces_2 to None, run_after=None
[2022-10-05T18:09:49.043+0000] {processor.py:178} INFO - Processing /home/airflow/.local/lib/python3.7/site-packages/airflow/example_dags/example_datasets.py took 0.195 seconds
[2022-10-05T18:10:19.655+0000] {processor.py:156} INFO - Started process (PID=718) to work on /home/airflow/.local/lib/python3.7/site-packages/airflow/example_dags/example_datasets.py
[2022-10-05T18:10:19.659+0000] {processor.py:758} INFO - Processing file /home/airflow/.local/lib/python3.7/site-packages/airflow/example_dags/example_datasets.py for tasks to queue
[2022-10-05T18:10:19.659+0000] {logging_mixin.py:117} INFO - [2022-10-05T18:10:19.659+0000] {dagbag.py:525} INFO - Filling up the DagBag from /home/airflow/.local/lib/python3.7/site-packages/airflow/example_dags/example_datasets.py
[2022-10-05T18:10:19.670+0000] {processor.py:768} INFO - DAG(s) dict_keys(['dataset_consumes_unknown_never_scheduled', 'dataset_produces_2', 'dataset_consumes_1_and_2', 'dataset_produces_1', 'dataset_consumes_1', 'dataset_consumes_1_never_scheduled']) retrieved from /home/airflow/.local/lib/python3.7/site-packages/airflow/example_dags/example_datasets.py
[2022-10-05T18:10:19.707+0000] {logging_mixin.py:117} INFO - [2022-10-05T18:10:19.707+0000] {dag.py:2573} INFO - Sync 6 DAGs
[2022-10-05T18:10:19.727+0000] {logging_mixin.py:117} INFO - [2022-10-05T18:10:19.726+0000] {dag.py:3328} INFO - Setting next_dagrun for dataset_consumes_1 to None, run_after=None
[2022-10-05T18:10:19.729+0000] {logging_mixin.py:117} INFO - [2022-10-05T18:10:19.729+0000] {dag.py:3328} INFO - Setting next_dagrun for dataset_consumes_1_and_2 to None, run_after=None
[2022-10-05T18:10:19.730+0000] {logging_mixin.py:117} INFO - [2022-10-05T18:10:19.730+0000] {dag.py:3328} INFO - Setting next_dagrun for dataset_consumes_1_never_scheduled to None, run_after=None
[2022-10-05T18:10:19.731+0000] {logging_mixin.py:117} INFO - [2022-10-05T18:10:19.731+0000] {dag.py:3328} INFO - Setting next_dagrun for dataset_consumes_unknown_never_scheduled to None, run_after=None
[2022-10-05T18:10:19.732+0000] {logging_mixin.py:117} INFO - [2022-10-05T18:10:19.732+0000] {dag.py:3328} INFO - Setting next_dagrun for dataset_produces_1 to 2022-10-04T00:00:00+00:00, run_after=2022-10-05T00:00:00+00:00
[2022-10-05T18:10:19.733+0000] {logging_mixin.py:117} INFO - [2022-10-05T18:10:19.733+0000] {dag.py:3328} INFO - Setting next_dagrun for dataset_produces_2 to None, run_after=None
[2022-10-05T18:10:19.759+0000] {processor.py:178} INFO - Processing /home/airflow/.local/lib/python3.7/site-packages/airflow/example_dags/example_datasets.py took 0.106 seconds
