[2022-10-05T18:04:42.439+0000] {processor.py:156} INFO - Started process (PID=71) to work on /home/airflow/.local/lib/python3.7/site-packages/airflow/example_dags/example_short_circuit_decorator.py
[2022-10-05T18:04:42.440+0000] {processor.py:758} INFO - Processing file /home/airflow/.local/lib/python3.7/site-packages/airflow/example_dags/example_short_circuit_decorator.py for tasks to queue
[2022-10-05T18:04:42.440+0000] {logging_mixin.py:117} INFO - [2022-10-05T18:04:42.440+0000] {dagbag.py:525} INFO - Filling up the DagBag from /home/airflow/.local/lib/python3.7/site-packages/airflow/example_dags/example_short_circuit_decorator.py
[2022-10-05T18:04:42.454+0000] {processor.py:768} INFO - DAG(s) dict_keys(['example_short_circuit_decorator']) retrieved from /home/airflow/.local/lib/python3.7/site-packages/airflow/example_dags/example_short_circuit_decorator.py
[2022-10-05T18:04:42.472+0000] {logging_mixin.py:117} INFO - [2022-10-05T18:04:42.471+0000] {dag.py:2573} INFO - Sync 1 DAGs
[2022-10-05T18:04:42.490+0000] {logging_mixin.py:117} INFO - [2022-10-05T18:04:42.490+0000] {dag.py:3328} INFO - Setting next_dagrun for example_short_circuit_decorator to 2022-10-04T18:04:42.489952+00:00, run_after=2022-10-05T18:04:42.489952+00:00
[2022-10-05T18:04:42.506+0000] {processor.py:178} INFO - Processing /home/airflow/.local/lib/python3.7/site-packages/airflow/example_dags/example_short_circuit_decorator.py took 0.068 seconds
[2022-10-05T18:05:14.177+0000] {processor.py:156} INFO - Started process (PID=134) to work on /home/airflow/.local/lib/python3.7/site-packages/airflow/example_dags/example_short_circuit_decorator.py
[2022-10-05T18:05:14.184+0000] {processor.py:758} INFO - Processing file /home/airflow/.local/lib/python3.7/site-packages/airflow/example_dags/example_short_circuit_decorator.py for tasks to queue
[2022-10-05T18:05:14.185+0000] {logging_mixin.py:117} INFO - [2022-10-05T18:05:14.185+0000] {dagbag.py:525} INFO - Filling up the DagBag from /home/airflow/.local/lib/python3.7/site-packages/airflow/example_dags/example_short_circuit_decorator.py
[2022-10-05T18:05:14.200+0000] {processor.py:768} INFO - DAG(s) dict_keys(['example_short_circuit_decorator']) retrieved from /home/airflow/.local/lib/python3.7/site-packages/airflow/example_dags/example_short_circuit_decorator.py
[2022-10-05T18:05:14.224+0000] {logging_mixin.py:117} INFO - [2022-10-05T18:05:14.224+0000] {dag.py:2573} INFO - Sync 1 DAGs
[2022-10-05T18:05:14.239+0000] {logging_mixin.py:117} INFO - [2022-10-05T18:05:14.239+0000] {dag.py:3328} INFO - Setting next_dagrun for example_short_circuit_decorator to 2022-10-04T18:05:14.239596+00:00, run_after=2022-10-05T18:05:14.239596+00:00
[2022-10-05T18:05:14.254+0000] {processor.py:178} INFO - Processing /home/airflow/.local/lib/python3.7/site-packages/airflow/example_dags/example_short_circuit_decorator.py took 0.078 seconds
[2022-10-05T18:05:45.031+0000] {processor.py:156} INFO - Started process (PID=197) to work on /home/airflow/.local/lib/python3.7/site-packages/airflow/example_dags/example_short_circuit_decorator.py
[2022-10-05T18:05:45.033+0000] {processor.py:758} INFO - Processing file /home/airflow/.local/lib/python3.7/site-packages/airflow/example_dags/example_short_circuit_decorator.py for tasks to queue
[2022-10-05T18:05:45.034+0000] {logging_mixin.py:117} INFO - [2022-10-05T18:05:45.033+0000] {dagbag.py:525} INFO - Filling up the DagBag from /home/airflow/.local/lib/python3.7/site-packages/airflow/example_dags/example_short_circuit_decorator.py
[2022-10-05T18:05:45.084+0000] {processor.py:768} INFO - DAG(s) dict_keys(['example_short_circuit_decorator']) retrieved from /home/airflow/.local/lib/python3.7/site-packages/airflow/example_dags/example_short_circuit_decorator.py
[2022-10-05T18:05:45.128+0000] {logging_mixin.py:117} INFO - [2022-10-05T18:05:45.127+0000] {dag.py:2573} INFO - Sync 1 DAGs
[2022-10-05T18:05:45.145+0000] {logging_mixin.py:117} INFO - [2022-10-05T18:05:45.145+0000] {dag.py:3328} INFO - Setting next_dagrun for example_short_circuit_decorator to 2022-10-04T18:05:45.145362+00:00, run_after=2022-10-05T18:05:45.145362+00:00
[2022-10-05T18:05:45.179+0000] {processor.py:178} INFO - Processing /home/airflow/.local/lib/python3.7/site-packages/airflow/example_dags/example_short_circuit_decorator.py took 0.153 seconds
[2022-10-05T18:06:16.174+0000] {processor.py:156} INFO - Started process (PID=259) to work on /home/airflow/.local/lib/python3.7/site-packages/airflow/example_dags/example_short_circuit_decorator.py
[2022-10-05T18:06:16.182+0000] {processor.py:758} INFO - Processing file /home/airflow/.local/lib/python3.7/site-packages/airflow/example_dags/example_short_circuit_decorator.py for tasks to queue
[2022-10-05T18:06:16.184+0000] {logging_mixin.py:117} INFO - [2022-10-05T18:06:16.183+0000] {dagbag.py:525} INFO - Filling up the DagBag from /home/airflow/.local/lib/python3.7/site-packages/airflow/example_dags/example_short_circuit_decorator.py
[2022-10-05T18:06:16.233+0000] {processor.py:768} INFO - DAG(s) dict_keys(['example_short_circuit_decorator']) retrieved from /home/airflow/.local/lib/python3.7/site-packages/airflow/example_dags/example_short_circuit_decorator.py
[2022-10-05T18:06:16.305+0000] {logging_mixin.py:117} INFO - [2022-10-05T18:06:16.305+0000] {dag.py:2573} INFO - Sync 1 DAGs
[2022-10-05T18:06:16.346+0000] {logging_mixin.py:117} INFO - [2022-10-05T18:06:16.346+0000] {dag.py:3328} INFO - Setting next_dagrun for example_short_circuit_decorator to 2022-10-04T18:06:16.345961+00:00, run_after=2022-10-05T18:06:16.345961+00:00
[2022-10-05T18:06:16.363+0000] {processor.py:178} INFO - Processing /home/airflow/.local/lib/python3.7/site-packages/airflow/example_dags/example_short_circuit_decorator.py took 0.194 seconds
[2022-10-05T18:06:47.307+0000] {processor.py:156} INFO - Started process (PID=321) to work on /home/airflow/.local/lib/python3.7/site-packages/airflow/example_dags/example_short_circuit_decorator.py
[2022-10-05T18:06:47.308+0000] {processor.py:758} INFO - Processing file /home/airflow/.local/lib/python3.7/site-packages/airflow/example_dags/example_short_circuit_decorator.py for tasks to queue
[2022-10-05T18:06:47.309+0000] {logging_mixin.py:117} INFO - [2022-10-05T18:06:47.309+0000] {dagbag.py:525} INFO - Filling up the DagBag from /home/airflow/.local/lib/python3.7/site-packages/airflow/example_dags/example_short_circuit_decorator.py
[2022-10-05T18:06:47.360+0000] {processor.py:768} INFO - DAG(s) dict_keys(['example_short_circuit_decorator']) retrieved from /home/airflow/.local/lib/python3.7/site-packages/airflow/example_dags/example_short_circuit_decorator.py
[2022-10-05T18:06:47.441+0000] {logging_mixin.py:117} INFO - [2022-10-05T18:06:47.440+0000] {dag.py:2573} INFO - Sync 1 DAGs
[2022-10-05T18:06:47.489+0000] {logging_mixin.py:117} INFO - [2022-10-05T18:06:47.489+0000] {dag.py:3328} INFO - Setting next_dagrun for example_short_circuit_decorator to 2022-10-04T18:06:47.488900+00:00, run_after=2022-10-05T18:06:47.488900+00:00
[2022-10-05T18:06:47.528+0000] {processor.py:178} INFO - Processing /home/airflow/.local/lib/python3.7/site-packages/airflow/example_dags/example_short_circuit_decorator.py took 0.227 seconds
[2022-10-05T18:07:18.024+0000] {processor.py:156} INFO - Started process (PID=374) to work on /home/airflow/.local/lib/python3.7/site-packages/airflow/example_dags/example_short_circuit_decorator.py
[2022-10-05T18:07:18.028+0000] {processor.py:758} INFO - Processing file /home/airflow/.local/lib/python3.7/site-packages/airflow/example_dags/example_short_circuit_decorator.py for tasks to queue
[2022-10-05T18:07:18.029+0000] {logging_mixin.py:117} INFO - [2022-10-05T18:07:18.029+0000] {dagbag.py:525} INFO - Filling up the DagBag from /home/airflow/.local/lib/python3.7/site-packages/airflow/example_dags/example_short_circuit_decorator.py
[2022-10-05T18:07:18.043+0000] {processor.py:768} INFO - DAG(s) dict_keys(['example_short_circuit_decorator']) retrieved from /home/airflow/.local/lib/python3.7/site-packages/airflow/example_dags/example_short_circuit_decorator.py
[2022-10-05T18:07:18.112+0000] {logging_mixin.py:117} INFO - [2022-10-05T18:07:18.112+0000] {dag.py:2573} INFO - Sync 1 DAGs
[2022-10-05T18:07:18.128+0000] {logging_mixin.py:117} INFO - [2022-10-05T18:07:18.128+0000] {dag.py:3328} INFO - Setting next_dagrun for example_short_circuit_decorator to 2022-10-04T18:07:18.128166+00:00, run_after=2022-10-05T18:07:18.128166+00:00
[2022-10-05T18:07:18.162+0000] {processor.py:178} INFO - Processing /home/airflow/.local/lib/python3.7/site-packages/airflow/example_dags/example_short_circuit_decorator.py took 0.140 seconds
[2022-10-05T18:07:48.319+0000] {processor.py:156} INFO - Started process (PID=436) to work on /home/airflow/.local/lib/python3.7/site-packages/airflow/example_dags/example_short_circuit_decorator.py
[2022-10-05T18:07:48.320+0000] {processor.py:758} INFO - Processing file /home/airflow/.local/lib/python3.7/site-packages/airflow/example_dags/example_short_circuit_decorator.py for tasks to queue
[2022-10-05T18:07:48.321+0000] {logging_mixin.py:117} INFO - [2022-10-05T18:07:48.321+0000] {dagbag.py:525} INFO - Filling up the DagBag from /home/airflow/.local/lib/python3.7/site-packages/airflow/example_dags/example_short_circuit_decorator.py
[2022-10-05T18:07:48.374+0000] {processor.py:768} INFO - DAG(s) dict_keys(['example_short_circuit_decorator']) retrieved from /home/airflow/.local/lib/python3.7/site-packages/airflow/example_dags/example_short_circuit_decorator.py
[2022-10-05T18:07:48.452+0000] {logging_mixin.py:117} INFO - [2022-10-05T18:07:48.452+0000] {dag.py:2573} INFO - Sync 1 DAGs
[2022-10-05T18:07:48.493+0000] {logging_mixin.py:117} INFO - [2022-10-05T18:07:48.493+0000] {dag.py:3328} INFO - Setting next_dagrun for example_short_circuit_decorator to 2022-10-04T18:07:48.492894+00:00, run_after=2022-10-05T18:07:48.492894+00:00
[2022-10-05T18:07:48.529+0000] {processor.py:178} INFO - Processing /home/airflow/.local/lib/python3.7/site-packages/airflow/example_dags/example_short_circuit_decorator.py took 0.215 seconds
[2022-10-05T18:08:19.476+0000] {processor.py:156} INFO - Started process (PID=499) to work on /home/airflow/.local/lib/python3.7/site-packages/airflow/example_dags/example_short_circuit_decorator.py
[2022-10-05T18:08:19.483+0000] {processor.py:758} INFO - Processing file /home/airflow/.local/lib/python3.7/site-packages/airflow/example_dags/example_short_circuit_decorator.py for tasks to queue
[2022-10-05T18:08:19.484+0000] {logging_mixin.py:117} INFO - [2022-10-05T18:08:19.484+0000] {dagbag.py:525} INFO - Filling up the DagBag from /home/airflow/.local/lib/python3.7/site-packages/airflow/example_dags/example_short_circuit_decorator.py
[2022-10-05T18:08:19.530+0000] {processor.py:768} INFO - DAG(s) dict_keys(['example_short_circuit_decorator']) retrieved from /home/airflow/.local/lib/python3.7/site-packages/airflow/example_dags/example_short_circuit_decorator.py
[2022-10-05T18:08:19.610+0000] {logging_mixin.py:117} INFO - [2022-10-05T18:08:19.610+0000] {dag.py:2573} INFO - Sync 1 DAGs
[2022-10-05T18:08:19.664+0000] {logging_mixin.py:117} INFO - [2022-10-05T18:08:19.664+0000] {dag.py:3328} INFO - Setting next_dagrun for example_short_circuit_decorator to 2022-10-04T18:08:19.663587+00:00, run_after=2022-10-05T18:08:19.663587+00:00
[2022-10-05T18:08:19.712+0000] {processor.py:178} INFO - Processing /home/airflow/.local/lib/python3.7/site-packages/airflow/example_dags/example_short_circuit_decorator.py took 0.242 seconds
[2022-10-05T18:08:50.324+0000] {processor.py:156} INFO - Started process (PID=562) to work on /home/airflow/.local/lib/python3.7/site-packages/airflow/example_dags/example_short_circuit_decorator.py
[2022-10-05T18:08:50.325+0000] {processor.py:758} INFO - Processing file /home/airflow/.local/lib/python3.7/site-packages/airflow/example_dags/example_short_circuit_decorator.py for tasks to queue
[2022-10-05T18:08:50.326+0000] {logging_mixin.py:117} INFO - [2022-10-05T18:08:50.326+0000] {dagbag.py:525} INFO - Filling up the DagBag from /home/airflow/.local/lib/python3.7/site-packages/airflow/example_dags/example_short_circuit_decorator.py
[2022-10-05T18:08:50.366+0000] {processor.py:768} INFO - DAG(s) dict_keys(['example_short_circuit_decorator']) retrieved from /home/airflow/.local/lib/python3.7/site-packages/airflow/example_dags/example_short_circuit_decorator.py
[2022-10-05T18:08:50.437+0000] {logging_mixin.py:117} INFO - [2022-10-05T18:08:50.436+0000] {dag.py:2573} INFO - Sync 1 DAGs
[2022-10-05T18:08:50.471+0000] {logging_mixin.py:117} INFO - [2022-10-05T18:08:50.471+0000] {dag.py:3328} INFO - Setting next_dagrun for example_short_circuit_decorator to 2022-10-04T18:08:50.470981+00:00, run_after=2022-10-05T18:08:50.470981+00:00
[2022-10-05T18:08:50.512+0000] {processor.py:178} INFO - Processing /home/airflow/.local/lib/python3.7/site-packages/airflow/example_dags/example_short_circuit_decorator.py took 0.192 seconds
[2022-10-05T18:09:21.366+0000] {processor.py:156} INFO - Started process (PID=625) to work on /home/airflow/.local/lib/python3.7/site-packages/airflow/example_dags/example_short_circuit_decorator.py
[2022-10-05T18:09:21.367+0000] {processor.py:758} INFO - Processing file /home/airflow/.local/lib/python3.7/site-packages/airflow/example_dags/example_short_circuit_decorator.py for tasks to queue
[2022-10-05T18:09:21.368+0000] {logging_mixin.py:117} INFO - [2022-10-05T18:09:21.368+0000] {dagbag.py:525} INFO - Filling up the DagBag from /home/airflow/.local/lib/python3.7/site-packages/airflow/example_dags/example_short_circuit_decorator.py
[2022-10-05T18:09:21.419+0000] {processor.py:768} INFO - DAG(s) dict_keys(['example_short_circuit_decorator']) retrieved from /home/airflow/.local/lib/python3.7/site-packages/airflow/example_dags/example_short_circuit_decorator.py
[2022-10-05T18:09:21.500+0000] {logging_mixin.py:117} INFO - [2022-10-05T18:09:21.500+0000] {dag.py:2573} INFO - Sync 1 DAGs
[2022-10-05T18:09:21.553+0000] {logging_mixin.py:117} INFO - [2022-10-05T18:09:21.552+0000] {dag.py:3328} INFO - Setting next_dagrun for example_short_circuit_decorator to 2022-10-04T18:09:21.552340+00:00, run_after=2022-10-05T18:09:21.552340+00:00
[2022-10-05T18:09:21.601+0000] {processor.py:178} INFO - Processing /home/airflow/.local/lib/python3.7/site-packages/airflow/example_dags/example_short_circuit_decorator.py took 0.241 seconds
[2022-10-05T18:09:51.897+0000] {processor.py:156} INFO - Started process (PID=688) to work on /home/airflow/.local/lib/python3.7/site-packages/airflow/example_dags/example_short_circuit_decorator.py
[2022-10-05T18:09:51.901+0000] {processor.py:758} INFO - Processing file /home/airflow/.local/lib/python3.7/site-packages/airflow/example_dags/example_short_circuit_decorator.py for tasks to queue
[2022-10-05T18:09:51.902+0000] {logging_mixin.py:117} INFO - [2022-10-05T18:09:51.902+0000] {dagbag.py:525} INFO - Filling up the DagBag from /home/airflow/.local/lib/python3.7/site-packages/airflow/example_dags/example_short_circuit_decorator.py
[2022-10-05T18:09:51.917+0000] {processor.py:768} INFO - DAG(s) dict_keys(['example_short_circuit_decorator']) retrieved from /home/airflow/.local/lib/python3.7/site-packages/airflow/example_dags/example_short_circuit_decorator.py
[2022-10-05T18:09:51.941+0000] {logging_mixin.py:117} INFO - [2022-10-05T18:09:51.941+0000] {dag.py:2573} INFO - Sync 1 DAGs
[2022-10-05T18:09:51.957+0000] {logging_mixin.py:117} INFO - [2022-10-05T18:09:51.956+0000] {dag.py:3328} INFO - Setting next_dagrun for example_short_circuit_decorator to 2022-10-04T18:09:51.956823+00:00, run_after=2022-10-05T18:09:51.956823+00:00
[2022-10-05T18:09:51.976+0000] {processor.py:178} INFO - Processing /home/airflow/.local/lib/python3.7/site-packages/airflow/example_dags/example_short_circuit_decorator.py took 0.080 seconds
[2022-10-05T18:10:22.444+0000] {processor.py:156} INFO - Started process (PID=742) to work on /home/airflow/.local/lib/python3.7/site-packages/airflow/example_dags/example_short_circuit_decorator.py
[2022-10-05T18:10:22.445+0000] {processor.py:758} INFO - Processing file /home/airflow/.local/lib/python3.7/site-packages/airflow/example_dags/example_short_circuit_decorator.py for tasks to queue
[2022-10-05T18:10:22.445+0000] {logging_mixin.py:117} INFO - [2022-10-05T18:10:22.445+0000] {dagbag.py:525} INFO - Filling up the DagBag from /home/airflow/.local/lib/python3.7/site-packages/airflow/example_dags/example_short_circuit_decorator.py
[2022-10-05T18:10:22.466+0000] {processor.py:768} INFO - DAG(s) dict_keys(['example_short_circuit_decorator']) retrieved from /home/airflow/.local/lib/python3.7/site-packages/airflow/example_dags/example_short_circuit_decorator.py
[2022-10-05T18:10:22.495+0000] {logging_mixin.py:117} INFO - [2022-10-05T18:10:22.495+0000] {dag.py:2573} INFO - Sync 1 DAGs
[2022-10-05T18:10:22.512+0000] {logging_mixin.py:117} INFO - [2022-10-05T18:10:22.512+0000] {dag.py:3328} INFO - Setting next_dagrun for example_short_circuit_decorator to 2022-10-04T18:10:22.511999+00:00, run_after=2022-10-05T18:10:22.511999+00:00
[2022-10-05T18:10:22.525+0000] {processor.py:178} INFO - Processing /home/airflow/.local/lib/python3.7/site-packages/airflow/example_dags/example_short_circuit_decorator.py took 0.084 seconds
