[2022-10-05T18:04:41.508+0000] {processor.py:156} INFO - Started process (PID=54) to work on /home/airflow/.local/lib/python3.7/site-packages/airflow/example_dags/example_branch_day_of_week_operator.py
[2022-10-05T18:04:41.508+0000] {processor.py:758} INFO - Processing file /home/airflow/.local/lib/python3.7/site-packages/airflow/example_dags/example_branch_day_of_week_operator.py for tasks to queue
[2022-10-05T18:04:41.509+0000] {logging_mixin.py:117} INFO - [2022-10-05T18:04:41.509+0000] {dagbag.py:525} INFO - Filling up the DagBag from /home/airflow/.local/lib/python3.7/site-packages/airflow/example_dags/example_branch_day_of_week_operator.py
[2022-10-05T18:04:41.520+0000] {processor.py:768} INFO - DAG(s) dict_keys(['example_weekday_branch_operator']) retrieved from /home/airflow/.local/lib/python3.7/site-packages/airflow/example_dags/example_branch_day_of_week_operator.py
[2022-10-05T18:04:41.537+0000] {logging_mixin.py:117} INFO - [2022-10-05T18:04:41.536+0000] {dag.py:2573} INFO - Sync 1 DAGs
[2022-10-05T18:04:41.556+0000] {logging_mixin.py:117} INFO - [2022-10-05T18:04:41.556+0000] {dag.py:3328} INFO - Setting next_dagrun for example_weekday_branch_operator to 2022-10-04T00:00:00+00:00, run_after=2022-10-05T00:00:00+00:00
[2022-10-05T18:04:41.579+0000] {processor.py:178} INFO - Processing /home/airflow/.local/lib/python3.7/site-packages/airflow/example_dags/example_branch_day_of_week_operator.py took 0.073 seconds
[2022-10-05T18:05:12.391+0000] {processor.py:156} INFO - Started process (PID=117) to work on /home/airflow/.local/lib/python3.7/site-packages/airflow/example_dags/example_branch_day_of_week_operator.py
[2022-10-05T18:05:12.399+0000] {processor.py:758} INFO - Processing file /home/airflow/.local/lib/python3.7/site-packages/airflow/example_dags/example_branch_day_of_week_operator.py for tasks to queue
[2022-10-05T18:05:12.400+0000] {logging_mixin.py:117} INFO - [2022-10-05T18:05:12.400+0000] {dagbag.py:525} INFO - Filling up the DagBag from /home/airflow/.local/lib/python3.7/site-packages/airflow/example_dags/example_branch_day_of_week_operator.py
[2022-10-05T18:05:12.425+0000] {processor.py:768} INFO - DAG(s) dict_keys(['example_weekday_branch_operator']) retrieved from /home/airflow/.local/lib/python3.7/site-packages/airflow/example_dags/example_branch_day_of_week_operator.py
[2022-10-05T18:05:12.500+0000] {logging_mixin.py:117} INFO - [2022-10-05T18:05:12.500+0000] {dag.py:2573} INFO - Sync 1 DAGs
[2022-10-05T18:05:12.555+0000] {logging_mixin.py:117} INFO - [2022-10-05T18:05:12.554+0000] {dag.py:3328} INFO - Setting next_dagrun for example_weekday_branch_operator to 2022-10-04T00:00:00+00:00, run_after=2022-10-05T00:00:00+00:00
[2022-10-05T18:05:12.603+0000] {processor.py:178} INFO - Processing /home/airflow/.local/lib/python3.7/site-packages/airflow/example_dags/example_branch_day_of_week_operator.py took 0.216 seconds
[2022-10-05T18:05:43.379+0000] {processor.py:156} INFO - Started process (PID=180) to work on /home/airflow/.local/lib/python3.7/site-packages/airflow/example_dags/example_branch_day_of_week_operator.py
[2022-10-05T18:05:43.386+0000] {processor.py:758} INFO - Processing file /home/airflow/.local/lib/python3.7/site-packages/airflow/example_dags/example_branch_day_of_week_operator.py for tasks to queue
[2022-10-05T18:05:43.386+0000] {logging_mixin.py:117} INFO - [2022-10-05T18:05:43.386+0000] {dagbag.py:525} INFO - Filling up the DagBag from /home/airflow/.local/lib/python3.7/site-packages/airflow/example_dags/example_branch_day_of_week_operator.py
[2022-10-05T18:05:43.399+0000] {processor.py:768} INFO - DAG(s) dict_keys(['example_weekday_branch_operator']) retrieved from /home/airflow/.local/lib/python3.7/site-packages/airflow/example_dags/example_branch_day_of_week_operator.py
[2022-10-05T18:05:43.424+0000] {logging_mixin.py:117} INFO - [2022-10-05T18:05:43.424+0000] {dag.py:2573} INFO - Sync 1 DAGs
[2022-10-05T18:05:43.447+0000] {logging_mixin.py:117} INFO - [2022-10-05T18:05:43.447+0000] {dag.py:3328} INFO - Setting next_dagrun for example_weekday_branch_operator to 2022-10-04T00:00:00+00:00, run_after=2022-10-05T00:00:00+00:00
[2022-10-05T18:05:43.489+0000] {processor.py:178} INFO - Processing /home/airflow/.local/lib/python3.7/site-packages/airflow/example_dags/example_branch_day_of_week_operator.py took 0.112 seconds
[2022-10-05T18:06:14.052+0000] {processor.py:156} INFO - Started process (PID=242) to work on /home/airflow/.local/lib/python3.7/site-packages/airflow/example_dags/example_branch_day_of_week_operator.py
[2022-10-05T18:06:14.060+0000] {processor.py:758} INFO - Processing file /home/airflow/.local/lib/python3.7/site-packages/airflow/example_dags/example_branch_day_of_week_operator.py for tasks to queue
[2022-10-05T18:06:14.060+0000] {logging_mixin.py:117} INFO - [2022-10-05T18:06:14.060+0000] {dagbag.py:525} INFO - Filling up the DagBag from /home/airflow/.local/lib/python3.7/site-packages/airflow/example_dags/example_branch_day_of_week_operator.py
[2022-10-05T18:06:14.080+0000] {processor.py:768} INFO - DAG(s) dict_keys(['example_weekday_branch_operator']) retrieved from /home/airflow/.local/lib/python3.7/site-packages/airflow/example_dags/example_branch_day_of_week_operator.py
[2022-10-05T18:06:14.125+0000] {logging_mixin.py:117} INFO - [2022-10-05T18:06:14.124+0000] {dag.py:2573} INFO - Sync 1 DAGs
[2022-10-05T18:06:14.186+0000] {logging_mixin.py:117} INFO - [2022-10-05T18:06:14.185+0000] {dag.py:3328} INFO - Setting next_dagrun for example_weekday_branch_operator to 2022-10-04T00:00:00+00:00, run_after=2022-10-05T00:00:00+00:00
[2022-10-05T18:06:14.237+0000] {processor.py:178} INFO - Processing /home/airflow/.local/lib/python3.7/site-packages/airflow/example_dags/example_branch_day_of_week_operator.py took 0.189 seconds
[2022-10-05T18:06:45.187+0000] {processor.py:156} INFO - Started process (PID=295) to work on /home/airflow/.local/lib/python3.7/site-packages/airflow/example_dags/example_branch_day_of_week_operator.py
[2022-10-05T18:06:45.194+0000] {processor.py:758} INFO - Processing file /home/airflow/.local/lib/python3.7/site-packages/airflow/example_dags/example_branch_day_of_week_operator.py for tasks to queue
[2022-10-05T18:06:45.194+0000] {logging_mixin.py:117} INFO - [2022-10-05T18:06:45.194+0000] {dagbag.py:525} INFO - Filling up the DagBag from /home/airflow/.local/lib/python3.7/site-packages/airflow/example_dags/example_branch_day_of_week_operator.py
[2022-10-05T18:06:45.204+0000] {processor.py:768} INFO - DAG(s) dict_keys(['example_weekday_branch_operator']) retrieved from /home/airflow/.local/lib/python3.7/site-packages/airflow/example_dags/example_branch_day_of_week_operator.py
[2022-10-05T18:06:45.261+0000] {logging_mixin.py:117} INFO - [2022-10-05T18:06:45.261+0000] {dag.py:2573} INFO - Sync 1 DAGs
[2022-10-05T18:06:45.279+0000] {logging_mixin.py:117} INFO - [2022-10-05T18:06:45.279+0000] {dag.py:3328} INFO - Setting next_dagrun for example_weekday_branch_operator to 2022-10-04T00:00:00+00:00, run_after=2022-10-05T00:00:00+00:00
[2022-10-05T18:06:45.301+0000] {processor.py:178} INFO - Processing /home/airflow/.local/lib/python3.7/site-packages/airflow/example_dags/example_branch_day_of_week_operator.py took 0.116 seconds
[2022-10-05T18:07:15.572+0000] {processor.py:156} INFO - Started process (PID=357) to work on /home/airflow/.local/lib/python3.7/site-packages/airflow/example_dags/example_branch_day_of_week_operator.py
[2022-10-05T18:07:15.579+0000] {processor.py:758} INFO - Processing file /home/airflow/.local/lib/python3.7/site-packages/airflow/example_dags/example_branch_day_of_week_operator.py for tasks to queue
[2022-10-05T18:07:15.579+0000] {logging_mixin.py:117} INFO - [2022-10-05T18:07:15.579+0000] {dagbag.py:525} INFO - Filling up the DagBag from /home/airflow/.local/lib/python3.7/site-packages/airflow/example_dags/example_branch_day_of_week_operator.py
[2022-10-05T18:07:15.590+0000] {processor.py:768} INFO - DAG(s) dict_keys(['example_weekday_branch_operator']) retrieved from /home/airflow/.local/lib/python3.7/site-packages/airflow/example_dags/example_branch_day_of_week_operator.py
[2022-10-05T18:07:15.616+0000] {logging_mixin.py:117} INFO - [2022-10-05T18:07:15.616+0000] {dag.py:2573} INFO - Sync 1 DAGs
[2022-10-05T18:07:15.635+0000] {logging_mixin.py:117} INFO - [2022-10-05T18:07:15.635+0000] {dag.py:3328} INFO - Setting next_dagrun for example_weekday_branch_operator to 2022-10-04T00:00:00+00:00, run_after=2022-10-05T00:00:00+00:00
[2022-10-05T18:07:15.657+0000] {processor.py:178} INFO - Processing /home/airflow/.local/lib/python3.7/site-packages/airflow/example_dags/example_branch_day_of_week_operator.py took 0.087 seconds
[2022-10-05T18:07:45.884+0000] {processor.py:156} INFO - Started process (PID=419) to work on /home/airflow/.local/lib/python3.7/site-packages/airflow/example_dags/example_branch_day_of_week_operator.py
[2022-10-05T18:07:45.892+0000] {processor.py:758} INFO - Processing file /home/airflow/.local/lib/python3.7/site-packages/airflow/example_dags/example_branch_day_of_week_operator.py for tasks to queue
[2022-10-05T18:07:45.893+0000] {logging_mixin.py:117} INFO - [2022-10-05T18:07:45.893+0000] {dagbag.py:525} INFO - Filling up the DagBag from /home/airflow/.local/lib/python3.7/site-packages/airflow/example_dags/example_branch_day_of_week_operator.py
[2022-10-05T18:07:45.925+0000] {processor.py:768} INFO - DAG(s) dict_keys(['example_weekday_branch_operator']) retrieved from /home/airflow/.local/lib/python3.7/site-packages/airflow/example_dags/example_branch_day_of_week_operator.py
[2022-10-05T18:07:45.995+0000] {logging_mixin.py:117} INFO - [2022-10-05T18:07:45.994+0000] {dag.py:2573} INFO - Sync 1 DAGs
[2022-10-05T18:07:46.040+0000] {logging_mixin.py:117} INFO - [2022-10-05T18:07:46.039+0000] {dag.py:3328} INFO - Setting next_dagrun for example_weekday_branch_operator to 2022-10-04T00:00:00+00:00, run_after=2022-10-05T00:00:00+00:00
[2022-10-05T18:07:46.089+0000] {processor.py:178} INFO - Processing /home/airflow/.local/lib/python3.7/site-packages/airflow/example_dags/example_branch_day_of_week_operator.py took 0.210 seconds
[2022-10-05T18:08:16.866+0000] {processor.py:156} INFO - Started process (PID=482) to work on /home/airflow/.local/lib/python3.7/site-packages/airflow/example_dags/example_branch_day_of_week_operator.py
[2022-10-05T18:08:16.874+0000] {processor.py:758} INFO - Processing file /home/airflow/.local/lib/python3.7/site-packages/airflow/example_dags/example_branch_day_of_week_operator.py for tasks to queue
[2022-10-05T18:08:16.874+0000] {logging_mixin.py:117} INFO - [2022-10-05T18:08:16.874+0000] {dagbag.py:525} INFO - Filling up the DagBag from /home/airflow/.local/lib/python3.7/site-packages/airflow/example_dags/example_branch_day_of_week_operator.py
[2022-10-05T18:08:16.884+0000] {processor.py:768} INFO - DAG(s) dict_keys(['example_weekday_branch_operator']) retrieved from /home/airflow/.local/lib/python3.7/site-packages/airflow/example_dags/example_branch_day_of_week_operator.py
[2022-10-05T18:08:16.965+0000] {logging_mixin.py:117} INFO - [2022-10-05T18:08:16.965+0000] {dag.py:2573} INFO - Sync 1 DAGs
[2022-10-05T18:08:16.984+0000] {logging_mixin.py:117} INFO - [2022-10-05T18:08:16.983+0000] {dag.py:3328} INFO - Setting next_dagrun for example_weekday_branch_operator to 2022-10-04T00:00:00+00:00, run_after=2022-10-05T00:00:00+00:00
[2022-10-05T18:08:17.005+0000] {processor.py:178} INFO - Processing /home/airflow/.local/lib/python3.7/site-packages/airflow/example_dags/example_branch_day_of_week_operator.py took 0.140 seconds
[2022-10-05T18:08:47.360+0000] {processor.py:156} INFO - Started process (PID=545) to work on /home/airflow/.local/lib/python3.7/site-packages/airflow/example_dags/example_branch_day_of_week_operator.py
[2022-10-05T18:08:47.365+0000] {processor.py:758} INFO - Processing file /home/airflow/.local/lib/python3.7/site-packages/airflow/example_dags/example_branch_day_of_week_operator.py for tasks to queue
[2022-10-05T18:08:47.365+0000] {logging_mixin.py:117} INFO - [2022-10-05T18:08:47.365+0000] {dagbag.py:525} INFO - Filling up the DagBag from /home/airflow/.local/lib/python3.7/site-packages/airflow/example_dags/example_branch_day_of_week_operator.py
[2022-10-05T18:08:47.375+0000] {processor.py:768} INFO - DAG(s) dict_keys(['example_weekday_branch_operator']) retrieved from /home/airflow/.local/lib/python3.7/site-packages/airflow/example_dags/example_branch_day_of_week_operator.py
[2022-10-05T18:08:47.398+0000] {logging_mixin.py:117} INFO - [2022-10-05T18:08:47.398+0000] {dag.py:2573} INFO - Sync 1 DAGs
[2022-10-05T18:08:47.415+0000] {logging_mixin.py:117} INFO - [2022-10-05T18:08:47.415+0000] {dag.py:3328} INFO - Setting next_dagrun for example_weekday_branch_operator to 2022-10-04T00:00:00+00:00, run_after=2022-10-05T00:00:00+00:00
[2022-10-05T18:08:47.437+0000] {processor.py:178} INFO - Processing /home/airflow/.local/lib/python3.7/site-packages/airflow/example_dags/example_branch_day_of_week_operator.py took 0.078 seconds
[2022-10-05T18:09:18.405+0000] {processor.py:156} INFO - Started process (PID=599) to work on /home/airflow/.local/lib/python3.7/site-packages/airflow/example_dags/example_branch_day_of_week_operator.py
[2022-10-05T18:09:18.413+0000] {processor.py:758} INFO - Processing file /home/airflow/.local/lib/python3.7/site-packages/airflow/example_dags/example_branch_day_of_week_operator.py for tasks to queue
[2022-10-05T18:09:18.414+0000] {logging_mixin.py:117} INFO - [2022-10-05T18:09:18.414+0000] {dagbag.py:525} INFO - Filling up the DagBag from /home/airflow/.local/lib/python3.7/site-packages/airflow/example_dags/example_branch_day_of_week_operator.py
[2022-10-05T18:09:18.447+0000] {processor.py:768} INFO - DAG(s) dict_keys(['example_weekday_branch_operator']) retrieved from /home/airflow/.local/lib/python3.7/site-packages/airflow/example_dags/example_branch_day_of_week_operator.py
[2022-10-05T18:09:18.526+0000] {logging_mixin.py:117} INFO - [2022-10-05T18:09:18.525+0000] {dag.py:2573} INFO - Sync 1 DAGs
[2022-10-05T18:09:18.579+0000] {logging_mixin.py:117} INFO - [2022-10-05T18:09:18.578+0000] {dag.py:3328} INFO - Setting next_dagrun for example_weekday_branch_operator to 2022-10-04T00:00:00+00:00, run_after=2022-10-05T00:00:00+00:00
[2022-10-05T18:09:18.601+0000] {processor.py:178} INFO - Processing /home/airflow/.local/lib/python3.7/site-packages/airflow/example_dags/example_branch_day_of_week_operator.py took 0.201 seconds
[2022-10-05T18:09:49.516+0000] {processor.py:156} INFO - Started process (PID=662) to work on /home/airflow/.local/lib/python3.7/site-packages/airflow/example_dags/example_branch_day_of_week_operator.py
[2022-10-05T18:09:49.524+0000] {processor.py:758} INFO - Processing file /home/airflow/.local/lib/python3.7/site-packages/airflow/example_dags/example_branch_day_of_week_operator.py for tasks to queue
[2022-10-05T18:09:49.525+0000] {logging_mixin.py:117} INFO - [2022-10-05T18:09:49.524+0000] {dagbag.py:525} INFO - Filling up the DagBag from /home/airflow/.local/lib/python3.7/site-packages/airflow/example_dags/example_branch_day_of_week_operator.py
[2022-10-05T18:09:49.564+0000] {processor.py:768} INFO - DAG(s) dict_keys(['example_weekday_branch_operator']) retrieved from /home/airflow/.local/lib/python3.7/site-packages/airflow/example_dags/example_branch_day_of_week_operator.py
[2022-10-05T18:09:49.650+0000] {logging_mixin.py:117} INFO - [2022-10-05T18:09:49.649+0000] {dag.py:2573} INFO - Sync 1 DAGs
[2022-10-05T18:09:49.689+0000] {logging_mixin.py:117} INFO - [2022-10-05T18:09:49.689+0000] {dag.py:3328} INFO - Setting next_dagrun for example_weekday_branch_operator to 2022-10-04T00:00:00+00:00, run_after=2022-10-05T00:00:00+00:00
[2022-10-05T18:09:49.730+0000] {processor.py:178} INFO - Processing /home/airflow/.local/lib/python3.7/site-packages/airflow/example_dags/example_branch_day_of_week_operator.py took 0.215 seconds
[2022-10-05T18:10:20.289+0000] {processor.py:156} INFO - Started process (PID=725) to work on /home/airflow/.local/lib/python3.7/site-packages/airflow/example_dags/example_branch_day_of_week_operator.py
[2022-10-05T18:10:20.296+0000] {processor.py:758} INFO - Processing file /home/airflow/.local/lib/python3.7/site-packages/airflow/example_dags/example_branch_day_of_week_operator.py for tasks to queue
[2022-10-05T18:10:20.296+0000] {logging_mixin.py:117} INFO - [2022-10-05T18:10:20.296+0000] {dagbag.py:525} INFO - Filling up the DagBag from /home/airflow/.local/lib/python3.7/site-packages/airflow/example_dags/example_branch_day_of_week_operator.py
[2022-10-05T18:10:20.308+0000] {processor.py:768} INFO - DAG(s) dict_keys(['example_weekday_branch_operator']) retrieved from /home/airflow/.local/lib/python3.7/site-packages/airflow/example_dags/example_branch_day_of_week_operator.py
[2022-10-05T18:10:20.337+0000] {logging_mixin.py:117} INFO - [2022-10-05T18:10:20.337+0000] {dag.py:2573} INFO - Sync 1 DAGs
[2022-10-05T18:10:20.357+0000] {logging_mixin.py:117} INFO - [2022-10-05T18:10:20.356+0000] {dag.py:3328} INFO - Setting next_dagrun for example_weekday_branch_operator to 2022-10-04T00:00:00+00:00, run_after=2022-10-05T00:00:00+00:00
[2022-10-05T18:10:20.372+0000] {processor.py:178} INFO - Processing /home/airflow/.local/lib/python3.7/site-packages/airflow/example_dags/example_branch_day_of_week_operator.py took 0.085 seconds
