[2022-10-05T18:04:42.680+0000] {processor.py:156} INFO - Started process (PID=75) to work on /home/airflow/.local/lib/python3.7/site-packages/airflow/example_dags/example_complex.py
[2022-10-05T18:04:42.680+0000] {processor.py:758} INFO - Processing file /home/airflow/.local/lib/python3.7/site-packages/airflow/example_dags/example_complex.py for tasks to queue
[2022-10-05T18:04:42.681+0000] {logging_mixin.py:117} INFO - [2022-10-05T18:04:42.681+0000] {dagbag.py:525} INFO - Filling up the DagBag from /home/airflow/.local/lib/python3.7/site-packages/airflow/example_dags/example_complex.py
[2022-10-05T18:04:42.702+0000] {processor.py:768} INFO - DAG(s) dict_keys(['example_complex']) retrieved from /home/airflow/.local/lib/python3.7/site-packages/airflow/example_dags/example_complex.py
[2022-10-05T18:04:42.720+0000] {logging_mixin.py:117} INFO - [2022-10-05T18:04:42.720+0000] {dag.py:2573} INFO - Sync 1 DAGs
[2022-10-05T18:04:42.745+0000] {logging_mixin.py:117} INFO - [2022-10-05T18:04:42.745+0000] {dag.py:3328} INFO - Setting next_dagrun for example_complex to None, run_after=None
[2022-10-05T18:04:42.766+0000] {processor.py:178} INFO - Processing /home/airflow/.local/lib/python3.7/site-packages/airflow/example_dags/example_complex.py took 0.089 seconds
[2022-10-05T18:05:14.438+0000] {processor.py:156} INFO - Started process (PID=138) to work on /home/airflow/.local/lib/python3.7/site-packages/airflow/example_dags/example_complex.py
[2022-10-05T18:05:14.445+0000] {processor.py:758} INFO - Processing file /home/airflow/.local/lib/python3.7/site-packages/airflow/example_dags/example_complex.py for tasks to queue
[2022-10-05T18:05:14.446+0000] {logging_mixin.py:117} INFO - [2022-10-05T18:05:14.445+0000] {dagbag.py:525} INFO - Filling up the DagBag from /home/airflow/.local/lib/python3.7/site-packages/airflow/example_dags/example_complex.py
[2022-10-05T18:05:14.458+0000] {processor.py:768} INFO - DAG(s) dict_keys(['example_complex']) retrieved from /home/airflow/.local/lib/python3.7/site-packages/airflow/example_dags/example_complex.py
[2022-10-05T18:05:14.492+0000] {logging_mixin.py:117} INFO - [2022-10-05T18:05:14.492+0000] {dag.py:2573} INFO - Sync 1 DAGs
[2022-10-05T18:05:14.508+0000] {logging_mixin.py:117} INFO - [2022-10-05T18:05:14.508+0000] {dag.py:3328} INFO - Setting next_dagrun for example_complex to None, run_after=None
[2022-10-05T18:05:14.521+0000] {processor.py:178} INFO - Processing /home/airflow/.local/lib/python3.7/site-packages/airflow/example_dags/example_complex.py took 0.084 seconds
[2022-10-05T18:05:45.612+0000] {processor.py:156} INFO - Started process (PID=201) to work on /home/airflow/.local/lib/python3.7/site-packages/airflow/example_dags/example_complex.py
[2022-10-05T18:05:45.620+0000] {processor.py:758} INFO - Processing file /home/airflow/.local/lib/python3.7/site-packages/airflow/example_dags/example_complex.py for tasks to queue
[2022-10-05T18:05:45.621+0000] {logging_mixin.py:117} INFO - [2022-10-05T18:05:45.621+0000] {dagbag.py:525} INFO - Filling up the DagBag from /home/airflow/.local/lib/python3.7/site-packages/airflow/example_dags/example_complex.py
[2022-10-05T18:05:45.672+0000] {processor.py:768} INFO - DAG(s) dict_keys(['example_complex']) retrieved from /home/airflow/.local/lib/python3.7/site-packages/airflow/example_dags/example_complex.py
[2022-10-05T18:05:45.734+0000] {logging_mixin.py:117} INFO - [2022-10-05T18:05:45.734+0000] {dag.py:2573} INFO - Sync 1 DAGs
[2022-10-05T18:05:45.760+0000] {logging_mixin.py:117} INFO - [2022-10-05T18:05:45.760+0000] {dag.py:3328} INFO - Setting next_dagrun for example_complex to None, run_after=None
[2022-10-05T18:05:45.800+0000] {processor.py:178} INFO - Processing /home/airflow/.local/lib/python3.7/site-packages/airflow/example_dags/example_complex.py took 0.193 seconds
[2022-10-05T18:06:16.618+0000] {processor.py:156} INFO - Started process (PID=263) to work on /home/airflow/.local/lib/python3.7/site-packages/airflow/example_dags/example_complex.py
[2022-10-05T18:06:16.626+0000] {processor.py:758} INFO - Processing file /home/airflow/.local/lib/python3.7/site-packages/airflow/example_dags/example_complex.py for tasks to queue
[2022-10-05T18:06:16.627+0000] {logging_mixin.py:117} INFO - [2022-10-05T18:06:16.627+0000] {dagbag.py:525} INFO - Filling up the DagBag from /home/airflow/.local/lib/python3.7/site-packages/airflow/example_dags/example_complex.py
[2022-10-05T18:06:16.667+0000] {processor.py:768} INFO - DAG(s) dict_keys(['example_complex']) retrieved from /home/airflow/.local/lib/python3.7/site-packages/airflow/example_dags/example_complex.py
[2022-10-05T18:06:16.738+0000] {logging_mixin.py:117} INFO - [2022-10-05T18:06:16.738+0000] {dag.py:2573} INFO - Sync 1 DAGs
[2022-10-05T18:06:16.779+0000] {logging_mixin.py:117} INFO - [2022-10-05T18:06:16.779+0000] {dag.py:3328} INFO - Setting next_dagrun for example_complex to None, run_after=None
[2022-10-05T18:06:16.816+0000] {processor.py:178} INFO - Processing /home/airflow/.local/lib/python3.7/site-packages/airflow/example_dags/example_complex.py took 0.204 seconds
[2022-10-05T18:06:48.051+0000] {processor.py:156} INFO - Started process (PID=325) to work on /home/airflow/.local/lib/python3.7/site-packages/airflow/example_dags/example_complex.py
[2022-10-05T18:06:48.052+0000] {processor.py:758} INFO - Processing file /home/airflow/.local/lib/python3.7/site-packages/airflow/example_dags/example_complex.py for tasks to queue
[2022-10-05T18:06:48.054+0000] {logging_mixin.py:117} INFO - [2022-10-05T18:06:48.053+0000] {dagbag.py:525} INFO - Filling up the DagBag from /home/airflow/.local/lib/python3.7/site-packages/airflow/example_dags/example_complex.py
[2022-10-05T18:06:48.100+0000] {processor.py:768} INFO - DAG(s) dict_keys(['example_complex']) retrieved from /home/airflow/.local/lib/python3.7/site-packages/airflow/example_dags/example_complex.py
[2022-10-05T18:06:48.168+0000] {logging_mixin.py:117} INFO - [2022-10-05T18:06:48.168+0000] {dag.py:2573} INFO - Sync 1 DAGs
[2022-10-05T18:06:48.185+0000] {logging_mixin.py:117} INFO - [2022-10-05T18:06:48.185+0000] {dag.py:3328} INFO - Setting next_dagrun for example_complex to None, run_after=None
[2022-10-05T18:06:48.204+0000] {processor.py:178} INFO - Processing /home/airflow/.local/lib/python3.7/site-packages/airflow/example_dags/example_complex.py took 0.159 seconds
[2022-10-05T18:07:18.412+0000] {processor.py:156} INFO - Started process (PID=387) to work on /home/airflow/.local/lib/python3.7/site-packages/airflow/example_dags/example_complex.py
[2022-10-05T18:07:18.415+0000] {processor.py:758} INFO - Processing file /home/airflow/.local/lib/python3.7/site-packages/airflow/example_dags/example_complex.py for tasks to queue
[2022-10-05T18:07:18.415+0000] {logging_mixin.py:117} INFO - [2022-10-05T18:07:18.415+0000] {dagbag.py:525} INFO - Filling up the DagBag from /home/airflow/.local/lib/python3.7/site-packages/airflow/example_dags/example_complex.py
[2022-10-05T18:07:18.428+0000] {processor.py:768} INFO - DAG(s) dict_keys(['example_complex']) retrieved from /home/airflow/.local/lib/python3.7/site-packages/airflow/example_dags/example_complex.py
[2022-10-05T18:07:18.458+0000] {logging_mixin.py:117} INFO - [2022-10-05T18:07:18.458+0000] {dag.py:2573} INFO - Sync 1 DAGs
[2022-10-05T18:07:18.473+0000] {logging_mixin.py:117} INFO - [2022-10-05T18:07:18.473+0000] {dag.py:3328} INFO - Setting next_dagrun for example_complex to None, run_after=None
[2022-10-05T18:07:18.495+0000] {processor.py:178} INFO - Processing /home/airflow/.local/lib/python3.7/site-packages/airflow/example_dags/example_complex.py took 0.084 seconds
[2022-10-05T18:07:48.996+0000] {processor.py:156} INFO - Started process (PID=440) to work on /home/airflow/.local/lib/python3.7/site-packages/airflow/example_dags/example_complex.py
[2022-10-05T18:07:49.003+0000] {processor.py:758} INFO - Processing file /home/airflow/.local/lib/python3.7/site-packages/airflow/example_dags/example_complex.py for tasks to queue
[2022-10-05T18:07:49.004+0000] {logging_mixin.py:117} INFO - [2022-10-05T18:07:49.004+0000] {dagbag.py:525} INFO - Filling up the DagBag from /home/airflow/.local/lib/python3.7/site-packages/airflow/example_dags/example_complex.py
[2022-10-05T18:07:49.047+0000] {processor.py:768} INFO - DAG(s) dict_keys(['example_complex']) retrieved from /home/airflow/.local/lib/python3.7/site-packages/airflow/example_dags/example_complex.py
[2022-10-05T18:07:49.132+0000] {logging_mixin.py:117} INFO - [2022-10-05T18:07:49.132+0000] {dag.py:2573} INFO - Sync 1 DAGs
[2022-10-05T18:07:49.187+0000] {logging_mixin.py:117} INFO - [2022-10-05T18:07:49.186+0000] {dag.py:3328} INFO - Setting next_dagrun for example_complex to None, run_after=None
[2022-10-05T18:07:49.237+0000] {processor.py:178} INFO - Processing /home/airflow/.local/lib/python3.7/site-packages/airflow/example_dags/example_complex.py took 0.242 seconds
[2022-10-05T18:08:19.981+0000] {processor.py:156} INFO - Started process (PID=503) to work on /home/airflow/.local/lib/python3.7/site-packages/airflow/example_dags/example_complex.py
[2022-10-05T18:08:19.989+0000] {processor.py:758} INFO - Processing file /home/airflow/.local/lib/python3.7/site-packages/airflow/example_dags/example_complex.py for tasks to queue
[2022-10-05T18:08:19.990+0000] {logging_mixin.py:117} INFO - [2022-10-05T18:08:19.990+0000] {dagbag.py:525} INFO - Filling up the DagBag from /home/airflow/.local/lib/python3.7/site-packages/airflow/example_dags/example_complex.py
[2022-10-05T18:08:20.033+0000] {processor.py:768} INFO - DAG(s) dict_keys(['example_complex']) retrieved from /home/airflow/.local/lib/python3.7/site-packages/airflow/example_dags/example_complex.py
[2022-10-05T18:08:20.118+0000] {logging_mixin.py:117} INFO - [2022-10-05T18:08:20.117+0000] {dag.py:2573} INFO - Sync 1 DAGs
[2022-10-05T18:08:20.172+0000] {logging_mixin.py:117} INFO - [2022-10-05T18:08:20.172+0000] {dag.py:3328} INFO - Setting next_dagrun for example_complex to None, run_after=None
[2022-10-05T18:08:20.221+0000] {processor.py:178} INFO - Processing /home/airflow/.local/lib/python3.7/site-packages/airflow/example_dags/example_complex.py took 0.246 seconds
[2022-10-05T18:08:50.787+0000] {processor.py:156} INFO - Started process (PID=566) to work on /home/airflow/.local/lib/python3.7/site-packages/airflow/example_dags/example_complex.py
[2022-10-05T18:08:50.795+0000] {processor.py:758} INFO - Processing file /home/airflow/.local/lib/python3.7/site-packages/airflow/example_dags/example_complex.py for tasks to queue
[2022-10-05T18:08:50.796+0000] {logging_mixin.py:117} INFO - [2022-10-05T18:08:50.795+0000] {dagbag.py:525} INFO - Filling up the DagBag from /home/airflow/.local/lib/python3.7/site-packages/airflow/example_dags/example_complex.py
[2022-10-05T18:08:50.833+0000] {processor.py:768} INFO - DAG(s) dict_keys(['example_complex']) retrieved from /home/airflow/.local/lib/python3.7/site-packages/airflow/example_dags/example_complex.py
[2022-10-05T18:08:50.907+0000] {logging_mixin.py:117} INFO - [2022-10-05T18:08:50.907+0000] {dag.py:2573} INFO - Sync 1 DAGs
[2022-10-05T18:08:50.940+0000] {logging_mixin.py:117} INFO - [2022-10-05T18:08:50.940+0000] {dag.py:3328} INFO - Setting next_dagrun for example_complex to None, run_after=None
[2022-10-05T18:08:50.982+0000] {processor.py:178} INFO - Processing /home/airflow/.local/lib/python3.7/site-packages/airflow/example_dags/example_complex.py took 0.201 seconds
[2022-10-05T18:09:22.127+0000] {processor.py:156} INFO - Started process (PID=629) to work on /home/airflow/.local/lib/python3.7/site-packages/airflow/example_dags/example_complex.py
[2022-10-05T18:09:22.135+0000] {processor.py:758} INFO - Processing file /home/airflow/.local/lib/python3.7/site-packages/airflow/example_dags/example_complex.py for tasks to queue
[2022-10-05T18:09:22.136+0000] {logging_mixin.py:117} INFO - [2022-10-05T18:09:22.136+0000] {dagbag.py:525} INFO - Filling up the DagBag from /home/airflow/.local/lib/python3.7/site-packages/airflow/example_dags/example_complex.py
[2022-10-05T18:09:22.180+0000] {processor.py:768} INFO - DAG(s) dict_keys(['example_complex']) retrieved from /home/airflow/.local/lib/python3.7/site-packages/airflow/example_dags/example_complex.py
[2022-10-05T18:09:22.266+0000] {logging_mixin.py:117} INFO - [2022-10-05T18:09:22.266+0000] {dag.py:2573} INFO - Sync 1 DAGs
[2022-10-05T18:09:22.290+0000] {logging_mixin.py:117} INFO - [2022-10-05T18:09:22.290+0000] {dag.py:3328} INFO - Setting next_dagrun for example_complex to None, run_after=None
[2022-10-05T18:09:22.303+0000] {processor.py:178} INFO - Processing /home/airflow/.local/lib/python3.7/site-packages/airflow/example_dags/example_complex.py took 0.182 seconds
[2022-10-05T18:09:53.174+0000] {processor.py:156} INFO - Started process (PID=692) to work on /home/airflow/.local/lib/python3.7/site-packages/airflow/example_dags/example_complex.py
[2022-10-05T18:09:53.182+0000] {processor.py:758} INFO - Processing file /home/airflow/.local/lib/python3.7/site-packages/airflow/example_dags/example_complex.py for tasks to queue
[2022-10-05T18:09:53.182+0000] {logging_mixin.py:117} INFO - [2022-10-05T18:09:53.182+0000] {dagbag.py:525} INFO - Filling up the DagBag from /home/airflow/.local/lib/python3.7/site-packages/airflow/example_dags/example_complex.py
[2022-10-05T18:09:53.194+0000] {processor.py:768} INFO - DAG(s) dict_keys(['example_complex']) retrieved from /home/airflow/.local/lib/python3.7/site-packages/airflow/example_dags/example_complex.py
[2022-10-05T18:09:53.221+0000] {logging_mixin.py:117} INFO - [2022-10-05T18:09:53.221+0000] {dag.py:2573} INFO - Sync 1 DAGs
[2022-10-05T18:09:53.236+0000] {logging_mixin.py:117} INFO - [2022-10-05T18:09:53.236+0000] {dag.py:3328} INFO - Setting next_dagrun for example_complex to None, run_after=None
[2022-10-05T18:09:53.252+0000] {processor.py:178} INFO - Processing /home/airflow/.local/lib/python3.7/site-packages/airflow/example_dags/example_complex.py took 0.079 seconds
[2022-10-05T18:10:23.675+0000] {processor.py:156} INFO - Started process (PID=746) to work on /home/airflow/.local/lib/python3.7/site-packages/airflow/example_dags/example_complex.py
[2022-10-05T18:10:23.683+0000] {processor.py:758} INFO - Processing file /home/airflow/.local/lib/python3.7/site-packages/airflow/example_dags/example_complex.py for tasks to queue
[2022-10-05T18:10:23.684+0000] {logging_mixin.py:117} INFO - [2022-10-05T18:10:23.684+0000] {dagbag.py:525} INFO - Filling up the DagBag from /home/airflow/.local/lib/python3.7/site-packages/airflow/example_dags/example_complex.py
[2022-10-05T18:10:23.729+0000] {processor.py:768} INFO - DAG(s) dict_keys(['example_complex']) retrieved from /home/airflow/.local/lib/python3.7/site-packages/airflow/example_dags/example_complex.py
[2022-10-05T18:10:23.831+0000] {logging_mixin.py:117} INFO - [2022-10-05T18:10:23.831+0000] {dag.py:2573} INFO - Sync 1 DAGs
[2022-10-05T18:10:23.866+0000] {logging_mixin.py:117} INFO - [2022-10-05T18:10:23.866+0000] {dag.py:3328} INFO - Setting next_dagrun for example_complex to None, run_after=None
[2022-10-05T18:10:23.880+0000] {processor.py:178} INFO - Processing /home/airflow/.local/lib/python3.7/site-packages/airflow/example_dags/example_complex.py took 0.210 seconds
