[2022-10-05T18:04:41.910+0000] {processor.py:156} INFO - Started process (PID=61) to work on /home/airflow/.local/lib/python3.7/site-packages/airflow/example_dags/example_subdag_operator.py
[2022-10-05T18:04:41.910+0000] {processor.py:758} INFO - Processing file /home/airflow/.local/lib/python3.7/site-packages/airflow/example_dags/example_subdag_operator.py for tasks to queue
[2022-10-05T18:04:41.910+0000] {logging_mixin.py:117} INFO - [2022-10-05T18:04:41.910+0000] {dagbag.py:525} INFO - Filling up the DagBag from /home/airflow/.local/lib/python3.7/site-packages/airflow/example_dags/example_subdag_operator.py
[2022-10-05T18:04:41.932+0000] {processor.py:768} INFO - DAG(s) dict_keys(['example_subdag_operator.section-1', 'example_subdag_operator.section-2', 'example_subdag_operator']) retrieved from /home/airflow/.local/lib/python3.7/site-packages/airflow/example_dags/example_subdag_operator.py
[2022-10-05T18:04:41.944+0000] {logging_mixin.py:117} INFO - [2022-10-05T18:04:41.944+0000] {dag.py:2573} INFO - Sync 3 DAGs
[2022-10-05T18:04:41.960+0000] {logging_mixin.py:117} INFO - [2022-10-05T18:04:41.960+0000] {dag.py:3328} INFO - Setting next_dagrun for example_subdag_operator to 2022-01-01T00:00:00+00:00, run_after=2022-01-01T00:00:00+00:00
[2022-10-05T18:04:41.962+0000] {logging_mixin.py:117} INFO - [2022-10-05T18:04:41.962+0000] {dag.py:3328} INFO - Setting next_dagrun for example_subdag_operator.section-1 to None, run_after=None
[2022-10-05T18:04:41.963+0000] {logging_mixin.py:117} INFO - [2022-10-05T18:04:41.963+0000] {dag.py:3328} INFO - Setting next_dagrun for example_subdag_operator.section-2 to None, run_after=None
[2022-10-05T18:04:41.967+0000] {logging_mixin.py:117} INFO - [2022-10-05T18:04:41.967+0000] {dag.py:2573} INFO - Sync 2 DAGs
[2022-10-05T18:04:41.971+0000] {logging_mixin.py:117} INFO - [2022-10-05T18:04:41.971+0000] {dag.py:3328} INFO - Setting next_dagrun for example_subdag_operator.section-1 to None, run_after=None
[2022-10-05T18:04:41.971+0000] {logging_mixin.py:117} INFO - [2022-10-05T18:04:41.971+0000] {dag.py:3328} INFO - Setting next_dagrun for example_subdag_operator.section-2 to None, run_after=None
[2022-10-05T18:04:41.985+0000] {processor.py:178} INFO - Processing /home/airflow/.local/lib/python3.7/site-packages/airflow/example_dags/example_subdag_operator.py took 0.077 seconds
[2022-10-05T18:05:13.213+0000] {processor.py:156} INFO - Started process (PID=124) to work on /home/airflow/.local/lib/python3.7/site-packages/airflow/example_dags/example_subdag_operator.py
[2022-10-05T18:05:13.221+0000] {processor.py:758} INFO - Processing file /home/airflow/.local/lib/python3.7/site-packages/airflow/example_dags/example_subdag_operator.py for tasks to queue
[2022-10-05T18:05:13.222+0000] {logging_mixin.py:117} INFO - [2022-10-05T18:05:13.222+0000] {dagbag.py:525} INFO - Filling up the DagBag from /home/airflow/.local/lib/python3.7/site-packages/airflow/example_dags/example_subdag_operator.py
[2022-10-05T18:05:13.286+0000] {processor.py:768} INFO - DAG(s) dict_keys(['example_subdag_operator.section-1', 'example_subdag_operator.section-2', 'example_subdag_operator']) retrieved from /home/airflow/.local/lib/python3.7/site-packages/airflow/example_dags/example_subdag_operator.py
[2022-10-05T18:05:13.518+0000] {logging_mixin.py:117} INFO - [2022-10-05T18:05:13.518+0000] {dag.py:2573} INFO - Sync 3 DAGs
[2022-10-05T18:05:13.533+0000] {logging_mixin.py:117} INFO - [2022-10-05T18:05:13.533+0000] {dag.py:3328} INFO - Setting next_dagrun for example_subdag_operator to 2022-01-01T00:00:00+00:00, run_after=2022-01-01T00:00:00+00:00
[2022-10-05T18:05:13.536+0000] {logging_mixin.py:117} INFO - [2022-10-05T18:05:13.536+0000] {dag.py:3328} INFO - Setting next_dagrun for example_subdag_operator.section-1 to None, run_after=None
[2022-10-05T18:05:13.537+0000] {logging_mixin.py:117} INFO - [2022-10-05T18:05:13.537+0000] {dag.py:3328} INFO - Setting next_dagrun for example_subdag_operator.section-2 to None, run_after=None
[2022-10-05T18:05:13.541+0000] {logging_mixin.py:117} INFO - [2022-10-05T18:05:13.541+0000] {dag.py:2573} INFO - Sync 2 DAGs
[2022-10-05T18:05:13.544+0000] {logging_mixin.py:117} INFO - [2022-10-05T18:05:13.544+0000] {dag.py:3328} INFO - Setting next_dagrun for example_subdag_operator.section-1 to None, run_after=None
[2022-10-05T18:05:13.545+0000] {logging_mixin.py:117} INFO - [2022-10-05T18:05:13.545+0000] {dag.py:3328} INFO - Setting next_dagrun for example_subdag_operator.section-2 to None, run_after=None
[2022-10-05T18:05:13.561+0000] {processor.py:178} INFO - Processing /home/airflow/.local/lib/python3.7/site-packages/airflow/example_dags/example_subdag_operator.py took 0.354 seconds
[2022-10-05T18:05:44.162+0000] {processor.py:156} INFO - Started process (PID=187) to work on /home/airflow/.local/lib/python3.7/site-packages/airflow/example_dags/example_subdag_operator.py
[2022-10-05T18:05:44.165+0000] {processor.py:758} INFO - Processing file /home/airflow/.local/lib/python3.7/site-packages/airflow/example_dags/example_subdag_operator.py for tasks to queue
[2022-10-05T18:05:44.165+0000] {logging_mixin.py:117} INFO - [2022-10-05T18:05:44.165+0000] {dagbag.py:525} INFO - Filling up the DagBag from /home/airflow/.local/lib/python3.7/site-packages/airflow/example_dags/example_subdag_operator.py
[2022-10-05T18:05:44.185+0000] {processor.py:768} INFO - DAG(s) dict_keys(['example_subdag_operator.section-1', 'example_subdag_operator.section-2', 'example_subdag_operator']) retrieved from /home/airflow/.local/lib/python3.7/site-packages/airflow/example_dags/example_subdag_operator.py
[2022-10-05T18:05:44.327+0000] {logging_mixin.py:117} INFO - [2022-10-05T18:05:44.327+0000] {dag.py:2573} INFO - Sync 3 DAGs
[2022-10-05T18:05:44.341+0000] {logging_mixin.py:117} INFO - [2022-10-05T18:05:44.341+0000] {dag.py:3328} INFO - Setting next_dagrun for example_subdag_operator to 2022-01-01T00:00:00+00:00, run_after=2022-01-01T00:00:00+00:00
[2022-10-05T18:05:44.343+0000] {logging_mixin.py:117} INFO - [2022-10-05T18:05:44.343+0000] {dag.py:3328} INFO - Setting next_dagrun for example_subdag_operator.section-1 to None, run_after=None
[2022-10-05T18:05:44.344+0000] {logging_mixin.py:117} INFO - [2022-10-05T18:05:44.344+0000] {dag.py:3328} INFO - Setting next_dagrun for example_subdag_operator.section-2 to None, run_after=None
[2022-10-05T18:05:44.348+0000] {logging_mixin.py:117} INFO - [2022-10-05T18:05:44.348+0000] {dag.py:2573} INFO - Sync 2 DAGs
[2022-10-05T18:05:44.351+0000] {logging_mixin.py:117} INFO - [2022-10-05T18:05:44.351+0000] {dag.py:3328} INFO - Setting next_dagrun for example_subdag_operator.section-1 to None, run_after=None
[2022-10-05T18:05:44.351+0000] {logging_mixin.py:117} INFO - [2022-10-05T18:05:44.351+0000] {dag.py:3328} INFO - Setting next_dagrun for example_subdag_operator.section-2 to None, run_after=None
[2022-10-05T18:05:44.369+0000] {processor.py:178} INFO - Processing /home/airflow/.local/lib/python3.7/site-packages/airflow/example_dags/example_subdag_operator.py took 0.209 seconds
[2022-10-05T18:06:14.986+0000] {processor.py:156} INFO - Started process (PID=249) to work on /home/airflow/.local/lib/python3.7/site-packages/airflow/example_dags/example_subdag_operator.py
[2022-10-05T18:06:14.994+0000] {processor.py:758} INFO - Processing file /home/airflow/.local/lib/python3.7/site-packages/airflow/example_dags/example_subdag_operator.py for tasks to queue
[2022-10-05T18:06:14.995+0000] {logging_mixin.py:117} INFO - [2022-10-05T18:06:14.995+0000] {dagbag.py:525} INFO - Filling up the DagBag from /home/airflow/.local/lib/python3.7/site-packages/airflow/example_dags/example_subdag_operator.py
[2022-10-05T18:06:15.046+0000] {processor.py:768} INFO - DAG(s) dict_keys(['example_subdag_operator.section-1', 'example_subdag_operator.section-2', 'example_subdag_operator']) retrieved from /home/airflow/.local/lib/python3.7/site-packages/airflow/example_dags/example_subdag_operator.py
[2022-10-05T18:06:15.225+0000] {logging_mixin.py:117} INFO - [2022-10-05T18:06:15.225+0000] {dag.py:2573} INFO - Sync 3 DAGs
[2022-10-05T18:06:15.240+0000] {logging_mixin.py:117} INFO - [2022-10-05T18:06:15.240+0000] {dag.py:3328} INFO - Setting next_dagrun for example_subdag_operator to 2022-01-01T00:00:00+00:00, run_after=2022-01-01T00:00:00+00:00
[2022-10-05T18:06:15.242+0000] {logging_mixin.py:117} INFO - [2022-10-05T18:06:15.242+0000] {dag.py:3328} INFO - Setting next_dagrun for example_subdag_operator.section-1 to None, run_after=None
[2022-10-05T18:06:15.242+0000] {logging_mixin.py:117} INFO - [2022-10-05T18:06:15.242+0000] {dag.py:3328} INFO - Setting next_dagrun for example_subdag_operator.section-2 to None, run_after=None
[2022-10-05T18:06:15.247+0000] {logging_mixin.py:117} INFO - [2022-10-05T18:06:15.246+0000] {dag.py:2573} INFO - Sync 2 DAGs
[2022-10-05T18:06:15.250+0000] {logging_mixin.py:117} INFO - [2022-10-05T18:06:15.250+0000] {dag.py:3328} INFO - Setting next_dagrun for example_subdag_operator.section-1 to None, run_after=None
[2022-10-05T18:06:15.250+0000] {logging_mixin.py:117} INFO - [2022-10-05T18:06:15.250+0000] {dag.py:3328} INFO - Setting next_dagrun for example_subdag_operator.section-2 to None, run_after=None
[2022-10-05T18:06:15.257+0000] {processor.py:178} INFO - Processing /home/airflow/.local/lib/python3.7/site-packages/airflow/example_dags/example_subdag_operator.py took 0.277 seconds
[2022-10-05T18:06:45.698+0000] {processor.py:156} INFO - Started process (PID=311) to work on /home/airflow/.local/lib/python3.7/site-packages/airflow/example_dags/example_subdag_operator.py
[2022-10-05T18:06:45.705+0000] {processor.py:758} INFO - Processing file /home/airflow/.local/lib/python3.7/site-packages/airflow/example_dags/example_subdag_operator.py for tasks to queue
[2022-10-05T18:06:45.705+0000] {logging_mixin.py:117} INFO - [2022-10-05T18:06:45.705+0000] {dagbag.py:525} INFO - Filling up the DagBag from /home/airflow/.local/lib/python3.7/site-packages/airflow/example_dags/example_subdag_operator.py
[2022-10-05T18:06:45.725+0000] {processor.py:768} INFO - DAG(s) dict_keys(['example_subdag_operator.section-1', 'example_subdag_operator.section-2', 'example_subdag_operator']) retrieved from /home/airflow/.local/lib/python3.7/site-packages/airflow/example_dags/example_subdag_operator.py
[2022-10-05T18:06:45.850+0000] {logging_mixin.py:117} INFO - [2022-10-05T18:06:45.849+0000] {dag.py:2573} INFO - Sync 3 DAGs
[2022-10-05T18:06:45.866+0000] {logging_mixin.py:117} INFO - [2022-10-05T18:06:45.866+0000] {dag.py:3328} INFO - Setting next_dagrun for example_subdag_operator to 2022-01-01T00:00:00+00:00, run_after=2022-01-01T00:00:00+00:00
[2022-10-05T18:06:45.869+0000] {logging_mixin.py:117} INFO - [2022-10-05T18:06:45.868+0000] {dag.py:3328} INFO - Setting next_dagrun for example_subdag_operator.section-1 to None, run_after=None
[2022-10-05T18:06:45.869+0000] {logging_mixin.py:117} INFO - [2022-10-05T18:06:45.869+0000] {dag.py:3328} INFO - Setting next_dagrun for example_subdag_operator.section-2 to None, run_after=None
[2022-10-05T18:06:45.874+0000] {logging_mixin.py:117} INFO - [2022-10-05T18:06:45.874+0000] {dag.py:2573} INFO - Sync 2 DAGs
[2022-10-05T18:06:45.878+0000] {logging_mixin.py:117} INFO - [2022-10-05T18:06:45.878+0000] {dag.py:3328} INFO - Setting next_dagrun for example_subdag_operator.section-1 to None, run_after=None
[2022-10-05T18:06:45.878+0000] {logging_mixin.py:117} INFO - [2022-10-05T18:06:45.878+0000] {dag.py:3328} INFO - Setting next_dagrun for example_subdag_operator.section-2 to None, run_after=None
[2022-10-05T18:06:45.896+0000] {processor.py:178} INFO - Processing /home/airflow/.local/lib/python3.7/site-packages/airflow/example_dags/example_subdag_operator.py took 0.200 seconds
[2022-10-05T18:07:16.114+0000] {processor.py:156} INFO - Started process (PID=364) to work on /home/airflow/.local/lib/python3.7/site-packages/airflow/example_dags/example_subdag_operator.py
[2022-10-05T18:07:16.122+0000] {processor.py:758} INFO - Processing file /home/airflow/.local/lib/python3.7/site-packages/airflow/example_dags/example_subdag_operator.py for tasks to queue
[2022-10-05T18:07:16.123+0000] {logging_mixin.py:117} INFO - [2022-10-05T18:07:16.123+0000] {dagbag.py:525} INFO - Filling up the DagBag from /home/airflow/.local/lib/python3.7/site-packages/airflow/example_dags/example_subdag_operator.py
[2022-10-05T18:07:16.189+0000] {processor.py:768} INFO - DAG(s) dict_keys(['example_subdag_operator.section-1', 'example_subdag_operator.section-2', 'example_subdag_operator']) retrieved from /home/airflow/.local/lib/python3.7/site-packages/airflow/example_dags/example_subdag_operator.py
[2022-10-05T18:07:16.364+0000] {logging_mixin.py:117} INFO - [2022-10-05T18:07:16.364+0000] {dag.py:2573} INFO - Sync 3 DAGs
[2022-10-05T18:07:16.378+0000] {logging_mixin.py:117} INFO - [2022-10-05T18:07:16.378+0000] {dag.py:3328} INFO - Setting next_dagrun for example_subdag_operator to 2022-01-01T00:00:00+00:00, run_after=2022-01-01T00:00:00+00:00
[2022-10-05T18:07:16.380+0000] {logging_mixin.py:117} INFO - [2022-10-05T18:07:16.380+0000] {dag.py:3328} INFO - Setting next_dagrun for example_subdag_operator.section-1 to None, run_after=None
[2022-10-05T18:07:16.380+0000] {logging_mixin.py:117} INFO - [2022-10-05T18:07:16.380+0000] {dag.py:3328} INFO - Setting next_dagrun for example_subdag_operator.section-2 to None, run_after=None
[2022-10-05T18:07:16.385+0000] {logging_mixin.py:117} INFO - [2022-10-05T18:07:16.385+0000] {dag.py:2573} INFO - Sync 2 DAGs
[2022-10-05T18:07:16.388+0000] {logging_mixin.py:117} INFO - [2022-10-05T18:07:16.388+0000] {dag.py:3328} INFO - Setting next_dagrun for example_subdag_operator.section-1 to None, run_after=None
[2022-10-05T18:07:16.388+0000] {logging_mixin.py:117} INFO - [2022-10-05T18:07:16.388+0000] {dag.py:3328} INFO - Setting next_dagrun for example_subdag_operator.section-2 to None, run_after=None
[2022-10-05T18:07:16.396+0000] {processor.py:178} INFO - Processing /home/airflow/.local/lib/python3.7/site-packages/airflow/example_dags/example_subdag_operator.py took 0.288 seconds
[2022-10-05T18:07:46.495+0000] {processor.py:156} INFO - Started process (PID=426) to work on /home/airflow/.local/lib/python3.7/site-packages/airflow/example_dags/example_subdag_operator.py
[2022-10-05T18:07:46.502+0000] {processor.py:758} INFO - Processing file /home/airflow/.local/lib/python3.7/site-packages/airflow/example_dags/example_subdag_operator.py for tasks to queue
[2022-10-05T18:07:46.502+0000] {logging_mixin.py:117} INFO - [2022-10-05T18:07:46.502+0000] {dagbag.py:525} INFO - Filling up the DagBag from /home/airflow/.local/lib/python3.7/site-packages/airflow/example_dags/example_subdag_operator.py
[2022-10-05T18:07:46.522+0000] {processor.py:768} INFO - DAG(s) dict_keys(['example_subdag_operator.section-1', 'example_subdag_operator.section-2', 'example_subdag_operator']) retrieved from /home/airflow/.local/lib/python3.7/site-packages/airflow/example_dags/example_subdag_operator.py
[2022-10-05T18:07:46.647+0000] {logging_mixin.py:117} INFO - [2022-10-05T18:07:46.647+0000] {dag.py:2573} INFO - Sync 3 DAGs
[2022-10-05T18:07:46.664+0000] {logging_mixin.py:117} INFO - [2022-10-05T18:07:46.664+0000] {dag.py:3328} INFO - Setting next_dagrun for example_subdag_operator to 2022-01-01T00:00:00+00:00, run_after=2022-01-01T00:00:00+00:00
[2022-10-05T18:07:46.666+0000] {logging_mixin.py:117} INFO - [2022-10-05T18:07:46.666+0000] {dag.py:3328} INFO - Setting next_dagrun for example_subdag_operator.section-1 to None, run_after=None
[2022-10-05T18:07:46.667+0000] {logging_mixin.py:117} INFO - [2022-10-05T18:07:46.667+0000] {dag.py:3328} INFO - Setting next_dagrun for example_subdag_operator.section-2 to None, run_after=None
[2022-10-05T18:07:46.672+0000] {logging_mixin.py:117} INFO - [2022-10-05T18:07:46.672+0000] {dag.py:2573} INFO - Sync 2 DAGs
[2022-10-05T18:07:46.676+0000] {logging_mixin.py:117} INFO - [2022-10-05T18:07:46.676+0000] {dag.py:3328} INFO - Setting next_dagrun for example_subdag_operator.section-1 to None, run_after=None
[2022-10-05T18:07:46.676+0000] {logging_mixin.py:117} INFO - [2022-10-05T18:07:46.676+0000] {dag.py:3328} INFO - Setting next_dagrun for example_subdag_operator.section-2 to None, run_after=None
[2022-10-05T18:07:46.685+0000] {processor.py:178} INFO - Processing /home/airflow/.local/lib/python3.7/site-packages/airflow/example_dags/example_subdag_operator.py took 0.192 seconds
[2022-10-05T18:08:17.473+0000] {processor.py:156} INFO - Started process (PID=489) to work on /home/airflow/.local/lib/python3.7/site-packages/airflow/example_dags/example_subdag_operator.py
[2022-10-05T18:08:17.481+0000] {processor.py:758} INFO - Processing file /home/airflow/.local/lib/python3.7/site-packages/airflow/example_dags/example_subdag_operator.py for tasks to queue
[2022-10-05T18:08:17.482+0000] {logging_mixin.py:117} INFO - [2022-10-05T18:08:17.482+0000] {dagbag.py:525} INFO - Filling up the DagBag from /home/airflow/.local/lib/python3.7/site-packages/airflow/example_dags/example_subdag_operator.py
[2022-10-05T18:08:17.528+0000] {processor.py:768} INFO - DAG(s) dict_keys(['example_subdag_operator.section-1', 'example_subdag_operator.section-2', 'example_subdag_operator']) retrieved from /home/airflow/.local/lib/python3.7/site-packages/airflow/example_dags/example_subdag_operator.py
[2022-10-05T18:08:17.664+0000] {logging_mixin.py:117} INFO - [2022-10-05T18:08:17.664+0000] {dag.py:2573} INFO - Sync 3 DAGs
[2022-10-05T18:08:17.680+0000] {logging_mixin.py:117} INFO - [2022-10-05T18:08:17.680+0000] {dag.py:3328} INFO - Setting next_dagrun for example_subdag_operator to 2022-01-01T00:00:00+00:00, run_after=2022-01-01T00:00:00+00:00
[2022-10-05T18:08:17.682+0000] {logging_mixin.py:117} INFO - [2022-10-05T18:08:17.682+0000] {dag.py:3328} INFO - Setting next_dagrun for example_subdag_operator.section-1 to None, run_after=None
[2022-10-05T18:08:17.683+0000] {logging_mixin.py:117} INFO - [2022-10-05T18:08:17.682+0000] {dag.py:3328} INFO - Setting next_dagrun for example_subdag_operator.section-2 to None, run_after=None
[2022-10-05T18:08:17.687+0000] {logging_mixin.py:117} INFO - [2022-10-05T18:08:17.687+0000] {dag.py:2573} INFO - Sync 2 DAGs
[2022-10-05T18:08:17.690+0000] {logging_mixin.py:117} INFO - [2022-10-05T18:08:17.690+0000] {dag.py:3328} INFO - Setting next_dagrun for example_subdag_operator.section-1 to None, run_after=None
[2022-10-05T18:08:17.691+0000] {logging_mixin.py:117} INFO - [2022-10-05T18:08:17.691+0000] {dag.py:3328} INFO - Setting next_dagrun for example_subdag_operator.section-2 to None, run_after=None
[2022-10-05T18:08:17.706+0000] {processor.py:178} INFO - Processing /home/airflow/.local/lib/python3.7/site-packages/airflow/example_dags/example_subdag_operator.py took 0.240 seconds
[2022-10-05T18:08:47.887+0000] {processor.py:156} INFO - Started process (PID=552) to work on /home/airflow/.local/lib/python3.7/site-packages/airflow/example_dags/example_subdag_operator.py
[2022-10-05T18:08:47.895+0000] {processor.py:758} INFO - Processing file /home/airflow/.local/lib/python3.7/site-packages/airflow/example_dags/example_subdag_operator.py for tasks to queue
[2022-10-05T18:08:47.895+0000] {logging_mixin.py:117} INFO - [2022-10-05T18:08:47.895+0000] {dagbag.py:525} INFO - Filling up the DagBag from /home/airflow/.local/lib/python3.7/site-packages/airflow/example_dags/example_subdag_operator.py
[2022-10-05T18:08:47.919+0000] {processor.py:768} INFO - DAG(s) dict_keys(['example_subdag_operator.section-1', 'example_subdag_operator.section-2', 'example_subdag_operator']) retrieved from /home/airflow/.local/lib/python3.7/site-packages/airflow/example_dags/example_subdag_operator.py
[2022-10-05T18:08:48.148+0000] {logging_mixin.py:117} INFO - [2022-10-05T18:08:48.148+0000] {dag.py:2573} INFO - Sync 3 DAGs
[2022-10-05T18:08:48.162+0000] {logging_mixin.py:117} INFO - [2022-10-05T18:08:48.162+0000] {dag.py:3328} INFO - Setting next_dagrun for example_subdag_operator to 2022-01-01T00:00:00+00:00, run_after=2022-01-01T00:00:00+00:00
[2022-10-05T18:08:48.164+0000] {logging_mixin.py:117} INFO - [2022-10-05T18:08:48.164+0000] {dag.py:3328} INFO - Setting next_dagrun for example_subdag_operator.section-1 to None, run_after=None
[2022-10-05T18:08:48.165+0000] {logging_mixin.py:117} INFO - [2022-10-05T18:08:48.165+0000] {dag.py:3328} INFO - Setting next_dagrun for example_subdag_operator.section-2 to None, run_after=None
[2022-10-05T18:08:48.169+0000] {logging_mixin.py:117} INFO - [2022-10-05T18:08:48.169+0000] {dag.py:2573} INFO - Sync 2 DAGs
[2022-10-05T18:08:48.173+0000] {logging_mixin.py:117} INFO - [2022-10-05T18:08:48.173+0000] {dag.py:3328} INFO - Setting next_dagrun for example_subdag_operator.section-1 to None, run_after=None
[2022-10-05T18:08:48.173+0000] {logging_mixin.py:117} INFO - [2022-10-05T18:08:48.173+0000] {dag.py:3328} INFO - Setting next_dagrun for example_subdag_operator.section-2 to None, run_after=None
[2022-10-05T18:08:48.197+0000] {processor.py:178} INFO - Processing /home/airflow/.local/lib/python3.7/site-packages/airflow/example_dags/example_subdag_operator.py took 0.311 seconds
[2022-10-05T18:09:18.926+0000] {processor.py:156} INFO - Started process (PID=615) to work on /home/airflow/.local/lib/python3.7/site-packages/airflow/example_dags/example_subdag_operator.py
[2022-10-05T18:09:18.926+0000] {processor.py:758} INFO - Processing file /home/airflow/.local/lib/python3.7/site-packages/airflow/example_dags/example_subdag_operator.py for tasks to queue
[2022-10-05T18:09:18.927+0000] {logging_mixin.py:117} INFO - [2022-10-05T18:09:18.927+0000] {dagbag.py:525} INFO - Filling up the DagBag from /home/airflow/.local/lib/python3.7/site-packages/airflow/example_dags/example_subdag_operator.py
[2022-10-05T18:09:18.945+0000] {processor.py:768} INFO - DAG(s) dict_keys(['example_subdag_operator.section-1', 'example_subdag_operator.section-2', 'example_subdag_operator']) retrieved from /home/airflow/.local/lib/python3.7/site-packages/airflow/example_dags/example_subdag_operator.py
[2022-10-05T18:09:19.067+0000] {logging_mixin.py:117} INFO - [2022-10-05T18:09:19.067+0000] {dag.py:2573} INFO - Sync 3 DAGs
[2022-10-05T18:09:19.082+0000] {logging_mixin.py:117} INFO - [2022-10-05T18:09:19.082+0000] {dag.py:3328} INFO - Setting next_dagrun for example_subdag_operator to 2022-01-01T00:00:00+00:00, run_after=2022-01-01T00:00:00+00:00
[2022-10-05T18:09:19.084+0000] {logging_mixin.py:117} INFO - [2022-10-05T18:09:19.084+0000] {dag.py:3328} INFO - Setting next_dagrun for example_subdag_operator.section-1 to None, run_after=None
[2022-10-05T18:09:19.085+0000] {logging_mixin.py:117} INFO - [2022-10-05T18:09:19.085+0000] {dag.py:3328} INFO - Setting next_dagrun for example_subdag_operator.section-2 to None, run_after=None
[2022-10-05T18:09:19.089+0000] {logging_mixin.py:117} INFO - [2022-10-05T18:09:19.089+0000] {dag.py:2573} INFO - Sync 2 DAGs
[2022-10-05T18:09:19.094+0000] {logging_mixin.py:117} INFO - [2022-10-05T18:09:19.094+0000] {dag.py:3328} INFO - Setting next_dagrun for example_subdag_operator.section-1 to None, run_after=None
[2022-10-05T18:09:19.094+0000] {logging_mixin.py:117} INFO - [2022-10-05T18:09:19.094+0000] {dag.py:3328} INFO - Setting next_dagrun for example_subdag_operator.section-2 to None, run_after=None
[2022-10-05T18:09:19.110+0000] {processor.py:178} INFO - Processing /home/airflow/.local/lib/python3.7/site-packages/airflow/example_dags/example_subdag_operator.py took 0.186 seconds
[2022-10-05T18:09:50.111+0000] {processor.py:156} INFO - Started process (PID=669) to work on /home/airflow/.local/lib/python3.7/site-packages/airflow/example_dags/example_subdag_operator.py
[2022-10-05T18:09:50.118+0000] {processor.py:758} INFO - Processing file /home/airflow/.local/lib/python3.7/site-packages/airflow/example_dags/example_subdag_operator.py for tasks to queue
[2022-10-05T18:09:50.119+0000] {logging_mixin.py:117} INFO - [2022-10-05T18:09:50.119+0000] {dagbag.py:525} INFO - Filling up the DagBag from /home/airflow/.local/lib/python3.7/site-packages/airflow/example_dags/example_subdag_operator.py
[2022-10-05T18:09:50.140+0000] {processor.py:768} INFO - DAG(s) dict_keys(['example_subdag_operator.section-1', 'example_subdag_operator.section-2', 'example_subdag_operator']) retrieved from /home/airflow/.local/lib/python3.7/site-packages/airflow/example_dags/example_subdag_operator.py
[2022-10-05T18:09:50.262+0000] {logging_mixin.py:117} INFO - [2022-10-05T18:09:50.262+0000] {dag.py:2573} INFO - Sync 3 DAGs
[2022-10-05T18:09:50.277+0000] {logging_mixin.py:117} INFO - [2022-10-05T18:09:50.277+0000] {dag.py:3328} INFO - Setting next_dagrun for example_subdag_operator to 2022-01-01T00:00:00+00:00, run_after=2022-01-01T00:00:00+00:00
[2022-10-05T18:09:50.279+0000] {logging_mixin.py:117} INFO - [2022-10-05T18:09:50.279+0000] {dag.py:3328} INFO - Setting next_dagrun for example_subdag_operator.section-1 to None, run_after=None
[2022-10-05T18:09:50.280+0000] {logging_mixin.py:117} INFO - [2022-10-05T18:09:50.280+0000] {dag.py:3328} INFO - Setting next_dagrun for example_subdag_operator.section-2 to None, run_after=None
[2022-10-05T18:09:50.284+0000] {logging_mixin.py:117} INFO - [2022-10-05T18:09:50.284+0000] {dag.py:2573} INFO - Sync 2 DAGs
[2022-10-05T18:09:50.288+0000] {logging_mixin.py:117} INFO - [2022-10-05T18:09:50.288+0000] {dag.py:3328} INFO - Setting next_dagrun for example_subdag_operator.section-1 to None, run_after=None
[2022-10-05T18:09:50.288+0000] {logging_mixin.py:117} INFO - [2022-10-05T18:09:50.288+0000] {dag.py:3328} INFO - Setting next_dagrun for example_subdag_operator.section-2 to None, run_after=None
[2022-10-05T18:09:50.296+0000] {processor.py:178} INFO - Processing /home/airflow/.local/lib/python3.7/site-packages/airflow/example_dags/example_subdag_operator.py took 0.186 seconds
[2022-10-05T18:10:20.742+0000] {processor.py:156} INFO - Started process (PID=733) to work on /home/airflow/.local/lib/python3.7/site-packages/airflow/example_dags/example_subdag_operator.py
[2022-10-05T18:10:20.749+0000] {processor.py:758} INFO - Processing file /home/airflow/.local/lib/python3.7/site-packages/airflow/example_dags/example_subdag_operator.py for tasks to queue
[2022-10-05T18:10:20.749+0000] {logging_mixin.py:117} INFO - [2022-10-05T18:10:20.749+0000] {dagbag.py:525} INFO - Filling up the DagBag from /home/airflow/.local/lib/python3.7/site-packages/airflow/example_dags/example_subdag_operator.py
[2022-10-05T18:10:20.768+0000] {processor.py:768} INFO - DAG(s) dict_keys(['example_subdag_operator.section-1', 'example_subdag_operator.section-2', 'example_subdag_operator']) retrieved from /home/airflow/.local/lib/python3.7/site-packages/airflow/example_dags/example_subdag_operator.py
[2022-10-05T18:10:20.899+0000] {logging_mixin.py:117} INFO - [2022-10-05T18:10:20.899+0000] {dag.py:2573} INFO - Sync 3 DAGs
[2022-10-05T18:10:20.914+0000] {logging_mixin.py:117} INFO - [2022-10-05T18:10:20.914+0000] {dag.py:3328} INFO - Setting next_dagrun for example_subdag_operator to 2022-01-01T00:00:00+00:00, run_after=2022-01-01T00:00:00+00:00
[2022-10-05T18:10:20.916+0000] {logging_mixin.py:117} INFO - [2022-10-05T18:10:20.916+0000] {dag.py:3328} INFO - Setting next_dagrun for example_subdag_operator.section-1 to None, run_after=None
[2022-10-05T18:10:20.917+0000] {logging_mixin.py:117} INFO - [2022-10-05T18:10:20.917+0000] {dag.py:3328} INFO - Setting next_dagrun for example_subdag_operator.section-2 to None, run_after=None
[2022-10-05T18:10:20.921+0000] {logging_mixin.py:117} INFO - [2022-10-05T18:10:20.921+0000] {dag.py:2573} INFO - Sync 2 DAGs
[2022-10-05T18:10:20.925+0000] {logging_mixin.py:117} INFO - [2022-10-05T18:10:20.925+0000] {dag.py:3328} INFO - Setting next_dagrun for example_subdag_operator.section-1 to None, run_after=None
[2022-10-05T18:10:20.925+0000] {logging_mixin.py:117} INFO - [2022-10-05T18:10:20.925+0000] {dag.py:3328} INFO - Setting next_dagrun for example_subdag_operator.section-2 to None, run_after=None
[2022-10-05T18:10:20.941+0000] {processor.py:178} INFO - Processing /home/airflow/.local/lib/python3.7/site-packages/airflow/example_dags/example_subdag_operator.py took 0.202 seconds
