[2022-10-05T18:04:42.164+0000] {processor.py:156} INFO - Started process (PID=66) to work on /home/airflow/.local/lib/python3.7/site-packages/airflow/example_dags/example_branch_python_dop_operator_3.py
[2022-10-05T18:04:42.164+0000] {processor.py:758} INFO - Processing file /home/airflow/.local/lib/python3.7/site-packages/airflow/example_dags/example_branch_python_dop_operator_3.py for tasks to queue
[2022-10-05T18:04:42.164+0000] {logging_mixin.py:117} INFO - [2022-10-05T18:04:42.164+0000] {dagbag.py:525} INFO - Filling up the DagBag from /home/airflow/.local/lib/python3.7/site-packages/airflow/example_dags/example_branch_python_dop_operator_3.py
[2022-10-05T18:04:42.181+0000] {processor.py:768} INFO - DAG(s) dict_keys(['example_branch_dop_operator_v3']) retrieved from /home/airflow/.local/lib/python3.7/site-packages/airflow/example_dags/example_branch_python_dop_operator_3.py
[2022-10-05T18:04:42.201+0000] {logging_mixin.py:117} INFO - [2022-10-05T18:04:42.200+0000] {dag.py:2573} INFO - Sync 1 DAGs
[2022-10-05T18:04:42.220+0000] {logging_mixin.py:117} INFO - [2022-10-05T18:04:42.220+0000] {dag.py:3328} INFO - Setting next_dagrun for example_branch_dop_operator_v3 to 2022-10-05T18:03:00+00:00, run_after=2022-10-05T18:04:00+00:00
[2022-10-05T18:04:42.242+0000] {processor.py:178} INFO - Processing /home/airflow/.local/lib/python3.7/site-packages/airflow/example_dags/example_branch_python_dop_operator_3.py took 0.080 seconds
[2022-10-05T18:05:13.765+0000] {processor.py:156} INFO - Started process (PID=129) to work on /home/airflow/.local/lib/python3.7/site-packages/airflow/example_dags/example_branch_python_dop_operator_3.py
[2022-10-05T18:05:13.766+0000] {processor.py:758} INFO - Processing file /home/airflow/.local/lib/python3.7/site-packages/airflow/example_dags/example_branch_python_dop_operator_3.py for tasks to queue
[2022-10-05T18:05:13.767+0000] {logging_mixin.py:117} INFO - [2022-10-05T18:05:13.767+0000] {dagbag.py:525} INFO - Filling up the DagBag from /home/airflow/.local/lib/python3.7/site-packages/airflow/example_dags/example_branch_python_dop_operator_3.py
[2022-10-05T18:05:13.817+0000] {processor.py:768} INFO - DAG(s) dict_keys(['example_branch_dop_operator_v3']) retrieved from /home/airflow/.local/lib/python3.7/site-packages/airflow/example_dags/example_branch_python_dop_operator_3.py
[2022-10-05T18:05:13.895+0000] {logging_mixin.py:117} INFO - [2022-10-05T18:05:13.895+0000] {dag.py:2573} INFO - Sync 1 DAGs
[2022-10-05T18:05:13.925+0000] {logging_mixin.py:117} INFO - [2022-10-05T18:05:13.925+0000] {dag.py:3328} INFO - Setting next_dagrun for example_branch_dop_operator_v3 to 2022-10-05T18:04:00+00:00, run_after=2022-10-05T18:05:00+00:00
[2022-10-05T18:05:13.947+0000] {processor.py:178} INFO - Processing /home/airflow/.local/lib/python3.7/site-packages/airflow/example_dags/example_branch_python_dop_operator_3.py took 0.188 seconds
[2022-10-05T18:05:44.520+0000] {processor.py:156} INFO - Started process (PID=192) to work on /home/airflow/.local/lib/python3.7/site-packages/airflow/example_dags/example_branch_python_dop_operator_3.py
[2022-10-05T18:05:44.527+0000] {processor.py:758} INFO - Processing file /home/airflow/.local/lib/python3.7/site-packages/airflow/example_dags/example_branch_python_dop_operator_3.py for tasks to queue
[2022-10-05T18:05:44.528+0000] {logging_mixin.py:117} INFO - [2022-10-05T18:05:44.528+0000] {dagbag.py:525} INFO - Filling up the DagBag from /home/airflow/.local/lib/python3.7/site-packages/airflow/example_dags/example_branch_python_dop_operator_3.py
[2022-10-05T18:05:44.549+0000] {processor.py:768} INFO - DAG(s) dict_keys(['example_branch_dop_operator_v3']) retrieved from /home/airflow/.local/lib/python3.7/site-packages/airflow/example_dags/example_branch_python_dop_operator_3.py
[2022-10-05T18:05:44.577+0000] {logging_mixin.py:117} INFO - [2022-10-05T18:05:44.577+0000] {dag.py:2573} INFO - Sync 1 DAGs
[2022-10-05T18:05:44.601+0000] {logging_mixin.py:117} INFO - [2022-10-05T18:05:44.601+0000] {dag.py:3328} INFO - Setting next_dagrun for example_branch_dop_operator_v3 to 2022-10-05T18:04:00+00:00, run_after=2022-10-05T18:05:00+00:00
[2022-10-05T18:05:44.624+0000] {processor.py:178} INFO - Processing /home/airflow/.local/lib/python3.7/site-packages/airflow/example_dags/example_branch_python_dop_operator_3.py took 0.107 seconds
[2022-10-05T18:06:15.551+0000] {processor.py:156} INFO - Started process (PID=254) to work on /home/airflow/.local/lib/python3.7/site-packages/airflow/example_dags/example_branch_python_dop_operator_3.py
[2022-10-05T18:06:15.552+0000] {processor.py:758} INFO - Processing file /home/airflow/.local/lib/python3.7/site-packages/airflow/example_dags/example_branch_python_dop_operator_3.py for tasks to queue
[2022-10-05T18:06:15.553+0000] {logging_mixin.py:117} INFO - [2022-10-05T18:06:15.553+0000] {dagbag.py:525} INFO - Filling up the DagBag from /home/airflow/.local/lib/python3.7/site-packages/airflow/example_dags/example_branch_python_dop_operator_3.py
[2022-10-05T18:06:15.602+0000] {processor.py:768} INFO - DAG(s) dict_keys(['example_branch_dop_operator_v3']) retrieved from /home/airflow/.local/lib/python3.7/site-packages/airflow/example_dags/example_branch_python_dop_operator_3.py
[2022-10-05T18:06:15.678+0000] {logging_mixin.py:117} INFO - [2022-10-05T18:06:15.677+0000] {dag.py:2573} INFO - Sync 1 DAGs
[2022-10-05T18:06:15.708+0000] {logging_mixin.py:117} INFO - [2022-10-05T18:06:15.708+0000] {dag.py:3328} INFO - Setting next_dagrun for example_branch_dop_operator_v3 to 2022-10-05T18:05:00+00:00, run_after=2022-10-05T18:06:00+00:00
[2022-10-05T18:06:15.728+0000] {processor.py:178} INFO - Processing /home/airflow/.local/lib/python3.7/site-packages/airflow/example_dags/example_branch_python_dop_operator_3.py took 0.183 seconds
[2022-10-05T18:06:46.011+0000] {processor.py:156} INFO - Started process (PID=316) to work on /home/airflow/.local/lib/python3.7/site-packages/airflow/example_dags/example_branch_python_dop_operator_3.py
[2022-10-05T18:06:46.015+0000] {processor.py:758} INFO - Processing file /home/airflow/.local/lib/python3.7/site-packages/airflow/example_dags/example_branch_python_dop_operator_3.py for tasks to queue
[2022-10-05T18:06:46.016+0000] {logging_mixin.py:117} INFO - [2022-10-05T18:06:46.016+0000] {dagbag.py:525} INFO - Filling up the DagBag from /home/airflow/.local/lib/python3.7/site-packages/airflow/example_dags/example_branch_python_dop_operator_3.py
[2022-10-05T18:06:46.030+0000] {processor.py:768} INFO - DAG(s) dict_keys(['example_branch_dop_operator_v3']) retrieved from /home/airflow/.local/lib/python3.7/site-packages/airflow/example_dags/example_branch_python_dop_operator_3.py
[2022-10-05T18:06:46.055+0000] {logging_mixin.py:117} INFO - [2022-10-05T18:06:46.055+0000] {dag.py:2573} INFO - Sync 1 DAGs
[2022-10-05T18:06:46.074+0000] {logging_mixin.py:117} INFO - [2022-10-05T18:06:46.074+0000] {dag.py:3328} INFO - Setting next_dagrun for example_branch_dop_operator_v3 to 2022-10-05T18:05:00+00:00, run_after=2022-10-05T18:06:00+00:00
[2022-10-05T18:06:46.097+0000] {processor.py:178} INFO - Processing /home/airflow/.local/lib/python3.7/site-packages/airflow/example_dags/example_branch_python_dop_operator_3.py took 0.087 seconds
[2022-10-05T18:07:16.587+0000] {processor.py:156} INFO - Started process (PID=369) to work on /home/airflow/.local/lib/python3.7/site-packages/airflow/example_dags/example_branch_python_dop_operator_3.py
[2022-10-05T18:07:16.594+0000] {processor.py:758} INFO - Processing file /home/airflow/.local/lib/python3.7/site-packages/airflow/example_dags/example_branch_python_dop_operator_3.py for tasks to queue
[2022-10-05T18:07:16.594+0000] {logging_mixin.py:117} INFO - [2022-10-05T18:07:16.594+0000] {dagbag.py:525} INFO - Filling up the DagBag from /home/airflow/.local/lib/python3.7/site-packages/airflow/example_dags/example_branch_python_dop_operator_3.py
[2022-10-05T18:07:16.609+0000] {processor.py:768} INFO - DAG(s) dict_keys(['example_branch_dop_operator_v3']) retrieved from /home/airflow/.local/lib/python3.7/site-packages/airflow/example_dags/example_branch_python_dop_operator_3.py
[2022-10-05T18:07:16.634+0000] {logging_mixin.py:117} INFO - [2022-10-05T18:07:16.634+0000] {dag.py:2573} INFO - Sync 1 DAGs
[2022-10-05T18:07:16.652+0000] {logging_mixin.py:117} INFO - [2022-10-05T18:07:16.652+0000] {dag.py:3328} INFO - Setting next_dagrun for example_branch_dop_operator_v3 to 2022-10-05T18:06:00+00:00, run_after=2022-10-05T18:07:00+00:00
[2022-10-05T18:07:16.673+0000] {processor.py:178} INFO - Processing /home/airflow/.local/lib/python3.7/site-packages/airflow/example_dags/example_branch_python_dop_operator_3.py took 0.087 seconds
[2022-10-05T18:07:46.788+0000] {processor.py:156} INFO - Started process (PID=431) to work on /home/airflow/.local/lib/python3.7/site-packages/airflow/example_dags/example_branch_python_dop_operator_3.py
[2022-10-05T18:07:46.795+0000] {processor.py:758} INFO - Processing file /home/airflow/.local/lib/python3.7/site-packages/airflow/example_dags/example_branch_python_dop_operator_3.py for tasks to queue
[2022-10-05T18:07:46.795+0000] {logging_mixin.py:117} INFO - [2022-10-05T18:07:46.795+0000] {dagbag.py:525} INFO - Filling up the DagBag from /home/airflow/.local/lib/python3.7/site-packages/airflow/example_dags/example_branch_python_dop_operator_3.py
[2022-10-05T18:07:46.810+0000] {processor.py:768} INFO - DAG(s) dict_keys(['example_branch_dop_operator_v3']) retrieved from /home/airflow/.local/lib/python3.7/site-packages/airflow/example_dags/example_branch_python_dop_operator_3.py
[2022-10-05T18:07:46.832+0000] {logging_mixin.py:117} INFO - [2022-10-05T18:07:46.832+0000] {dag.py:2573} INFO - Sync 1 DAGs
[2022-10-05T18:07:46.851+0000] {logging_mixin.py:117} INFO - [2022-10-05T18:07:46.851+0000] {dag.py:3328} INFO - Setting next_dagrun for example_branch_dop_operator_v3 to 2022-10-05T18:06:00+00:00, run_after=2022-10-05T18:07:00+00:00
[2022-10-05T18:07:46.869+0000] {processor.py:178} INFO - Processing /home/airflow/.local/lib/python3.7/site-packages/airflow/example_dags/example_branch_python_dop_operator_3.py took 0.082 seconds
[2022-10-05T18:08:17.832+0000] {processor.py:156} INFO - Started process (PID=494) to work on /home/airflow/.local/lib/python3.7/site-packages/airflow/example_dags/example_branch_python_dop_operator_3.py
[2022-10-05T18:08:17.833+0000] {processor.py:758} INFO - Processing file /home/airflow/.local/lib/python3.7/site-packages/airflow/example_dags/example_branch_python_dop_operator_3.py for tasks to queue
[2022-10-05T18:08:17.834+0000] {logging_mixin.py:117} INFO - [2022-10-05T18:08:17.834+0000] {dagbag.py:525} INFO - Filling up the DagBag from /home/airflow/.local/lib/python3.7/site-packages/airflow/example_dags/example_branch_python_dop_operator_3.py
[2022-10-05T18:08:17.872+0000] {processor.py:768} INFO - DAG(s) dict_keys(['example_branch_dop_operator_v3']) retrieved from /home/airflow/.local/lib/python3.7/site-packages/airflow/example_dags/example_branch_python_dop_operator_3.py
[2022-10-05T18:08:17.906+0000] {logging_mixin.py:117} INFO - [2022-10-05T18:08:17.906+0000] {dag.py:2573} INFO - Sync 1 DAGs
[2022-10-05T18:08:17.924+0000] {logging_mixin.py:117} INFO - [2022-10-05T18:08:17.924+0000] {dag.py:3328} INFO - Setting next_dagrun for example_branch_dop_operator_v3 to 2022-10-05T18:07:00+00:00, run_after=2022-10-05T18:08:00+00:00
[2022-10-05T18:08:17.944+0000] {processor.py:178} INFO - Processing /home/airflow/.local/lib/python3.7/site-packages/airflow/example_dags/example_branch_python_dop_operator_3.py took 0.117 seconds
[2022-10-05T18:08:48.668+0000] {processor.py:156} INFO - Started process (PID=557) to work on /home/airflow/.local/lib/python3.7/site-packages/airflow/example_dags/example_branch_python_dop_operator_3.py
[2022-10-05T18:08:48.673+0000] {processor.py:758} INFO - Processing file /home/airflow/.local/lib/python3.7/site-packages/airflow/example_dags/example_branch_python_dop_operator_3.py for tasks to queue
[2022-10-05T18:08:48.674+0000] {logging_mixin.py:117} INFO - [2022-10-05T18:08:48.674+0000] {dagbag.py:525} INFO - Filling up the DagBag from /home/airflow/.local/lib/python3.7/site-packages/airflow/example_dags/example_branch_python_dop_operator_3.py
[2022-10-05T18:08:48.723+0000] {processor.py:768} INFO - DAG(s) dict_keys(['example_branch_dop_operator_v3']) retrieved from /home/airflow/.local/lib/python3.7/site-packages/airflow/example_dags/example_branch_python_dop_operator_3.py
[2022-10-05T18:08:48.802+0000] {logging_mixin.py:117} INFO - [2022-10-05T18:08:48.802+0000] {dag.py:2573} INFO - Sync 1 DAGs
[2022-10-05T18:08:48.828+0000] {logging_mixin.py:117} INFO - [2022-10-05T18:08:48.827+0000] {dag.py:3328} INFO - Setting next_dagrun for example_branch_dop_operator_v3 to 2022-10-05T18:07:00+00:00, run_after=2022-10-05T18:08:00+00:00
[2022-10-05T18:08:48.847+0000] {processor.py:178} INFO - Processing /home/airflow/.local/lib/python3.7/site-packages/airflow/example_dags/example_branch_python_dop_operator_3.py took 0.181 seconds
[2022-10-05T18:09:19.215+0000] {processor.py:156} INFO - Started process (PID=620) to work on /home/airflow/.local/lib/python3.7/site-packages/airflow/example_dags/example_branch_python_dop_operator_3.py
[2022-10-05T18:09:19.222+0000] {processor.py:758} INFO - Processing file /home/airflow/.local/lib/python3.7/site-packages/airflow/example_dags/example_branch_python_dop_operator_3.py for tasks to queue
[2022-10-05T18:09:19.222+0000] {logging_mixin.py:117} INFO - [2022-10-05T18:09:19.222+0000] {dagbag.py:525} INFO - Filling up the DagBag from /home/airflow/.local/lib/python3.7/site-packages/airflow/example_dags/example_branch_python_dop_operator_3.py
[2022-10-05T18:09:19.236+0000] {processor.py:768} INFO - DAG(s) dict_keys(['example_branch_dop_operator_v3']) retrieved from /home/airflow/.local/lib/python3.7/site-packages/airflow/example_dags/example_branch_python_dop_operator_3.py
[2022-10-05T18:09:19.260+0000] {logging_mixin.py:117} INFO - [2022-10-05T18:09:19.260+0000] {dag.py:2573} INFO - Sync 1 DAGs
[2022-10-05T18:09:19.278+0000] {logging_mixin.py:117} INFO - [2022-10-05T18:09:19.278+0000] {dag.py:3328} INFO - Setting next_dagrun for example_branch_dop_operator_v3 to 2022-10-05T18:08:00+00:00, run_after=2022-10-05T18:09:00+00:00
[2022-10-05T18:09:19.299+0000] {processor.py:178} INFO - Processing /home/airflow/.local/lib/python3.7/site-packages/airflow/example_dags/example_branch_python_dop_operator_3.py took 0.086 seconds
[2022-10-05T18:09:50.445+0000] {processor.py:156} INFO - Started process (PID=674) to work on /home/airflow/.local/lib/python3.7/site-packages/airflow/example_dags/example_branch_python_dop_operator_3.py
[2022-10-05T18:09:50.446+0000] {processor.py:758} INFO - Processing file /home/airflow/.local/lib/python3.7/site-packages/airflow/example_dags/example_branch_python_dop_operator_3.py for tasks to queue
[2022-10-05T18:09:50.447+0000] {logging_mixin.py:117} INFO - [2022-10-05T18:09:50.447+0000] {dagbag.py:525} INFO - Filling up the DagBag from /home/airflow/.local/lib/python3.7/site-packages/airflow/example_dags/example_branch_python_dop_operator_3.py
[2022-10-05T18:09:50.499+0000] {processor.py:768} INFO - DAG(s) dict_keys(['example_branch_dop_operator_v3']) retrieved from /home/airflow/.local/lib/python3.7/site-packages/airflow/example_dags/example_branch_python_dop_operator_3.py
[2022-10-05T18:09:50.564+0000] {logging_mixin.py:117} INFO - [2022-10-05T18:09:50.563+0000] {dag.py:2573} INFO - Sync 1 DAGs
[2022-10-05T18:09:50.587+0000] {logging_mixin.py:117} INFO - [2022-10-05T18:09:50.586+0000] {dag.py:3328} INFO - Setting next_dagrun for example_branch_dop_operator_v3 to 2022-10-05T18:08:00+00:00, run_after=2022-10-05T18:09:00+00:00
[2022-10-05T18:09:50.608+0000] {processor.py:178} INFO - Processing /home/airflow/.local/lib/python3.7/site-packages/airflow/example_dags/example_branch_python_dop_operator_3.py took 0.168 seconds
[2022-10-05T18:10:21.247+0000] {processor.py:156} INFO - Started process (PID=737) to work on /home/airflow/.local/lib/python3.7/site-packages/airflow/example_dags/example_branch_python_dop_operator_3.py
[2022-10-05T18:10:21.254+0000] {processor.py:758} INFO - Processing file /home/airflow/.local/lib/python3.7/site-packages/airflow/example_dags/example_branch_python_dop_operator_3.py for tasks to queue
[2022-10-05T18:10:21.254+0000] {logging_mixin.py:117} INFO - [2022-10-05T18:10:21.254+0000] {dagbag.py:525} INFO - Filling up the DagBag from /home/airflow/.local/lib/python3.7/site-packages/airflow/example_dags/example_branch_python_dop_operator_3.py
[2022-10-05T18:10:21.270+0000] {processor.py:768} INFO - DAG(s) dict_keys(['example_branch_dop_operator_v3']) retrieved from /home/airflow/.local/lib/python3.7/site-packages/airflow/example_dags/example_branch_python_dop_operator_3.py
[2022-10-05T18:10:21.295+0000] {logging_mixin.py:117} INFO - [2022-10-05T18:10:21.295+0000] {dag.py:2573} INFO - Sync 1 DAGs
[2022-10-05T18:10:21.314+0000] {logging_mixin.py:117} INFO - [2022-10-05T18:10:21.314+0000] {dag.py:3328} INFO - Setting next_dagrun for example_branch_dop_operator_v3 to 2022-10-05T18:09:00+00:00, run_after=2022-10-05T18:10:00+00:00
[2022-10-05T18:10:21.335+0000] {processor.py:178} INFO - Processing /home/airflow/.local/lib/python3.7/site-packages/airflow/example_dags/example_branch_python_dop_operator_3.py took 0.090 seconds
