[2022-10-05T18:04:41.066+0000] {processor.py:156} INFO - Started process (PID=46) to work on /home/airflow/.local/lib/python3.7/site-packages/airflow/example_dags/example_external_task_marker_dag.py
[2022-10-05T18:04:41.067+0000] {processor.py:758} INFO - Processing file /home/airflow/.local/lib/python3.7/site-packages/airflow/example_dags/example_external_task_marker_dag.py for tasks to queue
[2022-10-05T18:04:41.067+0000] {logging_mixin.py:117} INFO - [2022-10-05T18:04:41.067+0000] {dagbag.py:525} INFO - Filling up the DagBag from /home/airflow/.local/lib/python3.7/site-packages/airflow/example_dags/example_external_task_marker_dag.py
[2022-10-05T18:04:41.088+0000] {processor.py:768} INFO - DAG(s) dict_keys(['example_external_task_marker_child', 'example_external_task_marker_parent']) retrieved from /home/airflow/.local/lib/python3.7/site-packages/airflow/example_dags/example_external_task_marker_dag.py
[2022-10-05T18:04:41.104+0000] {logging_mixin.py:117} INFO - [2022-10-05T18:04:41.104+0000] {dag.py:2573} INFO - Sync 2 DAGs
[2022-10-05T18:04:41.122+0000] {logging_mixin.py:117} INFO - [2022-10-05T18:04:41.122+0000] {dag.py:3328} INFO - Setting next_dagrun for example_external_task_marker_child to None, run_after=None
[2022-10-05T18:04:41.124+0000] {logging_mixin.py:117} INFO - [2022-10-05T18:04:41.124+0000] {dag.py:3328} INFO - Setting next_dagrun for example_external_task_marker_parent to None, run_after=None
[2022-10-05T18:04:41.145+0000] {processor.py:178} INFO - Processing /home/airflow/.local/lib/python3.7/site-packages/airflow/example_dags/example_external_task_marker_dag.py took 0.080 seconds
[2022-10-05T18:05:11.170+0000] {processor.py:156} INFO - Started process (PID=109) to work on /home/airflow/.local/lib/python3.7/site-packages/airflow/example_dags/example_external_task_marker_dag.py
[2022-10-05T18:05:11.172+0000] {processor.py:758} INFO - Processing file /home/airflow/.local/lib/python3.7/site-packages/airflow/example_dags/example_external_task_marker_dag.py for tasks to queue
[2022-10-05T18:05:11.173+0000] {logging_mixin.py:117} INFO - [2022-10-05T18:05:11.173+0000] {dagbag.py:525} INFO - Filling up the DagBag from /home/airflow/.local/lib/python3.7/site-packages/airflow/example_dags/example_external_task_marker_dag.py
[2022-10-05T18:05:11.203+0000] {processor.py:768} INFO - DAG(s) dict_keys(['example_external_task_marker_parent', 'example_external_task_marker_child']) retrieved from /home/airflow/.local/lib/python3.7/site-packages/airflow/example_dags/example_external_task_marker_dag.py
[2022-10-05T18:05:11.459+0000] {logging_mixin.py:117} INFO - [2022-10-05T18:05:11.459+0000] {dag.py:2573} INFO - Sync 2 DAGs
[2022-10-05T18:05:11.473+0000] {logging_mixin.py:117} INFO - [2022-10-05T18:05:11.473+0000] {dag.py:3328} INFO - Setting next_dagrun for example_external_task_marker_child to None, run_after=None
[2022-10-05T18:05:11.475+0000] {logging_mixin.py:117} INFO - [2022-10-05T18:05:11.475+0000] {dag.py:3328} INFO - Setting next_dagrun for example_external_task_marker_parent to None, run_after=None
[2022-10-05T18:05:11.503+0000] {processor.py:178} INFO - Processing /home/airflow/.local/lib/python3.7/site-packages/airflow/example_dags/example_external_task_marker_dag.py took 0.338 seconds
[2022-10-05T18:05:41.876+0000] {processor.py:156} INFO - Started process (PID=172) to work on /home/airflow/.local/lib/python3.7/site-packages/airflow/example_dags/example_external_task_marker_dag.py
[2022-10-05T18:05:41.883+0000] {processor.py:758} INFO - Processing file /home/airflow/.local/lib/python3.7/site-packages/airflow/example_dags/example_external_task_marker_dag.py for tasks to queue
[2022-10-05T18:05:41.884+0000] {logging_mixin.py:117} INFO - [2022-10-05T18:05:41.884+0000] {dagbag.py:525} INFO - Filling up the DagBag from /home/airflow/.local/lib/python3.7/site-packages/airflow/example_dags/example_external_task_marker_dag.py
[2022-10-05T18:05:41.894+0000] {processor.py:768} INFO - DAG(s) dict_keys(['example_external_task_marker_parent', 'example_external_task_marker_child']) retrieved from /home/airflow/.local/lib/python3.7/site-packages/airflow/example_dags/example_external_task_marker_dag.py
[2022-10-05T18:05:42.018+0000] {logging_mixin.py:117} INFO - [2022-10-05T18:05:42.017+0000] {dag.py:2573} INFO - Sync 2 DAGs
[2022-10-05T18:05:42.034+0000] {logging_mixin.py:117} INFO - [2022-10-05T18:05:42.033+0000] {dag.py:3328} INFO - Setting next_dagrun for example_external_task_marker_child to None, run_after=None
[2022-10-05T18:05:42.036+0000] {logging_mixin.py:117} INFO - [2022-10-05T18:05:42.035+0000] {dag.py:3328} INFO - Setting next_dagrun for example_external_task_marker_parent to None, run_after=None
[2022-10-05T18:05:42.046+0000] {processor.py:178} INFO - Processing /home/airflow/.local/lib/python3.7/site-packages/airflow/example_dags/example_external_task_marker_dag.py took 0.173 seconds
[2022-10-05T18:06:12.381+0000] {processor.py:156} INFO - Started process (PID=232) to work on /home/airflow/.local/lib/python3.7/site-packages/airflow/example_dags/example_external_task_marker_dag.py
[2022-10-05T18:06:12.388+0000] {processor.py:758} INFO - Processing file /home/airflow/.local/lib/python3.7/site-packages/airflow/example_dags/example_external_task_marker_dag.py for tasks to queue
[2022-10-05T18:06:12.389+0000] {logging_mixin.py:117} INFO - [2022-10-05T18:06:12.389+0000] {dagbag.py:525} INFO - Filling up the DagBag from /home/airflow/.local/lib/python3.7/site-packages/airflow/example_dags/example_external_task_marker_dag.py
[2022-10-05T18:06:12.397+0000] {processor.py:768} INFO - DAG(s) dict_keys(['example_external_task_marker_child', 'example_external_task_marker_parent']) retrieved from /home/airflow/.local/lib/python3.7/site-packages/airflow/example_dags/example_external_task_marker_dag.py
[2022-10-05T18:06:12.597+0000] {logging_mixin.py:117} INFO - [2022-10-05T18:06:12.597+0000] {dag.py:2573} INFO - Sync 2 DAGs
[2022-10-05T18:06:12.613+0000] {logging_mixin.py:117} INFO - [2022-10-05T18:06:12.613+0000] {dag.py:3328} INFO - Setting next_dagrun for example_external_task_marker_child to None, run_after=None
[2022-10-05T18:06:12.615+0000] {logging_mixin.py:117} INFO - [2022-10-05T18:06:12.615+0000] {dag.py:3328} INFO - Setting next_dagrun for example_external_task_marker_parent to None, run_after=None
[2022-10-05T18:06:12.635+0000] {processor.py:178} INFO - Processing /home/airflow/.local/lib/python3.7/site-packages/airflow/example_dags/example_external_task_marker_dag.py took 0.257 seconds
[2022-10-05T18:06:43.551+0000] {processor.py:156} INFO - Started process (PID=287) to work on /home/airflow/.local/lib/python3.7/site-packages/airflow/example_dags/example_external_task_marker_dag.py
[2022-10-05T18:06:43.558+0000] {processor.py:758} INFO - Processing file /home/airflow/.local/lib/python3.7/site-packages/airflow/example_dags/example_external_task_marker_dag.py for tasks to queue
[2022-10-05T18:06:43.558+0000] {logging_mixin.py:117} INFO - [2022-10-05T18:06:43.558+0000] {dagbag.py:525} INFO - Filling up the DagBag from /home/airflow/.local/lib/python3.7/site-packages/airflow/example_dags/example_external_task_marker_dag.py
[2022-10-05T18:06:43.568+0000] {processor.py:768} INFO - DAG(s) dict_keys(['example_external_task_marker_child', 'example_external_task_marker_parent']) retrieved from /home/airflow/.local/lib/python3.7/site-packages/airflow/example_dags/example_external_task_marker_dag.py
[2022-10-05T18:06:43.756+0000] {logging_mixin.py:117} INFO - [2022-10-05T18:06:43.756+0000] {dag.py:2573} INFO - Sync 2 DAGs
[2022-10-05T18:06:43.772+0000] {logging_mixin.py:117} INFO - [2022-10-05T18:06:43.772+0000] {dag.py:3328} INFO - Setting next_dagrun for example_external_task_marker_child to None, run_after=None
[2022-10-05T18:06:43.774+0000] {logging_mixin.py:117} INFO - [2022-10-05T18:06:43.774+0000] {dag.py:3328} INFO - Setting next_dagrun for example_external_task_marker_parent to None, run_after=None
[2022-10-05T18:06:43.793+0000] {processor.py:178} INFO - Processing /home/airflow/.local/lib/python3.7/site-packages/airflow/example_dags/example_external_task_marker_dag.py took 0.243 seconds
[2022-10-05T18:07:14.131+0000] {processor.py:156} INFO - Started process (PID=350) to work on /home/airflow/.local/lib/python3.7/site-packages/airflow/example_dags/example_external_task_marker_dag.py
[2022-10-05T18:07:14.134+0000] {processor.py:758} INFO - Processing file /home/airflow/.local/lib/python3.7/site-packages/airflow/example_dags/example_external_task_marker_dag.py for tasks to queue
[2022-10-05T18:07:14.134+0000] {logging_mixin.py:117} INFO - [2022-10-05T18:07:14.134+0000] {dagbag.py:525} INFO - Filling up the DagBag from /home/airflow/.local/lib/python3.7/site-packages/airflow/example_dags/example_external_task_marker_dag.py
[2022-10-05T18:07:14.146+0000] {processor.py:768} INFO - DAG(s) dict_keys(['example_external_task_marker_parent', 'example_external_task_marker_child']) retrieved from /home/airflow/.local/lib/python3.7/site-packages/airflow/example_dags/example_external_task_marker_dag.py
[2022-10-05T18:07:14.289+0000] {logging_mixin.py:117} INFO - [2022-10-05T18:07:14.289+0000] {dag.py:2573} INFO - Sync 2 DAGs
[2022-10-05T18:07:14.312+0000] {logging_mixin.py:117} INFO - [2022-10-05T18:07:14.312+0000] {dag.py:3328} INFO - Setting next_dagrun for example_external_task_marker_child to None, run_after=None
[2022-10-05T18:07:14.315+0000] {logging_mixin.py:117} INFO - [2022-10-05T18:07:14.315+0000] {dag.py:3328} INFO - Setting next_dagrun for example_external_task_marker_parent to None, run_after=None
[2022-10-05T18:07:14.341+0000] {processor.py:178} INFO - Processing /home/airflow/.local/lib/python3.7/site-packages/airflow/example_dags/example_external_task_marker_dag.py took 0.216 seconds
[2022-10-05T18:07:44.975+0000] {processor.py:156} INFO - Started process (PID=411) to work on /home/airflow/.local/lib/python3.7/site-packages/airflow/example_dags/example_external_task_marker_dag.py
[2022-10-05T18:07:44.983+0000] {processor.py:758} INFO - Processing file /home/airflow/.local/lib/python3.7/site-packages/airflow/example_dags/example_external_task_marker_dag.py for tasks to queue
[2022-10-05T18:07:44.984+0000] {logging_mixin.py:117} INFO - [2022-10-05T18:07:44.984+0000] {dagbag.py:525} INFO - Filling up the DagBag from /home/airflow/.local/lib/python3.7/site-packages/airflow/example_dags/example_external_task_marker_dag.py
[2022-10-05T18:07:45.014+0000] {processor.py:768} INFO - DAG(s) dict_keys(['example_external_task_marker_parent', 'example_external_task_marker_child']) retrieved from /home/airflow/.local/lib/python3.7/site-packages/airflow/example_dags/example_external_task_marker_dag.py
[2022-10-05T18:07:45.248+0000] {logging_mixin.py:117} INFO - [2022-10-05T18:07:45.248+0000] {dag.py:2573} INFO - Sync 2 DAGs
[2022-10-05T18:07:45.264+0000] {logging_mixin.py:117} INFO - [2022-10-05T18:07:45.263+0000] {dag.py:3328} INFO - Setting next_dagrun for example_external_task_marker_child to None, run_after=None
[2022-10-05T18:07:45.266+0000] {logging_mixin.py:117} INFO - [2022-10-05T18:07:45.266+0000] {dag.py:3328} INFO - Setting next_dagrun for example_external_task_marker_parent to None, run_after=None
[2022-10-05T18:07:45.290+0000] {processor.py:178} INFO - Processing /home/airflow/.local/lib/python3.7/site-packages/airflow/example_dags/example_external_task_marker_dag.py took 0.321 seconds
[2022-10-05T18:08:15.977+0000] {processor.py:156} INFO - Started process (PID=474) to work on /home/airflow/.local/lib/python3.7/site-packages/airflow/example_dags/example_external_task_marker_dag.py
[2022-10-05T18:08:15.985+0000] {processor.py:758} INFO - Processing file /home/airflow/.local/lib/python3.7/site-packages/airflow/example_dags/example_external_task_marker_dag.py for tasks to queue
[2022-10-05T18:08:15.986+0000] {logging_mixin.py:117} INFO - [2022-10-05T18:08:15.986+0000] {dagbag.py:525} INFO - Filling up the DagBag from /home/airflow/.local/lib/python3.7/site-packages/airflow/example_dags/example_external_task_marker_dag.py
[2022-10-05T18:08:16.018+0000] {processor.py:768} INFO - DAG(s) dict_keys(['example_external_task_marker_parent', 'example_external_task_marker_child']) retrieved from /home/airflow/.local/lib/python3.7/site-packages/airflow/example_dags/example_external_task_marker_dag.py
[2022-10-05T18:08:16.247+0000] {logging_mixin.py:117} INFO - [2022-10-05T18:08:16.246+0000] {dag.py:2573} INFO - Sync 2 DAGs
[2022-10-05T18:08:16.261+0000] {logging_mixin.py:117} INFO - [2022-10-05T18:08:16.261+0000] {dag.py:3328} INFO - Setting next_dagrun for example_external_task_marker_child to None, run_after=None
[2022-10-05T18:08:16.263+0000] {logging_mixin.py:117} INFO - [2022-10-05T18:08:16.263+0000] {dag.py:3328} INFO - Setting next_dagrun for example_external_task_marker_parent to None, run_after=None
[2022-10-05T18:08:16.288+0000] {processor.py:178} INFO - Processing /home/airflow/.local/lib/python3.7/site-packages/airflow/example_dags/example_external_task_marker_dag.py took 0.317 seconds
[2022-10-05T18:08:46.883+0000] {processor.py:156} INFO - Started process (PID=537) to work on /home/airflow/.local/lib/python3.7/site-packages/airflow/example_dags/example_external_task_marker_dag.py
[2022-10-05T18:08:46.890+0000] {processor.py:758} INFO - Processing file /home/airflow/.local/lib/python3.7/site-packages/airflow/example_dags/example_external_task_marker_dag.py for tasks to queue
[2022-10-05T18:08:46.890+0000] {logging_mixin.py:117} INFO - [2022-10-05T18:08:46.890+0000] {dagbag.py:525} INFO - Filling up the DagBag from /home/airflow/.local/lib/python3.7/site-packages/airflow/example_dags/example_external_task_marker_dag.py
[2022-10-05T18:08:46.899+0000] {processor.py:768} INFO - DAG(s) dict_keys(['example_external_task_marker_child', 'example_external_task_marker_parent']) retrieved from /home/airflow/.local/lib/python3.7/site-packages/airflow/example_dags/example_external_task_marker_dag.py
[2022-10-05T18:08:47.026+0000] {logging_mixin.py:117} INFO - [2022-10-05T18:08:47.026+0000] {dag.py:2573} INFO - Sync 2 DAGs
[2022-10-05T18:08:47.041+0000] {logging_mixin.py:117} INFO - [2022-10-05T18:08:47.041+0000] {dag.py:3328} INFO - Setting next_dagrun for example_external_task_marker_child to None, run_after=None
[2022-10-05T18:08:47.043+0000] {logging_mixin.py:117} INFO - [2022-10-05T18:08:47.043+0000] {dag.py:3328} INFO - Setting next_dagrun for example_external_task_marker_parent to None, run_after=None
[2022-10-05T18:08:47.063+0000] {processor.py:178} INFO - Processing /home/airflow/.local/lib/python3.7/site-packages/airflow/example_dags/example_external_task_marker_dag.py took 0.182 seconds
[2022-10-05T18:09:17.740+0000] {processor.py:156} INFO - Started process (PID=591) to work on /home/airflow/.local/lib/python3.7/site-packages/airflow/example_dags/example_external_task_marker_dag.py
[2022-10-05T18:09:17.748+0000] {processor.py:758} INFO - Processing file /home/airflow/.local/lib/python3.7/site-packages/airflow/example_dags/example_external_task_marker_dag.py for tasks to queue
[2022-10-05T18:09:17.749+0000] {logging_mixin.py:117} INFO - [2022-10-05T18:09:17.749+0000] {dagbag.py:525} INFO - Filling up the DagBag from /home/airflow/.local/lib/python3.7/site-packages/airflow/example_dags/example_external_task_marker_dag.py
[2022-10-05T18:09:17.779+0000] {processor.py:768} INFO - DAG(s) dict_keys(['example_external_task_marker_child', 'example_external_task_marker_parent']) retrieved from /home/airflow/.local/lib/python3.7/site-packages/airflow/example_dags/example_external_task_marker_dag.py
[2022-10-05T18:09:18.012+0000] {logging_mixin.py:117} INFO - [2022-10-05T18:09:18.012+0000] {dag.py:2573} INFO - Sync 2 DAGs
[2022-10-05T18:09:18.028+0000] {logging_mixin.py:117} INFO - [2022-10-05T18:09:18.028+0000] {dag.py:3328} INFO - Setting next_dagrun for example_external_task_marker_child to None, run_after=None
[2022-10-05T18:09:18.031+0000] {logging_mixin.py:117} INFO - [2022-10-05T18:09:18.030+0000] {dag.py:3328} INFO - Setting next_dagrun for example_external_task_marker_parent to None, run_after=None
[2022-10-05T18:09:18.042+0000] {processor.py:178} INFO - Processing /home/airflow/.local/lib/python3.7/site-packages/airflow/example_dags/example_external_task_marker_dag.py took 0.308 seconds
[2022-10-05T18:09:48.847+0000] {processor.py:156} INFO - Started process (PID=654) to work on /home/airflow/.local/lib/python3.7/site-packages/airflow/example_dags/example_external_task_marker_dag.py
[2022-10-05T18:09:48.854+0000] {processor.py:758} INFO - Processing file /home/airflow/.local/lib/python3.7/site-packages/airflow/example_dags/example_external_task_marker_dag.py for tasks to queue
[2022-10-05T18:09:48.855+0000] {logging_mixin.py:117} INFO - [2022-10-05T18:09:48.855+0000] {dagbag.py:525} INFO - Filling up the DagBag from /home/airflow/.local/lib/python3.7/site-packages/airflow/example_dags/example_external_task_marker_dag.py
[2022-10-05T18:09:48.864+0000] {processor.py:768} INFO - DAG(s) dict_keys(['example_external_task_marker_parent', 'example_external_task_marker_child']) retrieved from /home/airflow/.local/lib/python3.7/site-packages/airflow/example_dags/example_external_task_marker_dag.py
[2022-10-05T18:09:49.092+0000] {logging_mixin.py:117} INFO - [2022-10-05T18:09:49.092+0000] {dag.py:2573} INFO - Sync 2 DAGs
[2022-10-05T18:09:49.110+0000] {logging_mixin.py:117} INFO - [2022-10-05T18:09:49.109+0000] {dag.py:3328} INFO - Setting next_dagrun for example_external_task_marker_child to None, run_after=None
[2022-10-05T18:09:49.112+0000] {logging_mixin.py:117} INFO - [2022-10-05T18:09:49.111+0000] {dag.py:3328} INFO - Setting next_dagrun for example_external_task_marker_parent to None, run_after=None
[2022-10-05T18:09:49.123+0000] {processor.py:178} INFO - Processing /home/airflow/.local/lib/python3.7/site-packages/airflow/example_dags/example_external_task_marker_dag.py took 0.277 seconds
[2022-10-05T18:10:19.652+0000] {processor.py:156} INFO - Started process (PID=717) to work on /home/airflow/.local/lib/python3.7/site-packages/airflow/example_dags/example_external_task_marker_dag.py
[2022-10-05T18:10:19.659+0000] {processor.py:758} INFO - Processing file /home/airflow/.local/lib/python3.7/site-packages/airflow/example_dags/example_external_task_marker_dag.py for tasks to queue
[2022-10-05T18:10:19.659+0000] {logging_mixin.py:117} INFO - [2022-10-05T18:10:19.659+0000] {dagbag.py:525} INFO - Filling up the DagBag from /home/airflow/.local/lib/python3.7/site-packages/airflow/example_dags/example_external_task_marker_dag.py
[2022-10-05T18:10:19.668+0000] {processor.py:768} INFO - DAG(s) dict_keys(['example_external_task_marker_parent', 'example_external_task_marker_child']) retrieved from /home/airflow/.local/lib/python3.7/site-packages/airflow/example_dags/example_external_task_marker_dag.py
[2022-10-05T18:10:19.814+0000] {logging_mixin.py:117} INFO - [2022-10-05T18:10:19.813+0000] {dag.py:2573} INFO - Sync 2 DAGs
[2022-10-05T18:10:19.831+0000] {logging_mixin.py:117} INFO - [2022-10-05T18:10:19.831+0000] {dag.py:3328} INFO - Setting next_dagrun for example_external_task_marker_child to None, run_after=None
[2022-10-05T18:10:19.834+0000] {logging_mixin.py:117} INFO - [2022-10-05T18:10:19.834+0000] {dag.py:3328} INFO - Setting next_dagrun for example_external_task_marker_parent to None, run_after=None
[2022-10-05T18:10:19.855+0000] {processor.py:178} INFO - Processing /home/airflow/.local/lib/python3.7/site-packages/airflow/example_dags/example_external_task_marker_dag.py took 0.204 seconds
