[2022-10-05T18:04:41.242+0000] {processor.py:156} INFO - Started process (PID=50) to work on /home/airflow/.local/lib/python3.7/site-packages/airflow/example_dags/example_sla_dag.py
[2022-10-05T18:04:41.243+0000] {processor.py:758} INFO - Processing file /home/airflow/.local/lib/python3.7/site-packages/airflow/example_dags/example_sla_dag.py for tasks to queue
[2022-10-05T18:04:41.243+0000] {logging_mixin.py:117} INFO - [2022-10-05T18:04:41.243+0000] {dagbag.py:525} INFO - Filling up the DagBag from /home/airflow/.local/lib/python3.7/site-packages/airflow/example_dags/example_sla_dag.py
[2022-10-05T18:04:41.262+0000] {processor.py:768} INFO - DAG(s) dict_keys(['example_sla_dag']) retrieved from /home/airflow/.local/lib/python3.7/site-packages/airflow/example_dags/example_sla_dag.py
[2022-10-05T18:04:41.277+0000] {logging_mixin.py:117} INFO - [2022-10-05T18:04:41.277+0000] {dag.py:2573} INFO - Sync 1 DAGs
[2022-10-05T18:04:41.295+0000] {logging_mixin.py:117} INFO - [2022-10-05T18:04:41.295+0000] {dag.py:3328} INFO - Setting next_dagrun for example_sla_dag to 2022-10-05T18:02:00+00:00, run_after=2022-10-05T18:04:00+00:00
[2022-10-05T18:04:41.315+0000] {processor.py:178} INFO - Processing /home/airflow/.local/lib/python3.7/site-packages/airflow/example_dags/example_sla_dag.py took 0.074 seconds
[2022-10-05T18:05:11.861+0000] {processor.py:156} INFO - Started process (PID=113) to work on /home/airflow/.local/lib/python3.7/site-packages/airflow/example_dags/example_sla_dag.py
[2022-10-05T18:05:11.869+0000] {processor.py:758} INFO - Processing file /home/airflow/.local/lib/python3.7/site-packages/airflow/example_dags/example_sla_dag.py for tasks to queue
[2022-10-05T18:05:11.870+0000] {logging_mixin.py:117} INFO - [2022-10-05T18:05:11.869+0000] {dagbag.py:525} INFO - Filling up the DagBag from /home/airflow/.local/lib/python3.7/site-packages/airflow/example_dags/example_sla_dag.py
[2022-10-05T18:05:11.908+0000] {processor.py:768} INFO - DAG(s) dict_keys(['example_sla_dag']) retrieved from /home/airflow/.local/lib/python3.7/site-packages/airflow/example_dags/example_sla_dag.py
[2022-10-05T18:05:11.978+0000] {logging_mixin.py:117} INFO - [2022-10-05T18:05:11.978+0000] {dag.py:2573} INFO - Sync 1 DAGs
[2022-10-05T18:05:12.037+0000] {logging_mixin.py:117} INFO - [2022-10-05T18:05:12.037+0000] {dag.py:3328} INFO - Setting next_dagrun for example_sla_dag to 2022-10-05T18:02:00+00:00, run_after=2022-10-05T18:04:00+00:00
[2022-10-05T18:05:12.084+0000] {processor.py:178} INFO - Processing /home/airflow/.local/lib/python3.7/site-packages/airflow/example_dags/example_sla_dag.py took 0.228 seconds
[2022-10-05T18:05:42.169+0000] {processor.py:156} INFO - Started process (PID=176) to work on /home/airflow/.local/lib/python3.7/site-packages/airflow/example_dags/example_sla_dag.py
[2022-10-05T18:05:42.176+0000] {processor.py:758} INFO - Processing file /home/airflow/.local/lib/python3.7/site-packages/airflow/example_dags/example_sla_dag.py for tasks to queue
[2022-10-05T18:05:42.177+0000] {logging_mixin.py:117} INFO - [2022-10-05T18:05:42.177+0000] {dagbag.py:525} INFO - Filling up the DagBag from /home/airflow/.local/lib/python3.7/site-packages/airflow/example_dags/example_sla_dag.py
[2022-10-05T18:05:42.191+0000] {processor.py:768} INFO - DAG(s) dict_keys(['example_sla_dag']) retrieved from /home/airflow/.local/lib/python3.7/site-packages/airflow/example_dags/example_sla_dag.py
[2022-10-05T18:05:42.214+0000] {logging_mixin.py:117} INFO - [2022-10-05T18:05:42.213+0000] {dag.py:2573} INFO - Sync 1 DAGs
[2022-10-05T18:05:42.233+0000] {logging_mixin.py:117} INFO - [2022-10-05T18:05:42.233+0000] {dag.py:3328} INFO - Setting next_dagrun for example_sla_dag to 2022-10-05T18:02:00+00:00, run_after=2022-10-05T18:04:00+00:00
[2022-10-05T18:05:42.253+0000] {processor.py:178} INFO - Processing /home/airflow/.local/lib/python3.7/site-packages/airflow/example_dags/example_sla_dag.py took 0.086 seconds
[2022-10-05T18:06:12.653+0000] {processor.py:156} INFO - Started process (PID=238) to work on /home/airflow/.local/lib/python3.7/site-packages/airflow/example_dags/example_sla_dag.py
[2022-10-05T18:06:12.654+0000] {processor.py:758} INFO - Processing file /home/airflow/.local/lib/python3.7/site-packages/airflow/example_dags/example_sla_dag.py for tasks to queue
[2022-10-05T18:06:12.654+0000] {logging_mixin.py:117} INFO - [2022-10-05T18:06:12.654+0000] {dagbag.py:525} INFO - Filling up the DagBag from /home/airflow/.local/lib/python3.7/site-packages/airflow/example_dags/example_sla_dag.py
[2022-10-05T18:06:12.667+0000] {processor.py:768} INFO - DAG(s) dict_keys(['example_sla_dag']) retrieved from /home/airflow/.local/lib/python3.7/site-packages/airflow/example_dags/example_sla_dag.py
[2022-10-05T18:06:12.690+0000] {logging_mixin.py:117} INFO - [2022-10-05T18:06:12.690+0000] {dag.py:2573} INFO - Sync 1 DAGs
[2022-10-05T18:06:12.710+0000] {logging_mixin.py:117} INFO - [2022-10-05T18:06:12.709+0000] {dag.py:3328} INFO - Setting next_dagrun for example_sla_dag to 2022-10-05T18:04:00+00:00, run_after=2022-10-05T18:06:00+00:00
[2022-10-05T18:06:12.730+0000] {processor.py:178} INFO - Processing /home/airflow/.local/lib/python3.7/site-packages/airflow/example_dags/example_sla_dag.py took 0.079 seconds
[2022-10-05T18:06:43.904+0000] {processor.py:156} INFO - Started process (PID=291) to work on /home/airflow/.local/lib/python3.7/site-packages/airflow/example_dags/example_sla_dag.py
[2022-10-05T18:06:43.911+0000] {processor.py:758} INFO - Processing file /home/airflow/.local/lib/python3.7/site-packages/airflow/example_dags/example_sla_dag.py for tasks to queue
[2022-10-05T18:06:43.912+0000] {logging_mixin.py:117} INFO - [2022-10-05T18:06:43.912+0000] {dagbag.py:525} INFO - Filling up the DagBag from /home/airflow/.local/lib/python3.7/site-packages/airflow/example_dags/example_sla_dag.py
[2022-10-05T18:06:43.925+0000] {processor.py:768} INFO - DAG(s) dict_keys(['example_sla_dag']) retrieved from /home/airflow/.local/lib/python3.7/site-packages/airflow/example_dags/example_sla_dag.py
[2022-10-05T18:06:43.948+0000] {logging_mixin.py:117} INFO - [2022-10-05T18:06:43.948+0000] {dag.py:2573} INFO - Sync 1 DAGs
[2022-10-05T18:06:43.966+0000] {logging_mixin.py:117} INFO - [2022-10-05T18:06:43.966+0000] {dag.py:3328} INFO - Setting next_dagrun for example_sla_dag to 2022-10-05T18:04:00+00:00, run_after=2022-10-05T18:06:00+00:00
[2022-10-05T18:06:43.983+0000] {processor.py:178} INFO - Processing /home/airflow/.local/lib/python3.7/site-packages/airflow/example_dags/example_sla_dag.py took 0.080 seconds
[2022-10-05T18:07:14.357+0000] {processor.py:156} INFO - Started process (PID=353) to work on /home/airflow/.local/lib/python3.7/site-packages/airflow/example_dags/example_sla_dag.py
[2022-10-05T18:07:14.364+0000] {processor.py:758} INFO - Processing file /home/airflow/.local/lib/python3.7/site-packages/airflow/example_dags/example_sla_dag.py for tasks to queue
[2022-10-05T18:07:14.364+0000] {logging_mixin.py:117} INFO - [2022-10-05T18:07:14.364+0000] {dagbag.py:525} INFO - Filling up the DagBag from /home/airflow/.local/lib/python3.7/site-packages/airflow/example_dags/example_sla_dag.py
[2022-10-05T18:07:14.378+0000] {processor.py:768} INFO - DAG(s) dict_keys(['example_sla_dag']) retrieved from /home/airflow/.local/lib/python3.7/site-packages/airflow/example_dags/example_sla_dag.py
[2022-10-05T18:07:14.406+0000] {logging_mixin.py:117} INFO - [2022-10-05T18:07:14.406+0000] {dag.py:2573} INFO - Sync 1 DAGs
[2022-10-05T18:07:14.432+0000] {logging_mixin.py:117} INFO - [2022-10-05T18:07:14.432+0000] {dag.py:3328} INFO - Setting next_dagrun for example_sla_dag to 2022-10-05T18:04:00+00:00, run_after=2022-10-05T18:06:00+00:00
[2022-10-05T18:07:14.447+0000] {processor.py:178} INFO - Processing /home/airflow/.local/lib/python3.7/site-packages/airflow/example_dags/example_sla_dag.py took 0.092 seconds
[2022-10-05T18:07:45.356+0000] {processor.py:156} INFO - Started process (PID=415) to work on /home/airflow/.local/lib/python3.7/site-packages/airflow/example_dags/example_sla_dag.py
[2022-10-05T18:07:45.364+0000] {processor.py:758} INFO - Processing file /home/airflow/.local/lib/python3.7/site-packages/airflow/example_dags/example_sla_dag.py for tasks to queue
[2022-10-05T18:07:45.365+0000] {logging_mixin.py:117} INFO - [2022-10-05T18:07:45.365+0000] {dagbag.py:525} INFO - Filling up the DagBag from /home/airflow/.local/lib/python3.7/site-packages/airflow/example_dags/example_sla_dag.py
[2022-10-05T18:07:45.392+0000] {processor.py:768} INFO - DAG(s) dict_keys(['example_sla_dag']) retrieved from /home/airflow/.local/lib/python3.7/site-packages/airflow/example_dags/example_sla_dag.py
[2022-10-05T18:07:45.468+0000] {logging_mixin.py:117} INFO - [2022-10-05T18:07:45.467+0000] {dag.py:2573} INFO - Sync 1 DAGs
[2022-10-05T18:07:45.531+0000] {logging_mixin.py:117} INFO - [2022-10-05T18:07:45.530+0000] {dag.py:3328} INFO - Setting next_dagrun for example_sla_dag to 2022-10-05T18:04:00+00:00, run_after=2022-10-05T18:06:00+00:00
[2022-10-05T18:07:45.577+0000] {processor.py:178} INFO - Processing /home/airflow/.local/lib/python3.7/site-packages/airflow/example_dags/example_sla_dag.py took 0.225 seconds
[2022-10-05T18:08:16.364+0000] {processor.py:156} INFO - Started process (PID=478) to work on /home/airflow/.local/lib/python3.7/site-packages/airflow/example_dags/example_sla_dag.py
[2022-10-05T18:08:16.371+0000] {processor.py:758} INFO - Processing file /home/airflow/.local/lib/python3.7/site-packages/airflow/example_dags/example_sla_dag.py for tasks to queue
[2022-10-05T18:08:16.373+0000] {logging_mixin.py:117} INFO - [2022-10-05T18:08:16.372+0000] {dagbag.py:525} INFO - Filling up the DagBag from /home/airflow/.local/lib/python3.7/site-packages/airflow/example_dags/example_sla_dag.py
[2022-10-05T18:08:16.419+0000] {processor.py:768} INFO - DAG(s) dict_keys(['example_sla_dag']) retrieved from /home/airflow/.local/lib/python3.7/site-packages/airflow/example_dags/example_sla_dag.py
[2022-10-05T18:08:16.493+0000] {logging_mixin.py:117} INFO - [2022-10-05T18:08:16.493+0000] {dag.py:2573} INFO - Sync 1 DAGs
[2022-10-05T18:08:16.542+0000] {logging_mixin.py:117} INFO - [2022-10-05T18:08:16.542+0000] {dag.py:3328} INFO - Setting next_dagrun for example_sla_dag to 2022-10-05T18:06:00+00:00, run_after=2022-10-05T18:08:00+00:00
[2022-10-05T18:08:16.590+0000] {processor.py:178} INFO - Processing /home/airflow/.local/lib/python3.7/site-packages/airflow/example_dags/example_sla_dag.py took 0.231 seconds
[2022-10-05T18:08:47.170+0000] {processor.py:156} INFO - Started process (PID=541) to work on /home/airflow/.local/lib/python3.7/site-packages/airflow/example_dags/example_sla_dag.py
[2022-10-05T18:08:47.177+0000] {processor.py:758} INFO - Processing file /home/airflow/.local/lib/python3.7/site-packages/airflow/example_dags/example_sla_dag.py for tasks to queue
[2022-10-05T18:08:47.178+0000] {logging_mixin.py:117} INFO - [2022-10-05T18:08:47.178+0000] {dagbag.py:525} INFO - Filling up the DagBag from /home/airflow/.local/lib/python3.7/site-packages/airflow/example_dags/example_sla_dag.py
[2022-10-05T18:08:47.191+0000] {processor.py:768} INFO - DAG(s) dict_keys(['example_sla_dag']) retrieved from /home/airflow/.local/lib/python3.7/site-packages/airflow/example_dags/example_sla_dag.py
[2022-10-05T18:08:47.215+0000] {logging_mixin.py:117} INFO - [2022-10-05T18:08:47.215+0000] {dag.py:2573} INFO - Sync 1 DAGs
[2022-10-05T18:08:47.232+0000] {logging_mixin.py:117} INFO - [2022-10-05T18:08:47.232+0000] {dag.py:3328} INFO - Setting next_dagrun for example_sla_dag to 2022-10-05T18:06:00+00:00, run_after=2022-10-05T18:08:00+00:00
[2022-10-05T18:08:47.252+0000] {processor.py:178} INFO - Processing /home/airflow/.local/lib/python3.7/site-packages/airflow/example_dags/example_sla_dag.py took 0.083 seconds
[2022-10-05T18:09:18.084+0000] {processor.py:156} INFO - Started process (PID=595) to work on /home/airflow/.local/lib/python3.7/site-packages/airflow/example_dags/example_sla_dag.py
[2022-10-05T18:09:18.091+0000] {processor.py:758} INFO - Processing file /home/airflow/.local/lib/python3.7/site-packages/airflow/example_dags/example_sla_dag.py for tasks to queue
[2022-10-05T18:09:18.091+0000] {logging_mixin.py:117} INFO - [2022-10-05T18:09:18.091+0000] {dagbag.py:525} INFO - Filling up the DagBag from /home/airflow/.local/lib/python3.7/site-packages/airflow/example_dags/example_sla_dag.py
[2022-10-05T18:09:18.106+0000] {processor.py:768} INFO - DAG(s) dict_keys(['example_sla_dag']) retrieved from /home/airflow/.local/lib/python3.7/site-packages/airflow/example_dags/example_sla_dag.py
[2022-10-05T18:09:18.131+0000] {logging_mixin.py:117} INFO - [2022-10-05T18:09:18.131+0000] {dag.py:2573} INFO - Sync 1 DAGs
[2022-10-05T18:09:18.148+0000] {logging_mixin.py:117} INFO - [2022-10-05T18:09:18.148+0000] {dag.py:3328} INFO - Setting next_dagrun for example_sla_dag to 2022-10-05T18:06:00+00:00, run_after=2022-10-05T18:08:00+00:00
[2022-10-05T18:09:18.169+0000] {processor.py:178} INFO - Processing /home/airflow/.local/lib/python3.7/site-packages/airflow/example_dags/example_sla_dag.py took 0.087 seconds
[2022-10-05T18:09:49.148+0000] {processor.py:156} INFO - Started process (PID=658) to work on /home/airflow/.local/lib/python3.7/site-packages/airflow/example_dags/example_sla_dag.py
[2022-10-05T18:09:49.155+0000] {processor.py:758} INFO - Processing file /home/airflow/.local/lib/python3.7/site-packages/airflow/example_dags/example_sla_dag.py for tasks to queue
[2022-10-05T18:09:49.156+0000] {logging_mixin.py:117} INFO - [2022-10-05T18:09:49.156+0000] {dagbag.py:525} INFO - Filling up the DagBag from /home/airflow/.local/lib/python3.7/site-packages/airflow/example_dags/example_sla_dag.py
[2022-10-05T18:09:49.170+0000] {processor.py:768} INFO - DAG(s) dict_keys(['example_sla_dag']) retrieved from /home/airflow/.local/lib/python3.7/site-packages/airflow/example_dags/example_sla_dag.py
[2022-10-05T18:09:49.194+0000] {logging_mixin.py:117} INFO - [2022-10-05T18:09:49.194+0000] {dag.py:2573} INFO - Sync 1 DAGs
[2022-10-05T18:09:49.212+0000] {logging_mixin.py:117} INFO - [2022-10-05T18:09:49.212+0000] {dag.py:3328} INFO - Setting next_dagrun for example_sla_dag to 2022-10-05T18:06:00+00:00, run_after=2022-10-05T18:08:00+00:00
[2022-10-05T18:09:49.226+0000] {processor.py:178} INFO - Processing /home/airflow/.local/lib/python3.7/site-packages/airflow/example_dags/example_sla_dag.py took 0.080 seconds
[2022-10-05T18:10:19.991+0000] {processor.py:156} INFO - Started process (PID=721) to work on /home/airflow/.local/lib/python3.7/site-packages/airflow/example_dags/example_sla_dag.py
[2022-10-05T18:10:19.999+0000] {processor.py:758} INFO - Processing file /home/airflow/.local/lib/python3.7/site-packages/airflow/example_dags/example_sla_dag.py for tasks to queue
[2022-10-05T18:10:19.999+0000] {logging_mixin.py:117} INFO - [2022-10-05T18:10:19.999+0000] {dagbag.py:525} INFO - Filling up the DagBag from /home/airflow/.local/lib/python3.7/site-packages/airflow/example_dags/example_sla_dag.py
[2022-10-05T18:10:20.019+0000] {processor.py:768} INFO - DAG(s) dict_keys(['example_sla_dag']) retrieved from /home/airflow/.local/lib/python3.7/site-packages/airflow/example_dags/example_sla_dag.py
[2022-10-05T18:10:20.043+0000] {logging_mixin.py:117} INFO - [2022-10-05T18:10:20.043+0000] {dag.py:2573} INFO - Sync 1 DAGs
[2022-10-05T18:10:20.063+0000] {logging_mixin.py:117} INFO - [2022-10-05T18:10:20.063+0000] {dag.py:3328} INFO - Setting next_dagrun for example_sla_dag to 2022-10-05T18:08:00+00:00, run_after=2022-10-05T18:10:00+00:00
[2022-10-05T18:10:20.082+0000] {processor.py:178} INFO - Processing /home/airflow/.local/lib/python3.7/site-packages/airflow/example_dags/example_sla_dag.py took 0.093 seconds
