[2022-10-05T18:04:41.750+0000] {processor.py:156} INFO - Started process (PID=58) to work on /home/airflow/.local/lib/python3.7/site-packages/airflow/example_dags/example_local_kubernetes_executor.py
[2022-10-05T18:04:41.750+0000] {processor.py:758} INFO - Processing file /home/airflow/.local/lib/python3.7/site-packages/airflow/example_dags/example_local_kubernetes_executor.py for tasks to queue
[2022-10-05T18:04:41.751+0000] {logging_mixin.py:117} INFO - [2022-10-05T18:04:41.751+0000] {dagbag.py:525} INFO - Filling up the DagBag from /home/airflow/.local/lib/python3.7/site-packages/airflow/example_dags/example_local_kubernetes_executor.py
[2022-10-05T18:04:41.768+0000] {processor.py:768} INFO - DAG(s) dict_keys(['example_local_kubernetes_executor']) retrieved from /home/airflow/.local/lib/python3.7/site-packages/airflow/example_dags/example_local_kubernetes_executor.py
[2022-10-05T18:04:41.784+0000] {logging_mixin.py:117} INFO - [2022-10-05T18:04:41.784+0000] {dag.py:2573} INFO - Sync 1 DAGs
[2022-10-05T18:04:41.800+0000] {logging_mixin.py:117} INFO - [2022-10-05T18:04:41.800+0000] {dag.py:3328} INFO - Setting next_dagrun for example_local_kubernetes_executor to None, run_after=None
[2022-10-05T18:04:41.822+0000] {processor.py:178} INFO - Processing /home/airflow/.local/lib/python3.7/site-packages/airflow/example_dags/example_local_kubernetes_executor.py took 0.073 seconds
[2022-10-05T18:05:12.864+0000] {processor.py:156} INFO - Started process (PID=121) to work on /home/airflow/.local/lib/python3.7/site-packages/airflow/example_dags/example_local_kubernetes_executor.py
[2022-10-05T18:05:12.872+0000] {processor.py:758} INFO - Processing file /home/airflow/.local/lib/python3.7/site-packages/airflow/example_dags/example_local_kubernetes_executor.py for tasks to queue
[2022-10-05T18:05:12.873+0000] {logging_mixin.py:117} INFO - [2022-10-05T18:05:12.872+0000] {dagbag.py:525} INFO - Filling up the DagBag from /home/airflow/.local/lib/python3.7/site-packages/airflow/example_dags/example_local_kubernetes_executor.py
[2022-10-05T18:05:12.918+0000] {processor.py:768} INFO - DAG(s) dict_keys(['example_local_kubernetes_executor']) retrieved from /home/airflow/.local/lib/python3.7/site-packages/airflow/example_dags/example_local_kubernetes_executor.py
[2022-10-05T18:05:12.963+0000] {logging_mixin.py:117} INFO - [2022-10-05T18:05:12.963+0000] {dag.py:2573} INFO - Sync 1 DAGs
[2022-10-05T18:05:13.011+0000] {logging_mixin.py:117} INFO - [2022-10-05T18:05:13.011+0000] {dag.py:3328} INFO - Setting next_dagrun for example_local_kubernetes_executor to None, run_after=None
[2022-10-05T18:05:13.063+0000] {processor.py:178} INFO - Processing /home/airflow/.local/lib/python3.7/site-packages/airflow/example_dags/example_local_kubernetes_executor.py took 0.204 seconds
[2022-10-05T18:05:43.900+0000] {processor.py:156} INFO - Started process (PID=184) to work on /home/airflow/.local/lib/python3.7/site-packages/airflow/example_dags/example_local_kubernetes_executor.py
[2022-10-05T18:05:43.908+0000] {processor.py:758} INFO - Processing file /home/airflow/.local/lib/python3.7/site-packages/airflow/example_dags/example_local_kubernetes_executor.py for tasks to queue
[2022-10-05T18:05:43.909+0000] {logging_mixin.py:117} INFO - [2022-10-05T18:05:43.909+0000] {dagbag.py:525} INFO - Filling up the DagBag from /home/airflow/.local/lib/python3.7/site-packages/airflow/example_dags/example_local_kubernetes_executor.py
[2022-10-05T18:05:43.942+0000] {processor.py:768} INFO - DAG(s) dict_keys(['example_local_kubernetes_executor']) retrieved from /home/airflow/.local/lib/python3.7/site-packages/airflow/example_dags/example_local_kubernetes_executor.py
[2022-10-05T18:05:43.983+0000] {logging_mixin.py:117} INFO - [2022-10-05T18:05:43.983+0000] {dag.py:2573} INFO - Sync 1 DAGs
[2022-10-05T18:05:44.008+0000] {logging_mixin.py:117} INFO - [2022-10-05T18:05:44.008+0000] {dag.py:3328} INFO - Setting next_dagrun for example_local_kubernetes_executor to None, run_after=None
[2022-10-05T18:05:44.038+0000] {processor.py:178} INFO - Processing /home/airflow/.local/lib/python3.7/site-packages/airflow/example_dags/example_local_kubernetes_executor.py took 0.140 seconds
[2022-10-05T18:06:14.687+0000] {processor.py:156} INFO - Started process (PID=246) to work on /home/airflow/.local/lib/python3.7/site-packages/airflow/example_dags/example_local_kubernetes_executor.py
[2022-10-05T18:06:14.695+0000] {processor.py:758} INFO - Processing file /home/airflow/.local/lib/python3.7/site-packages/airflow/example_dags/example_local_kubernetes_executor.py for tasks to queue
[2022-10-05T18:06:14.695+0000] {logging_mixin.py:117} INFO - [2022-10-05T18:06:14.695+0000] {dagbag.py:525} INFO - Filling up the DagBag from /home/airflow/.local/lib/python3.7/site-packages/airflow/example_dags/example_local_kubernetes_executor.py
[2022-10-05T18:06:14.710+0000] {processor.py:768} INFO - DAG(s) dict_keys(['example_local_kubernetes_executor']) retrieved from /home/airflow/.local/lib/python3.7/site-packages/airflow/example_dags/example_local_kubernetes_executor.py
[2022-10-05T18:06:14.734+0000] {logging_mixin.py:117} INFO - [2022-10-05T18:06:14.733+0000] {dag.py:2573} INFO - Sync 1 DAGs
[2022-10-05T18:06:14.749+0000] {logging_mixin.py:117} INFO - [2022-10-05T18:06:14.749+0000] {dag.py:3328} INFO - Setting next_dagrun for example_local_kubernetes_executor to None, run_after=None
[2022-10-05T18:06:14.761+0000] {processor.py:178} INFO - Processing /home/airflow/.local/lib/python3.7/site-packages/airflow/example_dags/example_local_kubernetes_executor.py took 0.076 seconds
[2022-10-05T18:06:45.512+0000] {processor.py:156} INFO - Started process (PID=308) to work on /home/airflow/.local/lib/python3.7/site-packages/airflow/example_dags/example_local_kubernetes_executor.py
[2022-10-05T18:06:45.519+0000] {processor.py:758} INFO - Processing file /home/airflow/.local/lib/python3.7/site-packages/airflow/example_dags/example_local_kubernetes_executor.py for tasks to queue
[2022-10-05T18:06:45.520+0000] {logging_mixin.py:117} INFO - [2022-10-05T18:06:45.520+0000] {dagbag.py:525} INFO - Filling up the DagBag from /home/airflow/.local/lib/python3.7/site-packages/airflow/example_dags/example_local_kubernetes_executor.py
[2022-10-05T18:06:45.534+0000] {processor.py:768} INFO - DAG(s) dict_keys(['example_local_kubernetes_executor']) retrieved from /home/airflow/.local/lib/python3.7/site-packages/airflow/example_dags/example_local_kubernetes_executor.py
[2022-10-05T18:06:45.558+0000] {logging_mixin.py:117} INFO - [2022-10-05T18:06:45.558+0000] {dag.py:2573} INFO - Sync 1 DAGs
[2022-10-05T18:06:45.575+0000] {logging_mixin.py:117} INFO - [2022-10-05T18:06:45.575+0000] {dag.py:3328} INFO - Setting next_dagrun for example_local_kubernetes_executor to None, run_after=None
[2022-10-05T18:06:45.597+0000] {processor.py:178} INFO - Processing /home/airflow/.local/lib/python3.7/site-packages/airflow/example_dags/example_local_kubernetes_executor.py took 0.087 seconds
[2022-10-05T18:07:15.897+0000] {processor.py:156} INFO - Started process (PID=361) to work on /home/airflow/.local/lib/python3.7/site-packages/airflow/example_dags/example_local_kubernetes_executor.py
[2022-10-05T18:07:15.905+0000] {processor.py:758} INFO - Processing file /home/airflow/.local/lib/python3.7/site-packages/airflow/example_dags/example_local_kubernetes_executor.py for tasks to queue
[2022-10-05T18:07:15.905+0000] {logging_mixin.py:117} INFO - [2022-10-05T18:07:15.905+0000] {dagbag.py:525} INFO - Filling up the DagBag from /home/airflow/.local/lib/python3.7/site-packages/airflow/example_dags/example_local_kubernetes_executor.py
[2022-10-05T18:07:15.919+0000] {processor.py:768} INFO - DAG(s) dict_keys(['example_local_kubernetes_executor']) retrieved from /home/airflow/.local/lib/python3.7/site-packages/airflow/example_dags/example_local_kubernetes_executor.py
[2022-10-05T18:07:15.944+0000] {logging_mixin.py:117} INFO - [2022-10-05T18:07:15.944+0000] {dag.py:2573} INFO - Sync 1 DAGs
[2022-10-05T18:07:15.960+0000] {logging_mixin.py:117} INFO - [2022-10-05T18:07:15.960+0000] {dag.py:3328} INFO - Setting next_dagrun for example_local_kubernetes_executor to None, run_after=None
[2022-10-05T18:07:15.981+0000] {processor.py:178} INFO - Processing /home/airflow/.local/lib/python3.7/site-packages/airflow/example_dags/example_local_kubernetes_executor.py took 0.085 seconds
[2022-10-05T18:07:46.219+0000] {processor.py:156} INFO - Started process (PID=423) to work on /home/airflow/.local/lib/python3.7/site-packages/airflow/example_dags/example_local_kubernetes_executor.py
[2022-10-05T18:07:46.220+0000] {processor.py:758} INFO - Processing file /home/airflow/.local/lib/python3.7/site-packages/airflow/example_dags/example_local_kubernetes_executor.py for tasks to queue
[2022-10-05T18:07:46.220+0000] {logging_mixin.py:117} INFO - [2022-10-05T18:07:46.220+0000] {dagbag.py:525} INFO - Filling up the DagBag from /home/airflow/.local/lib/python3.7/site-packages/airflow/example_dags/example_local_kubernetes_executor.py
[2022-10-05T18:07:46.234+0000] {processor.py:768} INFO - DAG(s) dict_keys(['example_local_kubernetes_executor']) retrieved from /home/airflow/.local/lib/python3.7/site-packages/airflow/example_dags/example_local_kubernetes_executor.py
[2022-10-05T18:07:46.257+0000] {logging_mixin.py:117} INFO - [2022-10-05T18:07:46.257+0000] {dag.py:2573} INFO - Sync 1 DAGs
[2022-10-05T18:07:46.273+0000] {logging_mixin.py:117} INFO - [2022-10-05T18:07:46.273+0000] {dag.py:3328} INFO - Setting next_dagrun for example_local_kubernetes_executor to None, run_after=None
[2022-10-05T18:07:46.288+0000] {processor.py:178} INFO - Processing /home/airflow/.local/lib/python3.7/site-packages/airflow/example_dags/example_local_kubernetes_executor.py took 0.071 seconds
[2022-10-05T18:08:17.135+0000] {processor.py:156} INFO - Started process (PID=486) to work on /home/airflow/.local/lib/python3.7/site-packages/airflow/example_dags/example_local_kubernetes_executor.py
[2022-10-05T18:08:17.142+0000] {processor.py:758} INFO - Processing file /home/airflow/.local/lib/python3.7/site-packages/airflow/example_dags/example_local_kubernetes_executor.py for tasks to queue
[2022-10-05T18:08:17.143+0000] {logging_mixin.py:117} INFO - [2022-10-05T18:08:17.143+0000] {dagbag.py:525} INFO - Filling up the DagBag from /home/airflow/.local/lib/python3.7/site-packages/airflow/example_dags/example_local_kubernetes_executor.py
[2022-10-05T18:08:17.176+0000] {processor.py:768} INFO - DAG(s) dict_keys(['example_local_kubernetes_executor']) retrieved from /home/airflow/.local/lib/python3.7/site-packages/airflow/example_dags/example_local_kubernetes_executor.py
[2022-10-05T18:08:17.204+0000] {logging_mixin.py:117} INFO - [2022-10-05T18:08:17.204+0000] {dag.py:2573} INFO - Sync 1 DAGs
[2022-10-05T18:08:17.256+0000] {logging_mixin.py:117} INFO - [2022-10-05T18:08:17.256+0000] {dag.py:3328} INFO - Setting next_dagrun for example_local_kubernetes_executor to None, run_after=None
[2022-10-05T18:08:17.304+0000] {processor.py:178} INFO - Processing /home/airflow/.local/lib/python3.7/site-packages/airflow/example_dags/example_local_kubernetes_executor.py took 0.173 seconds
[2022-10-05T18:08:47.643+0000] {processor.py:156} INFO - Started process (PID=549) to work on /home/airflow/.local/lib/python3.7/site-packages/airflow/example_dags/example_local_kubernetes_executor.py
[2022-10-05T18:08:47.650+0000] {processor.py:758} INFO - Processing file /home/airflow/.local/lib/python3.7/site-packages/airflow/example_dags/example_local_kubernetes_executor.py for tasks to queue
[2022-10-05T18:08:47.650+0000] {logging_mixin.py:117} INFO - [2022-10-05T18:08:47.650+0000] {dagbag.py:525} INFO - Filling up the DagBag from /home/airflow/.local/lib/python3.7/site-packages/airflow/example_dags/example_local_kubernetes_executor.py
[2022-10-05T18:08:47.664+0000] {processor.py:768} INFO - DAG(s) dict_keys(['example_local_kubernetes_executor']) retrieved from /home/airflow/.local/lib/python3.7/site-packages/airflow/example_dags/example_local_kubernetes_executor.py
[2022-10-05T18:08:47.686+0000] {logging_mixin.py:117} INFO - [2022-10-05T18:08:47.686+0000] {dag.py:2573} INFO - Sync 1 DAGs
[2022-10-05T18:08:47.707+0000] {logging_mixin.py:117} INFO - [2022-10-05T18:08:47.707+0000] {dag.py:3328} INFO - Setting next_dagrun for example_local_kubernetes_executor to None, run_after=None
[2022-10-05T18:08:47.747+0000] {processor.py:178} INFO - Processing /home/airflow/.local/lib/python3.7/site-packages/airflow/example_dags/example_local_kubernetes_executor.py took 0.106 seconds
[2022-10-05T18:09:18.765+0000] {processor.py:156} INFO - Started process (PID=610) to work on /home/airflow/.local/lib/python3.7/site-packages/airflow/example_dags/example_local_kubernetes_executor.py
[2022-10-05T18:09:18.773+0000] {processor.py:758} INFO - Processing file /home/airflow/.local/lib/python3.7/site-packages/airflow/example_dags/example_local_kubernetes_executor.py for tasks to queue
[2022-10-05T18:09:18.773+0000] {logging_mixin.py:117} INFO - [2022-10-05T18:09:18.773+0000] {dagbag.py:525} INFO - Filling up the DagBag from /home/airflow/.local/lib/python3.7/site-packages/airflow/example_dags/example_local_kubernetes_executor.py
[2022-10-05T18:09:18.787+0000] {processor.py:768} INFO - DAG(s) dict_keys(['example_local_kubernetes_executor']) retrieved from /home/airflow/.local/lib/python3.7/site-packages/airflow/example_dags/example_local_kubernetes_executor.py
[2022-10-05T18:09:18.812+0000] {logging_mixin.py:117} INFO - [2022-10-05T18:09:18.812+0000] {dag.py:2573} INFO - Sync 1 DAGs
[2022-10-05T18:09:18.828+0000] {logging_mixin.py:117} INFO - [2022-10-05T18:09:18.828+0000] {dag.py:3328} INFO - Setting next_dagrun for example_local_kubernetes_executor to None, run_after=None
[2022-10-05T18:09:18.845+0000] {processor.py:178} INFO - Processing /home/airflow/.local/lib/python3.7/site-packages/airflow/example_dags/example_local_kubernetes_executor.py took 0.082 seconds
[2022-10-05T18:09:49.935+0000] {processor.py:156} INFO - Started process (PID=666) to work on /home/airflow/.local/lib/python3.7/site-packages/airflow/example_dags/example_local_kubernetes_executor.py
[2022-10-05T18:09:49.943+0000] {processor.py:758} INFO - Processing file /home/airflow/.local/lib/python3.7/site-packages/airflow/example_dags/example_local_kubernetes_executor.py for tasks to queue
[2022-10-05T18:09:49.943+0000] {logging_mixin.py:117} INFO - [2022-10-05T18:09:49.943+0000] {dagbag.py:525} INFO - Filling up the DagBag from /home/airflow/.local/lib/python3.7/site-packages/airflow/example_dags/example_local_kubernetes_executor.py
[2022-10-05T18:09:49.957+0000] {processor.py:768} INFO - DAG(s) dict_keys(['example_local_kubernetes_executor']) retrieved from /home/airflow/.local/lib/python3.7/site-packages/airflow/example_dags/example_local_kubernetes_executor.py
[2022-10-05T18:09:49.980+0000] {logging_mixin.py:117} INFO - [2022-10-05T18:09:49.980+0000] {dag.py:2573} INFO - Sync 1 DAGs
[2022-10-05T18:09:49.995+0000] {logging_mixin.py:117} INFO - [2022-10-05T18:09:49.995+0000] {dag.py:3328} INFO - Setting next_dagrun for example_local_kubernetes_executor to None, run_after=None
[2022-10-05T18:09:50.019+0000] {processor.py:178} INFO - Processing /home/airflow/.local/lib/python3.7/site-packages/airflow/example_dags/example_local_kubernetes_executor.py took 0.086 seconds
[2022-10-05T18:10:20.480+0000] {processor.py:156} INFO - Started process (PID=729) to work on /home/airflow/.local/lib/python3.7/site-packages/airflow/example_dags/example_local_kubernetes_executor.py
[2022-10-05T18:10:20.481+0000] {processor.py:758} INFO - Processing file /home/airflow/.local/lib/python3.7/site-packages/airflow/example_dags/example_local_kubernetes_executor.py for tasks to queue
[2022-10-05T18:10:20.481+0000] {logging_mixin.py:117} INFO - [2022-10-05T18:10:20.481+0000] {dagbag.py:525} INFO - Filling up the DagBag from /home/airflow/.local/lib/python3.7/site-packages/airflow/example_dags/example_local_kubernetes_executor.py
[2022-10-05T18:10:20.496+0000] {processor.py:768} INFO - DAG(s) dict_keys(['example_local_kubernetes_executor']) retrieved from /home/airflow/.local/lib/python3.7/site-packages/airflow/example_dags/example_local_kubernetes_executor.py
[2022-10-05T18:10:20.520+0000] {logging_mixin.py:117} INFO - [2022-10-05T18:10:20.520+0000] {dag.py:2573} INFO - Sync 1 DAGs
[2022-10-05T18:10:20.536+0000] {logging_mixin.py:117} INFO - [2022-10-05T18:10:20.536+0000] {dag.py:3328} INFO - Setting next_dagrun for example_local_kubernetes_executor to None, run_after=None
[2022-10-05T18:10:20.548+0000] {processor.py:178} INFO - Processing /home/airflow/.local/lib/python3.7/site-packages/airflow/example_dags/example_local_kubernetes_executor.py took 0.069 seconds
