[2022-10-05T18:04:42.517+0000] {processor.py:156} INFO - Started process (PID=72) to work on /home/airflow/.local/lib/python3.7/site-packages/airflow/example_dags/example_task_group_decorator.py
[2022-10-05T18:04:42.517+0000] {processor.py:758} INFO - Processing file /home/airflow/.local/lib/python3.7/site-packages/airflow/example_dags/example_task_group_decorator.py for tasks to queue
[2022-10-05T18:04:42.518+0000] {logging_mixin.py:117} INFO - [2022-10-05T18:04:42.517+0000] {dagbag.py:525} INFO - Filling up the DagBag from /home/airflow/.local/lib/python3.7/site-packages/airflow/example_dags/example_task_group_decorator.py
[2022-10-05T18:04:42.539+0000] {processor.py:768} INFO - DAG(s) dict_keys(['example_task_group_decorator']) retrieved from /home/airflow/.local/lib/python3.7/site-packages/airflow/example_dags/example_task_group_decorator.py
[2022-10-05T18:04:42.554+0000] {logging_mixin.py:117} INFO - [2022-10-05T18:04:42.554+0000] {dag.py:2573} INFO - Sync 1 DAGs
[2022-10-05T18:04:42.570+0000] {logging_mixin.py:117} INFO - [2022-10-05T18:04:42.570+0000] {dag.py:3328} INFO - Setting next_dagrun for example_task_group_decorator to 2022-10-04T18:04:42.570177+00:00, run_after=2022-10-05T18:04:42.570177+00:00
[2022-10-05T18:04:42.584+0000] {processor.py:178} INFO - Processing /home/airflow/.local/lib/python3.7/site-packages/airflow/example_dags/example_task_group_decorator.py took 0.069 seconds
[2022-10-05T18:05:14.237+0000] {processor.py:156} INFO - Started process (PID=135) to work on /home/airflow/.local/lib/python3.7/site-packages/airflow/example_dags/example_task_group_decorator.py
[2022-10-05T18:05:14.244+0000] {processor.py:758} INFO - Processing file /home/airflow/.local/lib/python3.7/site-packages/airflow/example_dags/example_task_group_decorator.py for tasks to queue
[2022-10-05T18:05:14.245+0000] {logging_mixin.py:117} INFO - [2022-10-05T18:05:14.245+0000] {dagbag.py:525} INFO - Filling up the DagBag from /home/airflow/.local/lib/python3.7/site-packages/airflow/example_dags/example_task_group_decorator.py
[2022-10-05T18:05:14.266+0000] {processor.py:768} INFO - DAG(s) dict_keys(['example_task_group_decorator']) retrieved from /home/airflow/.local/lib/python3.7/site-packages/airflow/example_dags/example_task_group_decorator.py
[2022-10-05T18:05:14.290+0000] {logging_mixin.py:117} INFO - [2022-10-05T18:05:14.290+0000] {dag.py:2573} INFO - Sync 1 DAGs
[2022-10-05T18:05:14.306+0000] {logging_mixin.py:117} INFO - [2022-10-05T18:05:14.306+0000] {dag.py:3328} INFO - Setting next_dagrun for example_task_group_decorator to 2022-10-04T18:05:14.306469+00:00, run_after=2022-10-05T18:05:14.306469+00:00
[2022-10-05T18:05:14.327+0000] {processor.py:178} INFO - Processing /home/airflow/.local/lib/python3.7/site-packages/airflow/example_dags/example_task_group_decorator.py took 0.092 seconds
[2022-10-05T18:05:45.211+0000] {processor.py:156} INFO - Started process (PID=198) to work on /home/airflow/.local/lib/python3.7/site-packages/airflow/example_dags/example_task_group_decorator.py
[2022-10-05T18:05:45.219+0000] {processor.py:758} INFO - Processing file /home/airflow/.local/lib/python3.7/site-packages/airflow/example_dags/example_task_group_decorator.py for tasks to queue
[2022-10-05T18:05:45.221+0000] {logging_mixin.py:117} INFO - [2022-10-05T18:05:45.220+0000] {dagbag.py:525} INFO - Filling up the DagBag from /home/airflow/.local/lib/python3.7/site-packages/airflow/example_dags/example_task_group_decorator.py
[2022-10-05T18:05:45.291+0000] {processor.py:768} INFO - DAG(s) dict_keys(['example_task_group_decorator']) retrieved from /home/airflow/.local/lib/python3.7/site-packages/airflow/example_dags/example_task_group_decorator.py
[2022-10-05T18:05:45.357+0000] {logging_mixin.py:117} INFO - [2022-10-05T18:05:45.357+0000] {dag.py:2573} INFO - Sync 1 DAGs
[2022-10-05T18:05:45.387+0000] {logging_mixin.py:117} INFO - [2022-10-05T18:05:45.387+0000] {dag.py:3328} INFO - Setting next_dagrun for example_task_group_decorator to 2022-10-04T18:05:45.387377+00:00, run_after=2022-10-05T18:05:45.387377+00:00
[2022-10-05T18:05:45.428+0000] {processor.py:178} INFO - Processing /home/airflow/.local/lib/python3.7/site-packages/airflow/example_dags/example_task_group_decorator.py took 0.222 seconds
[2022-10-05T18:06:16.348+0000] {processor.py:156} INFO - Started process (PID=260) to work on /home/airflow/.local/lib/python3.7/site-packages/airflow/example_dags/example_task_group_decorator.py
[2022-10-05T18:06:16.355+0000] {processor.py:758} INFO - Processing file /home/airflow/.local/lib/python3.7/site-packages/airflow/example_dags/example_task_group_decorator.py for tasks to queue
[2022-10-05T18:06:16.355+0000] {logging_mixin.py:117} INFO - [2022-10-05T18:06:16.355+0000] {dagbag.py:525} INFO - Filling up the DagBag from /home/airflow/.local/lib/python3.7/site-packages/airflow/example_dags/example_task_group_decorator.py
[2022-10-05T18:06:16.381+0000] {processor.py:768} INFO - DAG(s) dict_keys(['example_task_group_decorator']) retrieved from /home/airflow/.local/lib/python3.7/site-packages/airflow/example_dags/example_task_group_decorator.py
[2022-10-05T18:06:16.457+0000] {logging_mixin.py:117} INFO - [2022-10-05T18:06:16.457+0000] {dag.py:2573} INFO - Sync 1 DAGs
[2022-10-05T18:06:16.488+0000] {logging_mixin.py:117} INFO - [2022-10-05T18:06:16.487+0000] {dag.py:3328} INFO - Setting next_dagrun for example_task_group_decorator to 2022-10-04T18:06:16.487285+00:00, run_after=2022-10-05T18:06:16.487285+00:00
[2022-10-05T18:06:16.536+0000] {processor.py:178} INFO - Processing /home/airflow/.local/lib/python3.7/site-packages/airflow/example_dags/example_task_group_decorator.py took 0.190 seconds
[2022-10-05T18:06:47.554+0000] {processor.py:156} INFO - Started process (PID=322) to work on /home/airflow/.local/lib/python3.7/site-packages/airflow/example_dags/example_task_group_decorator.py
[2022-10-05T18:06:47.562+0000] {processor.py:758} INFO - Processing file /home/airflow/.local/lib/python3.7/site-packages/airflow/example_dags/example_task_group_decorator.py for tasks to queue
[2022-10-05T18:06:47.563+0000] {logging_mixin.py:117} INFO - [2022-10-05T18:06:47.563+0000] {dagbag.py:525} INFO - Filling up the DagBag from /home/airflow/.local/lib/python3.7/site-packages/airflow/example_dags/example_task_group_decorator.py
[2022-10-05T18:06:47.631+0000] {processor.py:768} INFO - DAG(s) dict_keys(['example_task_group_decorator']) retrieved from /home/airflow/.local/lib/python3.7/site-packages/airflow/example_dags/example_task_group_decorator.py
[2022-10-05T18:06:47.695+0000] {logging_mixin.py:117} INFO - [2022-10-05T18:06:47.695+0000] {dag.py:2573} INFO - Sync 1 DAGs
[2022-10-05T18:06:47.724+0000] {logging_mixin.py:117} INFO - [2022-10-05T18:06:47.724+0000] {dag.py:3328} INFO - Setting next_dagrun for example_task_group_decorator to 2022-10-04T18:06:47.723838+00:00, run_after=2022-10-05T18:06:47.723838+00:00
[2022-10-05T18:06:47.760+0000] {processor.py:178} INFO - Processing /home/airflow/.local/lib/python3.7/site-packages/airflow/example_dags/example_task_group_decorator.py took 0.211 seconds
[2022-10-05T18:07:18.194+0000] {processor.py:156} INFO - Started process (PID=382) to work on /home/airflow/.local/lib/python3.7/site-packages/airflow/example_dags/example_task_group_decorator.py
[2022-10-05T18:07:18.202+0000] {processor.py:758} INFO - Processing file /home/airflow/.local/lib/python3.7/site-packages/airflow/example_dags/example_task_group_decorator.py for tasks to queue
[2022-10-05T18:07:18.203+0000] {logging_mixin.py:117} INFO - [2022-10-05T18:07:18.203+0000] {dagbag.py:525} INFO - Filling up the DagBag from /home/airflow/.local/lib/python3.7/site-packages/airflow/example_dags/example_task_group_decorator.py
[2022-10-05T18:07:18.246+0000] {processor.py:768} INFO - DAG(s) dict_keys(['example_task_group_decorator']) retrieved from /home/airflow/.local/lib/python3.7/site-packages/airflow/example_dags/example_task_group_decorator.py
[2022-10-05T18:07:18.274+0000] {logging_mixin.py:117} INFO - [2022-10-05T18:07:18.274+0000] {dag.py:2573} INFO - Sync 1 DAGs
[2022-10-05T18:07:18.289+0000] {logging_mixin.py:117} INFO - [2022-10-05T18:07:18.289+0000] {dag.py:3328} INFO - Setting next_dagrun for example_task_group_decorator to 2022-10-04T18:07:18.289254+00:00, run_after=2022-10-05T18:07:18.289254+00:00
[2022-10-05T18:07:18.310+0000] {processor.py:178} INFO - Processing /home/airflow/.local/lib/python3.7/site-packages/airflow/example_dags/example_task_group_decorator.py took 0.122 seconds
[2022-10-05T18:07:48.558+0000] {processor.py:156} INFO - Started process (PID=437) to work on /home/airflow/.local/lib/python3.7/site-packages/airflow/example_dags/example_task_group_decorator.py
[2022-10-05T18:07:48.566+0000] {processor.py:758} INFO - Processing file /home/airflow/.local/lib/python3.7/site-packages/airflow/example_dags/example_task_group_decorator.py for tasks to queue
[2022-10-05T18:07:48.567+0000] {logging_mixin.py:117} INFO - [2022-10-05T18:07:48.567+0000] {dagbag.py:525} INFO - Filling up the DagBag from /home/airflow/.local/lib/python3.7/site-packages/airflow/example_dags/example_task_group_decorator.py
[2022-10-05T18:07:48.636+0000] {processor.py:768} INFO - DAG(s) dict_keys(['example_task_group_decorator']) retrieved from /home/airflow/.local/lib/python3.7/site-packages/airflow/example_dags/example_task_group_decorator.py
[2022-10-05T18:07:48.701+0000] {logging_mixin.py:117} INFO - [2022-10-05T18:07:48.700+0000] {dag.py:2573} INFO - Sync 1 DAGs
[2022-10-05T18:07:48.729+0000] {logging_mixin.py:117} INFO - [2022-10-05T18:07:48.729+0000] {dag.py:3328} INFO - Setting next_dagrun for example_task_group_decorator to 2022-10-04T18:07:48.728972+00:00, run_after=2022-10-05T18:07:48.728972+00:00
[2022-10-05T18:07:48.769+0000] {processor.py:178} INFO - Processing /home/airflow/.local/lib/python3.7/site-packages/airflow/example_dags/example_task_group_decorator.py took 0.216 seconds
[2022-10-05T18:08:19.598+0000] {processor.py:156} INFO - Started process (PID=500) to work on /home/airflow/.local/lib/python3.7/site-packages/airflow/example_dags/example_task_group_decorator.py
[2022-10-05T18:08:19.606+0000] {processor.py:758} INFO - Processing file /home/airflow/.local/lib/python3.7/site-packages/airflow/example_dags/example_task_group_decorator.py for tasks to queue
[2022-10-05T18:08:19.607+0000] {logging_mixin.py:117} INFO - [2022-10-05T18:08:19.606+0000] {dagbag.py:525} INFO - Filling up the DagBag from /home/airflow/.local/lib/python3.7/site-packages/airflow/example_dags/example_task_group_decorator.py
[2022-10-05T18:08:19.674+0000] {processor.py:768} INFO - DAG(s) dict_keys(['example_task_group_decorator']) retrieved from /home/airflow/.local/lib/python3.7/site-packages/airflow/example_dags/example_task_group_decorator.py
[2022-10-05T18:08:19.764+0000] {logging_mixin.py:117} INFO - [2022-10-05T18:08:19.763+0000] {dag.py:2573} INFO - Sync 1 DAGs
[2022-10-05T18:08:19.804+0000] {logging_mixin.py:117} INFO - [2022-10-05T18:08:19.804+0000] {dag.py:3328} INFO - Setting next_dagrun for example_task_group_decorator to 2022-10-04T18:08:19.804279+00:00, run_after=2022-10-05T18:08:19.804279+00:00
[2022-10-05T18:08:19.848+0000] {processor.py:178} INFO - Processing /home/airflow/.local/lib/python3.7/site-packages/airflow/example_dags/example_task_group_decorator.py took 0.256 seconds
[2022-10-05T18:08:50.425+0000] {processor.py:156} INFO - Started process (PID=563) to work on /home/airflow/.local/lib/python3.7/site-packages/airflow/example_dags/example_task_group_decorator.py
[2022-10-05T18:08:50.433+0000] {processor.py:758} INFO - Processing file /home/airflow/.local/lib/python3.7/site-packages/airflow/example_dags/example_task_group_decorator.py for tasks to queue
[2022-10-05T18:08:50.434+0000] {logging_mixin.py:117} INFO - [2022-10-05T18:08:50.433+0000] {dagbag.py:525} INFO - Filling up the DagBag from /home/airflow/.local/lib/python3.7/site-packages/airflow/example_dags/example_task_group_decorator.py
[2022-10-05T18:08:50.479+0000] {processor.py:768} INFO - DAG(s) dict_keys(['example_task_group_decorator']) retrieved from /home/airflow/.local/lib/python3.7/site-packages/airflow/example_dags/example_task_group_decorator.py
[2022-10-05T18:08:50.559+0000] {logging_mixin.py:117} INFO - [2022-10-05T18:08:50.559+0000] {dag.py:2573} INFO - Sync 1 DAGs
[2022-10-05T18:08:50.610+0000] {logging_mixin.py:117} INFO - [2022-10-05T18:08:50.610+0000] {dag.py:3328} INFO - Setting next_dagrun for example_task_group_decorator to 2022-10-04T18:08:50.609708+00:00, run_after=2022-10-05T18:08:50.609708+00:00
[2022-10-05T18:08:50.658+0000] {processor.py:178} INFO - Processing /home/airflow/.local/lib/python3.7/site-packages/airflow/example_dags/example_task_group_decorator.py took 0.238 seconds
[2022-10-05T18:09:21.611+0000] {processor.py:156} INFO - Started process (PID=626) to work on /home/airflow/.local/lib/python3.7/site-packages/airflow/example_dags/example_task_group_decorator.py
[2022-10-05T18:09:21.619+0000] {processor.py:758} INFO - Processing file /home/airflow/.local/lib/python3.7/site-packages/airflow/example_dags/example_task_group_decorator.py for tasks to queue
[2022-10-05T18:09:21.620+0000] {logging_mixin.py:117} INFO - [2022-10-05T18:09:21.620+0000] {dagbag.py:525} INFO - Filling up the DagBag from /home/airflow/.local/lib/python3.7/site-packages/airflow/example_dags/example_task_group_decorator.py
[2022-10-05T18:09:21.676+0000] {processor.py:768} INFO - DAG(s) dict_keys(['example_task_group_decorator']) retrieved from /home/airflow/.local/lib/python3.7/site-packages/airflow/example_dags/example_task_group_decorator.py
[2022-10-05T18:09:21.761+0000] {logging_mixin.py:117} INFO - [2022-10-05T18:09:21.761+0000] {dag.py:2573} INFO - Sync 1 DAGs
[2022-10-05T18:09:21.805+0000] {logging_mixin.py:117} INFO - [2022-10-05T18:09:21.805+0000] {dag.py:3328} INFO - Setting next_dagrun for example_task_group_decorator to 2022-10-04T18:09:21.805023+00:00, run_after=2022-10-05T18:09:21.805023+00:00
[2022-10-05T18:09:21.843+0000] {processor.py:178} INFO - Processing /home/airflow/.local/lib/python3.7/site-packages/airflow/example_dags/example_task_group_decorator.py took 0.237 seconds
[2022-10-05T18:09:51.985+0000] {processor.py:156} INFO - Started process (PID=689) to work on /home/airflow/.local/lib/python3.7/site-packages/airflow/example_dags/example_task_group_decorator.py
[2022-10-05T18:09:51.992+0000] {processor.py:758} INFO - Processing file /home/airflow/.local/lib/python3.7/site-packages/airflow/example_dags/example_task_group_decorator.py for tasks to queue
[2022-10-05T18:09:51.992+0000] {logging_mixin.py:117} INFO - [2022-10-05T18:09:51.992+0000] {dagbag.py:525} INFO - Filling up the DagBag from /home/airflow/.local/lib/python3.7/site-packages/airflow/example_dags/example_task_group_decorator.py
[2022-10-05T18:09:52.012+0000] {processor.py:768} INFO - DAG(s) dict_keys(['example_task_group_decorator']) retrieved from /home/airflow/.local/lib/python3.7/site-packages/airflow/example_dags/example_task_group_decorator.py
[2022-10-05T18:09:52.037+0000] {logging_mixin.py:117} INFO - [2022-10-05T18:09:52.037+0000] {dag.py:2573} INFO - Sync 1 DAGs
[2022-10-05T18:09:52.053+0000] {logging_mixin.py:117} INFO - [2022-10-05T18:09:52.053+0000] {dag.py:3328} INFO - Setting next_dagrun for example_task_group_decorator to 2022-10-04T18:09:52.053146+00:00, run_after=2022-10-05T18:09:52.053146+00:00
[2022-10-05T18:09:52.069+0000] {processor.py:178} INFO - Processing /home/airflow/.local/lib/python3.7/site-packages/airflow/example_dags/example_task_group_decorator.py took 0.086 seconds
[2022-10-05T18:10:22.531+0000] {processor.py:156} INFO - Started process (PID=743) to work on /home/airflow/.local/lib/python3.7/site-packages/airflow/example_dags/example_task_group_decorator.py
[2022-10-05T18:10:22.532+0000] {processor.py:758} INFO - Processing file /home/airflow/.local/lib/python3.7/site-packages/airflow/example_dags/example_task_group_decorator.py for tasks to queue
[2022-10-05T18:10:22.532+0000] {logging_mixin.py:117} INFO - [2022-10-05T18:10:22.532+0000] {dagbag.py:525} INFO - Filling up the DagBag from /home/airflow/.local/lib/python3.7/site-packages/airflow/example_dags/example_task_group_decorator.py
[2022-10-05T18:10:22.573+0000] {processor.py:768} INFO - DAG(s) dict_keys(['example_task_group_decorator']) retrieved from /home/airflow/.local/lib/python3.7/site-packages/airflow/example_dags/example_task_group_decorator.py
[2022-10-05T18:10:22.605+0000] {logging_mixin.py:117} INFO - [2022-10-05T18:10:22.605+0000] {dag.py:2573} INFO - Sync 1 DAGs
[2022-10-05T18:10:22.626+0000] {logging_mixin.py:117} INFO - [2022-10-05T18:10:22.626+0000] {dag.py:3328} INFO - Setting next_dagrun for example_task_group_decorator to 2022-10-04T18:10:22.626038+00:00, run_after=2022-10-05T18:10:22.626038+00:00
[2022-10-05T18:10:22.640+0000] {processor.py:178} INFO - Processing /home/airflow/.local/lib/python3.7/site-packages/airflow/example_dags/example_task_group_decorator.py took 0.110 seconds
