[2022-10-05T18:04:41.675+0000] {processor.py:156} INFO - Started process (PID=57) to work on /home/airflow/.local/lib/python3.7/site-packages/airflow/example_dags/example_branch_labels.py
[2022-10-05T18:04:41.676+0000] {processor.py:758} INFO - Processing file /home/airflow/.local/lib/python3.7/site-packages/airflow/example_dags/example_branch_labels.py for tasks to queue
[2022-10-05T18:04:41.676+0000] {logging_mixin.py:117} INFO - [2022-10-05T18:04:41.676+0000] {dagbag.py:525} INFO - Filling up the DagBag from /home/airflow/.local/lib/python3.7/site-packages/airflow/example_dags/example_branch_labels.py
[2022-10-05T18:04:41.685+0000] {processor.py:768} INFO - DAG(s) dict_keys(['example_branch_labels']) retrieved from /home/airflow/.local/lib/python3.7/site-packages/airflow/example_dags/example_branch_labels.py
[2022-10-05T18:04:41.700+0000] {logging_mixin.py:117} INFO - [2022-10-05T18:04:41.700+0000] {dag.py:2573} INFO - Sync 1 DAGs
[2022-10-05T18:04:41.717+0000] {logging_mixin.py:117} INFO - [2022-10-05T18:04:41.717+0000] {dag.py:3328} INFO - Setting next_dagrun for example_branch_labels to 2022-10-04T00:00:00+00:00, run_after=2022-10-05T00:00:00+00:00
[2022-10-05T18:04:41.737+0000] {processor.py:178} INFO - Processing /home/airflow/.local/lib/python3.7/site-packages/airflow/example_dags/example_branch_labels.py took 0.064 seconds
[2022-10-05T18:05:12.711+0000] {processor.py:156} INFO - Started process (PID=120) to work on /home/airflow/.local/lib/python3.7/site-packages/airflow/example_dags/example_branch_labels.py
[2022-10-05T18:05:12.714+0000] {processor.py:758} INFO - Processing file /home/airflow/.local/lib/python3.7/site-packages/airflow/example_dags/example_branch_labels.py for tasks to queue
[2022-10-05T18:05:12.715+0000] {logging_mixin.py:117} INFO - [2022-10-05T18:05:12.715+0000] {dagbag.py:525} INFO - Filling up the DagBag from /home/airflow/.local/lib/python3.7/site-packages/airflow/example_dags/example_branch_labels.py
[2022-10-05T18:05:12.747+0000] {processor.py:768} INFO - DAG(s) dict_keys(['example_branch_labels']) retrieved from /home/airflow/.local/lib/python3.7/site-packages/airflow/example_dags/example_branch_labels.py
[2022-10-05T18:05:12.830+0000] {logging_mixin.py:117} INFO - [2022-10-05T18:05:12.829+0000] {dag.py:2573} INFO - Sync 1 DAGs
[2022-10-05T18:05:12.885+0000] {logging_mixin.py:117} INFO - [2022-10-05T18:05:12.884+0000] {dag.py:3328} INFO - Setting next_dagrun for example_branch_labels to 2022-10-04T00:00:00+00:00, run_after=2022-10-05T00:00:00+00:00
[2022-10-05T18:05:12.932+0000] {processor.py:178} INFO - Processing /home/airflow/.local/lib/python3.7/site-packages/airflow/example_dags/example_branch_labels.py took 0.227 seconds
[2022-10-05T18:05:43.751+0000] {processor.py:156} INFO - Started process (PID=183) to work on /home/airflow/.local/lib/python3.7/site-packages/airflow/example_dags/example_branch_labels.py
[2022-10-05T18:05:43.760+0000] {processor.py:758} INFO - Processing file /home/airflow/.local/lib/python3.7/site-packages/airflow/example_dags/example_branch_labels.py for tasks to queue
[2022-10-05T18:05:43.761+0000] {logging_mixin.py:117} INFO - [2022-10-05T18:05:43.761+0000] {dagbag.py:525} INFO - Filling up the DagBag from /home/airflow/.local/lib/python3.7/site-packages/airflow/example_dags/example_branch_labels.py
[2022-10-05T18:05:43.777+0000] {processor.py:768} INFO - DAG(s) dict_keys(['example_branch_labels']) retrieved from /home/airflow/.local/lib/python3.7/site-packages/airflow/example_dags/example_branch_labels.py
[2022-10-05T18:05:43.807+0000] {logging_mixin.py:117} INFO - [2022-10-05T18:05:43.807+0000] {dag.py:2573} INFO - Sync 1 DAGs
[2022-10-05T18:05:43.843+0000] {logging_mixin.py:117} INFO - [2022-10-05T18:05:43.843+0000] {dag.py:3328} INFO - Setting next_dagrun for example_branch_labels to 2022-10-04T00:00:00+00:00, run_after=2022-10-05T00:00:00+00:00
[2022-10-05T18:05:43.884+0000] {processor.py:178} INFO - Processing /home/airflow/.local/lib/python3.7/site-packages/airflow/example_dags/example_branch_labels.py took 0.138 seconds
[2022-10-05T18:06:14.523+0000] {processor.py:156} INFO - Started process (PID=245) to work on /home/airflow/.local/lib/python3.7/site-packages/airflow/example_dags/example_branch_labels.py
[2022-10-05T18:06:14.531+0000] {processor.py:758} INFO - Processing file /home/airflow/.local/lib/python3.7/site-packages/airflow/example_dags/example_branch_labels.py for tasks to queue
[2022-10-05T18:06:14.532+0000] {logging_mixin.py:117} INFO - [2022-10-05T18:06:14.532+0000] {dagbag.py:525} INFO - Filling up the DagBag from /home/airflow/.local/lib/python3.7/site-packages/airflow/example_dags/example_branch_labels.py
[2022-10-05T18:06:14.562+0000] {processor.py:768} INFO - DAG(s) dict_keys(['example_branch_labels']) retrieved from /home/airflow/.local/lib/python3.7/site-packages/airflow/example_dags/example_branch_labels.py
[2022-10-05T18:06:14.629+0000] {logging_mixin.py:117} INFO - [2022-10-05T18:06:14.628+0000] {dag.py:2573} INFO - Sync 1 DAGs
[2022-10-05T18:06:14.645+0000] {logging_mixin.py:117} INFO - [2022-10-05T18:06:14.645+0000] {dag.py:3328} INFO - Setting next_dagrun for example_branch_labels to 2022-10-04T00:00:00+00:00, run_after=2022-10-05T00:00:00+00:00
[2022-10-05T18:06:14.658+0000] {processor.py:178} INFO - Processing /home/airflow/.local/lib/python3.7/site-packages/airflow/example_dags/example_branch_labels.py took 0.141 seconds
[2022-10-05T18:06:45.421+0000] {processor.py:156} INFO - Started process (PID=305) to work on /home/airflow/.local/lib/python3.7/site-packages/airflow/example_dags/example_branch_labels.py
[2022-10-05T18:06:45.428+0000] {processor.py:758} INFO - Processing file /home/airflow/.local/lib/python3.7/site-packages/airflow/example_dags/example_branch_labels.py for tasks to queue
[2022-10-05T18:06:45.428+0000] {logging_mixin.py:117} INFO - [2022-10-05T18:06:45.428+0000] {dagbag.py:525} INFO - Filling up the DagBag from /home/airflow/.local/lib/python3.7/site-packages/airflow/example_dags/example_branch_labels.py
[2022-10-05T18:06:45.437+0000] {processor.py:768} INFO - DAG(s) dict_keys(['example_branch_labels']) retrieved from /home/airflow/.local/lib/python3.7/site-packages/airflow/example_dags/example_branch_labels.py
[2022-10-05T18:06:45.462+0000] {logging_mixin.py:117} INFO - [2022-10-05T18:06:45.462+0000] {dag.py:2573} INFO - Sync 1 DAGs
[2022-10-05T18:06:45.479+0000] {logging_mixin.py:117} INFO - [2022-10-05T18:06:45.479+0000] {dag.py:3328} INFO - Setting next_dagrun for example_branch_labels to 2022-10-04T00:00:00+00:00, run_after=2022-10-05T00:00:00+00:00
[2022-10-05T18:06:45.500+0000] {processor.py:178} INFO - Processing /home/airflow/.local/lib/python3.7/site-packages/airflow/example_dags/example_branch_labels.py took 0.081 seconds
[2022-10-05T18:07:15.801+0000] {processor.py:156} INFO - Started process (PID=360) to work on /home/airflow/.local/lib/python3.7/site-packages/airflow/example_dags/example_branch_labels.py
[2022-10-05T18:07:15.808+0000] {processor.py:758} INFO - Processing file /home/airflow/.local/lib/python3.7/site-packages/airflow/example_dags/example_branch_labels.py for tasks to queue
[2022-10-05T18:07:15.809+0000] {logging_mixin.py:117} INFO - [2022-10-05T18:07:15.809+0000] {dagbag.py:525} INFO - Filling up the DagBag from /home/airflow/.local/lib/python3.7/site-packages/airflow/example_dags/example_branch_labels.py
[2022-10-05T18:07:15.819+0000] {processor.py:768} INFO - DAG(s) dict_keys(['example_branch_labels']) retrieved from /home/airflow/.local/lib/python3.7/site-packages/airflow/example_dags/example_branch_labels.py
[2022-10-05T18:07:15.846+0000] {logging_mixin.py:117} INFO - [2022-10-05T18:07:15.846+0000] {dag.py:2573} INFO - Sync 1 DAGs
[2022-10-05T18:07:15.864+0000] {logging_mixin.py:117} INFO - [2022-10-05T18:07:15.864+0000] {dag.py:3328} INFO - Setting next_dagrun for example_branch_labels to 2022-10-04T00:00:00+00:00, run_after=2022-10-05T00:00:00+00:00
[2022-10-05T18:07:15.884+0000] {processor.py:178} INFO - Processing /home/airflow/.local/lib/python3.7/site-packages/airflow/example_dags/example_branch_labels.py took 0.085 seconds
[2022-10-05T18:07:46.210+0000] {processor.py:156} INFO - Started process (PID=422) to work on /home/airflow/.local/lib/python3.7/site-packages/airflow/example_dags/example_branch_labels.py
[2022-10-05T18:07:46.212+0000] {processor.py:758} INFO - Processing file /home/airflow/.local/lib/python3.7/site-packages/airflow/example_dags/example_branch_labels.py for tasks to queue
[2022-10-05T18:07:46.213+0000] {logging_mixin.py:117} INFO - [2022-10-05T18:07:46.213+0000] {dagbag.py:525} INFO - Filling up the DagBag from /home/airflow/.local/lib/python3.7/site-packages/airflow/example_dags/example_branch_labels.py
[2022-10-05T18:07:46.221+0000] {processor.py:768} INFO - DAG(s) dict_keys(['example_branch_labels']) retrieved from /home/airflow/.local/lib/python3.7/site-packages/airflow/example_dags/example_branch_labels.py
[2022-10-05T18:07:46.246+0000] {logging_mixin.py:117} INFO - [2022-10-05T18:07:46.246+0000] {dag.py:2573} INFO - Sync 1 DAGs
[2022-10-05T18:07:46.262+0000] {logging_mixin.py:117} INFO - [2022-10-05T18:07:46.262+0000] {dag.py:3328} INFO - Setting next_dagrun for example_branch_labels to 2022-10-04T00:00:00+00:00, run_after=2022-10-05T00:00:00+00:00
[2022-10-05T18:07:46.286+0000] {processor.py:178} INFO - Processing /home/airflow/.local/lib/python3.7/site-packages/airflow/example_dags/example_branch_labels.py took 0.078 seconds
[2022-10-05T18:08:17.049+0000] {processor.py:156} INFO - Started process (PID=485) to work on /home/airflow/.local/lib/python3.7/site-packages/airflow/example_dags/example_branch_labels.py
[2022-10-05T18:08:17.056+0000] {processor.py:758} INFO - Processing file /home/airflow/.local/lib/python3.7/site-packages/airflow/example_dags/example_branch_labels.py for tasks to queue
[2022-10-05T18:08:17.056+0000] {logging_mixin.py:117} INFO - [2022-10-05T18:08:17.056+0000] {dagbag.py:525} INFO - Filling up the DagBag from /home/airflow/.local/lib/python3.7/site-packages/airflow/example_dags/example_branch_labels.py
[2022-10-05T18:08:17.065+0000] {processor.py:768} INFO - DAG(s) dict_keys(['example_branch_labels']) retrieved from /home/airflow/.local/lib/python3.7/site-packages/airflow/example_dags/example_branch_labels.py
[2022-10-05T18:08:17.118+0000] {logging_mixin.py:117} INFO - [2022-10-05T18:08:17.118+0000] {dag.py:2573} INFO - Sync 1 DAGs
[2022-10-05T18:08:17.159+0000] {logging_mixin.py:117} INFO - [2022-10-05T18:08:17.159+0000] {dag.py:3328} INFO - Setting next_dagrun for example_branch_labels to 2022-10-04T00:00:00+00:00, run_after=2022-10-05T00:00:00+00:00
[2022-10-05T18:08:17.189+0000] {processor.py:178} INFO - Processing /home/airflow/.local/lib/python3.7/site-packages/airflow/example_dags/example_branch_labels.py took 0.142 seconds
[2022-10-05T18:08:47.564+0000] {processor.py:156} INFO - Started process (PID=548) to work on /home/airflow/.local/lib/python3.7/site-packages/airflow/example_dags/example_branch_labels.py
[2022-10-05T18:08:47.564+0000] {processor.py:758} INFO - Processing file /home/airflow/.local/lib/python3.7/site-packages/airflow/example_dags/example_branch_labels.py for tasks to queue
[2022-10-05T18:08:47.564+0000] {logging_mixin.py:117} INFO - [2022-10-05T18:08:47.564+0000] {dagbag.py:525} INFO - Filling up the DagBag from /home/airflow/.local/lib/python3.7/site-packages/airflow/example_dags/example_branch_labels.py
[2022-10-05T18:08:47.573+0000] {processor.py:768} INFO - DAG(s) dict_keys(['example_branch_labels']) retrieved from /home/airflow/.local/lib/python3.7/site-packages/airflow/example_dags/example_branch_labels.py
[2022-10-05T18:08:47.595+0000] {logging_mixin.py:117} INFO - [2022-10-05T18:08:47.595+0000] {dag.py:2573} INFO - Sync 1 DAGs
[2022-10-05T18:08:47.612+0000] {logging_mixin.py:117} INFO - [2022-10-05T18:08:47.612+0000] {dag.py:3328} INFO - Setting next_dagrun for example_branch_labels to 2022-10-04T00:00:00+00:00, run_after=2022-10-05T00:00:00+00:00
[2022-10-05T18:08:47.632+0000] {processor.py:178} INFO - Processing /home/airflow/.local/lib/python3.7/site-packages/airflow/example_dags/example_branch_labels.py took 0.070 seconds
[2022-10-05T18:09:18.727+0000] {processor.py:156} INFO - Started process (PID=609) to work on /home/airflow/.local/lib/python3.7/site-packages/airflow/example_dags/example_branch_labels.py
[2022-10-05T18:09:18.734+0000] {processor.py:758} INFO - Processing file /home/airflow/.local/lib/python3.7/site-packages/airflow/example_dags/example_branch_labels.py for tasks to queue
[2022-10-05T18:09:18.735+0000] {logging_mixin.py:117} INFO - [2022-10-05T18:09:18.735+0000] {dagbag.py:525} INFO - Filling up the DagBag from /home/airflow/.local/lib/python3.7/site-packages/airflow/example_dags/example_branch_labels.py
[2022-10-05T18:09:18.750+0000] {processor.py:768} INFO - DAG(s) dict_keys(['example_branch_labels']) retrieved from /home/airflow/.local/lib/python3.7/site-packages/airflow/example_dags/example_branch_labels.py
[2022-10-05T18:09:18.778+0000] {logging_mixin.py:117} INFO - [2022-10-05T18:09:18.778+0000] {dag.py:2573} INFO - Sync 1 DAGs
[2022-10-05T18:09:18.796+0000] {logging_mixin.py:117} INFO - [2022-10-05T18:09:18.796+0000] {dag.py:3328} INFO - Setting next_dagrun for example_branch_labels to 2022-10-04T00:00:00+00:00, run_after=2022-10-05T00:00:00+00:00
[2022-10-05T18:09:18.818+0000] {processor.py:178} INFO - Processing /home/airflow/.local/lib/python3.7/site-packages/airflow/example_dags/example_branch_labels.py took 0.095 seconds
[2022-10-05T18:09:49.849+0000] {processor.py:156} INFO - Started process (PID=665) to work on /home/airflow/.local/lib/python3.7/site-packages/airflow/example_dags/example_branch_labels.py
[2022-10-05T18:09:49.856+0000] {processor.py:758} INFO - Processing file /home/airflow/.local/lib/python3.7/site-packages/airflow/example_dags/example_branch_labels.py for tasks to queue
[2022-10-05T18:09:49.857+0000] {logging_mixin.py:117} INFO - [2022-10-05T18:09:49.857+0000] {dagbag.py:525} INFO - Filling up the DagBag from /home/airflow/.local/lib/python3.7/site-packages/airflow/example_dags/example_branch_labels.py
[2022-10-05T18:09:49.865+0000] {processor.py:768} INFO - DAG(s) dict_keys(['example_branch_labels']) retrieved from /home/airflow/.local/lib/python3.7/site-packages/airflow/example_dags/example_branch_labels.py
[2022-10-05T18:09:49.889+0000] {logging_mixin.py:117} INFO - [2022-10-05T18:09:49.889+0000] {dag.py:2573} INFO - Sync 1 DAGs
[2022-10-05T18:09:49.905+0000] {logging_mixin.py:117} INFO - [2022-10-05T18:09:49.904+0000] {dag.py:3328} INFO - Setting next_dagrun for example_branch_labels to 2022-10-04T00:00:00+00:00, run_after=2022-10-05T00:00:00+00:00
[2022-10-05T18:09:49.924+0000] {processor.py:178} INFO - Processing /home/airflow/.local/lib/python3.7/site-packages/airflow/example_dags/example_branch_labels.py took 0.076 seconds
[2022-10-05T18:10:20.478+0000] {processor.py:156} INFO - Started process (PID=728) to work on /home/airflow/.local/lib/python3.7/site-packages/airflow/example_dags/example_branch_labels.py
[2022-10-05T18:10:20.478+0000] {processor.py:758} INFO - Processing file /home/airflow/.local/lib/python3.7/site-packages/airflow/example_dags/example_branch_labels.py for tasks to queue
[2022-10-05T18:10:20.478+0000] {logging_mixin.py:117} INFO - [2022-10-05T18:10:20.478+0000] {dagbag.py:525} INFO - Filling up the DagBag from /home/airflow/.local/lib/python3.7/site-packages/airflow/example_dags/example_branch_labels.py
[2022-10-05T18:10:20.489+0000] {processor.py:768} INFO - DAG(s) dict_keys(['example_branch_labels']) retrieved from /home/airflow/.local/lib/python3.7/site-packages/airflow/example_dags/example_branch_labels.py
[2022-10-05T18:10:20.514+0000] {logging_mixin.py:117} INFO - [2022-10-05T18:10:20.514+0000] {dag.py:2573} INFO - Sync 1 DAGs
[2022-10-05T18:10:20.532+0000] {logging_mixin.py:117} INFO - [2022-10-05T18:10:20.531+0000] {dag.py:3328} INFO - Setting next_dagrun for example_branch_labels to 2022-10-04T00:00:00+00:00, run_after=2022-10-05T00:00:00+00:00
[2022-10-05T18:10:20.544+0000] {processor.py:178} INFO - Processing /home/airflow/.local/lib/python3.7/site-packages/airflow/example_dags/example_branch_labels.py took 0.068 seconds
