[2022-10-05T18:04:42.437+0000] {processor.py:156} INFO - Started process (PID=70) to work on /home/airflow/.local/lib/python3.7/site-packages/airflow/example_dags/example_short_circuit_operator.py
[2022-10-05T18:04:42.437+0000] {processor.py:758} INFO - Processing file /home/airflow/.local/lib/python3.7/site-packages/airflow/example_dags/example_short_circuit_operator.py for tasks to queue
[2022-10-05T18:04:42.438+0000] {logging_mixin.py:117} INFO - [2022-10-05T18:04:42.438+0000] {dagbag.py:525} INFO - Filling up the DagBag from /home/airflow/.local/lib/python3.7/site-packages/airflow/example_dags/example_short_circuit_operator.py
[2022-10-05T18:04:42.447+0000] {processor.py:768} INFO - DAG(s) dict_keys(['example_short_circuit_operator']) retrieved from /home/airflow/.local/lib/python3.7/site-packages/airflow/example_dags/example_short_circuit_operator.py
[2022-10-05T18:04:42.464+0000] {logging_mixin.py:117} INFO - [2022-10-05T18:04:42.464+0000] {dag.py:2573} INFO - Sync 1 DAGs
[2022-10-05T18:04:42.483+0000] {logging_mixin.py:117} INFO - [2022-10-05T18:04:42.483+0000] {dag.py:3328} INFO - Setting next_dagrun for example_short_circuit_operator to 2022-10-04T18:04:42.482890+00:00, run_after=2022-10-05T18:04:42.482890+00:00
[2022-10-05T18:04:42.505+0000] {processor.py:178} INFO - Processing /home/airflow/.local/lib/python3.7/site-packages/airflow/example_dags/example_short_circuit_operator.py took 0.070 seconds
[2022-10-05T18:05:14.148+0000] {processor.py:156} INFO - Started process (PID=133) to work on /home/airflow/.local/lib/python3.7/site-packages/airflow/example_dags/example_short_circuit_operator.py
[2022-10-05T18:05:14.155+0000] {processor.py:758} INFO - Processing file /home/airflow/.local/lib/python3.7/site-packages/airflow/example_dags/example_short_circuit_operator.py for tasks to queue
[2022-10-05T18:05:14.155+0000] {logging_mixin.py:117} INFO - [2022-10-05T18:05:14.155+0000] {dagbag.py:525} INFO - Filling up the DagBag from /home/airflow/.local/lib/python3.7/site-packages/airflow/example_dags/example_short_circuit_operator.py
[2022-10-05T18:05:14.166+0000] {processor.py:768} INFO - DAG(s) dict_keys(['example_short_circuit_operator']) retrieved from /home/airflow/.local/lib/python3.7/site-packages/airflow/example_dags/example_short_circuit_operator.py
[2022-10-05T18:05:14.191+0000] {logging_mixin.py:117} INFO - [2022-10-05T18:05:14.191+0000] {dag.py:2573} INFO - Sync 1 DAGs
[2022-10-05T18:05:14.206+0000] {logging_mixin.py:117} INFO - [2022-10-05T18:05:14.206+0000] {dag.py:3328} INFO - Setting next_dagrun for example_short_circuit_operator to 2022-10-04T18:05:14.206365+00:00, run_after=2022-10-05T18:05:14.206365+00:00
[2022-10-05T18:05:14.226+0000] {processor.py:178} INFO - Processing /home/airflow/.local/lib/python3.7/site-packages/airflow/example_dags/example_short_circuit_operator.py took 0.080 seconds
[2022-10-05T18:05:45.025+0000] {processor.py:156} INFO - Started process (PID=196) to work on /home/airflow/.local/lib/python3.7/site-packages/airflow/example_dags/example_short_circuit_operator.py
[2022-10-05T18:05:45.033+0000] {processor.py:758} INFO - Processing file /home/airflow/.local/lib/python3.7/site-packages/airflow/example_dags/example_short_circuit_operator.py for tasks to queue
[2022-10-05T18:05:45.034+0000] {logging_mixin.py:117} INFO - [2022-10-05T18:05:45.034+0000] {dagbag.py:525} INFO - Filling up the DagBag from /home/airflow/.local/lib/python3.7/site-packages/airflow/example_dags/example_short_circuit_operator.py
[2022-10-05T18:05:45.067+0000] {processor.py:768} INFO - DAG(s) dict_keys(['example_short_circuit_operator']) retrieved from /home/airflow/.local/lib/python3.7/site-packages/airflow/example_dags/example_short_circuit_operator.py
[2022-10-05T18:05:45.122+0000] {logging_mixin.py:117} INFO - [2022-10-05T18:05:45.122+0000] {dag.py:2573} INFO - Sync 1 DAGs
[2022-10-05T18:05:45.141+0000] {logging_mixin.py:117} INFO - [2022-10-05T18:05:45.141+0000] {dag.py:3328} INFO - Setting next_dagrun for example_short_circuit_operator to 2022-10-04T18:05:45.141505+00:00, run_after=2022-10-05T18:05:45.141505+00:00
[2022-10-05T18:05:45.177+0000] {processor.py:178} INFO - Processing /home/airflow/.local/lib/python3.7/site-packages/airflow/example_dags/example_short_circuit_operator.py took 0.157 seconds
[2022-10-05T18:06:16.109+0000] {processor.py:156} INFO - Started process (PID=258) to work on /home/airflow/.local/lib/python3.7/site-packages/airflow/example_dags/example_short_circuit_operator.py
[2022-10-05T18:06:16.117+0000] {processor.py:758} INFO - Processing file /home/airflow/.local/lib/python3.7/site-packages/airflow/example_dags/example_short_circuit_operator.py for tasks to queue
[2022-10-05T18:06:16.118+0000] {logging_mixin.py:117} INFO - [2022-10-05T18:06:16.118+0000] {dagbag.py:525} INFO - Filling up the DagBag from /home/airflow/.local/lib/python3.7/site-packages/airflow/example_dags/example_short_circuit_operator.py
[2022-10-05T18:06:16.151+0000] {processor.py:768} INFO - DAG(s) dict_keys(['example_short_circuit_operator']) retrieved from /home/airflow/.local/lib/python3.7/site-packages/airflow/example_dags/example_short_circuit_operator.py
[2022-10-05T18:06:16.232+0000] {logging_mixin.py:117} INFO - [2022-10-05T18:06:16.231+0000] {dag.py:2573} INFO - Sync 1 DAGs
[2022-10-05T18:06:16.279+0000] {logging_mixin.py:117} INFO - [2022-10-05T18:06:16.279+0000] {dag.py:3328} INFO - Setting next_dagrun for example_short_circuit_operator to 2022-10-04T18:06:16.279331+00:00, run_after=2022-10-05T18:06:16.279331+00:00
[2022-10-05T18:06:16.324+0000] {processor.py:178} INFO - Processing /home/airflow/.local/lib/python3.7/site-packages/airflow/example_dags/example_short_circuit_operator.py took 0.220 seconds
[2022-10-05T18:06:47.299+0000] {processor.py:156} INFO - Started process (PID=320) to work on /home/airflow/.local/lib/python3.7/site-packages/airflow/example_dags/example_short_circuit_operator.py
[2022-10-05T18:06:47.307+0000] {processor.py:758} INFO - Processing file /home/airflow/.local/lib/python3.7/site-packages/airflow/example_dags/example_short_circuit_operator.py for tasks to queue
[2022-10-05T18:06:47.308+0000] {logging_mixin.py:117} INFO - [2022-10-05T18:06:47.308+0000] {dagbag.py:525} INFO - Filling up the DagBag from /home/airflow/.local/lib/python3.7/site-packages/airflow/example_dags/example_short_circuit_operator.py
[2022-10-05T18:06:47.343+0000] {processor.py:768} INFO - DAG(s) dict_keys(['example_short_circuit_operator']) retrieved from /home/airflow/.local/lib/python3.7/site-packages/airflow/example_dags/example_short_circuit_operator.py
[2022-10-05T18:06:47.427+0000] {logging_mixin.py:117} INFO - [2022-10-05T18:06:47.427+0000] {dag.py:2573} INFO - Sync 1 DAGs
[2022-10-05T18:06:47.477+0000] {logging_mixin.py:117} INFO - [2022-10-05T18:06:47.477+0000] {dag.py:3328} INFO - Setting next_dagrun for example_short_circuit_operator to 2022-10-04T18:06:47.477047+00:00, run_after=2022-10-05T18:06:47.477047+00:00
[2022-10-05T18:06:47.523+0000] {processor.py:178} INFO - Processing /home/airflow/.local/lib/python3.7/site-packages/airflow/example_dags/example_short_circuit_operator.py took 0.230 seconds
[2022-10-05T18:07:18.021+0000] {processor.py:156} INFO - Started process (PID=373) to work on /home/airflow/.local/lib/python3.7/site-packages/airflow/example_dags/example_short_circuit_operator.py
[2022-10-05T18:07:18.028+0000] {processor.py:758} INFO - Processing file /home/airflow/.local/lib/python3.7/site-packages/airflow/example_dags/example_short_circuit_operator.py for tasks to queue
[2022-10-05T18:07:18.029+0000] {logging_mixin.py:117} INFO - [2022-10-05T18:07:18.029+0000] {dagbag.py:525} INFO - Filling up the DagBag from /home/airflow/.local/lib/python3.7/site-packages/airflow/example_dags/example_short_circuit_operator.py
[2022-10-05T18:07:18.039+0000] {processor.py:768} INFO - DAG(s) dict_keys(['example_short_circuit_operator']) retrieved from /home/airflow/.local/lib/python3.7/site-packages/airflow/example_dags/example_short_circuit_operator.py
[2022-10-05T18:07:18.112+0000] {logging_mixin.py:117} INFO - [2022-10-05T18:07:18.112+0000] {dag.py:2573} INFO - Sync 1 DAGs
[2022-10-05T18:07:18.128+0000] {logging_mixin.py:117} INFO - [2022-10-05T18:07:18.128+0000] {dag.py:3328} INFO - Setting next_dagrun for example_short_circuit_operator to 2022-10-04T18:07:18.128248+00:00, run_after=2022-10-05T18:07:18.128248+00:00
[2022-10-05T18:07:18.162+0000] {processor.py:178} INFO - Processing /home/airflow/.local/lib/python3.7/site-packages/airflow/example_dags/example_short_circuit_operator.py took 0.142 seconds
[2022-10-05T18:07:48.312+0000] {processor.py:156} INFO - Started process (PID=435) to work on /home/airflow/.local/lib/python3.7/site-packages/airflow/example_dags/example_short_circuit_operator.py
[2022-10-05T18:07:48.320+0000] {processor.py:758} INFO - Processing file /home/airflow/.local/lib/python3.7/site-packages/airflow/example_dags/example_short_circuit_operator.py for tasks to queue
[2022-10-05T18:07:48.321+0000] {logging_mixin.py:117} INFO - [2022-10-05T18:07:48.321+0000] {dagbag.py:525} INFO - Filling up the DagBag from /home/airflow/.local/lib/python3.7/site-packages/airflow/example_dags/example_short_circuit_operator.py
[2022-10-05T18:07:48.356+0000] {processor.py:768} INFO - DAG(s) dict_keys(['example_short_circuit_operator']) retrieved from /home/airflow/.local/lib/python3.7/site-packages/airflow/example_dags/example_short_circuit_operator.py
[2022-10-05T18:07:48.438+0000] {logging_mixin.py:117} INFO - [2022-10-05T18:07:48.438+0000] {dag.py:2573} INFO - Sync 1 DAGs
[2022-10-05T18:07:48.479+0000] {logging_mixin.py:117} INFO - [2022-10-05T18:07:48.478+0000] {dag.py:3328} INFO - Setting next_dagrun for example_short_circuit_operator to 2022-10-04T18:07:48.478340+00:00, run_after=2022-10-05T18:07:48.478340+00:00
[2022-10-05T18:07:48.522+0000] {processor.py:178} INFO - Processing /home/airflow/.local/lib/python3.7/site-packages/airflow/example_dags/example_short_circuit_operator.py took 0.216 seconds
[2022-10-05T18:08:19.356+0000] {processor.py:156} INFO - Started process (PID=498) to work on /home/airflow/.local/lib/python3.7/site-packages/airflow/example_dags/example_short_circuit_operator.py
[2022-10-05T18:08:19.363+0000] {processor.py:758} INFO - Processing file /home/airflow/.local/lib/python3.7/site-packages/airflow/example_dags/example_short_circuit_operator.py for tasks to queue
[2022-10-05T18:08:19.364+0000] {logging_mixin.py:117} INFO - [2022-10-05T18:08:19.364+0000] {dagbag.py:525} INFO - Filling up the DagBag from /home/airflow/.local/lib/python3.7/site-packages/airflow/example_dags/example_short_circuit_operator.py
[2022-10-05T18:08:19.391+0000] {processor.py:768} INFO - DAG(s) dict_keys(['example_short_circuit_operator']) retrieved from /home/airflow/.local/lib/python3.7/site-packages/airflow/example_dags/example_short_circuit_operator.py
[2022-10-05T18:08:19.467+0000] {logging_mixin.py:117} INFO - [2022-10-05T18:08:19.466+0000] {dag.py:2573} INFO - Sync 1 DAGs
[2022-10-05T18:08:19.517+0000] {logging_mixin.py:117} INFO - [2022-10-05T18:08:19.517+0000] {dag.py:3328} INFO - Setting next_dagrun for example_short_circuit_operator to 2022-10-04T18:08:19.516681+00:00, run_after=2022-10-05T18:08:19.516681+00:00
[2022-10-05T18:08:19.562+0000] {processor.py:178} INFO - Processing /home/airflow/.local/lib/python3.7/site-packages/airflow/example_dags/example_short_circuit_operator.py took 0.212 seconds
[2022-10-05T18:08:50.194+0000] {processor.py:156} INFO - Started process (PID=561) to work on /home/airflow/.local/lib/python3.7/site-packages/airflow/example_dags/example_short_circuit_operator.py
[2022-10-05T18:08:50.202+0000] {processor.py:758} INFO - Processing file /home/airflow/.local/lib/python3.7/site-packages/airflow/example_dags/example_short_circuit_operator.py for tasks to queue
[2022-10-05T18:08:50.203+0000] {logging_mixin.py:117} INFO - [2022-10-05T18:08:50.203+0000] {dagbag.py:525} INFO - Filling up the DagBag from /home/airflow/.local/lib/python3.7/site-packages/airflow/example_dags/example_short_circuit_operator.py
[2022-10-05T18:08:50.232+0000] {processor.py:768} INFO - DAG(s) dict_keys(['example_short_circuit_operator']) retrieved from /home/airflow/.local/lib/python3.7/site-packages/airflow/example_dags/example_short_circuit_operator.py
[2022-10-05T18:08:50.309+0000] {logging_mixin.py:117} INFO - [2022-10-05T18:08:50.309+0000] {dag.py:2573} INFO - Sync 1 DAGs
[2022-10-05T18:08:50.352+0000] {logging_mixin.py:117} INFO - [2022-10-05T18:08:50.351+0000] {dag.py:3328} INFO - Setting next_dagrun for example_short_circuit_operator to 2022-10-04T18:08:50.351594+00:00, run_after=2022-10-05T18:08:50.351594+00:00
[2022-10-05T18:08:50.392+0000] {processor.py:178} INFO - Processing /home/airflow/.local/lib/python3.7/site-packages/airflow/example_dags/example_short_circuit_operator.py took 0.203 seconds
[2022-10-05T18:09:21.358+0000] {processor.py:156} INFO - Started process (PID=624) to work on /home/airflow/.local/lib/python3.7/site-packages/airflow/example_dags/example_short_circuit_operator.py
[2022-10-05T18:09:21.366+0000] {processor.py:758} INFO - Processing file /home/airflow/.local/lib/python3.7/site-packages/airflow/example_dags/example_short_circuit_operator.py for tasks to queue
[2022-10-05T18:09:21.367+0000] {logging_mixin.py:117} INFO - [2022-10-05T18:09:21.367+0000] {dagbag.py:525} INFO - Filling up the DagBag from /home/airflow/.local/lib/python3.7/site-packages/airflow/example_dags/example_short_circuit_operator.py
[2022-10-05T18:09:21.401+0000] {processor.py:768} INFO - DAG(s) dict_keys(['example_short_circuit_operator']) retrieved from /home/airflow/.local/lib/python3.7/site-packages/airflow/example_dags/example_short_circuit_operator.py
[2022-10-05T18:09:21.485+0000] {logging_mixin.py:117} INFO - [2022-10-05T18:09:21.485+0000] {dag.py:2573} INFO - Sync 1 DAGs
[2022-10-05T18:09:21.537+0000] {logging_mixin.py:117} INFO - [2022-10-05T18:09:21.536+0000] {dag.py:3328} INFO - Setting next_dagrun for example_short_circuit_operator to 2022-10-04T18:09:21.536218+00:00, run_after=2022-10-05T18:09:21.536218+00:00
[2022-10-05T18:09:21.578+0000] {processor.py:178} INFO - Processing /home/airflow/.local/lib/python3.7/site-packages/airflow/example_dags/example_short_circuit_operator.py took 0.225 seconds
[2022-10-05T18:09:51.894+0000] {processor.py:156} INFO - Started process (PID=687) to work on /home/airflow/.local/lib/python3.7/site-packages/airflow/example_dags/example_short_circuit_operator.py
[2022-10-05T18:09:51.901+0000] {processor.py:758} INFO - Processing file /home/airflow/.local/lib/python3.7/site-packages/airflow/example_dags/example_short_circuit_operator.py for tasks to queue
[2022-10-05T18:09:51.902+0000] {logging_mixin.py:117} INFO - [2022-10-05T18:09:51.902+0000] {dagbag.py:525} INFO - Filling up the DagBag from /home/airflow/.local/lib/python3.7/site-packages/airflow/example_dags/example_short_circuit_operator.py
[2022-10-05T18:09:51.912+0000] {processor.py:768} INFO - DAG(s) dict_keys(['example_short_circuit_operator']) retrieved from /home/airflow/.local/lib/python3.7/site-packages/airflow/example_dags/example_short_circuit_operator.py
[2022-10-05T18:09:51.937+0000] {logging_mixin.py:117} INFO - [2022-10-05T18:09:51.937+0000] {dag.py:2573} INFO - Sync 1 DAGs
[2022-10-05T18:09:51.952+0000] {logging_mixin.py:117} INFO - [2022-10-05T18:09:51.952+0000] {dag.py:3328} INFO - Setting next_dagrun for example_short_circuit_operator to 2022-10-04T18:09:51.952554+00:00, run_after=2022-10-05T18:09:51.952554+00:00
[2022-10-05T18:09:51.974+0000] {processor.py:178} INFO - Processing /home/airflow/.local/lib/python3.7/site-packages/airflow/example_dags/example_short_circuit_operator.py took 0.082 seconds
[2022-10-05T18:10:22.440+0000] {processor.py:156} INFO - Started process (PID=741) to work on /home/airflow/.local/lib/python3.7/site-packages/airflow/example_dags/example_short_circuit_operator.py
[2022-10-05T18:10:22.441+0000] {processor.py:758} INFO - Processing file /home/airflow/.local/lib/python3.7/site-packages/airflow/example_dags/example_short_circuit_operator.py for tasks to queue
[2022-10-05T18:10:22.441+0000] {logging_mixin.py:117} INFO - [2022-10-05T18:10:22.441+0000] {dagbag.py:525} INFO - Filling up the DagBag from /home/airflow/.local/lib/python3.7/site-packages/airflow/example_dags/example_short_circuit_operator.py
[2022-10-05T18:10:22.453+0000] {processor.py:768} INFO - DAG(s) dict_keys(['example_short_circuit_operator']) retrieved from /home/airflow/.local/lib/python3.7/site-packages/airflow/example_dags/example_short_circuit_operator.py
[2022-10-05T18:10:22.480+0000] {logging_mixin.py:117} INFO - [2022-10-05T18:10:22.480+0000] {dag.py:2573} INFO - Sync 1 DAGs
[2022-10-05T18:10:22.498+0000] {logging_mixin.py:117} INFO - [2022-10-05T18:10:22.498+0000] {dag.py:3328} INFO - Setting next_dagrun for example_short_circuit_operator to 2022-10-04T18:10:22.497912+00:00, run_after=2022-10-05T18:10:22.497912+00:00
[2022-10-05T18:10:22.520+0000] {processor.py:178} INFO - Processing /home/airflow/.local/lib/python3.7/site-packages/airflow/example_dags/example_short_circuit_operator.py took 0.083 seconds
