[2022-10-05T18:04:41.593+0000] {processor.py:156} INFO - Started process (PID=55) to work on /home/airflow/.local/lib/python3.7/site-packages/airflow/example_dags/example_branch_operator.py
[2022-10-05T18:04:41.594+0000] {processor.py:758} INFO - Processing file /home/airflow/.local/lib/python3.7/site-packages/airflow/example_dags/example_branch_operator.py for tasks to queue
[2022-10-05T18:04:41.594+0000] {logging_mixin.py:117} INFO - [2022-10-05T18:04:41.594+0000] {dagbag.py:525} INFO - Filling up the DagBag from /home/airflow/.local/lib/python3.7/site-packages/airflow/example_dags/example_branch_operator.py
[2022-10-05T18:04:41.606+0000] {processor.py:768} INFO - DAG(s) dict_keys(['example_branch_operator']) retrieved from /home/airflow/.local/lib/python3.7/site-packages/airflow/example_dags/example_branch_operator.py
[2022-10-05T18:04:41.623+0000] {logging_mixin.py:117} INFO - [2022-10-05T18:04:41.623+0000] {dag.py:2573} INFO - Sync 1 DAGs
[2022-10-05T18:04:41.650+0000] {logging_mixin.py:117} INFO - [2022-10-05T18:04:41.650+0000] {dag.py:3328} INFO - Setting next_dagrun for example_branch_operator to 2022-10-04T00:00:00+00:00, run_after=2022-10-05T00:00:00+00:00
[2022-10-05T18:04:41.667+0000] {processor.py:178} INFO - Processing /home/airflow/.local/lib/python3.7/site-packages/airflow/example_dags/example_branch_operator.py took 0.076 seconds
[2022-10-05T18:05:12.487+0000] {processor.py:156} INFO - Started process (PID=118) to work on /home/airflow/.local/lib/python3.7/site-packages/airflow/example_dags/example_branch_operator.py
[2022-10-05T18:05:12.495+0000] {processor.py:758} INFO - Processing file /home/airflow/.local/lib/python3.7/site-packages/airflow/example_dags/example_branch_operator.py for tasks to queue
[2022-10-05T18:05:12.496+0000] {logging_mixin.py:117} INFO - [2022-10-05T18:05:12.496+0000] {dagbag.py:525} INFO - Filling up the DagBag from /home/airflow/.local/lib/python3.7/site-packages/airflow/example_dags/example_branch_operator.py
[2022-10-05T18:05:12.532+0000] {processor.py:768} INFO - DAG(s) dict_keys(['example_branch_operator']) retrieved from /home/airflow/.local/lib/python3.7/site-packages/airflow/example_dags/example_branch_operator.py
[2022-10-05T18:05:12.612+0000] {logging_mixin.py:117} INFO - [2022-10-05T18:05:12.612+0000] {dag.py:2573} INFO - Sync 1 DAGs
[2022-10-05T18:05:12.651+0000] {logging_mixin.py:117} INFO - [2022-10-05T18:05:12.651+0000] {dag.py:3328} INFO - Setting next_dagrun for example_branch_operator to 2022-10-04T00:00:00+00:00, run_after=2022-10-05T00:00:00+00:00
[2022-10-05T18:05:12.676+0000] {processor.py:178} INFO - Processing /home/airflow/.local/lib/python3.7/site-packages/airflow/example_dags/example_branch_operator.py took 0.194 seconds
[2022-10-05T18:05:43.523+0000] {processor.py:156} INFO - Started process (PID=181) to work on /home/airflow/.local/lib/python3.7/site-packages/airflow/example_dags/example_branch_operator.py
[2022-10-05T18:05:43.531+0000] {processor.py:758} INFO - Processing file /home/airflow/.local/lib/python3.7/site-packages/airflow/example_dags/example_branch_operator.py for tasks to queue
[2022-10-05T18:05:43.532+0000] {logging_mixin.py:117} INFO - [2022-10-05T18:05:43.532+0000] {dagbag.py:525} INFO - Filling up the DagBag from /home/airflow/.local/lib/python3.7/site-packages/airflow/example_dags/example_branch_operator.py
[2022-10-05T18:05:43.568+0000] {processor.py:768} INFO - DAG(s) dict_keys(['example_branch_operator']) retrieved from /home/airflow/.local/lib/python3.7/site-packages/airflow/example_dags/example_branch_operator.py
[2022-10-05T18:05:43.642+0000] {logging_mixin.py:117} INFO - [2022-10-05T18:05:43.642+0000] {dag.py:2573} INFO - Sync 1 DAGs
[2022-10-05T18:05:43.685+0000] {logging_mixin.py:117} INFO - [2022-10-05T18:05:43.684+0000] {dag.py:3328} INFO - Setting next_dagrun for example_branch_operator to 2022-10-04T00:00:00+00:00, run_after=2022-10-05T00:00:00+00:00
[2022-10-05T18:05:43.719+0000] {processor.py:178} INFO - Processing /home/airflow/.local/lib/python3.7/site-packages/airflow/example_dags/example_branch_operator.py took 0.202 seconds
[2022-10-05T18:06:14.272+0000] {processor.py:156} INFO - Started process (PID=243) to work on /home/airflow/.local/lib/python3.7/site-packages/airflow/example_dags/example_branch_operator.py
[2022-10-05T18:06:14.280+0000] {processor.py:758} INFO - Processing file /home/airflow/.local/lib/python3.7/site-packages/airflow/example_dags/example_branch_operator.py for tasks to queue
[2022-10-05T18:06:14.281+0000] {logging_mixin.py:117} INFO - [2022-10-05T18:06:14.281+0000] {dagbag.py:525} INFO - Filling up the DagBag from /home/airflow/.local/lib/python3.7/site-packages/airflow/example_dags/example_branch_operator.py
[2022-10-05T18:06:14.317+0000] {processor.py:768} INFO - DAG(s) dict_keys(['example_branch_operator']) retrieved from /home/airflow/.local/lib/python3.7/site-packages/airflow/example_dags/example_branch_operator.py
[2022-10-05T18:06:14.397+0000] {logging_mixin.py:117} INFO - [2022-10-05T18:06:14.397+0000] {dag.py:2573} INFO - Sync 1 DAGs
[2022-10-05T18:06:14.453+0000] {logging_mixin.py:117} INFO - [2022-10-05T18:06:14.453+0000] {dag.py:3328} INFO - Setting next_dagrun for example_branch_operator to 2022-10-04T00:00:00+00:00, run_after=2022-10-05T00:00:00+00:00
[2022-10-05T18:06:14.493+0000] {processor.py:178} INFO - Processing /home/airflow/.local/lib/python3.7/site-packages/airflow/example_dags/example_branch_operator.py took 0.227 seconds
[2022-10-05T18:06:45.315+0000] {processor.py:156} INFO - Started process (PID=303) to work on /home/airflow/.local/lib/python3.7/site-packages/airflow/example_dags/example_branch_operator.py
[2022-10-05T18:06:45.315+0000] {processor.py:758} INFO - Processing file /home/airflow/.local/lib/python3.7/site-packages/airflow/example_dags/example_branch_operator.py for tasks to queue
[2022-10-05T18:06:45.315+0000] {logging_mixin.py:117} INFO - [2022-10-05T18:06:45.315+0000] {dagbag.py:525} INFO - Filling up the DagBag from /home/airflow/.local/lib/python3.7/site-packages/airflow/example_dags/example_branch_operator.py
[2022-10-05T18:06:45.326+0000] {processor.py:768} INFO - DAG(s) dict_keys(['example_branch_operator']) retrieved from /home/airflow/.local/lib/python3.7/site-packages/airflow/example_dags/example_branch_operator.py
[2022-10-05T18:06:45.364+0000] {logging_mixin.py:117} INFO - [2022-10-05T18:06:45.364+0000] {dag.py:2573} INFO - Sync 1 DAGs
[2022-10-05T18:06:45.386+0000] {logging_mixin.py:117} INFO - [2022-10-05T18:06:45.386+0000] {dag.py:3328} INFO - Setting next_dagrun for example_branch_operator to 2022-10-04T00:00:00+00:00, run_after=2022-10-05T00:00:00+00:00
[2022-10-05T18:06:45.408+0000] {processor.py:178} INFO - Processing /home/airflow/.local/lib/python3.7/site-packages/airflow/example_dags/example_branch_operator.py took 0.095 seconds
[2022-10-05T18:07:15.669+0000] {processor.py:156} INFO - Started process (PID=358) to work on /home/airflow/.local/lib/python3.7/site-packages/airflow/example_dags/example_branch_operator.py
[2022-10-05T18:07:15.677+0000] {processor.py:758} INFO - Processing file /home/airflow/.local/lib/python3.7/site-packages/airflow/example_dags/example_branch_operator.py for tasks to queue
[2022-10-05T18:07:15.677+0000] {logging_mixin.py:117} INFO - [2022-10-05T18:07:15.677+0000] {dagbag.py:525} INFO - Filling up the DagBag from /home/airflow/.local/lib/python3.7/site-packages/airflow/example_dags/example_branch_operator.py
[2022-10-05T18:07:15.688+0000] {processor.py:768} INFO - DAG(s) dict_keys(['example_branch_operator']) retrieved from /home/airflow/.local/lib/python3.7/site-packages/airflow/example_dags/example_branch_operator.py
[2022-10-05T18:07:15.714+0000] {logging_mixin.py:117} INFO - [2022-10-05T18:07:15.714+0000] {dag.py:2573} INFO - Sync 1 DAGs
[2022-10-05T18:07:15.733+0000] {logging_mixin.py:117} INFO - [2022-10-05T18:07:15.732+0000] {dag.py:3328} INFO - Setting next_dagrun for example_branch_operator to 2022-10-04T00:00:00+00:00, run_after=2022-10-05T00:00:00+00:00
[2022-10-05T18:07:15.754+0000] {processor.py:178} INFO - Processing /home/airflow/.local/lib/python3.7/site-packages/airflow/example_dags/example_branch_operator.py took 0.087 seconds
[2022-10-05T18:07:46.061+0000] {processor.py:156} INFO - Started process (PID=420) to work on /home/airflow/.local/lib/python3.7/site-packages/airflow/example_dags/example_branch_operator.py
[2022-10-05T18:07:46.063+0000] {processor.py:758} INFO - Processing file /home/airflow/.local/lib/python3.7/site-packages/airflow/example_dags/example_branch_operator.py for tasks to queue
[2022-10-05T18:07:46.064+0000] {logging_mixin.py:117} INFO - [2022-10-05T18:07:46.064+0000] {dagbag.py:525} INFO - Filling up the DagBag from /home/airflow/.local/lib/python3.7/site-packages/airflow/example_dags/example_branch_operator.py
[2022-10-05T18:07:46.104+0000] {processor.py:768} INFO - DAG(s) dict_keys(['example_branch_operator']) retrieved from /home/airflow/.local/lib/python3.7/site-packages/airflow/example_dags/example_branch_operator.py
[2022-10-05T18:07:46.157+0000] {logging_mixin.py:117} INFO - [2022-10-05T18:07:46.157+0000] {dag.py:2573} INFO - Sync 1 DAGs
[2022-10-05T18:07:46.176+0000] {logging_mixin.py:117} INFO - [2022-10-05T18:07:46.176+0000] {dag.py:3328} INFO - Setting next_dagrun for example_branch_operator to 2022-10-04T00:00:00+00:00, run_after=2022-10-05T00:00:00+00:00
[2022-10-05T18:07:46.197+0000] {processor.py:178} INFO - Processing /home/airflow/.local/lib/python3.7/site-packages/airflow/example_dags/example_branch_operator.py took 0.140 seconds
[2022-10-05T18:08:16.962+0000] {processor.py:156} INFO - Started process (PID=483) to work on /home/airflow/.local/lib/python3.7/site-packages/airflow/example_dags/example_branch_operator.py
[2022-10-05T18:08:16.969+0000] {processor.py:758} INFO - Processing file /home/airflow/.local/lib/python3.7/site-packages/airflow/example_dags/example_branch_operator.py for tasks to queue
[2022-10-05T18:08:16.969+0000] {logging_mixin.py:117} INFO - [2022-10-05T18:08:16.969+0000] {dagbag.py:525} INFO - Filling up the DagBag from /home/airflow/.local/lib/python3.7/site-packages/airflow/example_dags/example_branch_operator.py
[2022-10-05T18:08:16.981+0000] {processor.py:768} INFO - DAG(s) dict_keys(['example_branch_operator']) retrieved from /home/airflow/.local/lib/python3.7/site-packages/airflow/example_dags/example_branch_operator.py
[2022-10-05T18:08:17.007+0000] {logging_mixin.py:117} INFO - [2022-10-05T18:08:17.007+0000] {dag.py:2573} INFO - Sync 1 DAGs
[2022-10-05T18:08:17.025+0000] {logging_mixin.py:117} INFO - [2022-10-05T18:08:17.025+0000] {dag.py:3328} INFO - Setting next_dagrun for example_branch_operator to 2022-10-04T00:00:00+00:00, run_after=2022-10-05T00:00:00+00:00
[2022-10-05T18:08:17.037+0000] {processor.py:178} INFO - Processing /home/airflow/.local/lib/python3.7/site-packages/airflow/example_dags/example_branch_operator.py took 0.077 seconds
[2022-10-05T18:08:47.448+0000] {processor.py:156} INFO - Started process (PID=546) to work on /home/airflow/.local/lib/python3.7/site-packages/airflow/example_dags/example_branch_operator.py
[2022-10-05T18:08:47.455+0000] {processor.py:758} INFO - Processing file /home/airflow/.local/lib/python3.7/site-packages/airflow/example_dags/example_branch_operator.py for tasks to queue
[2022-10-05T18:08:47.456+0000] {logging_mixin.py:117} INFO - [2022-10-05T18:08:47.456+0000] {dagbag.py:525} INFO - Filling up the DagBag from /home/airflow/.local/lib/python3.7/site-packages/airflow/example_dags/example_branch_operator.py
[2022-10-05T18:08:47.468+0000] {processor.py:768} INFO - DAG(s) dict_keys(['example_branch_operator']) retrieved from /home/airflow/.local/lib/python3.7/site-packages/airflow/example_dags/example_branch_operator.py
[2022-10-05T18:08:47.513+0000] {logging_mixin.py:117} INFO - [2022-10-05T18:08:47.513+0000] {dag.py:2573} INFO - Sync 1 DAGs
[2022-10-05T18:08:47.530+0000] {logging_mixin.py:117} INFO - [2022-10-05T18:08:47.530+0000] {dag.py:3328} INFO - Setting next_dagrun for example_branch_operator to 2022-10-04T00:00:00+00:00, run_after=2022-10-05T00:00:00+00:00
[2022-10-05T18:08:47.550+0000] {processor.py:178} INFO - Processing /home/airflow/.local/lib/python3.7/site-packages/airflow/example_dags/example_branch_operator.py took 0.103 seconds
[2022-10-05T18:09:18.589+0000] {processor.py:156} INFO - Started process (PID=600) to work on /home/airflow/.local/lib/python3.7/site-packages/airflow/example_dags/example_branch_operator.py
[2022-10-05T18:09:18.592+0000] {processor.py:758} INFO - Processing file /home/airflow/.local/lib/python3.7/site-packages/airflow/example_dags/example_branch_operator.py for tasks to queue
[2022-10-05T18:09:18.592+0000] {logging_mixin.py:117} INFO - [2022-10-05T18:09:18.592+0000] {dagbag.py:525} INFO - Filling up the DagBag from /home/airflow/.local/lib/python3.7/site-packages/airflow/example_dags/example_branch_operator.py
[2022-10-05T18:09:18.604+0000] {processor.py:768} INFO - DAG(s) dict_keys(['example_branch_operator']) retrieved from /home/airflow/.local/lib/python3.7/site-packages/airflow/example_dags/example_branch_operator.py
[2022-10-05T18:09:18.652+0000] {logging_mixin.py:117} INFO - [2022-10-05T18:09:18.652+0000] {dag.py:2573} INFO - Sync 1 DAGs
[2022-10-05T18:09:18.669+0000] {logging_mixin.py:117} INFO - [2022-10-05T18:09:18.669+0000] {dag.py:3328} INFO - Setting next_dagrun for example_branch_operator to 2022-10-04T00:00:00+00:00, run_after=2022-10-05T00:00:00+00:00
[2022-10-05T18:09:18.700+0000] {processor.py:178} INFO - Processing /home/airflow/.local/lib/python3.7/site-packages/airflow/example_dags/example_branch_operator.py took 0.113 seconds
[2022-10-05T18:09:49.755+0000] {processor.py:156} INFO - Started process (PID=663) to work on /home/airflow/.local/lib/python3.7/site-packages/airflow/example_dags/example_branch_operator.py
[2022-10-05T18:09:49.763+0000] {processor.py:758} INFO - Processing file /home/airflow/.local/lib/python3.7/site-packages/airflow/example_dags/example_branch_operator.py for tasks to queue
[2022-10-05T18:09:49.763+0000] {logging_mixin.py:117} INFO - [2022-10-05T18:09:49.763+0000] {dagbag.py:525} INFO - Filling up the DagBag from /home/airflow/.local/lib/python3.7/site-packages/airflow/example_dags/example_branch_operator.py
[2022-10-05T18:09:49.774+0000] {processor.py:768} INFO - DAG(s) dict_keys(['example_branch_operator']) retrieved from /home/airflow/.local/lib/python3.7/site-packages/airflow/example_dags/example_branch_operator.py
[2022-10-05T18:09:49.799+0000] {logging_mixin.py:117} INFO - [2022-10-05T18:09:49.799+0000] {dag.py:2573} INFO - Sync 1 DAGs
[2022-10-05T18:09:49.816+0000] {logging_mixin.py:117} INFO - [2022-10-05T18:09:49.815+0000] {dag.py:3328} INFO - Setting next_dagrun for example_branch_operator to 2022-10-04T00:00:00+00:00, run_after=2022-10-05T00:00:00+00:00
[2022-10-05T18:09:49.838+0000] {processor.py:178} INFO - Processing /home/airflow/.local/lib/python3.7/site-packages/airflow/example_dags/example_branch_operator.py took 0.084 seconds
[2022-10-05T18:10:20.291+0000] {processor.py:156} INFO - Started process (PID=726) to work on /home/airflow/.local/lib/python3.7/site-packages/airflow/example_dags/example_branch_operator.py
[2022-10-05T18:10:20.296+0000] {processor.py:758} INFO - Processing file /home/airflow/.local/lib/python3.7/site-packages/airflow/example_dags/example_branch_operator.py for tasks to queue
[2022-10-05T18:10:20.296+0000] {logging_mixin.py:117} INFO - [2022-10-05T18:10:20.296+0000] {dagbag.py:525} INFO - Filling up the DagBag from /home/airflow/.local/lib/python3.7/site-packages/airflow/example_dags/example_branch_operator.py
[2022-10-05T18:10:20.309+0000] {processor.py:768} INFO - DAG(s) dict_keys(['example_branch_operator']) retrieved from /home/airflow/.local/lib/python3.7/site-packages/airflow/example_dags/example_branch_operator.py
[2022-10-05T18:10:20.337+0000] {logging_mixin.py:117} INFO - [2022-10-05T18:10:20.337+0000] {dag.py:2573} INFO - Sync 1 DAGs
[2022-10-05T18:10:20.357+0000] {logging_mixin.py:117} INFO - [2022-10-05T18:10:20.356+0000] {dag.py:3328} INFO - Setting next_dagrun for example_branch_operator to 2022-10-04T00:00:00+00:00, run_after=2022-10-05T00:00:00+00:00
[2022-10-05T18:10:20.373+0000] {processor.py:178} INFO - Processing /home/airflow/.local/lib/python3.7/site-packages/airflow/example_dags/example_branch_operator.py took 0.083 seconds
