[2022-10-05T18:04:42.253+0000] {processor.py:156} INFO - Started process (PID=67) to work on /home/airflow/.local/lib/python3.7/site-packages/airflow/example_dags/example_dag_decorator.py
[2022-10-05T18:04:42.253+0000] {processor.py:758} INFO - Processing file /home/airflow/.local/lib/python3.7/site-packages/airflow/example_dags/example_dag_decorator.py for tasks to queue
[2022-10-05T18:04:42.254+0000] {logging_mixin.py:117} INFO - [2022-10-05T18:04:42.254+0000] {dagbag.py:525} INFO - Filling up the DagBag from /home/airflow/.local/lib/python3.7/site-packages/airflow/example_dags/example_dag_decorator.py
[2022-10-05T18:04:42.277+0000] {processor.py:768} INFO - DAG(s) dict_keys(['example_dag_decorator']) retrieved from /home/airflow/.local/lib/python3.7/site-packages/airflow/example_dags/example_dag_decorator.py
[2022-10-05T18:04:42.295+0000] {logging_mixin.py:117} INFO - [2022-10-05T18:04:42.295+0000] {dag.py:2573} INFO - Sync 1 DAGs
[2022-10-05T18:04:42.313+0000] {logging_mixin.py:117} INFO - [2022-10-05T18:04:42.313+0000] {dag.py:3328} INFO - Setting next_dagrun for example_dag_decorator to None, run_after=None
[2022-10-05T18:04:42.337+0000] {processor.py:178} INFO - Processing /home/airflow/.local/lib/python3.7/site-packages/airflow/example_dags/example_dag_decorator.py took 0.086 seconds
[2022-10-05T18:05:13.959+0000] {processor.py:156} INFO - Started process (PID=130) to work on /home/airflow/.local/lib/python3.7/site-packages/airflow/example_dags/example_dag_decorator.py
[2022-10-05T18:05:13.966+0000] {processor.py:758} INFO - Processing file /home/airflow/.local/lib/python3.7/site-packages/airflow/example_dags/example_dag_decorator.py for tasks to queue
[2022-10-05T18:05:13.966+0000] {logging_mixin.py:117} INFO - [2022-10-05T18:05:13.966+0000] {dagbag.py:525} INFO - Filling up the DagBag from /home/airflow/.local/lib/python3.7/site-packages/airflow/example_dags/example_dag_decorator.py
[2022-10-05T18:05:13.984+0000] {processor.py:768} INFO - DAG(s) dict_keys(['example_dag_decorator']) retrieved from /home/airflow/.local/lib/python3.7/site-packages/airflow/example_dags/example_dag_decorator.py
[2022-10-05T18:05:14.038+0000] {logging_mixin.py:117} INFO - [2022-10-05T18:05:14.038+0000] {dag.py:2573} INFO - Sync 1 DAGs
[2022-10-05T18:05:14.055+0000] {logging_mixin.py:117} INFO - [2022-10-05T18:05:14.055+0000] {dag.py:3328} INFO - Setting next_dagrun for example_dag_decorator to None, run_after=None
[2022-10-05T18:05:14.072+0000] {processor.py:178} INFO - Processing /home/airflow/.local/lib/python3.7/site-packages/airflow/example_dags/example_dag_decorator.py took 0.115 seconds
[2022-10-05T18:05:44.639+0000] {processor.py:156} INFO - Started process (PID=193) to work on /home/airflow/.local/lib/python3.7/site-packages/airflow/example_dags/example_dag_decorator.py
[2022-10-05T18:05:44.640+0000] {processor.py:758} INFO - Processing file /home/airflow/.local/lib/python3.7/site-packages/airflow/example_dags/example_dag_decorator.py for tasks to queue
[2022-10-05T18:05:44.641+0000] {logging_mixin.py:117} INFO - [2022-10-05T18:05:44.641+0000] {dagbag.py:525} INFO - Filling up the DagBag from /home/airflow/.local/lib/python3.7/site-packages/airflow/example_dags/example_dag_decorator.py
[2022-10-05T18:05:44.671+0000] {processor.py:768} INFO - DAG(s) dict_keys(['example_dag_decorator']) retrieved from /home/airflow/.local/lib/python3.7/site-packages/airflow/example_dags/example_dag_decorator.py
[2022-10-05T18:05:44.737+0000] {logging_mixin.py:117} INFO - [2022-10-05T18:05:44.737+0000] {dag.py:2573} INFO - Sync 1 DAGs
[2022-10-05T18:05:44.751+0000] {logging_mixin.py:117} INFO - [2022-10-05T18:05:44.751+0000] {dag.py:3328} INFO - Setting next_dagrun for example_dag_decorator to None, run_after=None
[2022-10-05T18:05:44.767+0000] {processor.py:178} INFO - Processing /home/airflow/.local/lib/python3.7/site-packages/airflow/example_dags/example_dag_decorator.py took 0.130 seconds
[2022-10-05T18:06:15.739+0000] {processor.py:156} INFO - Started process (PID=255) to work on /home/airflow/.local/lib/python3.7/site-packages/airflow/example_dags/example_dag_decorator.py
[2022-10-05T18:06:15.747+0000] {processor.py:758} INFO - Processing file /home/airflow/.local/lib/python3.7/site-packages/airflow/example_dags/example_dag_decorator.py for tasks to queue
[2022-10-05T18:06:15.747+0000] {logging_mixin.py:117} INFO - [2022-10-05T18:06:15.747+0000] {dagbag.py:525} INFO - Filling up the DagBag from /home/airflow/.local/lib/python3.7/site-packages/airflow/example_dags/example_dag_decorator.py
[2022-10-05T18:06:15.764+0000] {processor.py:768} INFO - DAG(s) dict_keys(['example_dag_decorator']) retrieved from /home/airflow/.local/lib/python3.7/site-packages/airflow/example_dags/example_dag_decorator.py
[2022-10-05T18:06:15.812+0000] {logging_mixin.py:117} INFO - [2022-10-05T18:06:15.812+0000] {dag.py:2573} INFO - Sync 1 DAGs
[2022-10-05T18:06:15.841+0000] {logging_mixin.py:117} INFO - [2022-10-05T18:06:15.841+0000] {dag.py:3328} INFO - Setting next_dagrun for example_dag_decorator to None, run_after=None
[2022-10-05T18:06:15.885+0000] {processor.py:178} INFO - Processing /home/airflow/.local/lib/python3.7/site-packages/airflow/example_dags/example_dag_decorator.py took 0.147 seconds
[2022-10-05T18:06:46.110+0000] {processor.py:156} INFO - Started process (PID=317) to work on /home/airflow/.local/lib/python3.7/site-packages/airflow/example_dags/example_dag_decorator.py
[2022-10-05T18:06:46.117+0000] {processor.py:758} INFO - Processing file /home/airflow/.local/lib/python3.7/site-packages/airflow/example_dags/example_dag_decorator.py for tasks to queue
[2022-10-05T18:06:46.117+0000] {logging_mixin.py:117} INFO - [2022-10-05T18:06:46.117+0000] {dagbag.py:525} INFO - Filling up the DagBag from /home/airflow/.local/lib/python3.7/site-packages/airflow/example_dags/example_dag_decorator.py
[2022-10-05T18:06:46.136+0000] {processor.py:768} INFO - DAG(s) dict_keys(['example_dag_decorator']) retrieved from /home/airflow/.local/lib/python3.7/site-packages/airflow/example_dags/example_dag_decorator.py
[2022-10-05T18:06:46.193+0000] {logging_mixin.py:117} INFO - [2022-10-05T18:06:46.193+0000] {dag.py:2573} INFO - Sync 1 DAGs
[2022-10-05T18:06:46.210+0000] {logging_mixin.py:117} INFO - [2022-10-05T18:06:46.210+0000] {dag.py:3328} INFO - Setting next_dagrun for example_dag_decorator to None, run_after=None
[2022-10-05T18:06:46.231+0000] {processor.py:178} INFO - Processing /home/airflow/.local/lib/python3.7/site-packages/airflow/example_dags/example_dag_decorator.py took 0.123 seconds
[2022-10-05T18:07:16.684+0000] {processor.py:156} INFO - Started process (PID=370) to work on /home/airflow/.local/lib/python3.7/site-packages/airflow/example_dags/example_dag_decorator.py
[2022-10-05T18:07:16.691+0000] {processor.py:758} INFO - Processing file /home/airflow/.local/lib/python3.7/site-packages/airflow/example_dags/example_dag_decorator.py for tasks to queue
[2022-10-05T18:07:16.691+0000] {logging_mixin.py:117} INFO - [2022-10-05T18:07:16.691+0000] {dagbag.py:525} INFO - Filling up the DagBag from /home/airflow/.local/lib/python3.7/site-packages/airflow/example_dags/example_dag_decorator.py
[2022-10-05T18:07:16.750+0000] {processor.py:768} INFO - DAG(s) dict_keys(['example_dag_decorator']) retrieved from /home/airflow/.local/lib/python3.7/site-packages/airflow/example_dags/example_dag_decorator.py
[2022-10-05T18:07:16.930+0000] {logging_mixin.py:117} INFO - [2022-10-05T18:07:16.929+0000] {dag.py:2573} INFO - Sync 1 DAGs
[2022-10-05T18:07:16.946+0000] {logging_mixin.py:117} INFO - [2022-10-05T18:07:16.946+0000] {dag.py:3328} INFO - Setting next_dagrun for example_dag_decorator to None, run_after=None
[2022-10-05T18:07:16.969+0000] {processor.py:178} INFO - Processing /home/airflow/.local/lib/python3.7/site-packages/airflow/example_dags/example_dag_decorator.py took 0.286 seconds
[2022-10-05T18:07:47.811+0000] {processor.py:156} INFO - Started process (PID=432) to work on /home/airflow/.local/lib/python3.7/site-packages/airflow/example_dags/example_dag_decorator.py
[2022-10-05T18:07:47.819+0000] {processor.py:758} INFO - Processing file /home/airflow/.local/lib/python3.7/site-packages/airflow/example_dags/example_dag_decorator.py for tasks to queue
[2022-10-05T18:07:47.820+0000] {logging_mixin.py:117} INFO - [2022-10-05T18:07:47.819+0000] {dagbag.py:525} INFO - Filling up the DagBag from /home/airflow/.local/lib/python3.7/site-packages/airflow/example_dags/example_dag_decorator.py
[2022-10-05T18:07:47.879+0000] {processor.py:768} INFO - DAG(s) dict_keys(['example_dag_decorator']) retrieved from /home/airflow/.local/lib/python3.7/site-packages/airflow/example_dags/example_dag_decorator.py
[2022-10-05T18:07:48.045+0000] {logging_mixin.py:117} INFO - [2022-10-05T18:07:48.044+0000] {dag.py:2573} INFO - Sync 1 DAGs
[2022-10-05T18:07:48.102+0000] {logging_mixin.py:117} INFO - [2022-10-05T18:07:48.102+0000] {dag.py:3328} INFO - Setting next_dagrun for example_dag_decorator to None, run_after=None
[2022-10-05T18:07:48.152+0000] {processor.py:178} INFO - Processing /home/airflow/.local/lib/python3.7/site-packages/airflow/example_dags/example_dag_decorator.py took 0.347 seconds
[2022-10-05T18:08:18.978+0000] {processor.py:156} INFO - Started process (PID=495) to work on /home/airflow/.local/lib/python3.7/site-packages/airflow/example_dags/example_dag_decorator.py
[2022-10-05T18:08:18.986+0000] {processor.py:758} INFO - Processing file /home/airflow/.local/lib/python3.7/site-packages/airflow/example_dags/example_dag_decorator.py for tasks to queue
[2022-10-05T18:08:18.987+0000] {logging_mixin.py:117} INFO - [2022-10-05T18:08:18.987+0000] {dagbag.py:525} INFO - Filling up the DagBag from /home/airflow/.local/lib/python3.7/site-packages/airflow/example_dags/example_dag_decorator.py
[2022-10-05T18:08:19.051+0000] {processor.py:768} INFO - DAG(s) dict_keys(['example_dag_decorator']) retrieved from /home/airflow/.local/lib/python3.7/site-packages/airflow/example_dags/example_dag_decorator.py
[2022-10-05T18:08:19.221+0000] {logging_mixin.py:117} INFO - [2022-10-05T18:08:19.221+0000] {dag.py:2573} INFO - Sync 1 DAGs
[2022-10-05T18:08:19.269+0000] {logging_mixin.py:117} INFO - [2022-10-05T18:08:19.268+0000] {dag.py:3328} INFO - Setting next_dagrun for example_dag_decorator to None, run_after=None
[2022-10-05T18:08:19.320+0000] {processor.py:178} INFO - Processing /home/airflow/.local/lib/python3.7/site-packages/airflow/example_dags/example_dag_decorator.py took 0.349 seconds
[2022-10-05T18:08:49.881+0000] {processor.py:156} INFO - Started process (PID=558) to work on /home/airflow/.local/lib/python3.7/site-packages/airflow/example_dags/example_dag_decorator.py
[2022-10-05T18:08:49.889+0000] {processor.py:758} INFO - Processing file /home/airflow/.local/lib/python3.7/site-packages/airflow/example_dags/example_dag_decorator.py for tasks to queue
[2022-10-05T18:08:49.890+0000] {logging_mixin.py:117} INFO - [2022-10-05T18:08:49.890+0000] {dagbag.py:525} INFO - Filling up the DagBag from /home/airflow/.local/lib/python3.7/site-packages/airflow/example_dags/example_dag_decorator.py
[2022-10-05T18:08:49.949+0000] {processor.py:768} INFO - DAG(s) dict_keys(['example_dag_decorator']) retrieved from /home/airflow/.local/lib/python3.7/site-packages/airflow/example_dags/example_dag_decorator.py
[2022-10-05T18:08:50.091+0000] {logging_mixin.py:117} INFO - [2022-10-05T18:08:50.091+0000] {dag.py:2573} INFO - Sync 1 DAGs
[2022-10-05T18:08:50.118+0000] {logging_mixin.py:117} INFO - [2022-10-05T18:08:50.118+0000] {dag.py:3328} INFO - Setting next_dagrun for example_dag_decorator to None, run_after=None
[2022-10-05T18:08:50.159+0000] {processor.py:178} INFO - Processing /home/airflow/.local/lib/python3.7/site-packages/airflow/example_dags/example_dag_decorator.py took 0.284 seconds
[2022-10-05T18:09:20.221+0000] {processor.py:156} INFO - Started process (PID=621) to work on /home/airflow/.local/lib/python3.7/site-packages/airflow/example_dags/example_dag_decorator.py
[2022-10-05T18:09:20.228+0000] {processor.py:758} INFO - Processing file /home/airflow/.local/lib/python3.7/site-packages/airflow/example_dags/example_dag_decorator.py for tasks to queue
[2022-10-05T18:09:20.229+0000] {logging_mixin.py:117} INFO - [2022-10-05T18:09:20.229+0000] {dagbag.py:525} INFO - Filling up the DagBag from /home/airflow/.local/lib/python3.7/site-packages/airflow/example_dags/example_dag_decorator.py
[2022-10-05T18:09:20.245+0000] {processor.py:768} INFO - DAG(s) dict_keys(['example_dag_decorator']) retrieved from /home/airflow/.local/lib/python3.7/site-packages/airflow/example_dags/example_dag_decorator.py
[2022-10-05T18:09:20.295+0000] {logging_mixin.py:117} INFO - [2022-10-05T18:09:20.294+0000] {dag.py:2573} INFO - Sync 1 DAGs
[2022-10-05T18:09:20.309+0000] {logging_mixin.py:117} INFO - [2022-10-05T18:09:20.309+0000] {dag.py:3328} INFO - Setting next_dagrun for example_dag_decorator to None, run_after=None
[2022-10-05T18:09:20.325+0000] {processor.py:178} INFO - Processing /home/airflow/.local/lib/python3.7/site-packages/airflow/example_dags/example_dag_decorator.py took 0.106 seconds
[2022-10-05T18:09:50.621+0000] {processor.py:156} INFO - Started process (PID=675) to work on /home/airflow/.local/lib/python3.7/site-packages/airflow/example_dags/example_dag_decorator.py
[2022-10-05T18:09:50.628+0000] {processor.py:758} INFO - Processing file /home/airflow/.local/lib/python3.7/site-packages/airflow/example_dags/example_dag_decorator.py for tasks to queue
[2022-10-05T18:09:50.628+0000] {logging_mixin.py:117} INFO - [2022-10-05T18:09:50.628+0000] {dagbag.py:525} INFO - Filling up the DagBag from /home/airflow/.local/lib/python3.7/site-packages/airflow/example_dags/example_dag_decorator.py
[2022-10-05T18:09:50.646+0000] {processor.py:768} INFO - DAG(s) dict_keys(['example_dag_decorator']) retrieved from /home/airflow/.local/lib/python3.7/site-packages/airflow/example_dags/example_dag_decorator.py
[2022-10-05T18:09:50.699+0000] {logging_mixin.py:117} INFO - [2022-10-05T18:09:50.699+0000] {dag.py:2573} INFO - Sync 1 DAGs
[2022-10-05T18:09:50.713+0000] {logging_mixin.py:117} INFO - [2022-10-05T18:09:50.713+0000] {dag.py:3328} INFO - Setting next_dagrun for example_dag_decorator to None, run_after=None
[2022-10-05T18:09:50.729+0000] {processor.py:178} INFO - Processing /home/airflow/.local/lib/python3.7/site-packages/airflow/example_dags/example_dag_decorator.py took 0.109 seconds
[2022-10-05T18:10:21.250+0000] {processor.py:156} INFO - Started process (PID=738) to work on /home/airflow/.local/lib/python3.7/site-packages/airflow/example_dags/example_dag_decorator.py
[2022-10-05T18:10:21.254+0000] {processor.py:758} INFO - Processing file /home/airflow/.local/lib/python3.7/site-packages/airflow/example_dags/example_dag_decorator.py for tasks to queue
[2022-10-05T18:10:21.254+0000] {logging_mixin.py:117} INFO - [2022-10-05T18:10:21.254+0000] {dagbag.py:525} INFO - Filling up the DagBag from /home/airflow/.local/lib/python3.7/site-packages/airflow/example_dags/example_dag_decorator.py
[2022-10-05T18:10:21.272+0000] {processor.py:768} INFO - DAG(s) dict_keys(['example_dag_decorator']) retrieved from /home/airflow/.local/lib/python3.7/site-packages/airflow/example_dags/example_dag_decorator.py
[2022-10-05T18:10:21.321+0000] {logging_mixin.py:117} INFO - [2022-10-05T18:10:21.321+0000] {dag.py:2573} INFO - Sync 1 DAGs
[2022-10-05T18:10:21.335+0000] {logging_mixin.py:117} INFO - [2022-10-05T18:10:21.335+0000] {dag.py:3328} INFO - Setting next_dagrun for example_dag_decorator to None, run_after=None
[2022-10-05T18:10:21.358+0000] {processor.py:178} INFO - Processing /home/airflow/.local/lib/python3.7/site-packages/airflow/example_dags/example_dag_decorator.py took 0.110 seconds
