[2022-10-05T18:04:42.351+0000] {processor.py:156} INFO - Started process (PID=69) to work on /home/airflow/.local/lib/python3.7/site-packages/airflow/example_dags/example_skip_dag.py
[2022-10-05T18:04:42.352+0000] {processor.py:758} INFO - Processing file /home/airflow/.local/lib/python3.7/site-packages/airflow/example_dags/example_skip_dag.py for tasks to queue
[2022-10-05T18:04:42.352+0000] {logging_mixin.py:117} INFO - [2022-10-05T18:04:42.352+0000] {dagbag.py:525} INFO - Filling up the DagBag from /home/airflow/.local/lib/python3.7/site-packages/airflow/example_dags/example_skip_dag.py
[2022-10-05T18:04:42.364+0000] {processor.py:768} INFO - DAG(s) dict_keys(['example_skip_dag']) retrieved from /home/airflow/.local/lib/python3.7/site-packages/airflow/example_dags/example_skip_dag.py
[2022-10-05T18:04:42.386+0000] {logging_mixin.py:117} INFO - [2022-10-05T18:04:42.386+0000] {dag.py:2573} INFO - Sync 1 DAGs
[2022-10-05T18:04:42.403+0000] {logging_mixin.py:117} INFO - [2022-10-05T18:04:42.403+0000] {dag.py:3328} INFO - Setting next_dagrun for example_skip_dag to 2022-10-04T18:04:42.403275+00:00, run_after=2022-10-05T18:04:42.403275+00:00
[2022-10-05T18:04:42.425+0000] {processor.py:178} INFO - Processing /home/airflow/.local/lib/python3.7/site-packages/airflow/example_dags/example_skip_dag.py took 0.076 seconds
[2022-10-05T18:05:14.085+0000] {processor.py:156} INFO - Started process (PID=132) to work on /home/airflow/.local/lib/python3.7/site-packages/airflow/example_dags/example_skip_dag.py
[2022-10-05T18:05:14.092+0000] {processor.py:758} INFO - Processing file /home/airflow/.local/lib/python3.7/site-packages/airflow/example_dags/example_skip_dag.py for tasks to queue
[2022-10-05T18:05:14.093+0000] {logging_mixin.py:117} INFO - [2022-10-05T18:05:14.093+0000] {dagbag.py:525} INFO - Filling up the DagBag from /home/airflow/.local/lib/python3.7/site-packages/airflow/example_dags/example_skip_dag.py
[2022-10-05T18:05:14.103+0000] {processor.py:768} INFO - DAG(s) dict_keys(['example_skip_dag']) retrieved from /home/airflow/.local/lib/python3.7/site-packages/airflow/example_dags/example_skip_dag.py
[2022-10-05T18:05:14.132+0000] {logging_mixin.py:117} INFO - [2022-10-05T18:05:14.132+0000] {dag.py:2573} INFO - Sync 1 DAGs
[2022-10-05T18:05:14.150+0000] {logging_mixin.py:117} INFO - [2022-10-05T18:05:14.149+0000] {dag.py:3328} INFO - Setting next_dagrun for example_skip_dag to 2022-10-04T18:05:14.149746+00:00, run_after=2022-10-05T18:05:14.149746+00:00
[2022-10-05T18:05:14.165+0000] {processor.py:178} INFO - Processing /home/airflow/.local/lib/python3.7/site-packages/airflow/example_dags/example_skip_dag.py took 0.081 seconds
[2022-10-05T18:05:44.785+0000] {processor.py:156} INFO - Started process (PID=195) to work on /home/airflow/.local/lib/python3.7/site-packages/airflow/example_dags/example_skip_dag.py
[2022-10-05T18:05:44.793+0000] {processor.py:758} INFO - Processing file /home/airflow/.local/lib/python3.7/site-packages/airflow/example_dags/example_skip_dag.py for tasks to queue
[2022-10-05T18:05:44.793+0000] {logging_mixin.py:117} INFO - [2022-10-05T18:05:44.793+0000] {dagbag.py:525} INFO - Filling up the DagBag from /home/airflow/.local/lib/python3.7/site-packages/airflow/example_dags/example_skip_dag.py
[2022-10-05T18:05:44.821+0000] {processor.py:768} INFO - DAG(s) dict_keys(['example_skip_dag']) retrieved from /home/airflow/.local/lib/python3.7/site-packages/airflow/example_dags/example_skip_dag.py
[2022-10-05T18:05:44.900+0000] {logging_mixin.py:117} INFO - [2022-10-05T18:05:44.899+0000] {dag.py:2573} INFO - Sync 1 DAGs
[2022-10-05T18:05:44.943+0000] {logging_mixin.py:117} INFO - [2022-10-05T18:05:44.943+0000] {dag.py:3328} INFO - Setting next_dagrun for example_skip_dag to 2022-10-04T18:05:44.943259+00:00, run_after=2022-10-05T18:05:44.943259+00:00
[2022-10-05T18:05:44.991+0000] {processor.py:178} INFO - Processing /home/airflow/.local/lib/python3.7/site-packages/airflow/example_dags/example_skip_dag.py took 0.209 seconds
[2022-10-05T18:06:15.924+0000] {processor.py:156} INFO - Started process (PID=257) to work on /home/airflow/.local/lib/python3.7/site-packages/airflow/example_dags/example_skip_dag.py
[2022-10-05T18:06:15.932+0000] {processor.py:758} INFO - Processing file /home/airflow/.local/lib/python3.7/site-packages/airflow/example_dags/example_skip_dag.py for tasks to queue
[2022-10-05T18:06:15.933+0000] {logging_mixin.py:117} INFO - [2022-10-05T18:06:15.933+0000] {dagbag.py:525} INFO - Filling up the DagBag from /home/airflow/.local/lib/python3.7/site-packages/airflow/example_dags/example_skip_dag.py
[2022-10-05T18:06:15.962+0000] {processor.py:768} INFO - DAG(s) dict_keys(['example_skip_dag']) retrieved from /home/airflow/.local/lib/python3.7/site-packages/airflow/example_dags/example_skip_dag.py
[2022-10-05T18:06:16.043+0000] {logging_mixin.py:117} INFO - [2022-10-05T18:06:16.043+0000] {dag.py:2573} INFO - Sync 1 DAGs
[2022-10-05T18:06:16.097+0000] {logging_mixin.py:117} INFO - [2022-10-05T18:06:16.097+0000] {dag.py:3328} INFO - Setting next_dagrun for example_skip_dag to 2022-10-04T18:06:16.096999+00:00, run_after=2022-10-05T18:06:16.096999+00:00
[2022-10-05T18:06:16.138+0000] {processor.py:178} INFO - Processing /home/airflow/.local/lib/python3.7/site-packages/airflow/example_dags/example_skip_dag.py took 0.221 seconds
[2022-10-05T18:06:46.243+0000] {processor.py:156} INFO - Started process (PID=319) to work on /home/airflow/.local/lib/python3.7/site-packages/airflow/example_dags/example_skip_dag.py
[2022-10-05T18:06:46.250+0000] {processor.py:758} INFO - Processing file /home/airflow/.local/lib/python3.7/site-packages/airflow/example_dags/example_skip_dag.py for tasks to queue
[2022-10-05T18:06:46.251+0000] {logging_mixin.py:117} INFO - [2022-10-05T18:06:46.251+0000] {dagbag.py:525} INFO - Filling up the DagBag from /home/airflow/.local/lib/python3.7/site-packages/airflow/example_dags/example_skip_dag.py
[2022-10-05T18:06:46.259+0000] {processor.py:768} INFO - DAG(s) dict_keys(['example_skip_dag']) retrieved from /home/airflow/.local/lib/python3.7/site-packages/airflow/example_dags/example_skip_dag.py
[2022-10-05T18:06:46.284+0000] {logging_mixin.py:117} INFO - [2022-10-05T18:06:46.284+0000] {dag.py:2573} INFO - Sync 1 DAGs
[2022-10-05T18:06:46.299+0000] {logging_mixin.py:117} INFO - [2022-10-05T18:06:46.299+0000] {dag.py:3328} INFO - Setting next_dagrun for example_skip_dag to 2022-10-04T18:06:46.299315+00:00, run_after=2022-10-05T18:06:46.299315+00:00
[2022-10-05T18:06:46.316+0000] {processor.py:178} INFO - Processing /home/airflow/.local/lib/python3.7/site-packages/airflow/example_dags/example_skip_dag.py took 0.074 seconds
[2022-10-05T18:07:17.015+0000] {processor.py:156} INFO - Started process (PID=372) to work on /home/airflow/.local/lib/python3.7/site-packages/airflow/example_dags/example_skip_dag.py
[2022-10-05T18:07:17.019+0000] {processor.py:758} INFO - Processing file /home/airflow/.local/lib/python3.7/site-packages/airflow/example_dags/example_skip_dag.py for tasks to queue
[2022-10-05T18:07:17.020+0000] {logging_mixin.py:117} INFO - [2022-10-05T18:07:17.019+0000] {dagbag.py:525} INFO - Filling up the DagBag from /home/airflow/.local/lib/python3.7/site-packages/airflow/example_dags/example_skip_dag.py
[2022-10-05T18:07:17.028+0000] {processor.py:768} INFO - DAG(s) dict_keys(['example_skip_dag']) retrieved from /home/airflow/.local/lib/python3.7/site-packages/airflow/example_dags/example_skip_dag.py
[2022-10-05T18:07:17.059+0000] {logging_mixin.py:117} INFO - [2022-10-05T18:07:17.059+0000] {dag.py:2573} INFO - Sync 1 DAGs
[2022-10-05T18:07:17.078+0000] {logging_mixin.py:117} INFO - [2022-10-05T18:07:17.078+0000] {dag.py:3328} INFO - Setting next_dagrun for example_skip_dag to 2022-10-04T18:07:17.078028+00:00, run_after=2022-10-05T18:07:17.078028+00:00
[2022-10-05T18:07:17.098+0000] {processor.py:178} INFO - Processing /home/airflow/.local/lib/python3.7/site-packages/airflow/example_dags/example_skip_dag.py took 0.085 seconds
[2022-10-05T18:07:48.066+0000] {processor.py:156} INFO - Started process (PID=434) to work on /home/airflow/.local/lib/python3.7/site-packages/airflow/example_dags/example_skip_dag.py
[2022-10-05T18:07:48.074+0000] {processor.py:758} INFO - Processing file /home/airflow/.local/lib/python3.7/site-packages/airflow/example_dags/example_skip_dag.py for tasks to queue
[2022-10-05T18:07:48.075+0000] {logging_mixin.py:117} INFO - [2022-10-05T18:07:48.075+0000] {dagbag.py:525} INFO - Filling up the DagBag from /home/airflow/.local/lib/python3.7/site-packages/airflow/example_dags/example_skip_dag.py
[2022-10-05T18:07:48.100+0000] {processor.py:768} INFO - DAG(s) dict_keys(['example_skip_dag']) retrieved from /home/airflow/.local/lib/python3.7/site-packages/airflow/example_dags/example_skip_dag.py
[2022-10-05T18:07:48.177+0000] {logging_mixin.py:117} INFO - [2022-10-05T18:07:48.176+0000] {dag.py:2573} INFO - Sync 1 DAGs
[2022-10-05T18:07:48.228+0000] {logging_mixin.py:117} INFO - [2022-10-05T18:07:48.227+0000] {dag.py:3328} INFO - Setting next_dagrun for example_skip_dag to 2022-10-04T18:07:48.227392+00:00, run_after=2022-10-05T18:07:48.227392+00:00
[2022-10-05T18:07:48.277+0000] {processor.py:178} INFO - Processing /home/airflow/.local/lib/python3.7/site-packages/airflow/example_dags/example_skip_dag.py took 0.216 seconds
[2022-10-05T18:08:19.240+0000] {processor.py:156} INFO - Started process (PID=497) to work on /home/airflow/.local/lib/python3.7/site-packages/airflow/example_dags/example_skip_dag.py
[2022-10-05T18:08:19.245+0000] {processor.py:758} INFO - Processing file /home/airflow/.local/lib/python3.7/site-packages/airflow/example_dags/example_skip_dag.py for tasks to queue
[2022-10-05T18:08:19.246+0000] {logging_mixin.py:117} INFO - [2022-10-05T18:08:19.246+0000] {dagbag.py:525} INFO - Filling up the DagBag from /home/airflow/.local/lib/python3.7/site-packages/airflow/example_dags/example_skip_dag.py
[2022-10-05T18:08:19.273+0000] {processor.py:768} INFO - DAG(s) dict_keys(['example_skip_dag']) retrieved from /home/airflow/.local/lib/python3.7/site-packages/airflow/example_dags/example_skip_dag.py
[2022-10-05T18:08:19.350+0000] {logging_mixin.py:117} INFO - [2022-10-05T18:08:19.350+0000] {dag.py:2573} INFO - Sync 1 DAGs
[2022-10-05T18:08:19.396+0000] {logging_mixin.py:117} INFO - [2022-10-05T18:08:19.395+0000] {dag.py:3328} INFO - Setting next_dagrun for example_skip_dag to 2022-10-04T18:08:19.395549+00:00, run_after=2022-10-05T18:08:19.395549+00:00
[2022-10-05T18:08:19.440+0000] {processor.py:178} INFO - Processing /home/airflow/.local/lib/python3.7/site-packages/airflow/example_dags/example_skip_dag.py took 0.205 seconds
[2022-10-05T18:08:50.109+0000] {processor.py:156} INFO - Started process (PID=560) to work on /home/airflow/.local/lib/python3.7/site-packages/airflow/example_dags/example_skip_dag.py
[2022-10-05T18:08:50.112+0000] {processor.py:758} INFO - Processing file /home/airflow/.local/lib/python3.7/site-packages/airflow/example_dags/example_skip_dag.py for tasks to queue
[2022-10-05T18:08:50.113+0000] {logging_mixin.py:117} INFO - [2022-10-05T18:08:50.113+0000] {dagbag.py:525} INFO - Filling up the DagBag from /home/airflow/.local/lib/python3.7/site-packages/airflow/example_dags/example_skip_dag.py
[2022-10-05T18:08:50.127+0000] {processor.py:768} INFO - DAG(s) dict_keys(['example_skip_dag']) retrieved from /home/airflow/.local/lib/python3.7/site-packages/airflow/example_dags/example_skip_dag.py
[2022-10-05T18:08:50.201+0000] {logging_mixin.py:117} INFO - [2022-10-05T18:08:50.200+0000] {dag.py:2573} INFO - Sync 1 DAGs
[2022-10-05T18:08:50.246+0000] {logging_mixin.py:117} INFO - [2022-10-05T18:08:50.245+0000] {dag.py:3328} INFO - Setting next_dagrun for example_skip_dag to 2022-10-04T18:08:50.245326+00:00, run_after=2022-10-05T18:08:50.245326+00:00
[2022-10-05T18:08:50.291+0000] {processor.py:178} INFO - Processing /home/airflow/.local/lib/python3.7/site-packages/airflow/example_dags/example_skip_dag.py took 0.185 seconds
[2022-10-05T18:09:20.309+0000] {processor.py:156} INFO - Started process (PID=623) to work on /home/airflow/.local/lib/python3.7/site-packages/airflow/example_dags/example_skip_dag.py
[2022-10-05T18:09:20.317+0000] {processor.py:758} INFO - Processing file /home/airflow/.local/lib/python3.7/site-packages/airflow/example_dags/example_skip_dag.py for tasks to queue
[2022-10-05T18:09:20.317+0000] {logging_mixin.py:117} INFO - [2022-10-05T18:09:20.317+0000] {dagbag.py:525} INFO - Filling up the DagBag from /home/airflow/.local/lib/python3.7/site-packages/airflow/example_dags/example_skip_dag.py
[2022-10-05T18:09:20.325+0000] {processor.py:768} INFO - DAG(s) dict_keys(['example_skip_dag']) retrieved from /home/airflow/.local/lib/python3.7/site-packages/airflow/example_dags/example_skip_dag.py
[2022-10-05T18:09:20.349+0000] {logging_mixin.py:117} INFO - [2022-10-05T18:09:20.348+0000] {dag.py:2573} INFO - Sync 1 DAGs
[2022-10-05T18:09:20.363+0000] {logging_mixin.py:117} INFO - [2022-10-05T18:09:20.363+0000] {dag.py:3328} INFO - Setting next_dagrun for example_skip_dag to 2022-10-04T18:09:20.363230+00:00, run_after=2022-10-05T18:09:20.363230+00:00
[2022-10-05T18:09:20.383+0000] {processor.py:178} INFO - Processing /home/airflow/.local/lib/python3.7/site-packages/airflow/example_dags/example_skip_dag.py took 0.075 seconds
[2022-10-05T18:09:50.741+0000] {processor.py:156} INFO - Started process (PID=677) to work on /home/airflow/.local/lib/python3.7/site-packages/airflow/example_dags/example_skip_dag.py
[2022-10-05T18:09:50.749+0000] {processor.py:758} INFO - Processing file /home/airflow/.local/lib/python3.7/site-packages/airflow/example_dags/example_skip_dag.py for tasks to queue
[2022-10-05T18:09:50.749+0000] {logging_mixin.py:117} INFO - [2022-10-05T18:09:50.749+0000] {dagbag.py:525} INFO - Filling up the DagBag from /home/airflow/.local/lib/python3.7/site-packages/airflow/example_dags/example_skip_dag.py
[2022-10-05T18:09:50.778+0000] {processor.py:768} INFO - DAG(s) dict_keys(['example_skip_dag']) retrieved from /home/airflow/.local/lib/python3.7/site-packages/airflow/example_dags/example_skip_dag.py
[2022-10-05T18:09:50.851+0000] {logging_mixin.py:117} INFO - [2022-10-05T18:09:50.851+0000] {dag.py:2573} INFO - Sync 1 DAGs
[2022-10-05T18:09:50.889+0000] {logging_mixin.py:117} INFO - [2022-10-05T18:09:50.889+0000] {dag.py:3328} INFO - Setting next_dagrun for example_skip_dag to 2022-10-04T18:09:50.889369+00:00, run_after=2022-10-05T18:09:50.889369+00:00
[2022-10-05T18:09:50.918+0000] {processor.py:178} INFO - Processing /home/airflow/.local/lib/python3.7/site-packages/airflow/example_dags/example_skip_dag.py took 0.178 seconds
[2022-10-05T18:10:21.371+0000] {processor.py:156} INFO - Started process (PID=740) to work on /home/airflow/.local/lib/python3.7/site-packages/airflow/example_dags/example_skip_dag.py
[2022-10-05T18:10:21.378+0000] {processor.py:758} INFO - Processing file /home/airflow/.local/lib/python3.7/site-packages/airflow/example_dags/example_skip_dag.py for tasks to queue
[2022-10-05T18:10:21.378+0000] {logging_mixin.py:117} INFO - [2022-10-05T18:10:21.378+0000] {dagbag.py:525} INFO - Filling up the DagBag from /home/airflow/.local/lib/python3.7/site-packages/airflow/example_dags/example_skip_dag.py
[2022-10-05T18:10:21.386+0000] {processor.py:768} INFO - DAG(s) dict_keys(['example_skip_dag']) retrieved from /home/airflow/.local/lib/python3.7/site-packages/airflow/example_dags/example_skip_dag.py
[2022-10-05T18:10:21.410+0000] {logging_mixin.py:117} INFO - [2022-10-05T18:10:21.410+0000] {dag.py:2573} INFO - Sync 1 DAGs
[2022-10-05T18:10:21.426+0000] {logging_mixin.py:117} INFO - [2022-10-05T18:10:21.426+0000] {dag.py:3328} INFO - Setting next_dagrun for example_skip_dag to 2022-10-04T18:10:21.426040+00:00, run_after=2022-10-05T18:10:21.426040+00:00
[2022-10-05T18:10:21.446+0000] {processor.py:178} INFO - Processing /home/airflow/.local/lib/python3.7/site-packages/airflow/example_dags/example_skip_dag.py took 0.077 seconds
