[2022-10-05T18:04:42.255+0000] {processor.py:156} INFO - Started process (PID=68) to work on /home/airflow/.local/lib/python3.7/site-packages/airflow/example_dags/example_task_group.py
[2022-10-05T18:04:42.256+0000] {processor.py:758} INFO - Processing file /home/airflow/.local/lib/python3.7/site-packages/airflow/example_dags/example_task_group.py for tasks to queue
[2022-10-05T18:04:42.256+0000] {logging_mixin.py:117} INFO - [2022-10-05T18:04:42.256+0000] {dagbag.py:525} INFO - Filling up the DagBag from /home/airflow/.local/lib/python3.7/site-packages/airflow/example_dags/example_task_group.py
[2022-10-05T18:04:42.270+0000] {processor.py:768} INFO - DAG(s) dict_keys(['example_task_group']) retrieved from /home/airflow/.local/lib/python3.7/site-packages/airflow/example_dags/example_task_group.py
[2022-10-05T18:04:42.291+0000] {logging_mixin.py:117} INFO - [2022-10-05T18:04:42.291+0000] {dag.py:2573} INFO - Sync 1 DAGs
[2022-10-05T18:04:42.311+0000] {logging_mixin.py:117} INFO - [2022-10-05T18:04:42.310+0000] {dag.py:3328} INFO - Setting next_dagrun for example_task_group to 2022-10-04T18:04:42.310769+00:00, run_after=2022-10-05T18:04:42.310769+00:00
[2022-10-05T18:04:42.336+0000] {processor.py:178} INFO - Processing /home/airflow/.local/lib/python3.7/site-packages/airflow/example_dags/example_task_group.py took 0.083 seconds
[2022-10-05T18:05:14.054+0000] {processor.py:156} INFO - Started process (PID=131) to work on /home/airflow/.local/lib/python3.7/site-packages/airflow/example_dags/example_task_group.py
[2022-10-05T18:05:14.062+0000] {processor.py:758} INFO - Processing file /home/airflow/.local/lib/python3.7/site-packages/airflow/example_dags/example_task_group.py for tasks to queue
[2022-10-05T18:05:14.062+0000] {logging_mixin.py:117} INFO - [2022-10-05T18:05:14.062+0000] {dagbag.py:525} INFO - Filling up the DagBag from /home/airflow/.local/lib/python3.7/site-packages/airflow/example_dags/example_task_group.py
[2022-10-05T18:05:14.072+0000] {processor.py:768} INFO - DAG(s) dict_keys(['example_task_group']) retrieved from /home/airflow/.local/lib/python3.7/site-packages/airflow/example_dags/example_task_group.py
[2022-10-05T18:05:14.098+0000] {logging_mixin.py:117} INFO - [2022-10-05T18:05:14.098+0000] {dag.py:2573} INFO - Sync 1 DAGs
[2022-10-05T18:05:14.115+0000] {logging_mixin.py:117} INFO - [2022-10-05T18:05:14.115+0000] {dag.py:3328} INFO - Setting next_dagrun for example_task_group to 2022-10-04T18:05:14.115162+00:00, run_after=2022-10-05T18:05:14.115162+00:00
[2022-10-05T18:05:14.134+0000] {processor.py:178} INFO - Processing /home/airflow/.local/lib/python3.7/site-packages/airflow/example_dags/example_task_group.py took 0.082 seconds
[2022-10-05T18:05:44.675+0000] {processor.py:156} INFO - Started process (PID=194) to work on /home/airflow/.local/lib/python3.7/site-packages/airflow/example_dags/example_task_group.py
[2022-10-05T18:05:44.682+0000] {processor.py:758} INFO - Processing file /home/airflow/.local/lib/python3.7/site-packages/airflow/example_dags/example_task_group.py for tasks to queue
[2022-10-05T18:05:44.682+0000] {logging_mixin.py:117} INFO - [2022-10-05T18:05:44.682+0000] {dagbag.py:525} INFO - Filling up the DagBag from /home/airflow/.local/lib/python3.7/site-packages/airflow/example_dags/example_task_group.py
[2022-10-05T18:05:44.696+0000] {processor.py:768} INFO - DAG(s) dict_keys(['example_task_group']) retrieved from /home/airflow/.local/lib/python3.7/site-packages/airflow/example_dags/example_task_group.py
[2022-10-05T18:05:44.729+0000] {logging_mixin.py:117} INFO - [2022-10-05T18:05:44.729+0000] {dag.py:2573} INFO - Sync 1 DAGs
[2022-10-05T18:05:44.745+0000] {logging_mixin.py:117} INFO - [2022-10-05T18:05:44.745+0000] {dag.py:3328} INFO - Setting next_dagrun for example_task_group to 2022-10-04T18:05:44.744910+00:00, run_after=2022-10-05T18:05:44.744910+00:00
[2022-10-05T18:05:44.766+0000] {processor.py:178} INFO - Processing /home/airflow/.local/lib/python3.7/site-packages/airflow/example_dags/example_task_group.py took 0.094 seconds
[2022-10-05T18:06:15.845+0000] {processor.py:156} INFO - Started process (PID=256) to work on /home/airflow/.local/lib/python3.7/site-packages/airflow/example_dags/example_task_group.py
[2022-10-05T18:06:15.853+0000] {processor.py:758} INFO - Processing file /home/airflow/.local/lib/python3.7/site-packages/airflow/example_dags/example_task_group.py for tasks to queue
[2022-10-05T18:06:15.854+0000] {logging_mixin.py:117} INFO - [2022-10-05T18:06:15.854+0000] {dagbag.py:525} INFO - Filling up the DagBag from /home/airflow/.local/lib/python3.7/site-packages/airflow/example_dags/example_task_group.py
[2022-10-05T18:06:15.886+0000] {processor.py:768} INFO - DAG(s) dict_keys(['example_task_group']) retrieved from /home/airflow/.local/lib/python3.7/site-packages/airflow/example_dags/example_task_group.py
[2022-10-05T18:06:15.972+0000] {logging_mixin.py:117} INFO - [2022-10-05T18:06:15.971+0000] {dag.py:2573} INFO - Sync 1 DAGs
[2022-10-05T18:06:16.027+0000] {logging_mixin.py:117} INFO - [2022-10-05T18:06:16.026+0000] {dag.py:3328} INFO - Setting next_dagrun for example_task_group to 2022-10-04T18:06:16.026382+00:00, run_after=2022-10-05T18:06:16.026382+00:00
[2022-10-05T18:06:16.074+0000] {processor.py:178} INFO - Processing /home/airflow/.local/lib/python3.7/site-packages/airflow/example_dags/example_task_group.py took 0.234 seconds
[2022-10-05T18:06:46.202+0000] {processor.py:156} INFO - Started process (PID=318) to work on /home/airflow/.local/lib/python3.7/site-packages/airflow/example_dags/example_task_group.py
[2022-10-05T18:06:46.202+0000] {processor.py:758} INFO - Processing file /home/airflow/.local/lib/python3.7/site-packages/airflow/example_dags/example_task_group.py for tasks to queue
[2022-10-05T18:06:46.203+0000] {logging_mixin.py:117} INFO - [2022-10-05T18:06:46.203+0000] {dagbag.py:525} INFO - Filling up the DagBag from /home/airflow/.local/lib/python3.7/site-packages/airflow/example_dags/example_task_group.py
[2022-10-05T18:06:46.212+0000] {processor.py:768} INFO - DAG(s) dict_keys(['example_task_group']) retrieved from /home/airflow/.local/lib/python3.7/site-packages/airflow/example_dags/example_task_group.py
[2022-10-05T18:06:46.238+0000] {logging_mixin.py:117} INFO - [2022-10-05T18:06:46.238+0000] {dag.py:2573} INFO - Sync 1 DAGs
[2022-10-05T18:06:46.252+0000] {logging_mixin.py:117} INFO - [2022-10-05T18:06:46.252+0000] {dag.py:3328} INFO - Setting next_dagrun for example_task_group to 2022-10-04T18:06:46.252708+00:00, run_after=2022-10-05T18:06:46.252708+00:00
[2022-10-05T18:06:46.265+0000] {processor.py:178} INFO - Processing /home/airflow/.local/lib/python3.7/site-packages/airflow/example_dags/example_task_group.py took 0.065 seconds
[2022-10-05T18:07:17.012+0000] {processor.py:156} INFO - Started process (PID=371) to work on /home/airflow/.local/lib/python3.7/site-packages/airflow/example_dags/example_task_group.py
[2022-10-05T18:07:17.019+0000] {processor.py:758} INFO - Processing file /home/airflow/.local/lib/python3.7/site-packages/airflow/example_dags/example_task_group.py for tasks to queue
[2022-10-05T18:07:17.020+0000] {logging_mixin.py:117} INFO - [2022-10-05T18:07:17.019+0000] {dagbag.py:525} INFO - Filling up the DagBag from /home/airflow/.local/lib/python3.7/site-packages/airflow/example_dags/example_task_group.py
[2022-10-05T18:07:17.031+0000] {processor.py:768} INFO - DAG(s) dict_keys(['example_task_group']) retrieved from /home/airflow/.local/lib/python3.7/site-packages/airflow/example_dags/example_task_group.py
[2022-10-05T18:07:17.059+0000] {logging_mixin.py:117} INFO - [2022-10-05T18:07:17.059+0000] {dag.py:2573} INFO - Sync 1 DAGs
[2022-10-05T18:07:17.078+0000] {logging_mixin.py:117} INFO - [2022-10-05T18:07:17.078+0000] {dag.py:3328} INFO - Setting next_dagrun for example_task_group to 2022-10-04T18:07:17.078548+00:00, run_after=2022-10-05T18:07:17.078548+00:00
[2022-10-05T18:07:17.100+0000] {processor.py:178} INFO - Processing /home/airflow/.local/lib/python3.7/site-packages/airflow/example_dags/example_task_group.py took 0.089 seconds
[2022-10-05T18:07:47.818+0000] {processor.py:156} INFO - Started process (PID=433) to work on /home/airflow/.local/lib/python3.7/site-packages/airflow/example_dags/example_task_group.py
[2022-10-05T18:07:47.819+0000] {processor.py:758} INFO - Processing file /home/airflow/.local/lib/python3.7/site-packages/airflow/example_dags/example_task_group.py for tasks to queue
[2022-10-05T18:07:47.820+0000] {logging_mixin.py:117} INFO - [2022-10-05T18:07:47.820+0000] {dagbag.py:525} INFO - Filling up the DagBag from /home/airflow/.local/lib/python3.7/site-packages/airflow/example_dags/example_task_group.py
[2022-10-05T18:07:47.852+0000] {processor.py:768} INFO - DAG(s) dict_keys(['example_task_group']) retrieved from /home/airflow/.local/lib/python3.7/site-packages/airflow/example_dags/example_task_group.py
[2022-10-05T18:07:47.932+0000] {logging_mixin.py:117} INFO - [2022-10-05T18:07:47.932+0000] {dag.py:2573} INFO - Sync 1 DAGs
[2022-10-05T18:07:47.983+0000] {logging_mixin.py:117} INFO - [2022-10-05T18:07:47.983+0000] {dag.py:3328} INFO - Setting next_dagrun for example_task_group to 2022-10-04T18:07:47.983122+00:00, run_after=2022-10-05T18:07:47.983122+00:00
[2022-10-05T18:07:48.033+0000] {processor.py:178} INFO - Processing /home/airflow/.local/lib/python3.7/site-packages/airflow/example_dags/example_task_group.py took 0.220 seconds
[2022-10-05T18:08:18.987+0000] {processor.py:156} INFO - Started process (PID=496) to work on /home/airflow/.local/lib/python3.7/site-packages/airflow/example_dags/example_task_group.py
[2022-10-05T18:08:18.989+0000] {processor.py:758} INFO - Processing file /home/airflow/.local/lib/python3.7/site-packages/airflow/example_dags/example_task_group.py for tasks to queue
[2022-10-05T18:08:18.990+0000] {logging_mixin.py:117} INFO - [2022-10-05T18:08:18.990+0000] {dagbag.py:525} INFO - Filling up the DagBag from /home/airflow/.local/lib/python3.7/site-packages/airflow/example_dags/example_task_group.py
[2022-10-05T18:08:19.024+0000] {processor.py:768} INFO - DAG(s) dict_keys(['example_task_group']) retrieved from /home/airflow/.local/lib/python3.7/site-packages/airflow/example_dags/example_task_group.py
[2022-10-05T18:08:19.107+0000] {logging_mixin.py:117} INFO - [2022-10-05T18:08:19.107+0000] {dag.py:2573} INFO - Sync 1 DAGs
[2022-10-05T18:08:19.161+0000] {logging_mixin.py:117} INFO - [2022-10-05T18:08:19.161+0000] {dag.py:3328} INFO - Setting next_dagrun for example_task_group to 2022-10-04T18:08:19.160568+00:00, run_after=2022-10-05T18:08:19.160568+00:00
[2022-10-05T18:08:19.209+0000] {processor.py:178} INFO - Processing /home/airflow/.local/lib/python3.7/site-packages/airflow/example_dags/example_task_group.py took 0.228 seconds
[2022-10-05T18:08:49.889+0000] {processor.py:156} INFO - Started process (PID=559) to work on /home/airflow/.local/lib/python3.7/site-packages/airflow/example_dags/example_task_group.py
[2022-10-05T18:08:49.890+0000] {processor.py:758} INFO - Processing file /home/airflow/.local/lib/python3.7/site-packages/airflow/example_dags/example_task_group.py for tasks to queue
[2022-10-05T18:08:49.891+0000] {logging_mixin.py:117} INFO - [2022-10-05T18:08:49.891+0000] {dagbag.py:525} INFO - Filling up the DagBag from /home/airflow/.local/lib/python3.7/site-packages/airflow/example_dags/example_task_group.py
[2022-10-05T18:08:49.923+0000] {processor.py:768} INFO - DAG(s) dict_keys(['example_task_group']) retrieved from /home/airflow/.local/lib/python3.7/site-packages/airflow/example_dags/example_task_group.py
[2022-10-05T18:08:50.006+0000] {logging_mixin.py:117} INFO - [2022-10-05T18:08:50.006+0000] {dag.py:2573} INFO - Sync 1 DAGs
[2022-10-05T18:08:50.056+0000] {logging_mixin.py:117} INFO - [2022-10-05T18:08:50.056+0000] {dag.py:3328} INFO - Setting next_dagrun for example_task_group to 2022-10-04T18:08:50.056077+00:00, run_after=2022-10-05T18:08:50.056077+00:00
[2022-10-05T18:08:50.090+0000] {processor.py:178} INFO - Processing /home/airflow/.local/lib/python3.7/site-packages/airflow/example_dags/example_task_group.py took 0.208 seconds
[2022-10-05T18:09:20.224+0000] {processor.py:156} INFO - Started process (PID=622) to work on /home/airflow/.local/lib/python3.7/site-packages/airflow/example_dags/example_task_group.py
[2022-10-05T18:09:20.228+0000] {processor.py:758} INFO - Processing file /home/airflow/.local/lib/python3.7/site-packages/airflow/example_dags/example_task_group.py for tasks to queue
[2022-10-05T18:09:20.229+0000] {logging_mixin.py:117} INFO - [2022-10-05T18:09:20.229+0000] {dagbag.py:525} INFO - Filling up the DagBag from /home/airflow/.local/lib/python3.7/site-packages/airflow/example_dags/example_task_group.py
[2022-10-05T18:09:20.237+0000] {processor.py:768} INFO - DAG(s) dict_keys(['example_task_group']) retrieved from /home/airflow/.local/lib/python3.7/site-packages/airflow/example_dags/example_task_group.py
[2022-10-05T18:09:20.262+0000] {logging_mixin.py:117} INFO - [2022-10-05T18:09:20.262+0000] {dag.py:2573} INFO - Sync 1 DAGs
[2022-10-05T18:09:20.277+0000] {logging_mixin.py:117} INFO - [2022-10-05T18:09:20.277+0000] {dag.py:3328} INFO - Setting next_dagrun for example_task_group to 2022-10-04T18:09:20.277013+00:00, run_after=2022-10-05T18:09:20.277013+00:00
[2022-10-05T18:09:20.297+0000] {processor.py:178} INFO - Processing /home/airflow/.local/lib/python3.7/site-packages/airflow/example_dags/example_task_group.py took 0.075 seconds
[2022-10-05T18:09:50.713+0000] {processor.py:156} INFO - Started process (PID=676) to work on /home/airflow/.local/lib/python3.7/site-packages/airflow/example_dags/example_task_group.py
[2022-10-05T18:09:50.720+0000] {processor.py:758} INFO - Processing file /home/airflow/.local/lib/python3.7/site-packages/airflow/example_dags/example_task_group.py for tasks to queue
[2022-10-05T18:09:50.721+0000] {logging_mixin.py:117} INFO - [2022-10-05T18:09:50.721+0000] {dagbag.py:525} INFO - Filling up the DagBag from /home/airflow/.local/lib/python3.7/site-packages/airflow/example_dags/example_task_group.py
[2022-10-05T18:09:50.730+0000] {processor.py:768} INFO - DAG(s) dict_keys(['example_task_group']) retrieved from /home/airflow/.local/lib/python3.7/site-packages/airflow/example_dags/example_task_group.py
[2022-10-05T18:09:50.766+0000] {logging_mixin.py:117} INFO - [2022-10-05T18:09:50.766+0000] {dag.py:2573} INFO - Sync 1 DAGs
[2022-10-05T18:09:50.825+0000] {logging_mixin.py:117} INFO - [2022-10-05T18:09:50.825+0000] {dag.py:3328} INFO - Setting next_dagrun for example_task_group to 2022-10-04T18:09:50.825189+00:00, run_after=2022-10-05T18:09:50.825189+00:00
[2022-10-05T18:09:50.865+0000] {processor.py:178} INFO - Processing /home/airflow/.local/lib/python3.7/site-packages/airflow/example_dags/example_task_group.py took 0.153 seconds
[2022-10-05T18:10:21.347+0000] {processor.py:156} INFO - Started process (PID=739) to work on /home/airflow/.local/lib/python3.7/site-packages/airflow/example_dags/example_task_group.py
[2022-10-05T18:10:21.349+0000] {processor.py:758} INFO - Processing file /home/airflow/.local/lib/python3.7/site-packages/airflow/example_dags/example_task_group.py for tasks to queue
[2022-10-05T18:10:21.349+0000] {logging_mixin.py:117} INFO - [2022-10-05T18:10:21.349+0000] {dagbag.py:525} INFO - Filling up the DagBag from /home/airflow/.local/lib/python3.7/site-packages/airflow/example_dags/example_task_group.py
[2022-10-05T18:10:21.358+0000] {processor.py:768} INFO - DAG(s) dict_keys(['example_task_group']) retrieved from /home/airflow/.local/lib/python3.7/site-packages/airflow/example_dags/example_task_group.py
[2022-10-05T18:10:21.382+0000] {logging_mixin.py:117} INFO - [2022-10-05T18:10:21.382+0000] {dag.py:2573} INFO - Sync 1 DAGs
[2022-10-05T18:10:21.398+0000] {logging_mixin.py:117} INFO - [2022-10-05T18:10:21.398+0000] {dag.py:3328} INFO - Setting next_dagrun for example_task_group to 2022-10-04T18:10:21.398555+00:00, run_after=2022-10-05T18:10:21.398555+00:00
[2022-10-05T18:10:21.419+0000] {processor.py:178} INFO - Processing /home/airflow/.local/lib/python3.7/site-packages/airflow/example_dags/example_task_group.py took 0.074 seconds
