[2022-10-05T18:04:42.078+0000] {processor.py:156} INFO - Started process (PID=65) to work on /home/airflow/.local/lib/python3.7/site-packages/airflow/example_dags/example_time_delta_sensor_async.py
[2022-10-05T18:04:42.079+0000] {processor.py:758} INFO - Processing file /home/airflow/.local/lib/python3.7/site-packages/airflow/example_dags/example_time_delta_sensor_async.py for tasks to queue
[2022-10-05T18:04:42.079+0000] {logging_mixin.py:117} INFO - [2022-10-05T18:04:42.079+0000] {dagbag.py:525} INFO - Filling up the DagBag from /home/airflow/.local/lib/python3.7/site-packages/airflow/example_dags/example_time_delta_sensor_async.py
[2022-10-05T18:04:42.091+0000] {processor.py:768} INFO - DAG(s) dict_keys(['example_time_delta_sensor_async']) retrieved from /home/airflow/.local/lib/python3.7/site-packages/airflow/example_dags/example_time_delta_sensor_async.py
[2022-10-05T18:04:42.111+0000] {logging_mixin.py:117} INFO - [2022-10-05T18:04:42.111+0000] {dag.py:2573} INFO - Sync 1 DAGs
[2022-10-05T18:04:42.129+0000] {logging_mixin.py:117} INFO - [2022-10-05T18:04:42.129+0000] {dag.py:3328} INFO - Setting next_dagrun for example_time_delta_sensor_async to None, run_after=None
[2022-10-05T18:04:42.151+0000] {processor.py:178} INFO - Processing /home/airflow/.local/lib/python3.7/site-packages/airflow/example_dags/example_time_delta_sensor_async.py took 0.074 seconds
[2022-10-05T18:05:13.757+0000] {processor.py:156} INFO - Started process (PID=128) to work on /home/airflow/.local/lib/python3.7/site-packages/airflow/example_dags/example_time_delta_sensor_async.py
[2022-10-05T18:05:13.766+0000] {processor.py:758} INFO - Processing file /home/airflow/.local/lib/python3.7/site-packages/airflow/example_dags/example_time_delta_sensor_async.py for tasks to queue
[2022-10-05T18:05:13.767+0000] {logging_mixin.py:117} INFO - [2022-10-05T18:05:13.766+0000] {dagbag.py:525} INFO - Filling up the DagBag from /home/airflow/.local/lib/python3.7/site-packages/airflow/example_dags/example_time_delta_sensor_async.py
[2022-10-05T18:05:13.793+0000] {processor.py:768} INFO - DAG(s) dict_keys(['example_time_delta_sensor_async']) retrieved from /home/airflow/.local/lib/python3.7/site-packages/airflow/example_dags/example_time_delta_sensor_async.py
[2022-10-05T18:05:14.001+0000] {logging_mixin.py:117} INFO - [2022-10-05T18:05:14.001+0000] {dag.py:2573} INFO - Sync 1 DAGs
[2022-10-05T18:05:14.017+0000] {logging_mixin.py:117} INFO - [2022-10-05T18:05:14.017+0000] {dag.py:3328} INFO - Setting next_dagrun for example_time_delta_sensor_async to None, run_after=None
[2022-10-05T18:05:14.040+0000] {processor.py:178} INFO - Processing /home/airflow/.local/lib/python3.7/site-packages/airflow/example_dags/example_time_delta_sensor_async.py took 0.289 seconds
[2022-10-05T18:05:44.398+0000] {processor.py:156} INFO - Started process (PID=191) to work on /home/airflow/.local/lib/python3.7/site-packages/airflow/example_dags/example_time_delta_sensor_async.py
[2022-10-05T18:05:44.406+0000] {processor.py:758} INFO - Processing file /home/airflow/.local/lib/python3.7/site-packages/airflow/example_dags/example_time_delta_sensor_async.py for tasks to queue
[2022-10-05T18:05:44.407+0000] {logging_mixin.py:117} INFO - [2022-10-05T18:05:44.406+0000] {dagbag.py:525} INFO - Filling up the DagBag from /home/airflow/.local/lib/python3.7/site-packages/airflow/example_dags/example_time_delta_sensor_async.py
[2022-10-05T18:05:44.431+0000] {processor.py:768} INFO - DAG(s) dict_keys(['example_time_delta_sensor_async']) retrieved from /home/airflow/.local/lib/python3.7/site-packages/airflow/example_dags/example_time_delta_sensor_async.py
[2022-10-05T18:05:44.607+0000] {logging_mixin.py:117} INFO - [2022-10-05T18:05:44.606+0000] {dag.py:2573} INFO - Sync 1 DAGs
[2022-10-05T18:05:44.627+0000] {logging_mixin.py:117} INFO - [2022-10-05T18:05:44.626+0000] {dag.py:3328} INFO - Setting next_dagrun for example_time_delta_sensor_async to None, run_after=None
[2022-10-05T18:05:44.650+0000] {processor.py:178} INFO - Processing /home/airflow/.local/lib/python3.7/site-packages/airflow/example_dags/example_time_delta_sensor_async.py took 0.258 seconds
[2022-10-05T18:06:15.544+0000] {processor.py:156} INFO - Started process (PID=253) to work on /home/airflow/.local/lib/python3.7/site-packages/airflow/example_dags/example_time_delta_sensor_async.py
[2022-10-05T18:06:15.552+0000] {processor.py:758} INFO - Processing file /home/airflow/.local/lib/python3.7/site-packages/airflow/example_dags/example_time_delta_sensor_async.py for tasks to queue
[2022-10-05T18:06:15.553+0000] {logging_mixin.py:117} INFO - [2022-10-05T18:06:15.552+0000] {dagbag.py:525} INFO - Filling up the DagBag from /home/airflow/.local/lib/python3.7/site-packages/airflow/example_dags/example_time_delta_sensor_async.py
[2022-10-05T18:06:15.578+0000] {processor.py:768} INFO - DAG(s) dict_keys(['example_time_delta_sensor_async']) retrieved from /home/airflow/.local/lib/python3.7/site-packages/airflow/example_dags/example_time_delta_sensor_async.py
[2022-10-05T18:06:15.781+0000] {logging_mixin.py:117} INFO - [2022-10-05T18:06:15.781+0000] {dag.py:2573} INFO - Sync 1 DAGs
[2022-10-05T18:06:15.796+0000] {logging_mixin.py:117} INFO - [2022-10-05T18:06:15.795+0000] {dag.py:3328} INFO - Setting next_dagrun for example_time_delta_sensor_async to None, run_after=None
[2022-10-05T18:06:15.820+0000] {processor.py:178} INFO - Processing /home/airflow/.local/lib/python3.7/site-packages/airflow/example_dags/example_time_delta_sensor_async.py took 0.282 seconds
[2022-10-05T18:06:46.008+0000] {processor.py:156} INFO - Started process (PID=315) to work on /home/airflow/.local/lib/python3.7/site-packages/airflow/example_dags/example_time_delta_sensor_async.py
[2022-10-05T18:06:46.015+0000] {processor.py:758} INFO - Processing file /home/airflow/.local/lib/python3.7/site-packages/airflow/example_dags/example_time_delta_sensor_async.py for tasks to queue
[2022-10-05T18:06:46.016+0000] {logging_mixin.py:117} INFO - [2022-10-05T18:06:46.016+0000] {dagbag.py:525} INFO - Filling up the DagBag from /home/airflow/.local/lib/python3.7/site-packages/airflow/example_dags/example_time_delta_sensor_async.py
[2022-10-05T18:06:46.024+0000] {processor.py:768} INFO - DAG(s) dict_keys(['example_time_delta_sensor_async']) retrieved from /home/airflow/.local/lib/python3.7/site-packages/airflow/example_dags/example_time_delta_sensor_async.py
[2022-10-05T18:06:46.154+0000] {logging_mixin.py:117} INFO - [2022-10-05T18:06:46.154+0000] {dag.py:2573} INFO - Sync 1 DAGs
[2022-10-05T18:06:46.172+0000] {logging_mixin.py:117} INFO - [2022-10-05T18:06:46.172+0000] {dag.py:3328} INFO - Setting next_dagrun for example_time_delta_sensor_async to None, run_after=None
[2022-10-05T18:06:46.190+0000] {processor.py:178} INFO - Processing /home/airflow/.local/lib/python3.7/site-packages/airflow/example_dags/example_time_delta_sensor_async.py took 0.183 seconds
[2022-10-05T18:07:16.409+0000] {processor.py:156} INFO - Started process (PID=368) to work on /home/airflow/.local/lib/python3.7/site-packages/airflow/example_dags/example_time_delta_sensor_async.py
[2022-10-05T18:07:16.409+0000] {processor.py:758} INFO - Processing file /home/airflow/.local/lib/python3.7/site-packages/airflow/example_dags/example_time_delta_sensor_async.py for tasks to queue
[2022-10-05T18:07:16.410+0000] {logging_mixin.py:117} INFO - [2022-10-05T18:07:16.410+0000] {dagbag.py:525} INFO - Filling up the DagBag from /home/airflow/.local/lib/python3.7/site-packages/airflow/example_dags/example_time_delta_sensor_async.py
[2022-10-05T18:07:16.429+0000] {processor.py:768} INFO - DAG(s) dict_keys(['example_time_delta_sensor_async']) retrieved from /home/airflow/.local/lib/python3.7/site-packages/airflow/example_dags/example_time_delta_sensor_async.py
[2022-10-05T18:07:16.645+0000] {logging_mixin.py:117} INFO - [2022-10-05T18:07:16.644+0000] {dag.py:2573} INFO - Sync 1 DAGs
[2022-10-05T18:07:16.660+0000] {logging_mixin.py:117} INFO - [2022-10-05T18:07:16.659+0000] {dag.py:3328} INFO - Setting next_dagrun for example_time_delta_sensor_async to None, run_after=None
[2022-10-05T18:07:16.674+0000] {processor.py:178} INFO - Processing /home/airflow/.local/lib/python3.7/site-packages/airflow/example_dags/example_time_delta_sensor_async.py took 0.268 seconds
[2022-10-05T18:07:46.697+0000] {processor.py:156} INFO - Started process (PID=430) to work on /home/airflow/.local/lib/python3.7/site-packages/airflow/example_dags/example_time_delta_sensor_async.py
[2022-10-05T18:07:46.699+0000] {processor.py:758} INFO - Processing file /home/airflow/.local/lib/python3.7/site-packages/airflow/example_dags/example_time_delta_sensor_async.py for tasks to queue
[2022-10-05T18:07:46.699+0000] {logging_mixin.py:117} INFO - [2022-10-05T18:07:46.699+0000] {dagbag.py:525} INFO - Filling up the DagBag from /home/airflow/.local/lib/python3.7/site-packages/airflow/example_dags/example_time_delta_sensor_async.py
[2022-10-05T18:07:46.708+0000] {processor.py:768} INFO - DAG(s) dict_keys(['example_time_delta_sensor_async']) retrieved from /home/airflow/.local/lib/python3.7/site-packages/airflow/example_dags/example_time_delta_sensor_async.py
[2022-10-05T18:07:46.832+0000] {logging_mixin.py:117} INFO - [2022-10-05T18:07:46.831+0000] {dag.py:2573} INFO - Sync 1 DAGs
[2022-10-05T18:07:46.847+0000] {logging_mixin.py:117} INFO - [2022-10-05T18:07:46.847+0000] {dag.py:3328} INFO - Setting next_dagrun for example_time_delta_sensor_async to None, run_after=None
[2022-10-05T18:07:46.867+0000] {processor.py:178} INFO - Processing /home/airflow/.local/lib/python3.7/site-packages/airflow/example_dags/example_time_delta_sensor_async.py took 0.171 seconds
[2022-10-05T18:08:17.745+0000] {processor.py:156} INFO - Started process (PID=493) to work on /home/airflow/.local/lib/python3.7/site-packages/airflow/example_dags/example_time_delta_sensor_async.py
[2022-10-05T18:08:17.752+0000] {processor.py:758} INFO - Processing file /home/airflow/.local/lib/python3.7/site-packages/airflow/example_dags/example_time_delta_sensor_async.py for tasks to queue
[2022-10-05T18:08:17.752+0000] {logging_mixin.py:117} INFO - [2022-10-05T18:08:17.752+0000] {dagbag.py:525} INFO - Filling up the DagBag from /home/airflow/.local/lib/python3.7/site-packages/airflow/example_dags/example_time_delta_sensor_async.py
[2022-10-05T18:08:17.760+0000] {processor.py:768} INFO - DAG(s) dict_keys(['example_time_delta_sensor_async']) retrieved from /home/airflow/.local/lib/python3.7/site-packages/airflow/example_dags/example_time_delta_sensor_async.py
[2022-10-05T18:08:17.940+0000] {logging_mixin.py:117} INFO - [2022-10-05T18:08:17.940+0000] {dag.py:2573} INFO - Sync 1 DAGs
[2022-10-05T18:08:17.954+0000] {logging_mixin.py:117} INFO - [2022-10-05T18:08:17.954+0000] {dag.py:3328} INFO - Setting next_dagrun for example_time_delta_sensor_async to None, run_after=None
[2022-10-05T18:08:17.978+0000] {processor.py:178} INFO - Processing /home/airflow/.local/lib/python3.7/site-packages/airflow/example_dags/example_time_delta_sensor_async.py took 0.234 seconds
[2022-10-05T18:08:48.666+0000] {processor.py:156} INFO - Started process (PID=556) to work on /home/airflow/.local/lib/python3.7/site-packages/airflow/example_dags/example_time_delta_sensor_async.py
[2022-10-05T18:08:48.673+0000] {processor.py:758} INFO - Processing file /home/airflow/.local/lib/python3.7/site-packages/airflow/example_dags/example_time_delta_sensor_async.py for tasks to queue
[2022-10-05T18:08:48.676+0000] {logging_mixin.py:117} INFO - [2022-10-05T18:08:48.674+0000] {dagbag.py:525} INFO - Filling up the DagBag from /home/airflow/.local/lib/python3.7/site-packages/airflow/example_dags/example_time_delta_sensor_async.py
[2022-10-05T18:08:48.700+0000] {processor.py:768} INFO - DAG(s) dict_keys(['example_time_delta_sensor_async']) retrieved from /home/airflow/.local/lib/python3.7/site-packages/airflow/example_dags/example_time_delta_sensor_async.py
[2022-10-05T18:08:48.904+0000] {logging_mixin.py:117} INFO - [2022-10-05T18:08:48.904+0000] {dag.py:2573} INFO - Sync 1 DAGs
[2022-10-05T18:08:48.919+0000] {logging_mixin.py:117} INFO - [2022-10-05T18:08:48.918+0000] {dag.py:3328} INFO - Setting next_dagrun for example_time_delta_sensor_async to None, run_after=None
[2022-10-05T18:08:48.943+0000] {processor.py:178} INFO - Processing /home/airflow/.local/lib/python3.7/site-packages/airflow/example_dags/example_time_delta_sensor_async.py took 0.279 seconds
[2022-10-05T18:09:19.135+0000] {processor.py:156} INFO - Started process (PID=619) to work on /home/airflow/.local/lib/python3.7/site-packages/airflow/example_dags/example_time_delta_sensor_async.py
[2022-10-05T18:09:19.136+0000] {processor.py:758} INFO - Processing file /home/airflow/.local/lib/python3.7/site-packages/airflow/example_dags/example_time_delta_sensor_async.py for tasks to queue
[2022-10-05T18:09:19.136+0000] {logging_mixin.py:117} INFO - [2022-10-05T18:09:19.136+0000] {dagbag.py:525} INFO - Filling up the DagBag from /home/airflow/.local/lib/python3.7/site-packages/airflow/example_dags/example_time_delta_sensor_async.py
[2022-10-05T18:09:19.143+0000] {processor.py:768} INFO - DAG(s) dict_keys(['example_time_delta_sensor_async']) retrieved from /home/airflow/.local/lib/python3.7/site-packages/airflow/example_dags/example_time_delta_sensor_async.py
[2022-10-05T18:09:19.266+0000] {logging_mixin.py:117} INFO - [2022-10-05T18:09:19.266+0000] {dag.py:2573} INFO - Sync 1 DAGs
[2022-10-05T18:09:19.281+0000] {logging_mixin.py:117} INFO - [2022-10-05T18:09:19.281+0000] {dag.py:3328} INFO - Setting next_dagrun for example_time_delta_sensor_async to None, run_after=None
[2022-10-05T18:09:19.300+0000] {processor.py:178} INFO - Processing /home/airflow/.local/lib/python3.7/site-packages/airflow/example_dags/example_time_delta_sensor_async.py took 0.167 seconds
[2022-10-05T18:09:50.438+0000] {processor.py:156} INFO - Started process (PID=673) to work on /home/airflow/.local/lib/python3.7/site-packages/airflow/example_dags/example_time_delta_sensor_async.py
[2022-10-05T18:09:50.446+0000] {processor.py:758} INFO - Processing file /home/airflow/.local/lib/python3.7/site-packages/airflow/example_dags/example_time_delta_sensor_async.py for tasks to queue
[2022-10-05T18:09:50.447+0000] {logging_mixin.py:117} INFO - [2022-10-05T18:09:50.447+0000] {dagbag.py:525} INFO - Filling up the DagBag from /home/airflow/.local/lib/python3.7/site-packages/airflow/example_dags/example_time_delta_sensor_async.py
[2022-10-05T18:09:50.474+0000] {processor.py:768} INFO - DAG(s) dict_keys(['example_time_delta_sensor_async']) retrieved from /home/airflow/.local/lib/python3.7/site-packages/airflow/example_dags/example_time_delta_sensor_async.py
[2022-10-05T18:09:50.662+0000] {logging_mixin.py:117} INFO - [2022-10-05T18:09:50.662+0000] {dag.py:2573} INFO - Sync 1 DAGs
[2022-10-05T18:09:50.679+0000] {logging_mixin.py:117} INFO - [2022-10-05T18:09:50.679+0000] {dag.py:3328} INFO - Setting next_dagrun for example_time_delta_sensor_async to None, run_after=None
[2022-10-05T18:09:50.701+0000] {processor.py:178} INFO - Processing /home/airflow/.local/lib/python3.7/site-packages/airflow/example_dags/example_time_delta_sensor_async.py took 0.269 seconds
[2022-10-05T18:10:21.053+0000] {processor.py:156} INFO - Started process (PID=736) to work on /home/airflow/.local/lib/python3.7/site-packages/airflow/example_dags/example_time_delta_sensor_async.py
[2022-10-05T18:10:21.060+0000] {processor.py:758} INFO - Processing file /home/airflow/.local/lib/python3.7/site-packages/airflow/example_dags/example_time_delta_sensor_async.py for tasks to queue
[2022-10-05T18:10:21.061+0000] {logging_mixin.py:117} INFO - [2022-10-05T18:10:21.060+0000] {dagbag.py:525} INFO - Filling up the DagBag from /home/airflow/.local/lib/python3.7/site-packages/airflow/example_dags/example_time_delta_sensor_async.py
[2022-10-05T18:10:21.069+0000] {processor.py:768} INFO - DAG(s) dict_keys(['example_time_delta_sensor_async']) retrieved from /home/airflow/.local/lib/python3.7/site-packages/airflow/example_dags/example_time_delta_sensor_async.py
[2022-10-05T18:10:21.199+0000] {logging_mixin.py:117} INFO - [2022-10-05T18:10:21.198+0000] {dag.py:2573} INFO - Sync 1 DAGs
[2022-10-05T18:10:21.215+0000] {logging_mixin.py:117} INFO - [2022-10-05T18:10:21.215+0000] {dag.py:3328} INFO - Setting next_dagrun for example_time_delta_sensor_async to None, run_after=None
[2022-10-05T18:10:21.235+0000] {processor.py:178} INFO - Processing /home/airflow/.local/lib/python3.7/site-packages/airflow/example_dags/example_time_delta_sensor_async.py took 0.184 seconds
