[2022-10-05T18:04:42.770+0000] {processor.py:156} INFO - Started process (PID=77) to work on /home/airflow/.local/lib/python3.7/site-packages/airflow/example_dags/example_bash_operator.py
[2022-10-05T18:04:42.770+0000] {processor.py:758} INFO - Processing file /home/airflow/.local/lib/python3.7/site-packages/airflow/example_dags/example_bash_operator.py for tasks to queue
[2022-10-05T18:04:42.770+0000] {logging_mixin.py:117} INFO - [2022-10-05T18:04:42.770+0000] {dagbag.py:525} INFO - Filling up the DagBag from /home/airflow/.local/lib/python3.7/site-packages/airflow/example_dags/example_bash_operator.py
[2022-10-05T18:04:42.785+0000] {processor.py:768} INFO - DAG(s) dict_keys(['example_bash_operator']) retrieved from /home/airflow/.local/lib/python3.7/site-packages/airflow/example_dags/example_bash_operator.py
[2022-10-05T18:04:42.803+0000] {logging_mixin.py:117} INFO - [2022-10-05T18:04:42.802+0000] {dag.py:2573} INFO - Sync 1 DAGs
[2022-10-05T18:04:42.824+0000] {logging_mixin.py:117} INFO - [2022-10-05T18:04:42.824+0000] {dag.py:3328} INFO - Setting next_dagrun for example_bash_operator to 2022-10-04T00:00:00+00:00, run_after=2022-10-05T00:00:00+00:00
[2022-10-05T18:04:42.850+0000] {processor.py:178} INFO - Processing /home/airflow/.local/lib/python3.7/site-packages/airflow/example_dags/example_bash_operator.py took 0.083 seconds
[2022-10-05T18:05:14.521+0000] {processor.py:156} INFO - Started process (PID=140) to work on /home/airflow/.local/lib/python3.7/site-packages/airflow/example_dags/example_bash_operator.py
[2022-10-05T18:05:14.521+0000] {processor.py:758} INFO - Processing file /home/airflow/.local/lib/python3.7/site-packages/airflow/example_dags/example_bash_operator.py for tasks to queue
[2022-10-05T18:05:14.522+0000] {logging_mixin.py:117} INFO - [2022-10-05T18:05:14.522+0000] {dagbag.py:525} INFO - Filling up the DagBag from /home/airflow/.local/lib/python3.7/site-packages/airflow/example_dags/example_bash_operator.py
[2022-10-05T18:05:14.535+0000] {processor.py:768} INFO - DAG(s) dict_keys(['example_bash_operator']) retrieved from /home/airflow/.local/lib/python3.7/site-packages/airflow/example_dags/example_bash_operator.py
[2022-10-05T18:05:14.564+0000] {logging_mixin.py:117} INFO - [2022-10-05T18:05:14.564+0000] {dag.py:2573} INFO - Sync 1 DAGs
[2022-10-05T18:05:14.580+0000] {logging_mixin.py:117} INFO - [2022-10-05T18:05:14.580+0000] {dag.py:3328} INFO - Setting next_dagrun for example_bash_operator to 2022-10-04T00:00:00+00:00, run_after=2022-10-05T00:00:00+00:00
[2022-10-05T18:05:14.603+0000] {processor.py:178} INFO - Processing /home/airflow/.local/lib/python3.7/site-packages/airflow/example_dags/example_bash_operator.py took 0.083 seconds
[2022-10-05T18:05:45.839+0000] {processor.py:156} INFO - Started process (PID=203) to work on /home/airflow/.local/lib/python3.7/site-packages/airflow/example_dags/example_bash_operator.py
[2022-10-05T18:05:45.841+0000] {processor.py:758} INFO - Processing file /home/airflow/.local/lib/python3.7/site-packages/airflow/example_dags/example_bash_operator.py for tasks to queue
[2022-10-05T18:05:45.842+0000] {logging_mixin.py:117} INFO - [2022-10-05T18:05:45.842+0000] {dagbag.py:525} INFO - Filling up the DagBag from /home/airflow/.local/lib/python3.7/site-packages/airflow/example_dags/example_bash_operator.py
[2022-10-05T18:05:45.886+0000] {processor.py:768} INFO - DAG(s) dict_keys(['example_bash_operator']) retrieved from /home/airflow/.local/lib/python3.7/site-packages/airflow/example_dags/example_bash_operator.py
[2022-10-05T18:05:45.972+0000] {logging_mixin.py:117} INFO - [2022-10-05T18:05:45.972+0000] {dag.py:2573} INFO - Sync 1 DAGs
[2022-10-05T18:05:46.015+0000] {logging_mixin.py:117} INFO - [2022-10-05T18:05:46.015+0000] {dag.py:3328} INFO - Setting next_dagrun for example_bash_operator to 2022-10-04T00:00:00+00:00, run_after=2022-10-05T00:00:00+00:00
[2022-10-05T18:05:46.045+0000] {processor.py:178} INFO - Processing /home/airflow/.local/lib/python3.7/site-packages/airflow/example_dags/example_bash_operator.py took 0.210 seconds
[2022-10-05T18:06:16.855+0000] {processor.py:156} INFO - Started process (PID=265) to work on /home/airflow/.local/lib/python3.7/site-packages/airflow/example_dags/example_bash_operator.py
[2022-10-05T18:06:16.863+0000] {processor.py:758} INFO - Processing file /home/airflow/.local/lib/python3.7/site-packages/airflow/example_dags/example_bash_operator.py for tasks to queue
[2022-10-05T18:06:16.864+0000] {logging_mixin.py:117} INFO - [2022-10-05T18:06:16.863+0000] {dagbag.py:525} INFO - Filling up the DagBag from /home/airflow/.local/lib/python3.7/site-packages/airflow/example_dags/example_bash_operator.py
[2022-10-05T18:06:16.903+0000] {processor.py:768} INFO - DAG(s) dict_keys(['example_bash_operator']) retrieved from /home/airflow/.local/lib/python3.7/site-packages/airflow/example_dags/example_bash_operator.py
[2022-10-05T18:06:17.023+0000] {logging_mixin.py:117} INFO - [2022-10-05T18:06:17.022+0000] {dag.py:2573} INFO - Sync 1 DAGs
[2022-10-05T18:06:17.085+0000] {logging_mixin.py:117} INFO - [2022-10-05T18:06:17.085+0000] {dag.py:3328} INFO - Setting next_dagrun for example_bash_operator to 2022-10-04T00:00:00+00:00, run_after=2022-10-05T00:00:00+00:00
[2022-10-05T18:06:17.128+0000] {processor.py:178} INFO - Processing /home/airflow/.local/lib/python3.7/site-packages/airflow/example_dags/example_bash_operator.py took 0.279 seconds
[2022-10-05T18:06:48.215+0000] {processor.py:156} INFO - Started process (PID=327) to work on /home/airflow/.local/lib/python3.7/site-packages/airflow/example_dags/example_bash_operator.py
[2022-10-05T18:06:48.222+0000] {processor.py:758} INFO - Processing file /home/airflow/.local/lib/python3.7/site-packages/airflow/example_dags/example_bash_operator.py for tasks to queue
[2022-10-05T18:06:48.223+0000] {logging_mixin.py:117} INFO - [2022-10-05T18:06:48.223+0000] {dagbag.py:525} INFO - Filling up the DagBag from /home/airflow/.local/lib/python3.7/site-packages/airflow/example_dags/example_bash_operator.py
[2022-10-05T18:06:48.236+0000] {processor.py:768} INFO - DAG(s) dict_keys(['example_bash_operator']) retrieved from /home/airflow/.local/lib/python3.7/site-packages/airflow/example_dags/example_bash_operator.py
[2022-10-05T18:06:48.264+0000] {logging_mixin.py:117} INFO - [2022-10-05T18:06:48.263+0000] {dag.py:2573} INFO - Sync 1 DAGs
[2022-10-05T18:06:48.279+0000] {logging_mixin.py:117} INFO - [2022-10-05T18:06:48.279+0000] {dag.py:3328} INFO - Setting next_dagrun for example_bash_operator to 2022-10-04T00:00:00+00:00, run_after=2022-10-05T00:00:00+00:00
[2022-10-05T18:06:48.299+0000] {processor.py:178} INFO - Processing /home/airflow/.local/lib/python3.7/site-packages/airflow/example_dags/example_bash_operator.py took 0.086 seconds
[2022-10-05T18:07:18.511+0000] {processor.py:156} INFO - Started process (PID=389) to work on /home/airflow/.local/lib/python3.7/site-packages/airflow/example_dags/example_bash_operator.py
[2022-10-05T18:07:18.511+0000] {processor.py:758} INFO - Processing file /home/airflow/.local/lib/python3.7/site-packages/airflow/example_dags/example_bash_operator.py for tasks to queue
[2022-10-05T18:07:18.511+0000] {logging_mixin.py:117} INFO - [2022-10-05T18:07:18.511+0000] {dagbag.py:525} INFO - Filling up the DagBag from /home/airflow/.local/lib/python3.7/site-packages/airflow/example_dags/example_bash_operator.py
[2022-10-05T18:07:18.529+0000] {processor.py:768} INFO - DAG(s) dict_keys(['example_bash_operator']) retrieved from /home/airflow/.local/lib/python3.7/site-packages/airflow/example_dags/example_bash_operator.py
[2022-10-05T18:07:18.567+0000] {logging_mixin.py:117} INFO - [2022-10-05T18:07:18.567+0000] {dag.py:2573} INFO - Sync 1 DAGs
[2022-10-05T18:07:18.592+0000] {logging_mixin.py:117} INFO - [2022-10-05T18:07:18.592+0000] {dag.py:3328} INFO - Setting next_dagrun for example_bash_operator to 2022-10-04T00:00:00+00:00, run_after=2022-10-05T00:00:00+00:00
[2022-10-05T18:07:18.607+0000] {processor.py:178} INFO - Processing /home/airflow/.local/lib/python3.7/site-packages/airflow/example_dags/example_bash_operator.py took 0.098 seconds
[2022-10-05T18:07:49.280+0000] {processor.py:156} INFO - Started process (PID=442) to work on /home/airflow/.local/lib/python3.7/site-packages/airflow/example_dags/example_bash_operator.py
[2022-10-05T18:07:49.282+0000] {processor.py:758} INFO - Processing file /home/airflow/.local/lib/python3.7/site-packages/airflow/example_dags/example_bash_operator.py for tasks to queue
[2022-10-05T18:07:49.283+0000] {logging_mixin.py:117} INFO - [2022-10-05T18:07:49.282+0000] {dagbag.py:525} INFO - Filling up the DagBag from /home/airflow/.local/lib/python3.7/site-packages/airflow/example_dags/example_bash_operator.py
[2022-10-05T18:07:49.329+0000] {processor.py:768} INFO - DAG(s) dict_keys(['example_bash_operator']) retrieved from /home/airflow/.local/lib/python3.7/site-packages/airflow/example_dags/example_bash_operator.py
[2022-10-05T18:07:49.406+0000] {logging_mixin.py:117} INFO - [2022-10-05T18:07:49.406+0000] {dag.py:2573} INFO - Sync 1 DAGs
[2022-10-05T18:07:49.437+0000] {logging_mixin.py:117} INFO - [2022-10-05T18:07:49.437+0000] {dag.py:3328} INFO - Setting next_dagrun for example_bash_operator to 2022-10-04T00:00:00+00:00, run_after=2022-10-05T00:00:00+00:00
[2022-10-05T18:07:49.476+0000] {processor.py:178} INFO - Processing /home/airflow/.local/lib/python3.7/site-packages/airflow/example_dags/example_bash_operator.py took 0.201 seconds
[2022-10-05T18:08:20.258+0000] {processor.py:156} INFO - Started process (PID=505) to work on /home/airflow/.local/lib/python3.7/site-packages/airflow/example_dags/example_bash_operator.py
[2022-10-05T18:08:20.266+0000] {processor.py:758} INFO - Processing file /home/airflow/.local/lib/python3.7/site-packages/airflow/example_dags/example_bash_operator.py for tasks to queue
[2022-10-05T18:08:20.268+0000] {logging_mixin.py:117} INFO - [2022-10-05T18:08:20.267+0000] {dagbag.py:525} INFO - Filling up the DagBag from /home/airflow/.local/lib/python3.7/site-packages/airflow/example_dags/example_bash_operator.py
[2022-10-05T18:08:20.315+0000] {processor.py:768} INFO - DAG(s) dict_keys(['example_bash_operator']) retrieved from /home/airflow/.local/lib/python3.7/site-packages/airflow/example_dags/example_bash_operator.py
[2022-10-05T18:08:20.411+0000] {logging_mixin.py:117} INFO - [2022-10-05T18:08:20.410+0000] {dag.py:2573} INFO - Sync 1 DAGs
[2022-10-05T18:08:20.468+0000] {logging_mixin.py:117} INFO - [2022-10-05T18:08:20.467+0000] {dag.py:3328} INFO - Setting next_dagrun for example_bash_operator to 2022-10-04T00:00:00+00:00, run_after=2022-10-05T00:00:00+00:00
[2022-10-05T18:08:20.514+0000] {processor.py:178} INFO - Processing /home/airflow/.local/lib/python3.7/site-packages/airflow/example_dags/example_bash_operator.py took 0.261 seconds
[2022-10-05T18:08:51.022+0000] {processor.py:156} INFO - Started process (PID=568) to work on /home/airflow/.local/lib/python3.7/site-packages/airflow/example_dags/example_bash_operator.py
[2022-10-05T18:08:51.024+0000] {processor.py:758} INFO - Processing file /home/airflow/.local/lib/python3.7/site-packages/airflow/example_dags/example_bash_operator.py for tasks to queue
[2022-10-05T18:08:51.025+0000] {logging_mixin.py:117} INFO - [2022-10-05T18:08:51.025+0000] {dagbag.py:525} INFO - Filling up the DagBag from /home/airflow/.local/lib/python3.7/site-packages/airflow/example_dags/example_bash_operator.py
[2022-10-05T18:08:51.064+0000] {processor.py:768} INFO - DAG(s) dict_keys(['example_bash_operator']) retrieved from /home/airflow/.local/lib/python3.7/site-packages/airflow/example_dags/example_bash_operator.py
[2022-10-05T18:08:51.163+0000] {logging_mixin.py:117} INFO - [2022-10-05T18:08:51.163+0000] {dag.py:2573} INFO - Sync 1 DAGs
[2022-10-05T18:08:51.223+0000] {logging_mixin.py:117} INFO - [2022-10-05T18:08:51.223+0000] {dag.py:3328} INFO - Setting next_dagrun for example_bash_operator to 2022-10-04T00:00:00+00:00, run_after=2022-10-05T00:00:00+00:00
[2022-10-05T18:08:51.272+0000] {processor.py:178} INFO - Processing /home/airflow/.local/lib/python3.7/site-packages/airflow/example_dags/example_bash_operator.py took 0.255 seconds
[2022-10-05T18:09:22.307+0000] {processor.py:156} INFO - Started process (PID=631) to work on /home/airflow/.local/lib/python3.7/site-packages/airflow/example_dags/example_bash_operator.py
[2022-10-05T18:09:22.308+0000] {processor.py:758} INFO - Processing file /home/airflow/.local/lib/python3.7/site-packages/airflow/example_dags/example_bash_operator.py for tasks to queue
[2022-10-05T18:09:22.308+0000] {logging_mixin.py:117} INFO - [2022-10-05T18:09:22.308+0000] {dagbag.py:525} INFO - Filling up the DagBag from /home/airflow/.local/lib/python3.7/site-packages/airflow/example_dags/example_bash_operator.py
[2022-10-05T18:09:22.321+0000] {processor.py:768} INFO - DAG(s) dict_keys(['example_bash_operator']) retrieved from /home/airflow/.local/lib/python3.7/site-packages/airflow/example_dags/example_bash_operator.py
[2022-10-05T18:09:22.349+0000] {logging_mixin.py:117} INFO - [2022-10-05T18:09:22.349+0000] {dag.py:2573} INFO - Sync 1 DAGs
[2022-10-05T18:09:22.365+0000] {logging_mixin.py:117} INFO - [2022-10-05T18:09:22.365+0000] {dag.py:3328} INFO - Setting next_dagrun for example_bash_operator to 2022-10-04T00:00:00+00:00, run_after=2022-10-05T00:00:00+00:00
[2022-10-05T18:09:22.384+0000] {processor.py:178} INFO - Processing /home/airflow/.local/lib/python3.7/site-packages/airflow/example_dags/example_bash_operator.py took 0.079 seconds
[2022-10-05T18:09:53.262+0000] {processor.py:156} INFO - Started process (PID=694) to work on /home/airflow/.local/lib/python3.7/site-packages/airflow/example_dags/example_bash_operator.py
[2022-10-05T18:09:53.269+0000] {processor.py:758} INFO - Processing file /home/airflow/.local/lib/python3.7/site-packages/airflow/example_dags/example_bash_operator.py for tasks to queue
[2022-10-05T18:09:53.270+0000] {logging_mixin.py:117} INFO - [2022-10-05T18:09:53.269+0000] {dagbag.py:525} INFO - Filling up the DagBag from /home/airflow/.local/lib/python3.7/site-packages/airflow/example_dags/example_bash_operator.py
[2022-10-05T18:09:53.282+0000] {processor.py:768} INFO - DAG(s) dict_keys(['example_bash_operator']) retrieved from /home/airflow/.local/lib/python3.7/site-packages/airflow/example_dags/example_bash_operator.py
[2022-10-05T18:09:53.311+0000] {logging_mixin.py:117} INFO - [2022-10-05T18:09:53.311+0000] {dag.py:2573} INFO - Sync 1 DAGs
[2022-10-05T18:09:53.327+0000] {logging_mixin.py:117} INFO - [2022-10-05T18:09:53.327+0000] {dag.py:3328} INFO - Setting next_dagrun for example_bash_operator to 2022-10-04T00:00:00+00:00, run_after=2022-10-05T00:00:00+00:00
[2022-10-05T18:09:53.348+0000] {processor.py:178} INFO - Processing /home/airflow/.local/lib/python3.7/site-packages/airflow/example_dags/example_bash_operator.py took 0.087 seconds
[2022-10-05T18:10:23.890+0000] {processor.py:156} INFO - Started process (PID=748) to work on /home/airflow/.local/lib/python3.7/site-packages/airflow/example_dags/example_bash_operator.py
[2022-10-05T18:10:23.897+0000] {processor.py:758} INFO - Processing file /home/airflow/.local/lib/python3.7/site-packages/airflow/example_dags/example_bash_operator.py for tasks to queue
[2022-10-05T18:10:23.898+0000] {logging_mixin.py:117} INFO - [2022-10-05T18:10:23.898+0000] {dagbag.py:525} INFO - Filling up the DagBag from /home/airflow/.local/lib/python3.7/site-packages/airflow/example_dags/example_bash_operator.py
[2022-10-05T18:10:23.911+0000] {processor.py:768} INFO - DAG(s) dict_keys(['example_bash_operator']) retrieved from /home/airflow/.local/lib/python3.7/site-packages/airflow/example_dags/example_bash_operator.py
[2022-10-05T18:10:23.968+0000] {logging_mixin.py:117} INFO - [2022-10-05T18:10:23.968+0000] {dag.py:2573} INFO - Sync 1 DAGs
[2022-10-05T18:10:23.994+0000] {logging_mixin.py:117} INFO - [2022-10-05T18:10:23.994+0000] {dag.py:3328} INFO - Setting next_dagrun for example_bash_operator to 2022-10-04T00:00:00+00:00, run_after=2022-10-05T00:00:00+00:00
[2022-10-05T18:10:24.017+0000] {processor.py:178} INFO - Processing /home/airflow/.local/lib/python3.7/site-packages/airflow/example_dags/example_bash_operator.py took 0.128 seconds
