[2022-10-05T18:04:41.913+0000] {processor.py:156} INFO - Started process (PID=62) to work on /home/airflow/.local/lib/python3.7/site-packages/airflow/example_dags/example_python_operator.py
[2022-10-05T18:04:41.913+0000] {processor.py:758} INFO - Processing file /home/airflow/.local/lib/python3.7/site-packages/airflow/example_dags/example_python_operator.py for tasks to queue
[2022-10-05T18:04:41.914+0000] {logging_mixin.py:117} INFO - [2022-10-05T18:04:41.913+0000] {dagbag.py:525} INFO - Filling up the DagBag from /home/airflow/.local/lib/python3.7/site-packages/airflow/example_dags/example_python_operator.py
[2022-10-05T18:04:41.930+0000] {processor.py:768} INFO - DAG(s) dict_keys(['example_python_operator']) retrieved from /home/airflow/.local/lib/python3.7/site-packages/airflow/example_dags/example_python_operator.py
[2022-10-05T18:04:41.948+0000] {logging_mixin.py:117} INFO - [2022-10-05T18:04:41.947+0000] {dag.py:2573} INFO - Sync 1 DAGs
[2022-10-05T18:04:41.963+0000] {logging_mixin.py:117} INFO - [2022-10-05T18:04:41.962+0000] {dag.py:3328} INFO - Setting next_dagrun for example_python_operator to None, run_after=None
[2022-10-05T18:04:41.984+0000] {processor.py:178} INFO - Processing /home/airflow/.local/lib/python3.7/site-packages/airflow/example_dags/example_python_operator.py took 0.073 seconds
[2022-10-05T18:05:13.356+0000] {processor.py:156} INFO - Started process (PID=125) to work on /home/airflow/.local/lib/python3.7/site-packages/airflow/example_dags/example_python_operator.py
[2022-10-05T18:05:13.364+0000] {processor.py:758} INFO - Processing file /home/airflow/.local/lib/python3.7/site-packages/airflow/example_dags/example_python_operator.py for tasks to queue
[2022-10-05T18:05:13.365+0000] {logging_mixin.py:117} INFO - [2022-10-05T18:05:13.365+0000] {dagbag.py:525} INFO - Filling up the DagBag from /home/airflow/.local/lib/python3.7/site-packages/airflow/example_dags/example_python_operator.py
[2022-10-05T18:05:13.417+0000] {processor.py:768} INFO - DAG(s) dict_keys(['example_python_operator']) retrieved from /home/airflow/.local/lib/python3.7/site-packages/airflow/example_dags/example_python_operator.py
[2022-10-05T18:05:13.451+0000] {logging_mixin.py:117} INFO - [2022-10-05T18:05:13.451+0000] {dag.py:2573} INFO - Sync 1 DAGs
[2022-10-05T18:05:13.466+0000] {logging_mixin.py:117} INFO - [2022-10-05T18:05:13.465+0000] {dag.py:3328} INFO - Setting next_dagrun for example_python_operator to None, run_after=None
[2022-10-05T18:05:13.479+0000] {processor.py:178} INFO - Processing /home/airflow/.local/lib/python3.7/site-packages/airflow/example_dags/example_python_operator.py took 0.128 seconds
[2022-10-05T18:05:44.164+0000] {processor.py:156} INFO - Started process (PID=188) to work on /home/airflow/.local/lib/python3.7/site-packages/airflow/example_dags/example_python_operator.py
[2022-10-05T18:05:44.165+0000] {processor.py:758} INFO - Processing file /home/airflow/.local/lib/python3.7/site-packages/airflow/example_dags/example_python_operator.py for tasks to queue
[2022-10-05T18:05:44.165+0000] {logging_mixin.py:117} INFO - [2022-10-05T18:05:44.165+0000] {dagbag.py:525} INFO - Filling up the DagBag from /home/airflow/.local/lib/python3.7/site-packages/airflow/example_dags/example_python_operator.py
[2022-10-05T18:05:44.182+0000] {processor.py:768} INFO - DAG(s) dict_keys(['example_python_operator']) retrieved from /home/airflow/.local/lib/python3.7/site-packages/airflow/example_dags/example_python_operator.py
[2022-10-05T18:05:44.206+0000] {logging_mixin.py:117} INFO - [2022-10-05T18:05:44.206+0000] {dag.py:2573} INFO - Sync 1 DAGs
[2022-10-05T18:05:44.222+0000] {logging_mixin.py:117} INFO - [2022-10-05T18:05:44.222+0000] {dag.py:3328} INFO - Setting next_dagrun for example_python_operator to None, run_after=None
[2022-10-05T18:05:44.233+0000] {processor.py:178} INFO - Processing /home/airflow/.local/lib/python3.7/site-packages/airflow/example_dags/example_python_operator.py took 0.070 seconds
[2022-10-05T18:06:14.993+0000] {processor.py:156} INFO - Started process (PID=250) to work on /home/airflow/.local/lib/python3.7/site-packages/airflow/example_dags/example_python_operator.py
[2022-10-05T18:06:14.994+0000] {processor.py:758} INFO - Processing file /home/airflow/.local/lib/python3.7/site-packages/airflow/example_dags/example_python_operator.py for tasks to queue
[2022-10-05T18:06:14.995+0000] {logging_mixin.py:117} INFO - [2022-10-05T18:06:14.995+0000] {dagbag.py:525} INFO - Filling up the DagBag from /home/airflow/.local/lib/python3.7/site-packages/airflow/example_dags/example_python_operator.py
[2022-10-05T18:06:15.042+0000] {processor.py:768} INFO - DAG(s) dict_keys(['example_python_operator']) retrieved from /home/airflow/.local/lib/python3.7/site-packages/airflow/example_dags/example_python_operator.py
[2022-10-05T18:06:15.116+0000] {logging_mixin.py:117} INFO - [2022-10-05T18:06:15.115+0000] {dag.py:2573} INFO - Sync 1 DAGs
[2022-10-05T18:06:15.140+0000] {logging_mixin.py:117} INFO - [2022-10-05T18:06:15.140+0000] {dag.py:3328} INFO - Setting next_dagrun for example_python_operator to None, run_after=None
[2022-10-05T18:06:15.161+0000] {processor.py:178} INFO - Processing /home/airflow/.local/lib/python3.7/site-packages/airflow/example_dags/example_python_operator.py took 0.173 seconds
[2022-10-05T18:06:45.700+0000] {processor.py:156} INFO - Started process (PID=312) to work on /home/airflow/.local/lib/python3.7/site-packages/airflow/example_dags/example_python_operator.py
[2022-10-05T18:06:45.705+0000] {processor.py:758} INFO - Processing file /home/airflow/.local/lib/python3.7/site-packages/airflow/example_dags/example_python_operator.py for tasks to queue
[2022-10-05T18:06:45.705+0000] {logging_mixin.py:117} INFO - [2022-10-05T18:06:45.705+0000] {dagbag.py:525} INFO - Filling up the DagBag from /home/airflow/.local/lib/python3.7/site-packages/airflow/example_dags/example_python_operator.py
[2022-10-05T18:06:45.722+0000] {processor.py:768} INFO - DAG(s) dict_keys(['example_python_operator']) retrieved from /home/airflow/.local/lib/python3.7/site-packages/airflow/example_dags/example_python_operator.py
[2022-10-05T18:06:45.752+0000] {logging_mixin.py:117} INFO - [2022-10-05T18:06:45.752+0000] {dag.py:2573} INFO - Sync 1 DAGs
[2022-10-05T18:06:45.775+0000] {logging_mixin.py:117} INFO - [2022-10-05T18:06:45.774+0000] {dag.py:3328} INFO - Setting next_dagrun for example_python_operator to None, run_after=None
[2022-10-05T18:06:45.798+0000] {processor.py:178} INFO - Processing /home/airflow/.local/lib/python3.7/site-packages/airflow/example_dags/example_python_operator.py took 0.099 seconds
[2022-10-05T18:07:16.122+0000] {processor.py:156} INFO - Started process (PID=365) to work on /home/airflow/.local/lib/python3.7/site-packages/airflow/example_dags/example_python_operator.py
[2022-10-05T18:07:16.123+0000] {processor.py:758} INFO - Processing file /home/airflow/.local/lib/python3.7/site-packages/airflow/example_dags/example_python_operator.py for tasks to queue
[2022-10-05T18:07:16.124+0000] {logging_mixin.py:117} INFO - [2022-10-05T18:07:16.124+0000] {dagbag.py:525} INFO - Filling up the DagBag from /home/airflow/.local/lib/python3.7/site-packages/airflow/example_dags/example_python_operator.py
[2022-10-05T18:07:16.179+0000] {processor.py:768} INFO - DAG(s) dict_keys(['example_python_operator']) retrieved from /home/airflow/.local/lib/python3.7/site-packages/airflow/example_dags/example_python_operator.py
[2022-10-05T18:07:16.246+0000] {logging_mixin.py:117} INFO - [2022-10-05T18:07:16.246+0000] {dag.py:2573} INFO - Sync 1 DAGs
[2022-10-05T18:07:16.277+0000] {logging_mixin.py:117} INFO - [2022-10-05T18:07:16.277+0000] {dag.py:3328} INFO - Setting next_dagrun for example_python_operator to None, run_after=None
[2022-10-05T18:07:16.301+0000] {processor.py:178} INFO - Processing /home/airflow/.local/lib/python3.7/site-packages/airflow/example_dags/example_python_operator.py took 0.186 seconds
[2022-10-05T18:07:46.497+0000] {processor.py:156} INFO - Started process (PID=427) to work on /home/airflow/.local/lib/python3.7/site-packages/airflow/example_dags/example_python_operator.py
[2022-10-05T18:07:46.502+0000] {processor.py:758} INFO - Processing file /home/airflow/.local/lib/python3.7/site-packages/airflow/example_dags/example_python_operator.py for tasks to queue
[2022-10-05T18:07:46.502+0000] {logging_mixin.py:117} INFO - [2022-10-05T18:07:46.502+0000] {dagbag.py:525} INFO - Filling up the DagBag from /home/airflow/.local/lib/python3.7/site-packages/airflow/example_dags/example_python_operator.py
[2022-10-05T18:07:46.518+0000] {processor.py:768} INFO - DAG(s) dict_keys(['example_python_operator']) retrieved from /home/airflow/.local/lib/python3.7/site-packages/airflow/example_dags/example_python_operator.py
[2022-10-05T18:07:46.543+0000] {logging_mixin.py:117} INFO - [2022-10-05T18:07:46.543+0000] {dag.py:2573} INFO - Sync 1 DAGs
[2022-10-05T18:07:46.559+0000] {logging_mixin.py:117} INFO - [2022-10-05T18:07:46.559+0000] {dag.py:3328} INFO - Setting next_dagrun for example_python_operator to None, run_after=None
[2022-10-05T18:07:46.581+0000] {processor.py:178} INFO - Processing /home/airflow/.local/lib/python3.7/site-packages/airflow/example_dags/example_python_operator.py took 0.085 seconds
[2022-10-05T18:08:17.544+0000] {processor.py:156} INFO - Started process (PID=490) to work on /home/airflow/.local/lib/python3.7/site-packages/airflow/example_dags/example_python_operator.py
[2022-10-05T18:08:17.550+0000] {processor.py:758} INFO - Processing file /home/airflow/.local/lib/python3.7/site-packages/airflow/example_dags/example_python_operator.py for tasks to queue
[2022-10-05T18:08:17.550+0000] {logging_mixin.py:117} INFO - [2022-10-05T18:08:17.550+0000] {dagbag.py:525} INFO - Filling up the DagBag from /home/airflow/.local/lib/python3.7/site-packages/airflow/example_dags/example_python_operator.py
[2022-10-05T18:08:17.566+0000] {processor.py:768} INFO - DAG(s) dict_keys(['example_python_operator']) retrieved from /home/airflow/.local/lib/python3.7/site-packages/airflow/example_dags/example_python_operator.py
[2022-10-05T18:08:17.597+0000] {logging_mixin.py:117} INFO - [2022-10-05T18:08:17.597+0000] {dag.py:2573} INFO - Sync 1 DAGs
[2022-10-05T18:08:17.619+0000] {logging_mixin.py:117} INFO - [2022-10-05T18:08:17.618+0000] {dag.py:3328} INFO - Setting next_dagrun for example_python_operator to None, run_after=None
[2022-10-05T18:08:17.641+0000] {processor.py:178} INFO - Processing /home/airflow/.local/lib/python3.7/site-packages/airflow/example_dags/example_python_operator.py took 0.099 seconds
[2022-10-05T18:08:48.227+0000] {processor.py:156} INFO - Started process (PID=553) to work on /home/airflow/.local/lib/python3.7/site-packages/airflow/example_dags/example_python_operator.py
[2022-10-05T18:08:48.235+0000] {processor.py:758} INFO - Processing file /home/airflow/.local/lib/python3.7/site-packages/airflow/example_dags/example_python_operator.py for tasks to queue
[2022-10-05T18:08:48.236+0000] {logging_mixin.py:117} INFO - [2022-10-05T18:08:48.236+0000] {dagbag.py:525} INFO - Filling up the DagBag from /home/airflow/.local/lib/python3.7/site-packages/airflow/example_dags/example_python_operator.py
[2022-10-05T18:08:48.288+0000] {processor.py:768} INFO - DAG(s) dict_keys(['example_python_operator']) retrieved from /home/airflow/.local/lib/python3.7/site-packages/airflow/example_dags/example_python_operator.py
[2022-10-05T18:08:48.369+0000] {logging_mixin.py:117} INFO - [2022-10-05T18:08:48.369+0000] {dag.py:2573} INFO - Sync 1 DAGs
[2022-10-05T18:08:48.418+0000] {logging_mixin.py:117} INFO - [2022-10-05T18:08:48.418+0000] {dag.py:3328} INFO - Setting next_dagrun for example_python_operator to None, run_after=None
[2022-10-05T18:08:48.457+0000] {processor.py:178} INFO - Processing /home/airflow/.local/lib/python3.7/site-packages/airflow/example_dags/example_python_operator.py took 0.235 seconds
[2022-10-05T18:09:18.940+0000] {processor.py:156} INFO - Started process (PID=616) to work on /home/airflow/.local/lib/python3.7/site-packages/airflow/example_dags/example_python_operator.py
[2022-10-05T18:09:18.947+0000] {processor.py:758} INFO - Processing file /home/airflow/.local/lib/python3.7/site-packages/airflow/example_dags/example_python_operator.py for tasks to queue
[2022-10-05T18:09:18.947+0000] {logging_mixin.py:117} INFO - [2022-10-05T18:09:18.947+0000] {dagbag.py:525} INFO - Filling up the DagBag from /home/airflow/.local/lib/python3.7/site-packages/airflow/example_dags/example_python_operator.py
[2022-10-05T18:09:18.963+0000] {processor.py:768} INFO - DAG(s) dict_keys(['example_python_operator']) retrieved from /home/airflow/.local/lib/python3.7/site-packages/airflow/example_dags/example_python_operator.py
[2022-10-05T18:09:18.993+0000] {logging_mixin.py:117} INFO - [2022-10-05T18:09:18.993+0000] {dag.py:2573} INFO - Sync 1 DAGs
[2022-10-05T18:09:19.013+0000] {logging_mixin.py:117} INFO - [2022-10-05T18:09:19.013+0000] {dag.py:3328} INFO - Setting next_dagrun for example_python_operator to None, run_after=None
[2022-10-05T18:09:19.035+0000] {processor.py:178} INFO - Processing /home/airflow/.local/lib/python3.7/site-packages/airflow/example_dags/example_python_operator.py took 0.097 seconds
[2022-10-05T18:09:50.113+0000] {processor.py:156} INFO - Started process (PID=670) to work on /home/airflow/.local/lib/python3.7/site-packages/airflow/example_dags/example_python_operator.py
[2022-10-05T18:09:50.118+0000] {processor.py:758} INFO - Processing file /home/airflow/.local/lib/python3.7/site-packages/airflow/example_dags/example_python_operator.py for tasks to queue
[2022-10-05T18:09:50.119+0000] {logging_mixin.py:117} INFO - [2022-10-05T18:09:50.119+0000] {dagbag.py:525} INFO - Filling up the DagBag from /home/airflow/.local/lib/python3.7/site-packages/airflow/example_dags/example_python_operator.py
[2022-10-05T18:09:50.140+0000] {processor.py:768} INFO - DAG(s) dict_keys(['example_python_operator']) retrieved from /home/airflow/.local/lib/python3.7/site-packages/airflow/example_dags/example_python_operator.py
[2022-10-05T18:09:50.165+0000] {logging_mixin.py:117} INFO - [2022-10-05T18:09:50.165+0000] {dag.py:2573} INFO - Sync 1 DAGs
[2022-10-05T18:09:50.181+0000] {logging_mixin.py:117} INFO - [2022-10-05T18:09:50.181+0000] {dag.py:3328} INFO - Setting next_dagrun for example_python_operator to None, run_after=None
[2022-10-05T18:09:50.202+0000] {processor.py:178} INFO - Processing /home/airflow/.local/lib/python3.7/site-packages/airflow/example_dags/example_python_operator.py took 0.090 seconds
[2022-10-05T18:10:20.656+0000] {processor.py:156} INFO - Started process (PID=732) to work on /home/airflow/.local/lib/python3.7/site-packages/airflow/example_dags/example_python_operator.py
[2022-10-05T18:10:20.660+0000] {processor.py:758} INFO - Processing file /home/airflow/.local/lib/python3.7/site-packages/airflow/example_dags/example_python_operator.py for tasks to queue
[2022-10-05T18:10:20.661+0000] {logging_mixin.py:117} INFO - [2022-10-05T18:10:20.661+0000] {dagbag.py:525} INFO - Filling up the DagBag from /home/airflow/.local/lib/python3.7/site-packages/airflow/example_dags/example_python_operator.py
[2022-10-05T18:10:20.676+0000] {processor.py:768} INFO - DAG(s) dict_keys(['example_python_operator']) retrieved from /home/airflow/.local/lib/python3.7/site-packages/airflow/example_dags/example_python_operator.py
[2022-10-05T18:10:20.701+0000] {logging_mixin.py:117} INFO - [2022-10-05T18:10:20.701+0000] {dag.py:2573} INFO - Sync 1 DAGs
[2022-10-05T18:10:20.717+0000] {logging_mixin.py:117} INFO - [2022-10-05T18:10:20.717+0000] {dag.py:3328} INFO - Setting next_dagrun for example_python_operator to None, run_after=None
[2022-10-05T18:10:20.729+0000] {processor.py:178} INFO - Processing /home/airflow/.local/lib/python3.7/site-packages/airflow/example_dags/example_python_operator.py took 0.075 seconds
