[2022-10-05T18:04:42.596+0000] {processor.py:156} INFO - Started process (PID=73) to work on /home/airflow/.local/lib/python3.7/site-packages/airflow/example_dags/tutorial.py
[2022-10-05T18:04:42.597+0000] {processor.py:758} INFO - Processing file /home/airflow/.local/lib/python3.7/site-packages/airflow/example_dags/tutorial.py for tasks to queue
[2022-10-05T18:04:42.597+0000] {logging_mixin.py:117} INFO - [2022-10-05T18:04:42.597+0000] {dagbag.py:525} INFO - Filling up the DagBag from /home/airflow/.local/lib/python3.7/site-packages/airflow/example_dags/tutorial.py
[2022-10-05T18:04:42.606+0000] {processor.py:768} INFO - DAG(s) dict_keys(['tutorial']) retrieved from /home/airflow/.local/lib/python3.7/site-packages/airflow/example_dags/tutorial.py
[2022-10-05T18:04:42.622+0000] {logging_mixin.py:117} INFO - [2022-10-05T18:04:42.622+0000] {dag.py:2573} INFO - Sync 1 DAGs
[2022-10-05T18:04:42.640+0000] {logging_mixin.py:117} INFO - [2022-10-05T18:04:42.640+0000] {dag.py:3328} INFO - Setting next_dagrun for tutorial to 2022-10-04T18:04:42.640371+00:00, run_after=2022-10-05T18:04:42.640371+00:00
[2022-10-05T18:04:42.664+0000] {processor.py:178} INFO - Processing /home/airflow/.local/lib/python3.7/site-packages/airflow/example_dags/tutorial.py took 0.069 seconds
[2022-10-05T18:05:14.265+0000] {processor.py:156} INFO - Started process (PID=136) to work on /home/airflow/.local/lib/python3.7/site-packages/airflow/example_dags/tutorial.py
[2022-10-05T18:05:14.272+0000] {processor.py:758} INFO - Processing file /home/airflow/.local/lib/python3.7/site-packages/airflow/example_dags/tutorial.py for tasks to queue
[2022-10-05T18:05:14.273+0000] {logging_mixin.py:117} INFO - [2022-10-05T18:05:14.272+0000] {dagbag.py:525} INFO - Filling up the DagBag from /home/airflow/.local/lib/python3.7/site-packages/airflow/example_dags/tutorial.py
[2022-10-05T18:05:14.281+0000] {processor.py:768} INFO - DAG(s) dict_keys(['tutorial']) retrieved from /home/airflow/.local/lib/python3.7/site-packages/airflow/example_dags/tutorial.py
[2022-10-05T18:05:14.304+0000] {logging_mixin.py:117} INFO - [2022-10-05T18:05:14.304+0000] {dag.py:2573} INFO - Sync 1 DAGs
[2022-10-05T18:05:14.318+0000] {logging_mixin.py:117} INFO - [2022-10-05T18:05:14.318+0000] {dag.py:3328} INFO - Setting next_dagrun for tutorial to 2022-10-04T18:05:14.318506+00:00, run_after=2022-10-05T18:05:14.318506+00:00
[2022-10-05T18:05:14.330+0000] {processor.py:178} INFO - Processing /home/airflow/.local/lib/python3.7/site-packages/airflow/example_dags/tutorial.py took 0.066 seconds
[2022-10-05T18:05:45.462+0000] {processor.py:156} INFO - Started process (PID=199) to work on /home/airflow/.local/lib/python3.7/site-packages/airflow/example_dags/tutorial.py
[2022-10-05T18:05:45.470+0000] {processor.py:758} INFO - Processing file /home/airflow/.local/lib/python3.7/site-packages/airflow/example_dags/tutorial.py for tasks to queue
[2022-10-05T18:05:45.471+0000] {logging_mixin.py:117} INFO - [2022-10-05T18:05:45.471+0000] {dagbag.py:525} INFO - Filling up the DagBag from /home/airflow/.local/lib/python3.7/site-packages/airflow/example_dags/tutorial.py
[2022-10-05T18:05:45.501+0000] {processor.py:768} INFO - DAG(s) dict_keys(['tutorial']) retrieved from /home/airflow/.local/lib/python3.7/site-packages/airflow/example_dags/tutorial.py
[2022-10-05T18:05:45.544+0000] {logging_mixin.py:117} INFO - [2022-10-05T18:05:45.544+0000] {dag.py:2573} INFO - Sync 1 DAGs
[2022-10-05T18:05:45.564+0000] {logging_mixin.py:117} INFO - [2022-10-05T18:05:45.564+0000] {dag.py:3328} INFO - Setting next_dagrun for tutorial to 2022-10-04T18:05:45.564491+00:00, run_after=2022-10-05T18:05:45.564491+00:00
[2022-10-05T18:05:45.594+0000] {processor.py:178} INFO - Processing /home/airflow/.local/lib/python3.7/site-packages/airflow/example_dags/tutorial.py took 0.137 seconds
[2022-10-05T18:06:16.411+0000] {processor.py:156} INFO - Started process (PID=261) to work on /home/airflow/.local/lib/python3.7/site-packages/airflow/example_dags/tutorial.py
[2022-10-05T18:06:16.419+0000] {processor.py:758} INFO - Processing file /home/airflow/.local/lib/python3.7/site-packages/airflow/example_dags/tutorial.py for tasks to queue
[2022-10-05T18:06:16.420+0000] {logging_mixin.py:117} INFO - [2022-10-05T18:06:16.420+0000] {dagbag.py:525} INFO - Filling up the DagBag from /home/airflow/.local/lib/python3.7/site-packages/airflow/example_dags/tutorial.py
[2022-10-05T18:06:16.445+0000] {processor.py:768} INFO - DAG(s) dict_keys(['tutorial']) retrieved from /home/airflow/.local/lib/python3.7/site-packages/airflow/example_dags/tutorial.py
[2022-10-05T18:06:16.486+0000] {logging_mixin.py:117} INFO - [2022-10-05T18:06:16.486+0000] {dag.py:2573} INFO - Sync 1 DAGs
[2022-10-05T18:06:16.533+0000] {logging_mixin.py:117} INFO - [2022-10-05T18:06:16.533+0000] {dag.py:3328} INFO - Setting next_dagrun for tutorial to 2022-10-04T18:06:16.532669+00:00, run_after=2022-10-05T18:06:16.532669+00:00
[2022-10-05T18:06:16.580+0000] {processor.py:178} INFO - Processing /home/airflow/.local/lib/python3.7/site-packages/airflow/example_dags/tutorial.py took 0.174 seconds
[2022-10-05T18:06:47.796+0000] {processor.py:156} INFO - Started process (PID=323) to work on /home/airflow/.local/lib/python3.7/site-packages/airflow/example_dags/tutorial.py
[2022-10-05T18:06:47.804+0000] {processor.py:758} INFO - Processing file /home/airflow/.local/lib/python3.7/site-packages/airflow/example_dags/tutorial.py for tasks to queue
[2022-10-05T18:06:47.805+0000] {logging_mixin.py:117} INFO - [2022-10-05T18:06:47.805+0000] {dagbag.py:525} INFO - Filling up the DagBag from /home/airflow/.local/lib/python3.7/site-packages/airflow/example_dags/tutorial.py
[2022-10-05T18:06:47.832+0000] {processor.py:768} INFO - DAG(s) dict_keys(['tutorial']) retrieved from /home/airflow/.local/lib/python3.7/site-packages/airflow/example_dags/tutorial.py
[2022-10-05T18:06:47.915+0000] {logging_mixin.py:117} INFO - [2022-10-05T18:06:47.914+0000] {dag.py:2573} INFO - Sync 1 DAGs
[2022-10-05T18:06:47.966+0000] {logging_mixin.py:117} INFO - [2022-10-05T18:06:47.966+0000] {dag.py:3328} INFO - Setting next_dagrun for tutorial to 2022-10-04T18:06:47.966069+00:00, run_after=2022-10-05T18:06:47.966069+00:00
[2022-10-05T18:06:48.012+0000] {processor.py:178} INFO - Processing /home/airflow/.local/lib/python3.7/site-packages/airflow/example_dags/tutorial.py took 0.222 seconds
[2022-10-05T18:07:18.322+0000] {processor.py:156} INFO - Started process (PID=383) to work on /home/airflow/.local/lib/python3.7/site-packages/airflow/example_dags/tutorial.py
[2022-10-05T18:07:18.329+0000] {processor.py:758} INFO - Processing file /home/airflow/.local/lib/python3.7/site-packages/airflow/example_dags/tutorial.py for tasks to queue
[2022-10-05T18:07:18.330+0000] {logging_mixin.py:117} INFO - [2022-10-05T18:07:18.330+0000] {dagbag.py:525} INFO - Filling up the DagBag from /home/airflow/.local/lib/python3.7/site-packages/airflow/example_dags/tutorial.py
[2022-10-05T18:07:18.338+0000] {processor.py:768} INFO - DAG(s) dict_keys(['tutorial']) retrieved from /home/airflow/.local/lib/python3.7/site-packages/airflow/example_dags/tutorial.py
[2022-10-05T18:07:18.362+0000] {logging_mixin.py:117} INFO - [2022-10-05T18:07:18.362+0000] {dag.py:2573} INFO - Sync 1 DAGs
[2022-10-05T18:07:18.377+0000] {logging_mixin.py:117} INFO - [2022-10-05T18:07:18.377+0000] {dag.py:3328} INFO - Setting next_dagrun for tutorial to 2022-10-04T18:07:18.377708+00:00, run_after=2022-10-05T18:07:18.377708+00:00
[2022-10-05T18:07:18.399+0000] {processor.py:178} INFO - Processing /home/airflow/.local/lib/python3.7/site-packages/airflow/example_dags/tutorial.py took 0.078 seconds
[2022-10-05T18:07:48.804+0000] {processor.py:156} INFO - Started process (PID=438) to work on /home/airflow/.local/lib/python3.7/site-packages/airflow/example_dags/tutorial.py
[2022-10-05T18:07:48.812+0000] {processor.py:758} INFO - Processing file /home/airflow/.local/lib/python3.7/site-packages/airflow/example_dags/tutorial.py for tasks to queue
[2022-10-05T18:07:48.813+0000] {logging_mixin.py:117} INFO - [2022-10-05T18:07:48.813+0000] {dagbag.py:525} INFO - Filling up the DagBag from /home/airflow/.local/lib/python3.7/site-packages/airflow/example_dags/tutorial.py
[2022-10-05T18:07:48.841+0000] {processor.py:768} INFO - DAG(s) dict_keys(['tutorial']) retrieved from /home/airflow/.local/lib/python3.7/site-packages/airflow/example_dags/tutorial.py
[2022-10-05T18:07:48.912+0000] {logging_mixin.py:117} INFO - [2022-10-05T18:07:48.911+0000] {dag.py:2573} INFO - Sync 1 DAGs
[2022-10-05T18:07:48.951+0000] {logging_mixin.py:117} INFO - [2022-10-05T18:07:48.951+0000] {dag.py:3328} INFO - Setting next_dagrun for tutorial to 2022-10-04T18:07:48.951011+00:00, run_after=2022-10-05T18:07:48.951011+00:00
[2022-10-05T18:07:48.985+0000] {processor.py:178} INFO - Processing /home/airflow/.local/lib/python3.7/site-packages/airflow/example_dags/tutorial.py took 0.187 seconds
[2022-10-05T18:08:19.750+0000] {processor.py:156} INFO - Started process (PID=501) to work on /home/airflow/.local/lib/python3.7/site-packages/airflow/example_dags/tutorial.py
[2022-10-05T18:08:19.758+0000] {processor.py:758} INFO - Processing file /home/airflow/.local/lib/python3.7/site-packages/airflow/example_dags/tutorial.py for tasks to queue
[2022-10-05T18:08:19.759+0000] {logging_mixin.py:117} INFO - [2022-10-05T18:08:19.759+0000] {dagbag.py:525} INFO - Filling up the DagBag from /home/airflow/.local/lib/python3.7/site-packages/airflow/example_dags/tutorial.py
[2022-10-05T18:08:19.783+0000] {processor.py:768} INFO - DAG(s) dict_keys(['tutorial']) retrieved from /home/airflow/.local/lib/python3.7/site-packages/airflow/example_dags/tutorial.py
[2022-10-05T18:08:19.848+0000] {logging_mixin.py:117} INFO - [2022-10-05T18:08:19.848+0000] {dag.py:2573} INFO - Sync 1 DAGs
[2022-10-05T18:08:19.897+0000] {logging_mixin.py:117} INFO - [2022-10-05T18:08:19.896+0000] {dag.py:3328} INFO - Setting next_dagrun for tutorial to 2022-10-04T18:08:19.896492+00:00, run_after=2022-10-05T18:08:19.896492+00:00
[2022-10-05T18:08:19.943+0000] {processor.py:178} INFO - Processing /home/airflow/.local/lib/python3.7/site-packages/airflow/example_dags/tutorial.py took 0.198 seconds
[2022-10-05T18:08:50.548+0000] {processor.py:156} INFO - Started process (PID=564) to work on /home/airflow/.local/lib/python3.7/site-packages/airflow/example_dags/tutorial.py
[2022-10-05T18:08:50.556+0000] {processor.py:758} INFO - Processing file /home/airflow/.local/lib/python3.7/site-packages/airflow/example_dags/tutorial.py for tasks to queue
[2022-10-05T18:08:50.557+0000] {logging_mixin.py:117} INFO - [2022-10-05T18:08:50.556+0000] {dagbag.py:525} INFO - Filling up the DagBag from /home/airflow/.local/lib/python3.7/site-packages/airflow/example_dags/tutorial.py
[2022-10-05T18:08:50.585+0000] {processor.py:768} INFO - DAG(s) dict_keys(['tutorial']) retrieved from /home/airflow/.local/lib/python3.7/site-packages/airflow/example_dags/tutorial.py
[2022-10-05T18:08:50.664+0000] {logging_mixin.py:117} INFO - [2022-10-05T18:08:50.664+0000] {dag.py:2573} INFO - Sync 1 DAGs
[2022-10-05T18:08:50.708+0000] {logging_mixin.py:117} INFO - [2022-10-05T18:08:50.708+0000] {dag.py:3328} INFO - Setting next_dagrun for tutorial to 2022-10-04T18:08:50.708061+00:00, run_after=2022-10-05T18:08:50.708061+00:00
[2022-10-05T18:08:50.754+0000] {processor.py:178} INFO - Processing /home/airflow/.local/lib/python3.7/site-packages/airflow/example_dags/tutorial.py took 0.211 seconds
[2022-10-05T18:09:21.639+0000] {processor.py:156} INFO - Started process (PID=627) to work on /home/airflow/.local/lib/python3.7/site-packages/airflow/example_dags/tutorial.py
[2022-10-05T18:09:21.647+0000] {processor.py:758} INFO - Processing file /home/airflow/.local/lib/python3.7/site-packages/airflow/example_dags/tutorial.py for tasks to queue
[2022-10-05T18:09:21.648+0000] {logging_mixin.py:117} INFO - [2022-10-05T18:09:21.648+0000] {dagbag.py:525} INFO - Filling up the DagBag from /home/airflow/.local/lib/python3.7/site-packages/airflow/example_dags/tutorial.py
[2022-10-05T18:09:21.672+0000] {processor.py:768} INFO - DAG(s) dict_keys(['tutorial']) retrieved from /home/airflow/.local/lib/python3.7/site-packages/airflow/example_dags/tutorial.py
[2022-10-05T18:09:21.743+0000] {logging_mixin.py:117} INFO - [2022-10-05T18:09:21.742+0000] {dag.py:2573} INFO - Sync 1 DAGs
[2022-10-05T18:09:21.791+0000] {logging_mixin.py:117} INFO - [2022-10-05T18:09:21.791+0000] {dag.py:3328} INFO - Setting next_dagrun for tutorial to 2022-10-04T18:09:21.791084+00:00, run_after=2022-10-05T18:09:21.791084+00:00
[2022-10-05T18:09:21.835+0000] {processor.py:178} INFO - Processing /home/airflow/.local/lib/python3.7/site-packages/airflow/example_dags/tutorial.py took 0.202 seconds
[2022-10-05T18:09:52.080+0000] {processor.py:156} INFO - Started process (PID=690) to work on /home/airflow/.local/lib/python3.7/site-packages/airflow/example_dags/tutorial.py
[2022-10-05T18:09:52.087+0000] {processor.py:758} INFO - Processing file /home/airflow/.local/lib/python3.7/site-packages/airflow/example_dags/tutorial.py for tasks to queue
[2022-10-05T18:09:52.087+0000] {logging_mixin.py:117} INFO - [2022-10-05T18:09:52.087+0000] {dagbag.py:525} INFO - Filling up the DagBag from /home/airflow/.local/lib/python3.7/site-packages/airflow/example_dags/tutorial.py
[2022-10-05T18:09:52.095+0000] {processor.py:768} INFO - DAG(s) dict_keys(['tutorial']) retrieved from /home/airflow/.local/lib/python3.7/site-packages/airflow/example_dags/tutorial.py
[2022-10-05T18:09:52.120+0000] {logging_mixin.py:117} INFO - [2022-10-05T18:09:52.120+0000] {dag.py:2573} INFO - Sync 1 DAGs
[2022-10-05T18:09:52.135+0000] {logging_mixin.py:117} INFO - [2022-10-05T18:09:52.135+0000] {dag.py:3328} INFO - Setting next_dagrun for tutorial to 2022-10-04T18:09:52.135237+00:00, run_after=2022-10-05T18:09:52.135237+00:00
[2022-10-05T18:09:52.157+0000] {processor.py:178} INFO - Processing /home/airflow/.local/lib/python3.7/site-packages/airflow/example_dags/tutorial.py took 0.079 seconds
[2022-10-05T18:10:22.541+0000] {processor.py:156} INFO - Started process (PID=744) to work on /home/airflow/.local/lib/python3.7/site-packages/airflow/example_dags/tutorial.py
[2022-10-05T18:10:22.542+0000] {processor.py:758} INFO - Processing file /home/airflow/.local/lib/python3.7/site-packages/airflow/example_dags/tutorial.py for tasks to queue
[2022-10-05T18:10:22.543+0000] {logging_mixin.py:117} INFO - [2022-10-05T18:10:22.543+0000] {dagbag.py:525} INFO - Filling up the DagBag from /home/airflow/.local/lib/python3.7/site-packages/airflow/example_dags/tutorial.py
[2022-10-05T18:10:22.559+0000] {processor.py:768} INFO - DAG(s) dict_keys(['tutorial']) retrieved from /home/airflow/.local/lib/python3.7/site-packages/airflow/example_dags/tutorial.py
[2022-10-05T18:10:22.594+0000] {logging_mixin.py:117} INFO - [2022-10-05T18:10:22.594+0000] {dag.py:2573} INFO - Sync 1 DAGs
[2022-10-05T18:10:22.615+0000] {logging_mixin.py:117} INFO - [2022-10-05T18:10:22.615+0000] {dag.py:3328} INFO - Setting next_dagrun for tutorial to 2022-10-04T18:10:22.614893+00:00, run_after=2022-10-05T18:10:22.614893+00:00
[2022-10-05T18:10:22.640+0000] {processor.py:178} INFO - Processing /home/airflow/.local/lib/python3.7/site-packages/airflow/example_dags/tutorial.py took 0.102 seconds
