[2023-09-19T13:25:54.977+0000] {taskinstance.py:1159} INFO - Dependencies all met for dep_context=non-requeueable deps ti=<TaskInstance: udac_example_dag.Load_user_dim_table manual__2023-09-19T13:25:42.098363+00:00 [queued]>
[2023-09-19T13:25:54.982+0000] {taskinstance.py:1159} INFO - Dependencies all met for dep_context=requeueable deps ti=<TaskInstance: udac_example_dag.Load_user_dim_table manual__2023-09-19T13:25:42.098363+00:00 [queued]>
[2023-09-19T13:25:54.982+0000] {taskinstance.py:1361} INFO - Starting attempt 1 of 4
[2023-09-19T13:25:54.998+0000] {taskinstance.py:1382} INFO - Executing <Task(LoadDimensionOperator): Load_user_dim_table> on 2023-09-19 13:25:42.098363+00:00
[2023-09-19T13:25:55.003+0000] {standard_task_runner.py:57} INFO - Started process 175 to run task
[2023-09-19T13:25:55.006+0000] {standard_task_runner.py:84} INFO - Running: ['***', 'tasks', 'run', 'udac_example_dag', 'Load_user_dim_table', 'manual__2023-09-19T13:25:42.098363+00:00', '--job-id', '101', '--raw', '--subdir', 'DAGS_FOLDER/udac_example_dag.py', '--cfg-path', '/tmp/tmp5nfx03fa']
[2023-09-19T13:25:55.007+0000] {standard_task_runner.py:85} INFO - Job 101: Subtask Load_user_dim_table
[2023-09-19T13:25:55.035+0000] {task_command.py:415} INFO - Running <TaskInstance: udac_example_dag.Load_user_dim_table manual__2023-09-19T13:25:42.098363+00:00 [running]> on host aad958c12de4
[2023-09-19T13:25:55.095+0000] {taskinstance.py:1660} INFO - Exporting env vars: AIRFLOW_CTX_DAG_OWNER='kstine' AIRFLOW_CTX_DAG_ID='udac_example_dag' AIRFLOW_CTX_TASK_ID='Load_user_dim_table' AIRFLOW_CTX_EXECUTION_DATE='2023-09-19T13:25:42.098363+00:00' AIRFLOW_CTX_TRY_NUMBER='1' AIRFLOW_CTX_DAG_RUN_ID='manual__2023-09-19T13:25:42.098363+00:00'
[2023-09-19T13:25:55.103+0000] {base.py:73} INFO - Using connection ID 'redshift_connection' for task execution.
[2023-09-19T13:25:56.593+0000] {sql.py:418} INFO - Running statement: TRUNCATE TABLE users, parameters: None
[2023-09-19T13:26:00.283+0000] {base.py:73} INFO - Using connection ID 'redshift_connection' for task execution.
[2023-09-19T13:26:02.014+0000] {sql.py:418} INFO - Running statement: INSERT INTO users 
        SELECT distinct userid, firstname, lastname, gender, level
        FROM staging_events
        WHERE page='NextSong'
    , parameters: None
[2023-09-19T13:26:02.994+0000] {sql.py:427} INFO - Rows affected: 104
[2023-09-19T13:26:04.170+0000] {load_table.py:42} INFO - Query successfully executed on table users
[2023-09-19T13:26:04.176+0000] {taskinstance.py:1400} INFO - Marking task as SUCCESS. dag_id=udac_example_dag, task_id=Load_user_dim_table, execution_date=20230919T132542, start_date=20230919T132554, end_date=20230919T132604
[2023-09-19T13:26:04.229+0000] {local_task_job_runner.py:228} INFO - Task exited with return code 0
[2023-09-19T13:26:04.242+0000] {taskinstance.py:2784} INFO - 0 downstream tasks scheduled from follow-on schedule check
