[2023-09-19T13:25:43.701+0000] {taskinstance.py:1159} INFO - Dependencies all met for dep_context=non-requeueable deps ti=<TaskInstance: udac_example_dag.stage_events_to_redshift_task manual__2023-09-19T13:25:42.098363+00:00 [queued]>
[2023-09-19T13:25:43.706+0000] {taskinstance.py:1159} INFO - Dependencies all met for dep_context=requeueable deps ti=<TaskInstance: udac_example_dag.stage_events_to_redshift_task manual__2023-09-19T13:25:42.098363+00:00 [queued]>
[2023-09-19T13:25:43.706+0000] {taskinstance.py:1361} INFO - Starting attempt 1 of 4
[2023-09-19T13:25:43.723+0000] {taskinstance.py:1382} INFO - Executing <Task(StageToRedshiftOperator): stage_events_to_redshift_task> on 2023-09-19 13:25:42.098363+00:00
[2023-09-19T13:25:43.729+0000] {standard_task_runner.py:57} INFO - Started process 153 to run task
[2023-09-19T13:25:43.730+0000] {standard_task_runner.py:84} INFO - Running: ['***', 'tasks', 'run', 'udac_example_dag', 'stage_events_to_redshift_task', 'manual__2023-09-19T13:25:42.098363+00:00', '--job-id', '97', '--raw', '--subdir', 'DAGS_FOLDER/udac_example_dag.py', '--cfg-path', '/tmp/tmpg2xt9gor']
[2023-09-19T13:25:43.732+0000] {standard_task_runner.py:85} INFO - Job 97: Subtask stage_events_to_redshift_task
[2023-09-19T13:25:43.765+0000] {task_command.py:415} INFO - Running <TaskInstance: udac_example_dag.stage_events_to_redshift_task manual__2023-09-19T13:25:42.098363+00:00 [running]> on host aad958c12de4
[2023-09-19T13:25:43.817+0000] {taskinstance.py:1660} INFO - Exporting env vars: AIRFLOW_CTX_DAG_OWNER='kstine' AIRFLOW_CTX_DAG_ID='udac_example_dag' AIRFLOW_CTX_TASK_ID='stage_events_to_redshift_task' AIRFLOW_CTX_EXECUTION_DATE='2023-09-19T13:25:42.098363+00:00' AIRFLOW_CTX_TRY_NUMBER='1' AIRFLOW_CTX_DAG_RUN_ID='manual__2023-09-19T13:25:42.098363+00:00'
[2023-09-19T13:25:43.825+0000] {base.py:73} INFO - Using connection ID 'redshift_connection' for task execution.
[2023-09-19T13:25:45.431+0000] {sql.py:418} INFO - Running statement: 
        COPY staging_events
        FROM 's3://kstine-***-pipeline/project/log-data/'
        ACCESS_KEY_ID 'AKIAX5RTZI43UEOGKP4P'
        SECRET_ACCESS_KEY '***'
        JSON 's3://kstine-***-pipeline/project/log-data-jsonpath.json'
    , parameters: None
[2023-09-19T13:25:47.890+0000] {stage_redshift.py:52} INFO - Data successfully copied from 's3://kstine-***-pipeline/project/log-data/' to 'staging_events'
[2023-09-19T13:25:47.908+0000] {taskinstance.py:1400} INFO - Marking task as SUCCESS. dag_id=udac_example_dag, task_id=stage_events_to_redshift_task, execution_date=20230919T132542, start_date=20230919T132543, end_date=20230919T132547
[2023-09-19T13:25:47.959+0000] {local_task_job_runner.py:228} INFO - Task exited with return code 0
[2023-09-19T13:25:48.011+0000] {taskinstance.py:2784} INFO - 0 downstream tasks scheduled from follow-on schedule check
