[2023-09-19T12:51:22.036+0000] {taskinstance.py:1159} INFO - Dependencies all met for dep_context=non-requeueable deps ti=<TaskInstance: udac_example_dag.stage_songs_to_redshift_task manual__2023-09-19T12:51:19.570892+00:00 [queued]>
[2023-09-19T12:51:22.042+0000] {taskinstance.py:1159} INFO - Dependencies all met for dep_context=requeueable deps ti=<TaskInstance: udac_example_dag.stage_songs_to_redshift_task manual__2023-09-19T12:51:19.570892+00:00 [queued]>
[2023-09-19T12:51:22.042+0000] {taskinstance.py:1361} INFO - Starting attempt 1 of 4
[2023-09-19T12:51:22.062+0000] {taskinstance.py:1382} INFO - Executing <Task(StageToRedshiftOperator): stage_songs_to_redshift_task> on 2023-09-19 12:51:19.570892+00:00
[2023-09-19T12:51:22.068+0000] {standard_task_runner.py:57} INFO - Started process 365 to run task
[2023-09-19T12:51:22.070+0000] {standard_task_runner.py:84} INFO - Running: ['***', 'tasks', 'run', 'udac_example_dag', 'stage_songs_to_redshift_task', 'manual__2023-09-19T12:51:19.570892+00:00', '--job-id', '76', '--raw', '--subdir', 'DAGS_FOLDER/udac_example_dag.py', '--cfg-path', '/tmp/tmpt853cu53']
[2023-09-19T12:51:22.072+0000] {standard_task_runner.py:85} INFO - Job 76: Subtask stage_songs_to_redshift_task
[2023-09-19T12:51:22.101+0000] {task_command.py:415} INFO - Running <TaskInstance: udac_example_dag.stage_songs_to_redshift_task manual__2023-09-19T12:51:19.570892+00:00 [running]> on host faaf3c8091b5
[2023-09-19T12:51:22.148+0000] {taskinstance.py:1660} INFO - Exporting env vars: AIRFLOW_CTX_DAG_OWNER='kstine' AIRFLOW_CTX_DAG_ID='udac_example_dag' AIRFLOW_CTX_TASK_ID='stage_songs_to_redshift_task' AIRFLOW_CTX_EXECUTION_DATE='2023-09-19T12:51:19.570892+00:00' AIRFLOW_CTX_TRY_NUMBER='1' AIRFLOW_CTX_DAG_RUN_ID='manual__2023-09-19T12:51:19.570892+00:00'
[2023-09-19T12:51:22.158+0000] {base.py:73} INFO - Using connection ID 'redshift_connection' for task execution.
[2023-09-19T12:51:23.765+0000] {sql.py:418} INFO - Running statement: 
        COPY staging_songs
        FROM 's3://kstine-***-pipeline/project/song-data/A/A'
        ACCESS_KEY_ID 'AKIAX5RTZI43UEOGKP4P'
        SECRET_ACCESS_KEY '***'
        JSON 'auto'
    , parameters: None
[2023-09-19T12:51:27.829+0000] {stage_redshift.py:47} INFO - Data successfully copied from 's3://kstine-***-pipeline/project/song-data/A/A' to 'staging_songs'
[2023-09-19T12:51:27.836+0000] {taskinstance.py:1400} INFO - Marking task as SUCCESS. dag_id=udac_example_dag, task_id=stage_songs_to_redshift_task, execution_date=20230919T125119, start_date=20230919T125122, end_date=20230919T125127
[2023-09-19T12:51:27.883+0000] {local_task_job_runner.py:228} INFO - Task exited with return code 0
[2023-09-19T12:51:27.948+0000] {taskinstance.py:2784} INFO - 1 downstream tasks scheduled from follow-on schedule check
