[2023-09-19T12:35:26.853+0000] {taskinstance.py:1159} INFO - Dependencies all met for dep_context=non-requeueable deps ti=<TaskInstance: udac_example_dag.stage_events_to_redshift_task manual__2023-09-19T12:35:24.336555+00:00 [queued]>
[2023-09-19T12:35:26.857+0000] {taskinstance.py:1159} INFO - Dependencies all met for dep_context=requeueable deps ti=<TaskInstance: udac_example_dag.stage_events_to_redshift_task manual__2023-09-19T12:35:24.336555+00:00 [queued]>
[2023-09-19T12:35:26.857+0000] {taskinstance.py:1361} INFO - Starting attempt 1 of 4
[2023-09-19T12:35:26.863+0000] {taskinstance.py:1382} INFO - Executing <Task(StageToRedshiftOperator): stage_events_to_redshift_task> on 2023-09-19 12:35:24.336555+00:00
[2023-09-19T12:35:26.867+0000] {standard_task_runner.py:57} INFO - Started process 96 to run task
[2023-09-19T12:35:26.869+0000] {standard_task_runner.py:84} INFO - Running: ['***', 'tasks', 'run', 'udac_example_dag', 'stage_events_to_redshift_task', 'manual__2023-09-19T12:35:24.336555+00:00', '--job-id', '69', '--raw', '--subdir', 'DAGS_FOLDER/udac_example_dag.py', '--cfg-path', '/tmp/tmpk0iugb7z']
[2023-09-19T12:35:26.871+0000] {standard_task_runner.py:85} INFO - Job 69: Subtask stage_events_to_redshift_task
[2023-09-19T12:35:26.905+0000] {task_command.py:415} INFO - Running <TaskInstance: udac_example_dag.stage_events_to_redshift_task manual__2023-09-19T12:35:24.336555+00:00 [running]> on host faaf3c8091b5
[2023-09-19T12:35:26.950+0000] {taskinstance.py:1660} INFO - Exporting env vars: AIRFLOW_CTX_DAG_OWNER='kstine' AIRFLOW_CTX_DAG_ID='udac_example_dag' AIRFLOW_CTX_TASK_ID='stage_events_to_redshift_task' AIRFLOW_CTX_EXECUTION_DATE='2023-09-19T12:35:24.336555+00:00' AIRFLOW_CTX_TRY_NUMBER='1' AIRFLOW_CTX_DAG_RUN_ID='manual__2023-09-19T12:35:24.336555+00:00'
[2023-09-19T12:35:26.958+0000] {base.py:73} INFO - Using connection ID 'redshift_connection' for task execution.
[2023-09-19T12:35:28.501+0000] {sql.py:418} INFO - Running statement: 
        COPY staging_events
        FROM 's3://kstine-***-pipeline/project/log-data/'
        ACCESS_KEY_ID 'AKIAX5RTZI43UEOGKP4P'
        SECRET_ACCESS_KEY '***'
        JSON 'auto'
    , parameters: None
[2023-09-19T12:35:30.718+0000] {stage_redshift.py:47} INFO - Data successfully copied from 's3://kstine-***-pipeline/project/log-data/' to 'staging_events'
[2023-09-19T12:35:30.723+0000] {taskinstance.py:1400} INFO - Marking task as SUCCESS. dag_id=udac_example_dag, task_id=stage_events_to_redshift_task, execution_date=20230919T123524, start_date=20230919T123526, end_date=20230919T123530
[2023-09-19T12:35:30.772+0000] {local_task_job_runner.py:228} INFO - Task exited with return code 0
[2023-09-19T12:35:30.789+0000] {taskinstance.py:2784} INFO - 0 downstream tasks scheduled from follow-on schedule check
