[2023-09-19T13:22:48.914+0000] {taskinstance.py:1159} INFO - Dependencies all met for dep_context=non-requeueable deps ti=<TaskInstance: udac_example_dag.Load_songplays_fact_table manual__2023-09-19T13:22:26.931160+00:00 [queued]>
[2023-09-19T13:22:48.919+0000] {taskinstance.py:1159} INFO - Dependencies all met for dep_context=requeueable deps ti=<TaskInstance: udac_example_dag.Load_songplays_fact_table manual__2023-09-19T13:22:26.931160+00:00 [queued]>
[2023-09-19T13:22:48.919+0000] {taskinstance.py:1361} INFO - Starting attempt 1 of 4
[2023-09-19T13:22:48.934+0000] {taskinstance.py:1382} INFO - Executing <Task(LoadFactOperator): Load_songplays_fact_table> on 2023-09-19 13:22:26.931160+00:00
[2023-09-19T13:22:48.939+0000] {standard_task_runner.py:57} INFO - Started process 101 to run task
[2023-09-19T13:22:48.941+0000] {standard_task_runner.py:84} INFO - Running: ['***', 'tasks', 'run', 'udac_example_dag', 'Load_songplays_fact_table', 'manual__2023-09-19T13:22:26.931160+00:00', '--job-id', '93', '--raw', '--subdir', 'DAGS_FOLDER/udac_example_dag.py', '--cfg-path', '/tmp/tmpi6x823sg']
[2023-09-19T13:22:48.943+0000] {standard_task_runner.py:85} INFO - Job 93: Subtask Load_songplays_fact_table
[2023-09-19T13:22:49.003+0000] {task_command.py:415} INFO - Running <TaskInstance: udac_example_dag.Load_songplays_fact_table manual__2023-09-19T13:22:26.931160+00:00 [running]> on host aad958c12de4
[2023-09-19T13:22:49.167+0000] {taskinstance.py:1660} INFO - Exporting env vars: AIRFLOW_CTX_DAG_OWNER='kstine' AIRFLOW_CTX_DAG_ID='udac_example_dag' AIRFLOW_CTX_TASK_ID='Load_songplays_fact_table' AIRFLOW_CTX_EXECUTION_DATE='2023-09-19T13:22:26.931160+00:00' AIRFLOW_CTX_TRY_NUMBER='1' AIRFLOW_CTX_DAG_RUN_ID='manual__2023-09-19T13:22:26.931160+00:00'
[2023-09-19T13:22:49.182+0000] {base.py:73} INFO - Using connection ID 'redshift_connection' for task execution.
[2023-09-19T13:22:50.633+0000] {sql.py:418} INFO - Running statement: INSERT INTO songplays 
        SELECT
                md5(events.sessionid || events.start_time) playid,
                events.start_time,
                events.userid,
                events.level,
                songs.song_id,
                songs.artist_id,
                events.sessionid,
                events.location,
                events.useragent
                FROM (SELECT TIMESTAMP 'epoch' + ts/1000 * interval '1 second' AS start_time, *
            FROM staging_events
            WHERE page='NextSong') events
            LEFT JOIN staging_songs songs
            ON events.song = songs.title
                AND events.artist = songs.artist_name
                AND events.length = songs.duration
    , parameters: None
[2023-09-19T13:22:54.524+0000] {sql.py:427} INFO - Rows affected: 13704
[2023-09-19T13:22:56.163+0000] {load_table.py:42} INFO - Query successfully executed on table songplays
[2023-09-19T13:22:56.168+0000] {taskinstance.py:1400} INFO - Marking task as SUCCESS. dag_id=udac_example_dag, task_id=Load_songplays_fact_table, execution_date=20230919T132226, start_date=20230919T132248, end_date=20230919T132256
[2023-09-19T13:22:56.201+0000] {local_task_job_runner.py:228} INFO - Task exited with return code 0
[2023-09-19T13:22:56.215+0000] {taskinstance.py:2784} INFO - 1 downstream tasks scheduled from follow-on schedule check
