[2023-09-19T12:35:34.086+0000] {taskinstance.py:1159} INFO - Dependencies all met for dep_context=non-requeueable deps ti=<TaskInstance: udac_example_dag.Load_songplays_fact_table manual__2023-09-19T12:35:24.336555+00:00 [queued]>
[2023-09-19T12:35:34.090+0000] {taskinstance.py:1159} INFO - Dependencies all met for dep_context=requeueable deps ti=<TaskInstance: udac_example_dag.Load_songplays_fact_table manual__2023-09-19T12:35:24.336555+00:00 [queued]>
[2023-09-19T12:35:34.090+0000] {taskinstance.py:1361} INFO - Starting attempt 1 of 4
[2023-09-19T12:35:34.106+0000] {taskinstance.py:1382} INFO - Executing <Task(LoadFactOperator): Load_songplays_fact_table> on 2023-09-19 12:35:24.336555+00:00
[2023-09-19T12:35:34.111+0000] {standard_task_runner.py:57} INFO - Started process 100 to run task
[2023-09-19T12:35:34.112+0000] {standard_task_runner.py:84} INFO - Running: ['***', 'tasks', 'run', 'udac_example_dag', 'Load_songplays_fact_table', 'manual__2023-09-19T12:35:24.336555+00:00', '--job-id', '71', '--raw', '--subdir', 'DAGS_FOLDER/udac_example_dag.py', '--cfg-path', '/tmp/tmpoz8vyrc4']
[2023-09-19T12:35:34.114+0000] {standard_task_runner.py:85} INFO - Job 71: Subtask Load_songplays_fact_table
[2023-09-19T12:35:34.146+0000] {task_command.py:415} INFO - Running <TaskInstance: udac_example_dag.Load_songplays_fact_table manual__2023-09-19T12:35:24.336555+00:00 [running]> on host faaf3c8091b5
[2023-09-19T12:35:34.193+0000] {taskinstance.py:1660} INFO - Exporting env vars: AIRFLOW_CTX_DAG_OWNER='kstine' AIRFLOW_CTX_DAG_ID='udac_example_dag' AIRFLOW_CTX_TASK_ID='Load_songplays_fact_table' AIRFLOW_CTX_EXECUTION_DATE='2023-09-19T12:35:24.336555+00:00' AIRFLOW_CTX_TRY_NUMBER='1' AIRFLOW_CTX_DAG_RUN_ID='manual__2023-09-19T12:35:24.336555+00:00'
[2023-09-19T12:35:34.201+0000] {base.py:73} INFO - Using connection ID 'redshift_connection' for task execution.
[2023-09-19T12:35:36.386+0000] {sql.py:418} INFO - Running statement: INSERT INTO songplays 
        SELECT
                md5(events.sessionid || events.start_time) songplay_id,
                events.start_time,
                events.userid,
                events.level,
                songs.song_id,
                songs.artist_id,
                events.sessionid,
                events.location,
                events.useragent
                FROM (SELECT TIMESTAMP 'epoch' + ts/1000 * interval '1 second' AS start_time, *
            FROM staging_events
            WHERE page='NextSong') events
            LEFT JOIN staging_songs songs
            ON events.song = songs.title
                AND events.artist = songs.artist_name
                AND events.length = songs.duration
    , parameters: None
[2023-09-19T12:35:36.797+0000] {taskinstance.py:1943} ERROR - Task failed with exception
Traceback (most recent call last):
  File "/opt/airflow/plugins/operators/load_fact.py", line 41, in execute
    hook.run(query)
  File "/home/airflow/.local/lib/python3.8/site-packages/airflow/providers/common/sql/hooks/sql.py", line 392, in run
    self._run_command(cur, sql_statement, parameters)
  File "/home/airflow/.local/lib/python3.8/site-packages/airflow/providers/common/sql/hooks/sql.py", line 423, in _run_command
    cur.execute(sql_statement)
psycopg2.errors.DatatypeMismatch: column "userid" is of type integer but expression is of type character varying
HINT:  You will need to rewrite or cast the expression.

[2023-09-19T12:35:36.814+0000] {taskinstance.py:1400} INFO - Marking task as UP_FOR_RETRY. dag_id=udac_example_dag, task_id=Load_songplays_fact_table, execution_date=20230919T123524, start_date=20230919T123534, end_date=20230919T123536
[2023-09-19T12:35:36.846+0000] {standard_task_runner.py:104} ERROR - Failed to execute job 71 for task Load_songplays_fact_table (column "userid" is of type integer but expression is of type character varying
HINT:  You will need to rewrite or cast the expression.
; 100)
[2023-09-19T12:35:36.895+0000] {local_task_job_runner.py:228} INFO - Task exited with return code 1
[2023-09-19T12:35:36.910+0000] {taskinstance.py:2784} INFO - 0 downstream tasks scheduled from follow-on schedule check
