[2023-09-19T14:06:25.797+0000] {taskinstance.py:1159} INFO - Dependencies all met for dep_context=non-requeueable deps ti=<TaskInstance: udac_example_dag.Load_time_dim_table manual__2023-09-19T14:06:09.753277+00:00 [queued]>
[2023-09-19T14:06:25.803+0000] {taskinstance.py:1159} INFO - Dependencies all met for dep_context=requeueable deps ti=<TaskInstance: udac_example_dag.Load_time_dim_table manual__2023-09-19T14:06:09.753277+00:00 [queued]>
[2023-09-19T14:06:25.803+0000] {taskinstance.py:1361} INFO - Starting attempt 1 of 4
[2023-09-19T14:06:25.820+0000] {taskinstance.py:1382} INFO - Executing <Task(LoadDimensionOperator): Load_time_dim_table> on 2023-09-19 14:06:09.753277+00:00
[2023-09-19T14:06:25.828+0000] {standard_task_runner.py:57} INFO - Started process 252 to run task
[2023-09-19T14:06:25.830+0000] {standard_task_runner.py:84} INFO - Running: ['***', 'tasks', 'run', 'udac_example_dag', 'Load_time_dim_table', 'manual__2023-09-19T14:06:09.753277+00:00', '--job-id', '133', '--raw', '--subdir', 'DAGS_FOLDER/udac_example_dag.py', '--cfg-path', '/tmp/tmpm_xdddfs']
[2023-09-19T14:06:25.831+0000] {standard_task_runner.py:85} INFO - Job 133: Subtask Load_time_dim_table
[2023-09-19T14:06:25.868+0000] {task_command.py:415} INFO - Running <TaskInstance: udac_example_dag.Load_time_dim_table manual__2023-09-19T14:06:09.753277+00:00 [running]> on host 815601b1728a
[2023-09-19T14:06:25.915+0000] {taskinstance.py:1660} INFO - Exporting env vars: AIRFLOW_CTX_DAG_OWNER='kstine' AIRFLOW_CTX_DAG_ID='udac_example_dag' AIRFLOW_CTX_TASK_ID='Load_time_dim_table' AIRFLOW_CTX_EXECUTION_DATE='2023-09-19T14:06:09.753277+00:00' AIRFLOW_CTX_TRY_NUMBER='1' AIRFLOW_CTX_DAG_RUN_ID='manual__2023-09-19T14:06:09.753277+00:00'
[2023-09-19T14:06:25.923+0000] {base.py:73} INFO - Using connection ID 'redshift_connection' for task execution.
[2023-09-19T14:06:27.583+0000] {sql.py:418} INFO - Running statement: TRUNCATE TABLE time, parameters: None
[2023-09-19T14:06:30.382+0000] {base.py:73} INFO - Using connection ID 'redshift_connection' for task execution.
[2023-09-19T14:06:31.883+0000] {sql.py:418} INFO - Running statement: INSERT INTO time 
        SELECT start_time, extract(hour from start_time), extract(day from start_time), extract(week from start_time),
               extract(month from start_time), extract(year from start_time), extract(dayofweek from start_time)
        FROM songplays
    , parameters: None
[2023-09-19T14:06:34.341+0000] {sql.py:427} INFO - Rows affected: 103180
[2023-09-19T14:06:36.287+0000] {load_table.py:42} INFO - Query successfully executed on table time
[2023-09-19T14:06:36.296+0000] {taskinstance.py:1400} INFO - Marking task as SUCCESS. dag_id=udac_example_dag, task_id=Load_time_dim_table, execution_date=20230919T140609, start_date=20230919T140625, end_date=20230919T140636
[2023-09-19T14:06:36.354+0000] {local_task_job_runner.py:228} INFO - Task exited with return code 0
[2023-09-19T14:06:36.509+0000] {taskinstance.py:2784} INFO - 0 downstream tasks scheduled from follow-on schedule check
