[2023-09-19T14:08:24.134+0000] {taskinstance.py:1159} INFO - Dependencies all met for dep_context=non-requeueable deps ti=<TaskInstance: udac_example_dag.Load_song_dim_table manual__2023-09-19T14:08:09.161595+00:00 [queued]>
[2023-09-19T14:08:24.139+0000] {taskinstance.py:1159} INFO - Dependencies all met for dep_context=requeueable deps ti=<TaskInstance: udac_example_dag.Load_song_dim_table manual__2023-09-19T14:08:09.161595+00:00 [queued]>
[2023-09-19T14:08:24.139+0000] {taskinstance.py:1361} INFO - Starting attempt 1 of 4
[2023-09-19T14:08:24.156+0000] {taskinstance.py:1382} INFO - Executing <Task(LoadDimensionOperator): Load_song_dim_table> on 2023-09-19 14:08:09.161595+00:00
[2023-09-19T14:08:24.161+0000] {standard_task_runner.py:57} INFO - Started process 320 to run task
[2023-09-19T14:08:24.164+0000] {standard_task_runner.py:84} INFO - Running: ['***', 'tasks', 'run', 'udac_example_dag', 'Load_song_dim_table', 'manual__2023-09-19T14:08:09.161595+00:00', '--job-id', '145', '--raw', '--subdir', 'DAGS_FOLDER/udac_example_dag.py', '--cfg-path', '/tmp/tmp0zee3iom']
[2023-09-19T14:08:24.165+0000] {standard_task_runner.py:85} INFO - Job 145: Subtask Load_song_dim_table
[2023-09-19T14:08:24.202+0000] {task_command.py:415} INFO - Running <TaskInstance: udac_example_dag.Load_song_dim_table manual__2023-09-19T14:08:09.161595+00:00 [running]> on host 815601b1728a
[2023-09-19T14:08:24.282+0000] {taskinstance.py:1660} INFO - Exporting env vars: AIRFLOW_CTX_DAG_OWNER='kstine' AIRFLOW_CTX_DAG_ID='udac_example_dag' AIRFLOW_CTX_TASK_ID='Load_song_dim_table' AIRFLOW_CTX_EXECUTION_DATE='2023-09-19T14:08:09.161595+00:00' AIRFLOW_CTX_TRY_NUMBER='1' AIRFLOW_CTX_DAG_RUN_ID='manual__2023-09-19T14:08:09.161595+00:00'
[2023-09-19T14:08:24.293+0000] {base.py:73} INFO - Using connection ID 'redshift_connection' for task execution.
[2023-09-19T14:08:25.731+0000] {sql.py:418} INFO - Running statement: TRUNCATE TABLE songs, parameters: None
[2023-09-19T14:08:28.367+0000] {base.py:73} INFO - Using connection ID 'redshift_connection' for task execution.
[2023-09-19T14:08:29.851+0000] {sql.py:418} INFO - Running statement: INSERT INTO songs 
        SELECT distinct song_id, title, artist_id, year, duration
        FROM staging_songs
    , parameters: None
[2023-09-19T14:08:30.349+0000] {sql.py:427} INFO - Rows affected: 604
[2023-09-19T14:08:32.922+0000] {load_table.py:42} INFO - Query successfully executed on table songs
[2023-09-19T14:08:32.943+0000] {taskinstance.py:1400} INFO - Marking task as SUCCESS. dag_id=udac_example_dag, task_id=Load_song_dim_table, execution_date=20230919T140809, start_date=20230919T140824, end_date=20230919T140832
[2023-09-19T14:08:33.013+0000] {local_task_job_runner.py:228} INFO - Task exited with return code 0
[2023-09-19T14:08:33.067+0000] {taskinstance.py:2784} INFO - 0 downstream tasks scheduled from follow-on schedule check
