[2023-09-19T12:36:36.120+0000] {taskinstance.py:1159} INFO - Dependencies all met for dep_context=non-requeueable deps ti=<TaskInstance: udac_example_dag.Load_songplays_fact_table manual__2023-09-19T12:36:26.273644+00:00 [queued]>
[2023-09-19T12:36:36.125+0000] {taskinstance.py:1159} INFO - Dependencies all met for dep_context=requeueable deps ti=<TaskInstance: udac_example_dag.Load_songplays_fact_table manual__2023-09-19T12:36:26.273644+00:00 [queued]>
[2023-09-19T12:36:36.125+0000] {taskinstance.py:1361} INFO - Starting attempt 1 of 4
[2023-09-19T12:36:36.141+0000] {taskinstance.py:1382} INFO - Executing <Task(LoadFactOperator): Load_songplays_fact_table> on 2023-09-19 12:36:26.273644+00:00
[2023-09-19T12:36:36.146+0000] {standard_task_runner.py:57} INFO - Started process 125 to run task
[2023-09-19T12:36:36.148+0000] {standard_task_runner.py:84} INFO - Running: ['***', 'tasks', 'run', 'udac_example_dag', 'Load_songplays_fact_table', 'manual__2023-09-19T12:36:26.273644+00:00', '--job-id', '74', '--raw', '--subdir', 'DAGS_FOLDER/udac_example_dag.py', '--cfg-path', '/tmp/tmp4o72m3kb']
[2023-09-19T12:36:36.149+0000] {standard_task_runner.py:85} INFO - Job 74: Subtask Load_songplays_fact_table
[2023-09-19T12:36:36.182+0000] {task_command.py:415} INFO - Running <TaskInstance: udac_example_dag.Load_songplays_fact_table manual__2023-09-19T12:36:26.273644+00:00 [running]> on host faaf3c8091b5
[2023-09-19T12:36:36.230+0000] {taskinstance.py:1660} INFO - Exporting env vars: AIRFLOW_CTX_DAG_OWNER='kstine' AIRFLOW_CTX_DAG_ID='udac_example_dag' AIRFLOW_CTX_TASK_ID='Load_songplays_fact_table' AIRFLOW_CTX_EXECUTION_DATE='2023-09-19T12:36:26.273644+00:00' AIRFLOW_CTX_TRY_NUMBER='1' AIRFLOW_CTX_DAG_RUN_ID='manual__2023-09-19T12:36:26.273644+00:00'
[2023-09-19T12:36:36.238+0000] {base.py:73} INFO - Using connection ID 'redshift_connection' for task execution.
[2023-09-19T12:36:37.655+0000] {sql.py:418} INFO - Running statement: INSERT INTO songplays 
        SELECT
                md5(events.sessionid || events.start_time) songplay_id,
                events.start_time,
                events.userid,
                events.level,
                songs.song_id,
                songs.artist_id,
                events.sessionid,
                events.location,
                events.useragent
                FROM (SELECT TIMESTAMP 'epoch' + ts/1000 * interval '1 second' AS start_time, *
            FROM staging_events
            WHERE page='NextSong') events
            LEFT JOIN staging_songs songs
            ON events.song = songs.title
                AND events.artist = songs.artist_name
                AND events.length = songs.duration
    , parameters: None
[2023-09-19T12:36:51.063+0000] {taskinstance.py:1943} ERROR - Task failed with exception
Traceback (most recent call last):
  File "/opt/airflow/plugins/operators/load_fact.py", line 41, in execute
    hook.run(query)
  File "/home/airflow/.local/lib/python3.8/site-packages/airflow/providers/common/sql/hooks/sql.py", line 392, in run
    self._run_command(cur, sql_statement, parameters)
  File "/home/airflow/.local/lib/python3.8/site-packages/airflow/providers/common/sql/hooks/sql.py", line 423, in _run_command
    cur.execute(sql_statement)
psycopg2.errors.InternalError_: Cannot insert a NULL value into column playid
DETAIL:  
  -----------------------------------------------
  error:  Cannot insert a NULL value into column playid
  code:      8007
  context:   query execution
  query:     1835836[child_sequence:4]
  location:  column:1
  process:   query0_509_1835847 [pid=24836]
  -----------------------------------------------


[2023-09-19T12:36:51.072+0000] {taskinstance.py:1400} INFO - Marking task as UP_FOR_RETRY. dag_id=udac_example_dag, task_id=Load_songplays_fact_table, execution_date=20230919T123626, start_date=20230919T123636, end_date=20230919T123651
[2023-09-19T12:36:51.092+0000] {standard_task_runner.py:104} ERROR - Failed to execute job 74 for task Load_songplays_fact_table (Cannot insert a NULL value into column playid
DETAIL:  
  -----------------------------------------------
  error:  Cannot insert a NULL value into column playid
  code:      8007
  context:   query execution
  query:     1835836[child_sequence:4]
  location:  column:1
  process:   query0_509_1835847 [pid=24836]
  -----------------------------------------------

; 125)
[2023-09-19T12:36:51.118+0000] {local_task_job_runner.py:228} INFO - Task exited with return code 1
[2023-09-19T12:36:51.132+0000] {taskinstance.py:2784} INFO - 0 downstream tasks scheduled from follow-on schedule check
