[2023-09-19T14:05:09.677+0000] {taskinstance.py:1159} INFO - Dependencies all met for dep_context=non-requeueable deps ti=<TaskInstance: udac_example_dag.run_quality_checks.check_range_artists_year manual__2023-09-19T14:01:26.190253+00:00 [queued]>
[2023-09-19T14:05:09.682+0000] {taskinstance.py:1159} INFO - Dependencies all met for dep_context=requeueable deps ti=<TaskInstance: udac_example_dag.run_quality_checks.check_range_artists_year manual__2023-09-19T14:01:26.190253+00:00 [queued]>
[2023-09-19T14:05:09.682+0000] {taskinstance.py:1361} INFO - Starting attempt 4 of 4
[2023-09-19T14:05:09.697+0000] {taskinstance.py:1382} INFO - Executing <Task(PostgresCheckColumnNumericRangeOperator): run_quality_checks.check_range_artists_year> on 2023-09-19 14:01:26.190253+00:00
[2023-09-19T14:05:09.702+0000] {standard_task_runner.py:57} INFO - Started process 215 to run task
[2023-09-19T14:05:09.704+0000] {standard_task_runner.py:84} INFO - Running: ['***', 'tasks', 'run', 'udac_example_dag', 'run_quality_checks.check_range_artists_year', 'manual__2023-09-19T14:01:26.190253+00:00', '--job-id', '126', '--raw', '--subdir', 'DAGS_FOLDER/udac_example_dag.py', '--cfg-path', '/tmp/tmp97_h4bew']
[2023-09-19T14:05:09.706+0000] {standard_task_runner.py:85} INFO - Job 126: Subtask run_quality_checks.check_range_artists_year
[2023-09-19T14:05:09.739+0000] {task_command.py:415} INFO - Running <TaskInstance: udac_example_dag.run_quality_checks.check_range_artists_year manual__2023-09-19T14:01:26.190253+00:00 [running]> on host 815601b1728a
[2023-09-19T14:05:09.782+0000] {taskinstance.py:1660} INFO - Exporting env vars: AIRFLOW_CTX_DAG_OWNER='kstine' AIRFLOW_CTX_DAG_ID='udac_example_dag' AIRFLOW_CTX_TASK_ID='run_quality_checks.check_range_artists_year' AIRFLOW_CTX_EXECUTION_DATE='2023-09-19T14:01:26.190253+00:00' AIRFLOW_CTX_TRY_NUMBER='4' AIRFLOW_CTX_DAG_RUN_ID='manual__2023-09-19T14:01:26.190253+00:00'
[2023-09-19T14:05:09.788+0000] {base.py:73} INFO - Using connection ID 'redshift_connection' for task execution.
[2023-09-19T14:05:11.396+0000] {sql.py:418} INFO - Running statement: SELECT year FROM artists, parameters: None
[2023-09-19T14:05:11.807+0000] {taskinstance.py:1943} ERROR - Task failed with exception
Traceback (most recent call last):
  File "/opt/airflow/plugins/operators/data_quality.py", line 115, in execute
    records = postgres_hook.get_records(f"SELECT {self.column} FROM {self.table}")
  File "/home/airflow/.local/lib/python3.8/site-packages/airflow/providers/common/sql/hooks/sql.py", line 255, in get_records
    return self.run(sql=sql, parameters=parameters, handler=fetch_all_handler)
  File "/home/airflow/.local/lib/python3.8/site-packages/airflow/providers/common/sql/hooks/sql.py", line 392, in run
    self._run_command(cur, sql_statement, parameters)
  File "/home/airflow/.local/lib/python3.8/site-packages/airflow/providers/common/sql/hooks/sql.py", line 423, in _run_command
    cur.execute(sql_statement)
psycopg2.errors.UndefinedColumn: column "year" does not exist in artists

[2023-09-19T14:05:11.824+0000] {taskinstance.py:1400} INFO - Marking task as FAILED. dag_id=udac_example_dag, task_id=run_quality_checks.check_range_artists_year, execution_date=20230919T140126, start_date=20230919T140509, end_date=20230919T140511
[2023-09-19T14:05:11.859+0000] {standard_task_runner.py:104} ERROR - Failed to execute job 126 for task run_quality_checks.check_range_artists_year (column "year" does not exist in artists
; 215)
[2023-09-19T14:05:11.882+0000] {local_task_job_runner.py:228} INFO - Task exited with return code 1
[2023-09-19T14:05:11.930+0000] {taskinstance.py:2784} INFO - 0 downstream tasks scheduled from follow-on schedule check
