[2023-09-19T13:22:57.000+0000] {taskinstance.py:1159} INFO - Dependencies all met for dep_context=non-requeueable deps ti=<TaskInstance: udac_example_dag.Load_user_dim_table manual__2023-09-19T13:22:26.931160+00:00 [queued]>
[2023-09-19T13:22:57.016+0000] {taskinstance.py:1159} INFO - Dependencies all met for dep_context=requeueable deps ti=<TaskInstance: udac_example_dag.Load_user_dim_table manual__2023-09-19T13:22:26.931160+00:00 [queued]>
[2023-09-19T13:22:57.017+0000] {taskinstance.py:1361} INFO - Starting attempt 1 of 4
[2023-09-19T13:22:57.050+0000] {taskinstance.py:1382} INFO - Executing <Task(LoadDimensionOperator): Load_user_dim_table> on 2023-09-19 13:22:26.931160+00:00
[2023-09-19T13:22:57.063+0000] {standard_task_runner.py:57} INFO - Started process 104 to run task
[2023-09-19T13:22:57.070+0000] {standard_task_runner.py:84} INFO - Running: ['***', 'tasks', 'run', 'udac_example_dag', 'Load_user_dim_table', 'manual__2023-09-19T13:22:26.931160+00:00', '--job-id', '94', '--raw', '--subdir', 'DAGS_FOLDER/udac_example_dag.py', '--cfg-path', '/tmp/tmp1u3h6214']
[2023-09-19T13:22:57.075+0000] {standard_task_runner.py:85} INFO - Job 94: Subtask Load_user_dim_table
[2023-09-19T13:22:57.165+0000] {task_command.py:415} INFO - Running <TaskInstance: udac_example_dag.Load_user_dim_table manual__2023-09-19T13:22:26.931160+00:00 [running]> on host aad958c12de4
[2023-09-19T13:22:57.318+0000] {taskinstance.py:1660} INFO - Exporting env vars: AIRFLOW_CTX_DAG_OWNER='kstine' AIRFLOW_CTX_DAG_ID='udac_example_dag' AIRFLOW_CTX_TASK_ID='Load_user_dim_table' AIRFLOW_CTX_EXECUTION_DATE='2023-09-19T13:22:26.931160+00:00' AIRFLOW_CTX_TRY_NUMBER='1' AIRFLOW_CTX_DAG_RUN_ID='manual__2023-09-19T13:22:26.931160+00:00'
[2023-09-19T13:22:57.335+0000] {base.py:73} INFO - Using connection ID 'redshift_connection' for task execution.
[2023-09-19T13:22:58.815+0000] {sql.py:418} INFO - Running statement: TRUNCATE TABLE users, parameters: None
[2023-09-19T13:23:00.467+0000] {base.py:73} INFO - Using connection ID 'redshift_connection' for task execution.
[2023-09-19T13:23:02.102+0000] {sql.py:418} INFO - Running statement: INSERT INTO users 
        SELECT distinct userid, firstname, lastname, gender, level
        FROM staging_events
        WHERE page='NextSong'
    , parameters: None
[2023-09-19T13:23:10.256+0000] {sql.py:427} INFO - Rows affected: 104
[2023-09-19T13:23:11.719+0000] {load_table.py:42} INFO - Query successfully executed on table users
[2023-09-19T13:23:11.725+0000] {taskinstance.py:1400} INFO - Marking task as SUCCESS. dag_id=udac_example_dag, task_id=Load_user_dim_table, execution_date=20230919T132226, start_date=20230919T132257, end_date=20230919T132311
[2023-09-19T13:23:11.773+0000] {local_task_job_runner.py:228} INFO - Task exited with return code 0
[2023-09-19T13:23:11.787+0000] {taskinstance.py:2784} INFO - 1 downstream tasks scheduled from follow-on schedule check
