[2023-09-19T14:08:24.134+0000] {taskinstance.py:1159} INFO - Dependencies all met for dep_context=non-requeueable deps ti=<TaskInstance: udac_example_dag.Load_artist_dim_table manual__2023-09-19T14:08:09.161595+00:00 [queued]>
[2023-09-19T14:08:24.138+0000] {taskinstance.py:1159} INFO - Dependencies all met for dep_context=requeueable deps ti=<TaskInstance: udac_example_dag.Load_artist_dim_table manual__2023-09-19T14:08:09.161595+00:00 [queued]>
[2023-09-19T14:08:24.138+0000] {taskinstance.py:1361} INFO - Starting attempt 1 of 4
[2023-09-19T14:08:24.155+0000] {taskinstance.py:1382} INFO - Executing <Task(LoadDimensionOperator): Load_artist_dim_table> on 2023-09-19 14:08:09.161595+00:00
[2023-09-19T14:08:24.161+0000] {standard_task_runner.py:57} INFO - Started process 318 to run task
[2023-09-19T14:08:24.164+0000] {standard_task_runner.py:84} INFO - Running: ['***', 'tasks', 'run', 'udac_example_dag', 'Load_artist_dim_table', 'manual__2023-09-19T14:08:09.161595+00:00', '--job-id', '142', '--raw', '--subdir', 'DAGS_FOLDER/udac_example_dag.py', '--cfg-path', '/tmp/tmp6pcxx8jl']
[2023-09-19T14:08:24.167+0000] {standard_task_runner.py:85} INFO - Job 142: Subtask Load_artist_dim_table
[2023-09-19T14:08:24.205+0000] {task_command.py:415} INFO - Running <TaskInstance: udac_example_dag.Load_artist_dim_table manual__2023-09-19T14:08:09.161595+00:00 [running]> on host 815601b1728a
[2023-09-19T14:08:24.283+0000] {taskinstance.py:1660} INFO - Exporting env vars: AIRFLOW_CTX_DAG_OWNER='kstine' AIRFLOW_CTX_DAG_ID='udac_example_dag' AIRFLOW_CTX_TASK_ID='Load_artist_dim_table' AIRFLOW_CTX_EXECUTION_DATE='2023-09-19T14:08:09.161595+00:00' AIRFLOW_CTX_TRY_NUMBER='1' AIRFLOW_CTX_DAG_RUN_ID='manual__2023-09-19T14:08:09.161595+00:00'
[2023-09-19T14:08:24.293+0000] {base.py:73} INFO - Using connection ID 'redshift_connection' for task execution.
[2023-09-19T14:08:25.731+0000] {sql.py:418} INFO - Running statement: TRUNCATE TABLE artists, parameters: None
[2023-09-19T14:08:30.465+0000] {base.py:73} INFO - Using connection ID 'redshift_connection' for task execution.
[2023-09-19T14:08:32.000+0000] {sql.py:418} INFO - Running statement: INSERT INTO artists 
        SELECT distinct artist_id, artist_name, artist_location, artist_latitude, artist_longitude
        FROM staging_songs
    , parameters: None
[2023-09-19T14:08:33.126+0000] {sql.py:427} INFO - Rows affected: 591
[2023-09-19T14:08:35.379+0000] {load_table.py:42} INFO - Query successfully executed on table artists
[2023-09-19T14:08:35.386+0000] {taskinstance.py:1400} INFO - Marking task as SUCCESS. dag_id=udac_example_dag, task_id=Load_artist_dim_table, execution_date=20230919T140809, start_date=20230919T140824, end_date=20230919T140835
[2023-09-19T14:08:35.412+0000] {local_task_job_runner.py:228} INFO - Task exited with return code 0
[2023-09-19T14:08:35.427+0000] {taskinstance.py:2784} INFO - 5 downstream tasks scheduled from follow-on schedule check
