[2023-09-19T13:10:55.742+0000] {taskinstance.py:1159} INFO - Dependencies all met for dep_context=non-requeueable deps ti=<TaskInstance: udac_example_dag.stage_songs_to_redshift_task manual__2023-09-19T13:10:53.069683+00:00 [queued]>
[2023-09-19T13:10:55.747+0000] {taskinstance.py:1159} INFO - Dependencies all met for dep_context=requeueable deps ti=<TaskInstance: udac_example_dag.stage_songs_to_redshift_task manual__2023-09-19T13:10:53.069683+00:00 [queued]>
[2023-09-19T13:10:55.747+0000] {taskinstance.py:1361} INFO - Starting attempt 1 of 4
[2023-09-19T13:10:55.762+0000] {taskinstance.py:1382} INFO - Executing <Task(StageToRedshiftOperator): stage_songs_to_redshift_task> on 2023-09-19 13:10:53.069683+00:00
[2023-09-19T13:10:55.767+0000] {standard_task_runner.py:57} INFO - Started process 88 to run task
[2023-09-19T13:10:55.770+0000] {standard_task_runner.py:84} INFO - Running: ['***', 'tasks', 'run', 'udac_example_dag', 'stage_songs_to_redshift_task', 'manual__2023-09-19T13:10:53.069683+00:00', '--job-id', '81', '--raw', '--subdir', 'DAGS_FOLDER/udac_example_dag.py', '--cfg-path', '/tmp/tmpv4ja59k3']
[2023-09-19T13:10:55.771+0000] {standard_task_runner.py:85} INFO - Job 81: Subtask stage_songs_to_redshift_task
[2023-09-19T13:10:55.804+0000] {task_command.py:415} INFO - Running <TaskInstance: udac_example_dag.stage_songs_to_redshift_task manual__2023-09-19T13:10:53.069683+00:00 [running]> on host c977c43f381b
[2023-09-19T13:10:55.850+0000] {taskinstance.py:1660} INFO - Exporting env vars: AIRFLOW_CTX_DAG_OWNER='kstine' AIRFLOW_CTX_DAG_ID='udac_example_dag' AIRFLOW_CTX_TASK_ID='stage_songs_to_redshift_task' AIRFLOW_CTX_EXECUTION_DATE='2023-09-19T13:10:53.069683+00:00' AIRFLOW_CTX_TRY_NUMBER='1' AIRFLOW_CTX_DAG_RUN_ID='manual__2023-09-19T13:10:53.069683+00:00'
[2023-09-19T13:10:55.858+0000] {base.py:73} INFO - Using connection ID 'redshift_connection' for task execution.
[2023-09-19T13:10:57.618+0000] {sql.py:418} INFO - Running statement: 
        COPY staging_songs
        FROM 's3://kstine-***-pipeline/project/song-data/A/A'
        ACCESS_KEY_ID 'AKIAX5RTZI43UEOGKP4P'
        SECRET_ACCESS_KEY '***'
        JSON 'auto'
    , parameters: None
[2023-09-19T13:11:01.714+0000] {stage_redshift.py:52} INFO - Data successfully copied from 's3://kstine-***-pipeline/project/song-data/A/A' to 'staging_songs'
[2023-09-19T13:11:01.720+0000] {taskinstance.py:1400} INFO - Marking task as SUCCESS. dag_id=udac_example_dag, task_id=stage_songs_to_redshift_task, execution_date=20230919T131053, start_date=20230919T131055, end_date=20230919T131101
[2023-09-19T13:11:01.744+0000] {local_task_job_runner.py:228} INFO - Task exited with return code 0
[2023-09-19T13:11:01.779+0000] {taskinstance.py:2784} INFO - 0 downstream tasks scheduled from follow-on schedule check
