[2023-09-19T14:08:19.552+0000] {taskinstance.py:1159} INFO - Dependencies all met for dep_context=non-requeueable deps ti=<TaskInstance: udac_example_dag.Load_songplays_fact_table manual__2023-09-19T14:08:09.161595+00:00 [queued]>
[2023-09-19T14:08:19.556+0000] {taskinstance.py:1159} INFO - Dependencies all met for dep_context=requeueable deps ti=<TaskInstance: udac_example_dag.Load_songplays_fact_table manual__2023-09-19T14:08:09.161595+00:00 [queued]>
[2023-09-19T14:08:19.556+0000] {taskinstance.py:1361} INFO - Starting attempt 1 of 4
[2023-09-19T14:08:19.572+0000] {taskinstance.py:1382} INFO - Executing <Task(LoadFactOperator): Load_songplays_fact_table> on 2023-09-19 14:08:09.161595+00:00
[2023-09-19T14:08:19.577+0000] {standard_task_runner.py:57} INFO - Started process 308 to run task
[2023-09-19T14:08:19.578+0000] {standard_task_runner.py:84} INFO - Running: ['***', 'tasks', 'run', 'udac_example_dag', 'Load_songplays_fact_table', 'manual__2023-09-19T14:08:09.161595+00:00', '--job-id', '141', '--raw', '--subdir', 'DAGS_FOLDER/udac_example_dag.py', '--cfg-path', '/tmp/tmpkp3eov7k']
[2023-09-19T14:08:19.580+0000] {standard_task_runner.py:85} INFO - Job 141: Subtask Load_songplays_fact_table
[2023-09-19T14:08:19.612+0000] {task_command.py:415} INFO - Running <TaskInstance: udac_example_dag.Load_songplays_fact_table manual__2023-09-19T14:08:09.161595+00:00 [running]> on host 815601b1728a
[2023-09-19T14:08:19.661+0000] {taskinstance.py:1660} INFO - Exporting env vars: AIRFLOW_CTX_DAG_OWNER='kstine' AIRFLOW_CTX_DAG_ID='udac_example_dag' AIRFLOW_CTX_TASK_ID='Load_songplays_fact_table' AIRFLOW_CTX_EXECUTION_DATE='2023-09-19T14:08:09.161595+00:00' AIRFLOW_CTX_TRY_NUMBER='1' AIRFLOW_CTX_DAG_RUN_ID='manual__2023-09-19T14:08:09.161595+00:00'
[2023-09-19T14:08:19.670+0000] {base.py:73} INFO - Using connection ID 'redshift_connection' for task execution.
[2023-09-19T14:08:21.248+0000] {sql.py:418} INFO - Running statement: INSERT INTO songplays 
        SELECT
                md5(events.sessionid || events.start_time) playid,
                events.start_time,
                events.userid,
                events.level,
                songs.song_id,
                songs.artist_id,
                events.sessionid,
                events.location,
                events.useragent
                FROM (SELECT TIMESTAMP 'epoch' + ts/1000 * interval '1 second' AS start_time, *
            FROM staging_events
            WHERE page='NextSong') events
            LEFT JOIN staging_songs songs
            ON events.song = songs.title
                AND events.artist = songs.artist_name
                AND events.length = songs.duration
    , parameters: None
[2023-09-19T14:08:21.760+0000] {sql.py:427} INFO - Rows affected: 41496
[2023-09-19T14:08:23.374+0000] {load_table.py:42} INFO - Query successfully executed on table songplays
[2023-09-19T14:08:23.396+0000] {taskinstance.py:1400} INFO - Marking task as SUCCESS. dag_id=udac_example_dag, task_id=Load_songplays_fact_table, execution_date=20230919T140809, start_date=20230919T140819, end_date=20230919T140823
[2023-09-19T14:08:23.443+0000] {local_task_job_runner.py:228} INFO - Task exited with return code 0
[2023-09-19T14:08:23.479+0000] {taskinstance.py:2784} INFO - 0 downstream tasks scheduled from follow-on schedule check
