[2023-09-19T14:01:41.849+0000] {taskinstance.py:1159} INFO - Dependencies all met for dep_context=non-requeueable deps ti=<TaskInstance: udac_example_dag.Load_artist_dim_table manual__2023-09-19T14:01:26.190253+00:00 [queued]>
[2023-09-19T14:01:41.867+0000] {taskinstance.py:1159} INFO - Dependencies all met for dep_context=requeueable deps ti=<TaskInstance: udac_example_dag.Load_artist_dim_table manual__2023-09-19T14:01:26.190253+00:00 [queued]>
[2023-09-19T14:01:41.867+0000] {taskinstance.py:1361} INFO - Starting attempt 1 of 4
[2023-09-19T14:01:41.905+0000] {taskinstance.py:1382} INFO - Executing <Task(LoadDimensionOperator): Load_artist_dim_table> on 2023-09-19 14:01:26.190253+00:00
[2023-09-19T14:01:41.920+0000] {standard_task_runner.py:57} INFO - Started process 135 to run task
[2023-09-19T14:01:41.925+0000] {standard_task_runner.py:84} INFO - Running: ['***', 'tasks', 'run', 'udac_example_dag', 'Load_artist_dim_table', 'manual__2023-09-19T14:01:26.190253+00:00', '--job-id', '117', '--raw', '--subdir', 'DAGS_FOLDER/udac_example_dag.py', '--cfg-path', '/tmp/tmpigqj0a58']
[2023-09-19T14:01:41.931+0000] {standard_task_runner.py:85} INFO - Job 117: Subtask Load_artist_dim_table
[2023-09-19T14:01:41.977+0000] {task_command.py:415} INFO - Running <TaskInstance: udac_example_dag.Load_artist_dim_table manual__2023-09-19T14:01:26.190253+00:00 [running]> on host 815601b1728a
[2023-09-19T14:01:42.029+0000] {taskinstance.py:1660} INFO - Exporting env vars: AIRFLOW_CTX_DAG_OWNER='kstine' AIRFLOW_CTX_DAG_ID='udac_example_dag' AIRFLOW_CTX_TASK_ID='Load_artist_dim_table' AIRFLOW_CTX_EXECUTION_DATE='2023-09-19T14:01:26.190253+00:00' AIRFLOW_CTX_TRY_NUMBER='1' AIRFLOW_CTX_DAG_RUN_ID='manual__2023-09-19T14:01:26.190253+00:00'
[2023-09-19T14:01:42.038+0000] {base.py:73} INFO - Using connection ID 'redshift_connection' for task execution.
[2023-09-19T14:01:43.506+0000] {sql.py:418} INFO - Running statement: TRUNCATE TABLE artists, parameters: None
[2023-09-19T14:01:46.496+0000] {base.py:73} INFO - Using connection ID 'redshift_connection' for task execution.
[2023-09-19T14:01:48.027+0000] {sql.py:418} INFO - Running statement: INSERT INTO artists 
        SELECT distinct artist_id, artist_name, artist_location, artist_latitude, artist_longitude
        FROM staging_songs
    , parameters: None
[2023-09-19T14:01:48.949+0000] {sql.py:427} INFO - Rows affected: 591
[2023-09-19T14:01:50.060+0000] {load_table.py:42} INFO - Query successfully executed on table artists
[2023-09-19T14:01:50.066+0000] {taskinstance.py:1400} INFO - Marking task as SUCCESS. dag_id=udac_example_dag, task_id=Load_artist_dim_table, execution_date=20230919T140126, start_date=20230919T140141, end_date=20230919T140150
[2023-09-19T14:01:50.100+0000] {local_task_job_runner.py:228} INFO - Task exited with return code 0
[2023-09-19T14:01:50.115+0000] {taskinstance.py:2784} INFO - 0 downstream tasks scheduled from follow-on schedule check
